09.26.24	正常	设备1 CRC = 0x47b5163b
09.26.38	正常	设备1 程序下载成功 
10.10.44	正常	设备1 CRC = 0x6cf48031
10.10.58	正常	设备1 程序下载成功 
10.16.37	正常	设备1 CRC = 0xdd504392
10.16.52	正常	设备1 程序下载成功 
10.23.27	正常	设备1 CRC = 0x9b3245ae
10.23.42	正常	设备1 程序下载成功 
10.25.23	正常	设备1 CRC = 0x3221a3e9
10.25.38	正常	设备1 程序下载成功 
10.29.11	正常	设备1 CRC = 0xea812555
10.29.24	正常	设备1 程序下载成功 
11.09.47	正常	设备1 CRC = 0x3228fcd5
11.10.01	正常	设备1 程序下载成功 
11.23.55	正常	设备1 CRC = 0xd696e4fc
11.24.09	正常	设备1 程序下载成功 
11.25.04	正常	设备1 CRC = 0x42ce29cd
11.25.18	正常	设备1 程序下载成功 
11.31.44	正常	设备1 CRC = 0x5d42ec72
11.31.59	正常	设备1 程序下载成功 
11.33.30	正常	设备1 CRC = 0xc07e20c6
11.33.44	正常	设备1 程序下载成功 
11.36.20	正常	设备1 CRC = 0xa193b820
11.36.34	正常	设备1 程序下载成功 
11.43.49	正常	设备1 CRC = 0xa16af552
11.44.02	正常	设备1 程序下载成功 
13.56.17	正常	设备1 CRC = 0x1e2aa3f6
13.56.30	正常	设备1 程序下载成功 
14.00.19	正常	设备1 CRC = 0x645ba653
14.00.33	正常	设备1 程序下载成功 
14.05.19	正常	设备1 CRC = 0x58aad3a0
14.05.33	正常	设备1 程序下载成功 
14.13.56	正常	设备1 CRC = 0xeb8fb9e3
14.14.10	正常	设备1 程序下载成功 
14.17.45	正常	设备1 CRC = 0x58aad3a0
14.17.59	正常	设备1 程序下载成功 
15.26.36	正常	设备1 CRC = 0xd2b41406
15.26.50	正常	设备1 程序下载成功 
15.36.19	正常	设备1 CRC = 0xf357cba5
15.36.32	正常	设备1 程序下载成功 
15.43.18	正常	设备1 CRC = 0x5dfd0abf
15.43.31	正常	设备1 程序下载成功 
15.46.12	正常	设备1 CRC = 0xec63abc5
15.46.26	正常	设备1 程序下载成功 
15.50.31	正常	设备1 CRC = 0xec63abc5
15.50.44	正常	设备1 程序下载成功 
16.08.45	正常	设备1 CRC = 0x1a543ef3
16.09.00	正常	设备1 程序下载成功 
16.09.53	正常	设备1 CRC = 0xe442f0f0
16.10.07	正常	设备1 程序下载成功 
16.12.06	正常	设备1 CRC = 0xe10ee77f
16.12.20	正常	设备1 程序下载成功 
16.12.50	正常	设备1 CRC = 0x34ddd629
16.13.04	正常	设备1 程序下载成功 
16.31.36	正常	设备1 CRC = 0x690be887
16.31.50	正常	设备1 程序下载成功 
16.33.13	正常	设备1 CRC = 0x690be887
16.33.27	正常	设备1 程序下载成功 
16.39.14	正常	设备1 CRC = 0xbdacdb11
16.39.25	警告	设备1 写入Bin文件超时-1！ 
16.39.25	警告	设备1 程序下载失败 
16.39.27	错误	设备1 Vpp关闭操作超时！
16.39.40	正常	设备1 继续下载失败的bin文件！ 
16.39.54	正常	设备1 程序下载成功 
16.48.44	正常	设备1 CRC = 0x5dff3233
16.48.46	警告	设备1 写入Bin文件超时-1！ 
16.48.46	警告	设备1 程序下载失败 
16.48.48	正常	设备1 继续下载失败的bin文件！ 
16.49.02	正常	设备1 程序下载成功 
16.55.20	正常	设备1 CRC = 0x46d0991b
16.55.34	正常	设备1 程序下载成功 
16.57.05	正常	设备1 CRC = 0xacdad3ff
16.57.06	错误	设备1 downImage复位失败!!
16.57.06	警告	设备1 程序下载失败 
17.09.08	正常	设备1 继续下载失败的bin文件！ 
17.09.21	正常	设备1 程序下载成功 
17.11.10	正常	设备1 CRC = 0xacdad3ff
17.11.23	正常	设备1 程序下载成功 
17.11.47	正常	设备1 CRC = 0x26332372
17.12.00	正常	设备1 程序下载成功 
17.17.43	正常	设备1 CRC = 0x6735c9a6
17.17.57	正常	设备1 程序下载成功 
17.22.22	正常	设备1 CRC = 0x26be374f
17.22.36	正常	设备1 程序下载成功 
17.25.48	正常	设备1 CRC = 0x408de9a3
17.26.01	正常	设备1 程序下载成功 
