09.32.07	正常	设备1 CRC = 0x49edd72c
09.32.21	正常	设备1 程序下载成功 
09.42.17	正常	设备1 CRC = 0xfcd80047
09.42.30	正常	设备1 程序下载成功 
09.49.06	正常	设备1 CRC = 0x34bf0342
09.49.21	正常	设备1 程序下载成功 
11.04.40	正常	设备1 CRC = 0xeaf39ddc
11.04.54	正常	设备1 程序下载成功 
11.07.56	正常	设备1 CRC = 0x2f373922
11.08.10	正常	设备1 程序下载成功 
13.47.35	正常	设备1 CRC = 0xe3c1db1d
13.47.49	正常	设备1 程序下载成功 
14.19.25	正常	设备1 CRC = 0x3e7ab9d4
14.19.39	正常	设备1 程序下载成功 
14.20.14	正常	设备1 CRC = 0x3e7ab9d4
14.20.28	正常	设备1 程序下载成功 
14.29.35	正常	设备1 CRC = 0x502ef08a
14.29.49	正常	设备1 程序下载成功 
14.41.07	正常	设备1 CRC = 0x263b58e6
14.41.21	正常	设备1 程序下载成功 
14.57.43	正常	设备1 CRC = 0x00e98e8f
14.57.57	正常	设备1 程序下载成功 
15.11.30	正常	设备1 CRC = 0x2041fc86
15.11.44	正常	设备1 程序下载成功 
17.24.41	正常	设备1 CRC = 0x2041fc86
17.24.42	错误	设备1 downImage复位失败!!
17.24.42	警告	设备1 程序下载失败 
17.24.46	正常	设备1 继续下载失败的bin文件！ 
17.24.46	错误	设备1 downImage复位失败!!
17.24.46	警告	设备1 程序下载失败 
