09.00.11	正常	设备1 CRC = 0x8a239196
09.00.24	正常	设备1 程序下载成功 
09.02.24	正常	设备1 CRC = 0xe211fef9
09.02.38	正常	设备1 程序下载成功 
09.04.27	正常	设备1 CRC = 0xe211fef9
09.04.41	正常	设备1 程序下载成功 
09.08.27	正常	设备1 CRC = 0xf12747fe
09.08.41	正常	设备1 程序下载成功 
09.10.50	正常	设备1 CRC = 0xc19e7e15
09.11.03	正常	设备1 程序下载成功 
09.12.53	正常	设备1 CRC = 0x71e4bdc3
09.13.06	正常	设备1 程序下载成功 
09.14.04	正常	设备1 CRC = 0x8edcddd1
09.14.18	正常	设备1 程序下载成功 
09.14.56	正常	设备1 CRC = 0x8edcddd1
09.15.10	正常	设备1 程序下载成功 
09.19.21	正常	设备1 CRC = 0xc19e7e15
09.19.35	正常	设备1 程序下载成功 
09.20.03	正常	设备1 CRC = 0xc19e7e15
09.20.16	正常	设备1 程序下载成功 
09.20.38	正常	设备1 CRC = 0xf12747fe
09.20.52	正常	设备1 程序下载成功 
09.24.46	正常	设备1 CRC = 0xf12747fe
09.24.59	正常	设备1 程序下载成功 
09.25.01	正常	设备1 CRC = 0xe86517f9
09.25.14	正常	设备1 程序下载成功 
09.26.16	正常	设备1 CRC = 0xec957b08
09.26.30	正常	设备1 程序下载成功 
09.28.55	正常	设备1 CRC = 0xc2567d2c
09.29.10	正常	设备1 程序下载成功 
09.38.31	正常	设备1 CRC = 0xdf8f7533
09.38.44	正常	设备1 程序下载成功 
09.44.17	正常	设备1 CRC = 0x10a067b0
09.44.31	正常	设备1 程序下载成功 
14.02.11	正常	设备1 CRC = 0xe53f2276
14.02.24	正常	设备1 程序下载成功 
14.03.04	正常	设备1 读出成功!!
14.05.39	正常	设备1 CRC = 0x4617360b
14.06.19	警告	设备1 程序下载失败 
14.08.21	正常	设备1 CRC = 0xe53f2276
14.08.34	正常	设备1 程序下载成功 
14.13.10	错误	设备1 dump复位失败!!
14.13.10	错误	设备1 读出失败!!
14.13.24	错误	设备1 dump复位失败!!
14.13.24	错误	设备1 读出失败!!
14.19.13	正常	设备1 读出成功!!
14.21.52	正常	设备1 读出成功!!
14.23.15	正常	设备1 CRC = 0x55954edb
14.23.28	正常	设备1 程序下载成功 
15.15.44	正常	设备1 CRC = 0x10a067b0
15.15.58	正常	设备1 程序下载成功 
15.47.03	正常	设备1 CRC = 0x8e292a7f
15.47.17	正常	设备1 程序下载成功 
15.54.16	正常	设备1 CRC = 0x552052a0
15.54.30	正常	设备1 程序下载成功 
16.09.15	正常	设备1 CRC = 0x403cf0bb
16.09.29	正常	设备1 程序下载成功 
16.34.26	正常	设备1 CRC = 0x78edb196
16.34.40	正常	设备1 程序下载成功 
16.52.07	正常	设备1 CRC = 0x1517cd01
16.52.21	正常	设备1 程序下载成功 
17.09.38	正常	设备1 CRC = 0xb4ec284e
17.09.54	正常	设备1 程序下载成功 
17.46.58	正常	设备1 CRC = 0x55954edb
17.47.11	正常	设备1 程序下载成功 
17.49.07	正常	设备1 CRC = 0x8265cdbd
17.49.21	正常	设备1 程序下载成功 
17.54.04	正常	设备1 CRC = 0x973a9c83
17.54.18	正常	设备1 程序下载成功 
18.02.48	正常	设备1 CRC = 0x55954edb
18.03.02	正常	设备1 程序下载成功 
18.03.15	正常	设备1 CRC = 0x973a9c83
18.03.29	正常	设备1 程序下载成功 
18.03.31	正常	设备1 CRC = 0x65da877f
18.03.45	正常	设备1 程序下载成功 
19.24.34	正常	设备1 CRC = 0x35e79742
19.24.48	正常	设备1 程序下载成功 
19.26.34	正常	设备1 CRC = 0x818564fb
19.26.48	正常	设备1 程序下载成功 
19.30.38	正常	设备1 CRC = 0xc3eea39b
19.30.52	正常	设备1 程序下载成功 
19.37.43	正常	设备1 CRC = 0xf10dbad3
19.37.57	正常	设备1 程序下载成功 
19.40.42	正常	设备1 CRC = 0x75edeca8
19.40.56	正常	设备1 程序下载成功 
19.42.09	正常	设备1 CRC = 0x231a9241
19.42.23	正常	设备1 程序下载成功 
