14.32.27	正常	设备1 CRC = 0x56b22852
14.32.37	正常	设备1 程序下载成功 
14.43.03	正常	设备1 CRC = 0x0608f221
14.43.13	正常	设备1 程序下载成功 
15.03.08	正常	设备1 CRC = 0x0608f221
15.03.10	警告	设备1 写入Bin文件超时-1！ 
15.03.10	警告	设备1 程序下载失败 
15.03.14	正常	设备1 继续下载失败的bin文件！ 
15.03.15	警告	设备1 写入Bin文件超时-1！ 
15.03.15	警告	设备1 程序下载失败 
15.03.23	正常	设备1 继续下载失败的bin文件！ 
15.03.33	正常	设备1 程序下载成功 
15.13.47	正常	设备1 CRC = 0x0608f221
15.13.57	正常	设备1 程序下载成功 
15.14.05	正常	设备1 CRC = 0x0608f221
15.14.15	正常	设备1 程序下载成功 
15.47.20	正常	设备1 CRC = 0x68a00a51
15.47.30	正常	设备1 程序下载成功 
15.49.51	正常	设备1 CRC = 0x63316370
15.50.01	正常	设备1 程序下载成功 
15.52.37	正常	设备1 CRC = 0x675ddbf7
15.52.47	正常	设备1 程序下载成功 
15.55.08	正常	设备1 CRC = 0x61376f49
15.55.18	正常	设备1 程序下载成功 
15.56.21	正常	设备1 CRC = 0x61376f49
15.56.31	正常	设备1 程序下载成功 
16.11.35	正常	设备1 CRC = 0x9ad4bc2f
16.11.45	正常	设备1 程序下载成功 
16.12.54	正常	设备1 CRC = 0x1e194031
16.13.04	正常	设备1 程序下载成功 
16.47.49	正常	设备1 CRC = 0xa1de0de1
16.48.00	正常	设备1 程序下载成功 
17.21.55	正常	设备1 CRC = 0xa1de0de1
17.22.05	正常	设备1 程序下载成功 
17.53.20	正常	设备1 CRC = 0xa1de0de1
17.53.30	正常	设备1 程序下载成功 
18.13.33	正常	设备1 CRC = 0x77c76db1
18.13.43	正常	设备1 程序下载成功 
