09.20.06	正常	设备1 CRC = 0xe9c7d9bf
09.20.19	正常	设备1 程序下载成功 
09.49.06	正常	设备1 CRC = 0x8acc6b02
09.49.19	正常	设备1 程序下载成功 
13.47.57	正常	设备1 CRC = 0x9142a7a5
13.48.11	正常	设备1 程序下载成功 
14.35.30	正常	设备1 CRC = 0xb43670c6
14.35.44	正常	设备1 程序下载成功 
14.38.12	正常	设备1 CRC = 0x24340735
14.38.26	正常	设备1 程序下载成功 
15.14.52	正常	设备1 CRC = 0xb43670c6
15.15.06	正常	设备1 程序下载成功 
15.24.40	正常	设备1 CRC = 0xe941c395
15.24.54	正常	设备1 程序下载成功 
15.26.13	正常	设备1 CRC = 0xa29dd833
15.26.27	正常	设备1 程序下载成功 
16.50.51	正常	设备1 CRC = 0xeb327577
16.51.05	正常	设备1 程序下载成功 
16.54.02	正常	设备1 CRC = 0xeb327577
16.54.03	错误	设备1 downImage复位失败!!
16.54.03	警告	设备1 程序下载失败 
16.54.14	正常	设备1 继续下载失败的bin文件！ 
16.54.14	错误	设备1 downImage复位失败!!
16.54.14	警告	设备1 程序下载失败 
16.54.31	正常	设备1 继续下载失败的bin文件！ 
16.54.45	正常	设备1 程序下载成功 
16.55.08	正常	设备1 CRC = 0x16b9d75f
16.55.22	正常	设备1 程序下载成功 
16.59.29	正常	设备1 CRC = 0x16b9d75f
16.59.30	错误	设备1 downImage复位失败!!
16.59.30	警告	设备1 程序下载失败 
16.59.45	正常	设备1 CRC = 0x16b9d75f
16.59.59	正常	设备1 程序下载成功 
17.01.22	正常	设备1 CRC = 0x16b9d75f
17.01.36	正常	设备1 程序下载成功 
17.10.05	正常	设备1 CRC = 0x16b9d75f
17.10.18	正常	设备1 程序下载成功 
17.46.40	正常	设备1 CRC = 0x16b9d75f
17.46.54	正常	设备1 程序下载成功 
17.47.11	正常	设备1 CRC = 0xb48bb842
17.47.25	正常	设备1 程序下载成功 
17.50.51	正常	设备1 CRC = 0xeb4247a8
17.51.05	正常	设备1 程序下载成功 
18.17.07	正常	设备1 CRC = 0x418574fe
18.17.21	正常	设备1 程序下载成功 
18.23.24	正常	设备1 CRC = 0xeb4247a8
18.23.38	正常	设备1 程序下载成功 
18.30.05	正常	设备1 CRC = 0xbd39f871
18.30.19	正常	设备1 程序下载成功 
18.32.11	正常	设备1 CRC = 0x6c30fb7b
18.32.25	正常	设备1 程序下载成功 
18.34.20	正常	设备1 CRC = 0xeb4247a8
18.34.34	正常	设备1 程序下载成功 
19.08.02	正常	设备1 CRC = 0x39835050
19.08.16	正常	设备1 程序下载成功 
19.14.46	正常	设备1 CRC = 0xc7e6aadd
19.15.01	正常	设备1 程序下载成功 
19.33.28	正常	设备1 CRC = 0xa187a2bf
19.33.41	正常	设备1 程序下载成功 
19.47.47	正常	设备1 CRC = 0xa187a2bf
19.48.01	正常	设备1 程序下载成功 
19.50.43	正常	设备1 CRC = 0x4c8aef59
19.50.57	正常	设备1 程序下载成功 
19.59.12	正常	设备1 CRC = 0x67b14c00
19.59.26	正常	设备1 程序下载成功 
