10.44.03	正常	设备1 CRC = 0xafe7d9f9
10.44.05	警告	设备1 写入Bin文件超时-1！ 
10.44.05	警告	设备1 程序下载失败 
10.44.07	错误	设备1 Vpp关闭操作超时！
10.44.16	正常	设备1 继续下载失败的bin文件！ 
10.44.38	正常	设备1 程序下载成功 
15.27.32	正常	设备1 CRC = 0xe7fe280b
15.27.53	正常	设备1 程序下载成功 
15.39.51	正常	设备1 CRC = 0x3b3346e0
15.40.11	正常	设备1 程序下载成功 
17.00.30	正常	设备1 CRC = 0x163c3a6c
17.00.54	警告	设备1 程序下载失败 
18.00.57	正常	设备1 CRC = 0xafe7d9f9
18.00.59	错误	设备1 芯片烧录信息加载超时！
18.00.59	警告	设备1 程序下载失败 
18.01.01	错误	设备1 Vpp关闭操作超时！
18.01.02	正常	设备1 继续下载失败的bin文件！ 
18.01.26	警告	设备1 程序下载失败 
19.45.10	正常	设备1 继续下载失败的bin文件！ 
19.45.33	正常	设备1 程序下载成功 
19.45.40	正常	设备1 CRC = 0xafe7d9f9
19.46.03	正常	设备1 程序下载成功 
19.46.15	正常	设备1 CRC = 0xafe7d9f9
19.46.38	正常	设备1 程序下载成功 
