09.36.07	正常	设备1 CRC = 0x67e84346
09.36.23	正常	设备1 程序下载成功 
10.08.00	正常	设备1 CRC = 0xcce69a71
10.08.16	正常	设备1 程序下载成功 
10.11.40	正常	设备1 CRC = 0xcce69a71
10.11.40	错误	设备1 downImage复位失败!!
10.11.40	警告	设备1 程序下载失败 
10.12.07	正常	设备1 继续下载失败的bin文件！ 
10.12.08	错误	设备1 downImage复位失败!!
10.12.08	警告	设备1 程序下载失败 
10.14.15	正常	设备1 继续下载失败的bin文件！ 
10.14.15	错误	设备1 downImage复位失败!!
10.14.15	警告	设备1 程序下载失败 
10.16.32	正常	设备1 继续下载失败的bin文件！ 
10.16.33	错误	设备1 downImage复位失败!!
10.16.33	警告	设备1 程序下载失败 
10.16.34	正常	设备1 继续下载失败的bin文件！ 
10.16.34	错误	设备1 downImage复位失败!!
10.16.34	警告	设备1 程序下载失败 
10.25.51	正常	设备1 继续下载失败的bin文件！ 
10.25.52	错误	设备1 downImage复位失败!!
10.25.52	警告	设备1 程序下载失败 
10.27.23	正常	设备1 继续下载失败的bin文件！ 
10.27.24	错误	设备1 downImage复位失败!!
10.27.24	警告	设备1 程序下载失败 
10.53.17	正常	设备1 CRC = 0x3efc1575
10.53.34	正常	设备1 程序下载成功 
11.14.52	正常	设备1 CRC = 0xc3954eb6
11.15.08	正常	设备1 程序下载成功 
11.18.15	正常	设备1 CRC = 0x3efc1575
11.18.30	正常	设备1 程序下载成功 
11.19.30	正常	设备1 CRC = 0xc3954eb6
11.19.45	正常	设备1 程序下载成功 
11.44.22	正常	设备1 CRC = 0xc3954eb6
11.44.38	正常	设备1 程序下载成功 
11.44.40	正常	设备1 CRC = 0x5bc7a9ce
11.44.55	正常	设备1 程序下载成功 
11.47.31	正常	设备1 CRC = 0xcce69a71
11.47.47	正常	设备1 程序下载成功 
11.48.34	正常	设备1 CRC = 0x3efc1575
11.48.49	正常	设备1 程序下载成功 
13.48.42	正常	设备1 CRC = 0xdbdc45df
13.48.58	正常	设备1 程序下载成功 
14.11.03	正常	设备1 CRC = 0x0a324dc0
14.11.19	正常	设备1 程序下载成功 
14.20.46	正常	设备1 CRC = 0x0a324dc0
14.20.53	警告	设备1 写入Bin文件超时-1！ 
14.20.53	警告	设备1 程序下载失败 
14.20.55	错误	设备1 Vpp关闭操作超时！
14.27.11	正常	设备1 继续下载失败的bin文件！ 
14.27.26	正常	设备1 程序下载成功 
14.29.54	正常	设备1 CRC = 0xafefcfa3
14.30.10	正常	设备1 程序下载成功 
14.59.48	正常	设备1 CRC = 0xafefcfa3
15.00.04	正常	设备1 程序下载成功 
15.00.21	正常	设备1 CRC = 0xafefcfa3
15.00.27	警告	设备1 写入Bin文件超时-1！ 
15.00.27	警告	设备1 程序下载失败 
15.00.29	错误	设备1 Vpp关闭操作超时！
15.00.38	正常	设备1 继续下载失败的bin文件！ 
15.00.53	正常	设备1 程序下载成功 
15.03.00	正常	设备1 CRC = 0xafefcfa3
15.03.16	正常	设备1 程序下载成功 
15.08.39	正常	设备1 CRC = 0xcf015886
15.08.54	正常	设备1 程序下载成功 
15.15.16	正常	设备1 CRC = 0xfb5589c1
15.15.16	错误	设备1 downImage复位失败!!
15.15.16	警告	设备1 程序下载失败 
15.15.50	正常	设备1 继续下载失败的bin文件！ 
15.16.05	正常	设备1 程序下载成功 
15.19.42	正常	设备1 CRC = 0x4b5153fa
15.19.57	正常	设备1 程序下载成功 
15.24.21	正常	设备1 CRC = 0x6b105d7f
15.24.37	正常	设备1 程序下载成功 
15.25.30	正常	设备1 CRC = 0xdcc6e39c
15.25.45	正常	设备1 程序下载成功 
15.51.14	正常	设备1 CRC = 0x5d5cac5d
15.51.29	正常	设备1 程序下载成功 
16.03.17	正常	设备1 CRC = 0xfc954aeb
16.03.32	正常	设备1 程序下载成功 
16.08.11	正常	设备1 CRC = 0x08c8fa91
16.08.26	正常	设备1 程序下载成功 
16.38.16	正常	设备1 CRC = 0x73b2589d
16.38.31	正常	设备1 程序下载成功 
16.45.03	正常	设备1 CRC = 0x698539b4
16.45.17	正常	设备1 程序下载成功 
16.50.43	正常	设备1 CRC = 0x3bee136f
16.50.57	正常	设备1 程序下载成功 
17.02.34	正常	设备1 CRC = 0xc0b09dac
17.02.49	正常	设备1 程序下载成功 
17.07.01	正常	设备1 CRC = 0xdec79cab
17.07.17	正常	设备1 程序下载成功 
17.10.36	正常	设备1 CRC = 0xe9c2a744
17.10.52	正常	设备1 程序下载成功 
17.16.08	正常	设备1 CRC = 0xcbe94499
17.16.24	正常	设备1 程序下载成功 
17.21.29	正常	设备1 CRC = 0x278e9548
17.21.44	正常	设备1 程序下载成功 
17.27.36	正常	设备1 CRC = 0x8d13d490
17.27.51	正常	设备1 程序下载成功 
17.30.17	正常	设备1 CRC = 0x9ef6576b
17.30.33	正常	设备1 程序下载成功 
17.36.25	正常	设备1 CRC = 0xef12dac5
17.36.41	正常	设备1 程序下载成功 
17.40.24	正常	设备1 CRC = 0x8d13d490
17.40.39	正常	设备1 程序下载成功 
17.42.13	正常	设备1 CRC = 0x6a63f807
17.42.28	正常	设备1 程序下载成功 
17.44.14	正常	设备1 CRC = 0x9ef6576b
17.44.30	正常	设备1 程序下载成功 
17.47.00	正常	设备1 CRC = 0x9ff73d91
17.47.15	正常	设备1 程序下载成功 
17.49.16	正常	设备1 CRC = 0x9a3143f8
17.49.31	正常	设备1 程序下载成功 
17.52.13	正常	设备1 CRC = 0x0da95fec
17.52.31	正常	设备1 程序下载成功 
17.57.36	正常	设备1 CRC = 0x7b7732e1
17.57.52	正常	设备1 程序下载成功 
18.03.41	正常	设备1 CRC = 0x01dc6b8c
18.03.57	正常	设备1 程序下载成功 
18.36.56	正常	设备1 CRC = 0x7c53cd88
18.37.12	正常	设备1 程序下载成功 
18.54.16	正常	设备1 CRC = 0x34bb715b
18.54.31	正常	设备1 程序下载成功 
18.56.45	正常	设备1 CRC = 0x763a9840
18.57.00	正常	设备1 程序下载成功 
21.08.40	正常	设备1 CRC = 0xad3ea791
21.08.55	正常	设备1 程序下载成功 
21.10.19	正常	设备1 CRC = 0x6e0abf2b
21.10.34	正常	设备1 程序下载成功 
