11.27.36	正常	设备1 CRC = 0xdf05f1ca
11.27.50	正常	设备1 程序下载成功 
11.28.57	正常	设备1 CRC = 0xdf05f1ca
11.29.11	正常	设备1 程序下载成功 
11.35.57	正常	设备1 CRC = 0x36081412
11.36.11	正常	设备1 程序下载成功 
11.38.13	正常	设备1 CRC = 0xd09dc2b9
11.38.27	正常	设备1 程序下载成功 
11.39.18	正常	设备1 CRC = 0xd09dc2b9
11.39.32	正常	设备1 程序下载成功 
11.40.37	正常	设备1 CRC = 0xbb1c0d2c
11.40.38	错误	设备1 downImage复位失败!!
11.40.38	警告	设备1 程序下载失败 
11.40.40	正常	设备1 继续下载失败的bin文件！ 
11.40.40	错误	设备1 downImage复位失败!!
11.40.40	警告	设备1 程序下载失败 
11.40.44	正常	设备1 继续下载失败的bin文件！ 
11.40.58	正常	设备1 程序下载成功 
11.43.13	正常	设备1 CRC = 0xbb1c0d2c
11.43.13	错误	设备1 downImage复位失败!!
11.43.13	警告	设备1 程序下载失败 
11.43.18	正常	设备1 继续下载失败的bin文件！ 
11.43.31	正常	设备1 程序下载成功 
11.46.23	正常	设备1 CRC = 0xbb1c0d2c
11.46.24	错误	设备1 downImage复位失败!!
11.46.24	警告	设备1 程序下载失败 
11.46.28	正常	设备1 继续下载失败的bin文件！ 
11.46.42	正常	设备1 程序下载成功 
11.48.01	正常	设备1 CRC = 0xbb1c0d2c
11.48.01	错误	设备1 downImage复位失败!!
11.48.01	警告	设备1 程序下载失败 
11.48.06	正常	设备1 继续下载失败的bin文件！ 
11.48.19	正常	设备1 程序下载成功 
11.48.40	正常	设备1 CRC = 0xbb1c0d2c
11.48.41	错误	设备1 downImage复位失败!!
11.48.41	警告	设备1 程序下载失败 
11.48.45	正常	设备1 继续下载失败的bin文件！ 
11.48.58	正常	设备1 程序下载成功 
11.50.50	正常	设备1 CRC = 0xd2a3b086
11.50.51	错误	设备1 downImage复位失败!!
11.50.51	警告	设备1 程序下载失败 
11.51.06	正常	设备1 继续下载失败的bin文件！ 
11.51.20	正常	设备1 程序下载成功 
12.21.18	正常	设备1 CRC = 0xd2a3b086
12.21.32	正常	设备1 程序下载成功 
13.42.26	正常	设备1 CRC = 0xc94fa5fa
13.42.40	正常	设备1 程序下载成功 
17.25.18	正常	设备1 读出成功!!
