15.58.32	警告	设备1 文件大小超出芯片设定!
15.58.38	正常	设备1 CRC = 0x25165bfd
15.58.53	正常	设备1 程序下载成功 
16.03.24	正常	设备1 CRC = 0x25165bfd
16.03.39	正常	设备1 程序下载成功 
17.12.24	正常	设备1 读出成功!!
17.14.06	正常	设备1 CRC = 0xde9eb356
17.14.21	正常	设备1 程序下载成功 
17.15.41	正常	设备1 CRC = 0xde9eb356
17.15.55	正常	设备1 程序下载成功 
17.16.25	正常	设备1 CRC = 0xde9eb356
17.16.41	正常	设备1 程序下载成功 
17.18.37	正常	设备1 CRC = 0xde9eb356
17.18.50	正常	设备1 程序下载成功 
19.33.49	正常	设备1 CRC = 0xa7050951
19.34.03	正常	设备1 程序下载成功 
19.35.40	正常	设备1 CRC = 0xa7050951
19.35.40	错误	设备1 downImage复位失败!!
19.35.40	警告	设备1 程序下载失败 
19.36.44	正常	设备1 继续下载失败的bin文件！ 
19.36.44	错误	设备1 downImage复位失败!!
19.36.44	警告	设备1 程序下载失败 
19.36.48	正常	设备1 继续下载失败的bin文件！ 
19.37.02	正常	设备1 程序下载成功 
19.40.12	正常	设备1 CRC = 0xe49f9777
19.40.27	正常	设备1 程序下载成功 
19.42.21	正常	设备1 CRC = 0x1fdb934a
19.42.34	正常	设备1 程序下载成功 
19.44.42	正常	设备1 CRC = 0x9546c8a7
19.44.42	错误	设备1 downImage复位失败!!
19.44.42	警告	设备1 程序下载失败 
19.44.46	正常	设备1 继续下载失败的bin文件！ 
19.44.59	正常	设备1 程序下载成功 
19.47.50	正常	设备1 CRC = 0x5d355946
19.48.04	正常	设备1 程序下载成功 
19.49.22	正常	设备1 CRC = 0x48406771
19.49.22	错误	设备1 downImage复位失败!!
19.49.22	警告	设备1 程序下载失败 
19.49.29	正常	设备1 继续下载失败的bin文件！ 
19.49.32	警告	设备1 写入Bin文件超时-1！ 
19.49.32	警告	设备1 程序下载失败 
19.49.34	错误	设备1 Vpp关闭操作超时！
19.49.42	正常	设备1 继续下载失败的bin文件！ 
19.49.57	正常	设备1 程序下载成功 
19.50.46	正常	设备1 CRC = 0x48406771
19.50.59	正常	设备1 程序下载成功 
19.52.43	正常	设备1 CRC = 0x997fcc6a
19.52.58	正常	设备1 程序下载成功 
19.56.23	正常	设备1 CRC = 0x9fa4ffd5
19.56.23	错误	设备1 downImage复位失败!!
19.56.23	警告	设备1 程序下载失败 
19.56.26	正常	设备1 继续下载失败的bin文件！ 
19.56.41	正常	设备1 程序下载成功 
20.00.55	正常	设备1 CRC = 0x6d129b92
20.01.08	正常	设备1 程序下载成功 
20.04.16	正常	设备1 CRC = 0x73a39448
20.04.30	正常	设备1 程序下载成功 
20.09.19	正常	设备1 CRC = 0x362a7a2b
20.09.20	错误	设备1 downImage复位失败!!
20.09.20	警告	设备1 程序下载失败 
20.09.22	正常	设备1 继续下载失败的bin文件！ 
20.09.36	正常	设备1 程序下载成功 
