09.40.33	正常	设备1 CRC = 0x130adfca
09.40.46	正常	设备1 程序下载成功 
10.03.49	正常	设备1 CRC = 0x130adfca
10.04.02	正常	设备1 程序下载成功 
10.09.37	正常	设备1 CRC = 0xb603080e
10.09.38	错误	设备1 downImage复位失败!!
10.09.38	警告	设备1 程序下载失败 
10.09.44	正常	设备1 继续下载失败的bin文件！ 
10.09.58	正常	设备1 程序下载成功 
10.10.46	正常	设备1 CRC = 0x7b882ddd
10.10.46	错误	设备1 downImage复位失败!!
10.10.46	警告	设备1 程序下载失败 
10.10.52	正常	设备1 继续下载失败的bin文件！ 
10.11.05	正常	设备1 程序下载成功 
11.18.59	正常	设备1 CRC = 0x89bd4d8b
11.19.14	正常	设备1 程序下载成功 
11.20.04	正常	设备1 CRC = 0x8f298d73
11.20.18	正常	设备1 程序下载成功 
14.19.06	正常	设备1 CRC = 0x58b37482
14.19.20	正常	设备1 程序下载成功 
14.20.43	正常	设备1 CRC = 0x59c0b0b0
14.20.56	正常	设备1 程序下载成功 
14.23.59	正常	设备1 CRC = 0x426a867b
14.24.13	正常	设备1 程序下载成功 
14.26.08	正常	设备1 CRC = 0x4e1f3714
14.26.22	正常	设备1 程序下载成功 
14.27.09	正常	设备1 CRC = 0x47b16504
14.27.23	正常	设备1 程序下载成功 
14.39.10	正常	设备1 CRC = 0xbca13955
14.39.24	正常	设备1 程序下载成功 
14.45.26	正常	设备1 CRC = 0x59745789
14.45.40	正常	设备1 程序下载成功 
14.56.05	正常	设备1 CRC = 0xc375e574
14.56.19	正常	设备1 程序下载成功 
14.57.45	正常	设备1 CRC = 0x34409817
14.57.59	正常	设备1 程序下载成功 
15.03.18	正常	设备1 CRC = 0xcb211de9
15.03.32	正常	设备1 程序下载成功 
15.09.59	正常	设备1 CRC = 0xa359b615
15.10.13	正常	设备1 程序下载成功 
15.16.17	正常	设备1 CRC = 0x339be658
15.16.30	正常	设备1 程序下载成功 
15.17.41	正常	设备1 CRC = 0x877dcdaa
15.17.54	正常	设备1 程序下载成功 
15.19.12	正常	设备1 CRC = 0x877dcdaa
15.19.25	正常	设备1 程序下载成功 
15.22.51	正常	设备1 CRC = 0x64e966a9
15.23.05	正常	设备1 程序下载成功 
15.27.07	正常	设备1 CRC = 0x03add1be
15.27.21	正常	设备1 程序下载成功 
15.30.44	正常	设备1 CRC = 0x02f0e456
15.30.58	正常	设备1 程序下载成功 
15.32.09	正常	设备1 CRC = 0xd4189288
15.32.23	正常	设备1 程序下载成功 
15.33.19	正常	设备1 CRC = 0xaeeb597b
15.33.32	正常	设备1 程序下载成功 
15.38.06	正常	设备1 CRC = 0x40a8287b
15.38.20	正常	设备1 程序下载成功 
15.40.36	正常	设备1 CRC = 0x40a8287b
15.40.50	正常	设备1 程序下载成功 
15.47.24	正常	设备1 CRC = 0xb4993fb4
15.47.40	正常	设备1 程序下载成功 
15.55.16	正常	设备1 CRC = 0x408de9a3
15.55.30	正常	设备1 程序下载成功 
15.56.39	正常	设备1 CRC = 0x26be374f
15.56.53	正常	设备1 程序下载成功 
16.00.43	正常	设备1 CRC = 0x26be374f
16.00.43	错误	设备1 downImage复位失败!!
16.00.43	警告	设备1 程序下载失败 
16.00.53	正常	设备1 继续下载失败的bin文件！ 
16.01.07	正常	设备1 程序下载成功 
16.49.39	正常	设备1 CRC = 0x9fc49311
16.49.40	错误	设备1 downImage复位失败!!
16.49.40	警告	设备1 程序下载失败 
16.49.44	正常	设备1 继续下载失败的bin文件！ 
16.49.58	正常	设备1 程序下载成功 
16.53.14	正常	设备1 CRC = 0x39e1eaec
16.53.14	错误	设备1 downImage复位失败!!
16.53.14	警告	设备1 程序下载失败 
16.53.17	正常	设备1 继续下载失败的bin文件！ 
16.53.31	正常	设备1 程序下载成功 
17.08.35	正常	设备1 CRC = 0xb41f4f50
17.08.35	错误	设备1 downImage复位失败!!
17.08.35	警告	设备1 程序下载失败 
17.08.56	正常	设备1 继续下载失败的bin文件！ 
17.08.57	错误	设备1 downImage复位失败!!
17.08.57	警告	设备1 程序下载失败 
17.09.01	正常	设备1 继续下载失败的bin文件！ 
17.09.14	正常	设备1 程序下载成功 
17.42.40	正常	设备1 CRC = 0xb41f4f50
17.42.40	错误	设备1 downImage复位失败!!
17.42.40	警告	设备1 程序下载失败 
17.42.45	正常	设备1 继续下载失败的bin文件！ 
17.42.58	正常	设备1 程序下载成功 
17.46.19	正常	设备1 CRC = 0xb41f4f50
17.46.33	正常	设备1 程序下载成功 
