11.07.42	正常	设备1 CRC = 0xcfb59658
11.07.56	正常	设备1 程序下载成功 
11.14.47	正常	设备1 CRC = 0xcfb59658
11.15.00	正常	设备1 程序下载成功 
11.17.59	正常	设备1 CRC = 0xf63c43d2
11.18.13	正常	设备1 程序下载成功 
11.23.57	正常	设备1 CRC = 0xa245c13b
11.24.10	正常	设备1 程序下载成功 
11.30.10	正常	设备1 CRC = 0x04538596
11.30.24	正常	设备1 程序下载成功 
11.40.34	正常	设备1 CRC = 0x50c1a744
11.40.47	正常	设备1 程序下载成功 
13.43.30	正常	设备1 CRC = 0x15db3c3c
13.43.44	正常	设备1 程序下载成功 
13.48.36	正常	设备1 CRC = 0x43783e26
13.48.50	正常	设备1 程序下载成功 
14.14.44	正常	设备1 CRC = 0x8aca3540
14.14.58	正常	设备1 程序下载成功 
14.20.00	正常	设备1 CRC = 0xc0f65834
14.20.14	正常	设备1 程序下载成功 
14.27.57	正常	设备1 CRC = 0xf2997c8b
14.28.11	正常	设备1 程序下载成功 
14.35.32	正常	设备1 CRC = 0xb8afc5bb
14.35.46	正常	设备1 程序下载成功 
14.50.24	正常	设备1 CRC = 0x088e7a0e
14.50.25	错误	设备1 downImage复位失败!!
14.50.25	警告	设备1 程序下载失败 
14.50.41	正常	设备1 继续下载失败的bin文件！ 
14.50.55	正常	设备1 程序下载成功 
15.00.41	正常	设备1 CRC = 0x8704b857
15.00.56	正常	设备1 程序下载成功 
15.05.17	正常	设备1 CRC = 0xd6220d13
15.05.31	正常	设备1 程序下载成功 
15.07.53	正常	设备1 CRC = 0x0e694b07
15.08.07	正常	设备1 程序下载成功 
15.21.57	正常	设备1 CRC = 0x7996ecac
15.22.10	正常	设备1 程序下载成功 
15.32.57	正常	设备1 CRC = 0x58cf6fa5
15.32.59	警告	设备1 写入Bin文件超时-1！ 
15.32.59	警告	设备1 程序下载失败 
15.33.02	正常	设备1 继续下载失败的bin文件！ 
15.33.16	正常	设备1 程序下载成功 
15.46.10	正常	设备1 CRC = 0x59d2045e
15.46.24	正常	设备1 程序下载成功 
15.50.14	正常	设备1 CRC = 0x59d2045e
15.50.28	正常	设备1 程序下载成功 
16.02.03	正常	设备1 CRC = 0x2021b5fe
16.02.17	正常	设备1 程序下载成功 
16.47.04	正常	设备1 CRC = 0x2021b5fe
16.47.18	正常	设备1 程序下载成功 
