10.20.21	正常	设备1 CRC = 0xccf5ec06
10.20.34	正常	设备1 程序下载成功 
10.21.31	正常	设备1 CRC = 0xccf5ec06
10.21.43	正常	设备1 程序下载成功 
10.35.52	正常	设备1 CRC = 0xccf5ec06
10.36.05	正常	设备1 程序下载成功 
11.54.18	正常	设备1 CRC = 0x08e9f7f0
11.54.28	正常	设备1 程序下载成功 
11.57.15	正常	设备1 CRC = 0x08e9f7f0
11.57.25	正常	设备1 程序下载成功 
14.07.00	正常	设备1 CRC = 0x63ccb6cc
14.07.13	正常	设备1 程序下载成功 
15.15.31	正常	设备1 CRC = 0x63ccb6cc
15.15.44	正常	设备1 程序下载成功 
15.16.07	正常	设备1 CRC = 0x551c43e0
15.16.20	正常	设备1 程序下载成功 
15.18.59	正常	设备1 CRC = 0xf4a65c0c
15.19.12	正常	设备1 程序下载成功 
15.23.25	正常	设备1 CRC = 0x7c93cc8a
15.23.38	正常	设备1 程序下载成功 
17.34.26	正常	设备1 CRC = 0x7c93cc8a
17.34.39	正常	设备1 程序下载成功 
17.36.08	正常	设备1 CRC = 0x1e3798f6
17.36.21	正常	设备1 程序下载成功 
17.46.05	正常	设备1 CRC = 0x1e3798f6
17.46.18	正常	设备1 程序下载成功 
17.49.28	正常	设备1 CRC = 0xbebbaabc
17.49.41	正常	设备1 程序下载成功 
19.33.33	正常	设备1 CRC = 0xbebbaabc
19.33.34	警告	设备1 写入Bin文件超时-1！ 
19.33.34	警告	设备1 程序下载失败 
19.33.35	正常	设备1 继续下载失败的bin文件！ 
19.33.48	正常	设备1 程序下载成功 
19.34.22	正常	设备1 CRC = 0xbebbaabc
19.34.34	正常	设备1 程序下载成功 
19.52.54	正常	设备1 CRC = 0xf26d6b0f
19.53.08	正常	设备1 程序下载成功 
19.58.57	正常	设备1 CRC = 0xf1e9b5f2
19.59.10	正常	设备1 程序下载成功 
