13.37.06	正常	设备1 CRC = 0xf7888fbf
13.37.21	正常	设备1 程序下载成功 
13.56.07	正常	设备1 CRC = 0xf7888fbf
13.56.21	正常	设备1 程序下载成功 
13.56.28	正常	设备1 CRC = 0x27117418
13.56.42	正常	设备1 程序下载成功 
14.18.00	正常	设备1 CRC = 0x9c6620c4
14.18.14	正常	设备1 程序下载成功 
14.23.02	正常	设备1 CRC = 0x3515831e
14.23.16	正常	设备1 程序下载成功 
14.43.13	正常	设备1 CRC = 0x9268290a
14.43.27	正常	设备1 程序下载成功 
15.02.31	正常	设备1 CRC = 0x052f2a55
15.02.45	正常	设备1 程序下载成功 
15.17.45	正常	设备1 CRC = 0x052f2a55
15.18.00	正常	设备1 程序下载成功 
15.20.50	正常	设备1 CRC = 0x9268290a
15.21.04	正常	设备1 程序下载成功 
15.28.49	正常	设备1 CRC = 0x46945fba
15.29.04	正常	设备1 程序下载成功 
15.35.22	正常	设备1 CRC = 0xe8f841db
15.35.37	正常	设备1 程序下载成功 
15.46.06	正常	设备1 CRC = 0xe8f841db
15.46.21	正常	设备1 程序下载成功 
15.56.51	正常	设备1 读出成功!!
15.58.41	正常	设备1 CRC = 0x7b9cf639
15.58.56	正常	设备1 程序下载成功 
16.01.11	正常	设备1 读出成功!!
16.04.10	正常	设备1 读出成功!!
16.21.40	正常	设备1 读出成功!!
16.26.57	正常	设备1 读出成功!!
16.32.32	正常	设备1 CRC = 0x7b9cf639
16.32.48	正常	设备1 程序下载成功 
16.40.03	正常	设备1 读出成功!!
16.53.59	正常	设备1 CRC = 0x7b9cf639
16.54.14	正常	设备1 程序下载成功 
16.55.16	错误	设备1 dump复位失败!!
16.55.16	错误	设备1 读出失败!!
16.55.46	正常	设备1 读出成功!!
17.15.31	正常	设备1 CRC = 0xc2dba196
17.15.46	正常	设备1 程序下载成功 
18.02.47	错误	设备1 dump复位失败!!
18.02.47	错误	设备1 读出失败!!
18.03.21	错误	设备1 dump复位失败!!
18.03.21	错误	设备1 读出失败!!
18.03.55	正常	设备1 读出成功!!
18.06.00	正常	设备1 读出成功!!
18.48.43	正常	设备1 读出成功!!
19.42.35	正常	设备1 CRC = 0x8639d0ec
19.42.50	正常	设备1 程序下载成功 
19.49.32	正常	设备1 CRC = 0x12c4f7e9
19.49.47	正常	设备1 程序下载成功 
19.51.10	正常	设备1 CRC = 0xec1f67ad
19.51.25	正常	设备1 程序下载成功 
20.08.14	正常	设备1 CRC = 0x85967f52
20.08.29	正常	设备1 程序下载成功 
