13.01.03	正常	设备1 CRC = 0xdcf81f3f
13.01.16	正常	设备1 程序下载成功 
13.10.17	正常	设备1 CRC = 0xdcf81f3f
13.10.19	警告	设备1 写入Bin文件超时-1！ 
13.10.19	警告	设备1 程序下载失败 
13.10.23	正常	设备1 继续下载失败的bin文件！ 
13.10.37	正常	设备1 程序下载成功 
13.13.47	正常	设备1 CRC = 0xdcf81f3f
13.13.49	警告	设备1 写入Bin文件超时-1！ 
13.13.49	警告	设备1 程序下载失败 
13.13.50	正常	设备1 继续下载失败的bin文件！ 
13.14.03	正常	设备1 程序下载成功 
13.16.11	正常	设备1 CRC = 0xdcf81f3f
13.16.13	警告	设备1 写入Bin文件超时-1！ 
13.16.13	警告	设备1 程序下载失败 
13.16.14	正常	设备1 继续下载失败的bin文件！ 
13.16.27	正常	设备1 程序下载成功 
13.18.32	正常	设备1 CRC = 0xdcf81f3f
13.18.33	警告	设备1 写入Bin文件超时-1！ 
13.18.33	警告	设备1 程序下载失败 
13.18.34	正常	设备1 继续下载失败的bin文件！ 
13.18.47	正常	设备1 程序下载成功 
13.22.00	正常	设备1 CRC = 0xdcf81f3f
13.22.02	警告	设备1 写入Bin文件超时-1！ 
13.22.02	警告	设备1 程序下载失败 
13.22.03	正常	设备1 继续下载失败的bin文件！ 
13.22.16	正常	设备1 程序下载成功 
13.23.54	正常	设备1 CRC = 0xdcf81f3f
13.23.56	警告	设备1 写入Bin文件超时-1！ 
13.23.56	警告	设备1 程序下载失败 
13.23.56	正常	设备1 继续下载失败的bin文件！ 
13.24.10	正常	设备1 程序下载成功 
13.34.15	正常	设备1 CRC = 0xdcf81f3f
13.34.17	警告	设备1 写入Bin文件超时-1！ 
13.34.17	警告	设备1 程序下载失败 
13.34.17	正常	设备1 继续下载失败的bin文件！ 
13.34.31	正常	设备1 程序下载成功 
13.44.27	正常	设备1 CRC = 0xdcf81f3f
13.44.29	警告	设备1 写入Bin文件超时-1！ 
13.44.29	警告	设备1 程序下载失败 
13.44.30	正常	设备1 继续下载失败的bin文件！ 
13.44.43	正常	设备1 程序下载成功 
13.50.58	正常	设备1 CRC = 0xdcf81f3f
13.51.00	警告	设备1 写入Bin文件超时-1！ 
13.51.00	警告	设备1 程序下载失败 
13.51.01	正常	设备1 继续下载失败的bin文件！ 
13.51.14	正常	设备1 程序下载成功 
13.56.07	正常	设备1 CRC = 0xdcf81f3f
13.56.09	警告	设备1 写入Bin文件超时-1！ 
13.56.09	警告	设备1 程序下载失败 
13.56.10	正常	设备1 继续下载失败的bin文件！ 
13.56.24	正常	设备1 程序下载成功 
14.00.45	正常	设备1 CRC = 0xdcf81f3f
14.00.47	警告	设备1 写入Bin文件超时-1！ 
14.00.47	警告	设备1 程序下载失败 
14.00.48	正常	设备1 继续下载失败的bin文件！ 
14.01.01	正常	设备1 程序下载成功 
14.07.10	正常	设备1 CRC = 0xdcf81f3f
14.07.11	警告	设备1 写入Bin文件超时-1！ 
14.07.11	警告	设备1 程序下载失败 
14.07.12	正常	设备1 继续下载失败的bin文件！ 
14.07.26	正常	设备1 程序下载成功 
