09.35.38	正常	设备1 CRC = 0x1156ed01
09.35.49	正常	设备1 程序下载成功 
09.42.28	正常	设备1 CRC = 0xdbc0bd32
09.42.39	正常	设备1 程序下载成功 
10.05.05	正常	设备1 CRC = 0x77a62936
10.05.17	正常	设备1 程序下载成功 
13.57.33	正常	设备1 CRC = 0xf9259a7f
13.57.45	正常	设备1 程序下载成功 
13.59.31	正常	设备1 CRC = 0xf9259a7f
13.59.43	正常	设备1 程序下载成功 
14.06.18	正常	设备1 CRC = 0x01d1a2bf
14.06.29	正常	设备1 程序下载成功 
14.07.52	正常	设备1 CRC = 0x01d1a2bf
14.08.03	正常	设备1 程序下载成功 
15.30.05	正常	设备1 CRC = 0xfd02acad
15.30.16	正常	设备1 程序下载成功 
17.45.40	正常	设备1 CRC = 0x9d8a4b65
17.45.41	错误	设备1 downImage复位失败!!
17.45.41	警告	设备1 程序下载失败 
17.48.25	正常	设备1 继续下载失败的bin文件！ 
17.48.26	错误	设备1 downImage复位失败!!
17.48.26	警告	设备1 程序下载失败 
17.53.53	正常	设备1 继续下载失败的bin文件！ 
17.53.54	错误	设备1 downImage复位失败!!
17.53.54	警告	设备1 程序下载失败 
18.10.18	正常	设备1 继续下载失败的bin文件！ 
18.10.19	错误	设备1 downImage复位失败!!
18.10.19	警告	设备1 程序下载失败 
18.11.19	正常	设备1 继续下载失败的bin文件！ 
18.11.20	错误	设备1 downImage复位失败!!
18.11.20	警告	设备1 程序下载失败 
18.18.55	正常	设备1 继续下载失败的bin文件！ 
18.18.55	错误	设备1 downImage复位失败!!
18.18.55	警告	设备1 程序下载失败 
20.04.55	正常	设备1 继续下载失败的bin文件！ 
20.04.55	错误	设备1 downImage复位失败!!
20.04.55	警告	设备1 程序下载失败 
