15.28.21	正常	设备1 CRC = 0xdf87154c
15.28.22	错误	设备1 downImage复位失败!!
15.28.22	警告	设备1 程序下载失败 
15.28.23	正常	设备1 继续下载失败的bin文件！ 
15.28.23	错误	设备1 downImage复位失败!!
15.28.23	警告	设备1 程序下载失败 
15.28.39	正常	设备1 继续下载失败的bin文件！ 
15.28.53	正常	设备1 程序下载成功 
15.45.02	正常	设备1 CRC = 0x4d1a06f4
15.45.16	正常	设备1 程序下载成功 
15.48.58	正常	设备1 CRC = 0xb9596f21
15.49.12	正常	设备1 程序下载成功 
15.55.05	正常	设备1 CRC = 0x8076fd4b
15.55.19	正常	设备1 程序下载成功 
16.04.10	正常	设备1 CRC = 0xdd8fb609
16.04.12	警告	设备1 写入Bin文件超时-1！ 
16.04.12	警告	设备1 程序下载失败 
16.04.13	正常	设备1 继续下载失败的bin文件！ 
16.04.27	正常	设备1 程序下载成功 
16.08.38	正常	设备1 CRC = 0x5515113a
16.08.52	正常	设备1 程序下载成功 
17.39.52	正常	设备1 CRC = 0xd6c145d5
17.39.53	错误	设备1 downImage复位失败!!
17.39.53	警告	设备1 程序下载失败 
17.39.54	正常	设备1 继续下载失败的bin文件！ 
17.39.55	错误	设备1 downImage复位失败!!
17.39.55	警告	设备1 程序下载失败 
17.40.02	正常	设备1 继续下载失败的bin文件！ 
17.40.16	正常	设备1 程序下载成功 
17.42.40	正常	设备1 CRC = 0xad8a561f
17.42.54	正常	设备1 程序下载成功 
17.51.45	正常	设备1 CRC = 0xfba8c99e
17.52.00	正常	设备1 程序下载成功 
17.56.06	正常	设备1 CRC = 0x9133c38c
17.56.20	正常	设备1 程序下载成功 
17.57.51	正常	设备1 CRC = 0x9133c38c
17.58.05	正常	设备1 程序下载成功 
17.58.29	正常	设备1 CRC = 0x560ea1ec
17.58.43	正常	设备1 程序下载成功 
18.02.02	正常	设备1 CRC = 0x8c30b031
18.02.16	正常	设备1 程序下载成功 
18.12.18	正常	设备1 CRC = 0x2d8c0747
18.12.32	正常	设备1 程序下载成功 
18.44.12	正常	设备1 CRC = 0xa2c379f0
18.44.26	正常	设备1 程序下载成功 
18.50.48	正常	设备1 CRC = 0xdbfc2b10
18.51.02	正常	设备1 程序下载成功 
18.53.44	正常	设备1 CRC = 0x79bb771b
18.53.58	正常	设备1 程序下载成功 
18.58.43	正常	设备1 CRC = 0x2c541b44
18.58.58	正常	设备1 程序下载成功 
19.02.10	正常	设备1 CRC = 0x31a1ee0a
19.02.24	正常	设备1 程序下载成功 
19.13.24	正常	设备1 CRC = 0x54317d51
19.13.38	正常	设备1 程序下载成功 
19.17.25	正常	设备1 CRC = 0xd91157fb
19.17.39	正常	设备1 程序下载成功 
19.27.08	正常	设备1 CRC = 0xff77e976
19.27.22	正常	设备1 程序下载成功 
19.31.53	正常	设备1 CRC = 0x9da7855d
19.32.07	正常	设备1 程序下载成功 
19.46.00	正常	设备1 CRC = 0x9da7855d
19.46.01	错误	设备1 downImage复位失败!!
19.46.01	警告	设备1 程序下载失败 
19.46.09	正常	设备1 继续下载失败的bin文件！ 
19.46.23	正常	设备1 程序下载成功 
19.50.19	正常	设备1 CRC = 0x9da7855d
19.50.34	正常	设备1 程序下载成功 
19.50.44	正常	设备1 CRC = 0x9da7855d
19.50.44	错误	设备1 downImage复位失败!!
19.50.44	警告	设备1 程序下载失败 
19.50.48	正常	设备1 继续下载失败的bin文件！ 
19.50.49	错误	设备1 downImage复位失败!!
19.50.49	警告	设备1 程序下载失败 
19.50.56	正常	设备1 继续下载失败的bin文件！ 
19.50.56	错误	设备1 downImage复位失败!!
19.50.56	警告	设备1 程序下载失败 
19.51.09	正常	设备1 继续下载失败的bin文件！ 
19.51.23	正常	设备1 程序下载成功 
19.51.35	正常	设备1 CRC = 0x9da7855d
19.51.49	正常	设备1 程序下载成功 
19.52.08	正常	设备1 CRC = 0x9da7855d
19.52.22	正常	设备1 程序下载成功 
19.55.40	正常	设备1 CRC = 0x9da7855d
19.55.54	正常	设备1 程序下载成功 
20.00.05	正常	设备1 CRC = 0x9da7855d
20.00.19	正常	设备1 程序下载成功 
20.00.29	正常	设备1 CRC = 0x9da7855d
20.00.43	正常	设备1 程序下载成功 
