09.42.04	正常	设备1 CRC = 0x8d9a641a
09.42.06	警告	设备1 写入Bin文件超时-1！ 
09.42.06	警告	设备1 程序下载失败 
09.42.08	正常	设备1 继续下载失败的bin文件！ 
09.42.12	警告	设备1 写入Bin文件超时-1！ 
09.42.12	警告	设备1 程序下载失败 
09.42.14	错误	设备1 Vpp关闭操作超时！
09.42.25	正常	设备1 继续下载失败的bin文件！ 
09.42.36	正常	设备1 程序下载成功 
09.45.06	正常	设备1 CRC = 0x8d9a641a
09.45.08	警告	设备1 写入Bin文件超时-1！ 
09.45.08	警告	设备1 程序下载失败 
09.45.09	正常	设备1 继续下载失败的bin文件！ 
09.45.21	正常	设备1 程序下载成功 
10.07.16	正常	设备1 CRC = 0x4f11b284
10.07.26	错误	设备1 downImage复位失败!!
10.07.26	警告	设备1 程序下载失败 
10.07.45	正常	设备1 CRC = 0x4f11b284
10.07.47	警告	设备1 写入Bin文件超时-1！ 
10.07.47	警告	设备1 程序下载失败 
10.07.54	正常	设备1 继续下载失败的bin文件！ 
10.08.05	正常	设备1 程序下载成功 
10.14.52	正常	设备1 CRC = 0xabc94ca5
10.14.53	警告	设备1 写入Bin文件超时-1！ 
10.14.53	警告	设备1 程序下载失败 
10.14.56	正常	设备1 继续下载失败的bin文件！ 
10.15.07	正常	设备1 程序下载成功 
11.40.10	正常	设备1 CRC = 0xabc94ca5
11.40.12	警告	设备1 写入Bin文件超时-1！ 
11.40.12	警告	设备1 程序下载失败 
14.37.51	正常	设备1 继续下载失败的bin文件！ 
14.37.52	警告	设备1 写入Bin文件超时-1！ 
14.37.52	警告	设备1 程序下载失败 
14.37.55	正常	设备1 继续下载失败的bin文件！ 
14.38.07	正常	设备1 程序下载成功 
