13.39.55	正常	设备1 CRC = 0x69249e48
13.40.15	正常	设备1 程序下载成功 
13.40.54	正常	设备1 CRC = 0x3c619478
13.40.56	警告	设备1 写入Bin文件超时-1！ 
13.40.56	警告	设备1 程序下载失败 
13.41.18	正常	设备1 继续下载失败的bin文件！ 
13.41.33	正常	设备1 程序下载成功 
13.45.36	正常	设备1 CRC = 0x3c619478
13.45.36	错误	设备1 downImage复位失败!!
13.45.36	警告	设备1 程序下载失败 
13.45.52	警告	设备1 文件大小超出芯片设定!
13.45.57	正常	设备1 CRC = 0x4539eee4
13.46.18	正常	设备1 程序下载成功 
15.10.13	正常	设备1 CRC = 0x99f5a97f
15.10.34	正常	设备1 程序下载成功 
15.12.46	正常	设备1 CRC = 0xbd0bca14
15.13.08	正常	设备1 程序下载成功 
15.20.05	正常	设备1 CRC = 0xaeb33ec0
15.20.27	正常	设备1 程序下载成功 
15.21.40	正常	设备1 CRC = 0x9f873c4e
15.22.02	正常	设备1 程序下载成功 
15.23.38	正常	设备1 CRC = 0x17bf0214
15.24.00	正常	设备1 程序下载成功 
15.28.49	正常	设备1 CRC = 0x4539eee4
15.29.11	正常	设备1 程序下载成功 
15.36.15	正常	设备1 CRC = 0x33efeb15
15.36.39	正常	设备1 程序下载成功 
15.52.07	正常	设备1 CRC = 0x17bf0214
15.52.30	错误	设备1 芯片校验请求超时！
15.52.31	警告	设备1 程序下载失败 
15.52.33	错误	设备1 Vpp关闭操作超时！
15.52.34	正常	设备1 继续下载失败的bin文件！ 
15.52.56	正常	设备1 程序下载成功 
15.58.01	正常	设备1 CRC = 0x828c6466
15.58.24	正常	设备1 程序下载成功 
16.00.11	正常	设备1 CRC = 0x656d5fec
16.00.35	正常	设备1 程序下载成功 
