10.28.40	正常	设备1 CRC = 0x9ade14b1
10.28.54	正常	设备1 程序下载成功 
10.36.02	正常	设备1 CRC = 0x3b28eeee
10.36.16	正常	设备1 程序下载成功 
10.37.28	正常	设备1 CRC = 0x975da808
10.37.42	正常	设备1 程序下载成功 
10.45.37	正常	设备1 CRC = 0x23dc048d
10.45.51	正常	设备1 程序下载成功 
10.55.13	正常	设备1 CRC = 0x23dc048d
10.55.28	正常	设备1 程序下载成功 
10.55.48	正常	设备1 CRC = 0x14a3a372
10.56.02	正常	设备1 程序下载成功 
11.10.24	正常	设备1 CRC = 0x94f79713
11.10.38	正常	设备1 程序下载成功 
11.39.59	正常	设备1 CRC = 0x94f79713
11.40.00	错误	设备1 downImage复位失败!!
11.40.00	警告	设备1 程序下载失败 
11.42.31	正常	设备1 继续下载失败的bin文件！ 
11.42.32	错误	设备1 downImage复位失败!!
11.42.32	警告	设备1 程序下载失败 
11.42.50	正常	设备1 继续下载失败的bin文件！ 
11.42.50	错误	设备1 downImage复位失败!!
11.42.50	警告	设备1 程序下载失败 
11.43.19	正常	设备1 继续下载失败的bin文件！ 
11.43.33	正常	设备1 程序下载成功 
11.44.13	正常	设备1 CRC = 0x94f79713
11.44.14	错误	设备1 downImage复位失败!!
11.44.14	警告	设备1 程序下载失败 
11.44.38	正常	设备1 继续下载失败的bin文件！ 
11.44.39	错误	设备1 downImage复位失败!!
11.44.39	警告	设备1 程序下载失败 
11.44.53	正常	设备1 继续下载失败的bin文件！ 
11.44.53	错误	设备1 downImage复位失败!!
11.44.53	警告	设备1 程序下载失败 
11.45.24	正常	设备1 继续下载失败的bin文件！ 
11.45.24	错误	设备1 downImage复位失败!!
11.45.25	警告	设备1 程序下载失败 
11.46.04	正常	设备1 继续下载失败的bin文件！ 
11.46.17	正常	设备1 程序下载成功 
11.46.39	正常	设备1 CRC = 0x94f79713
11.46.53	正常	设备1 程序下载成功 
11.47.34	正常	设备1 CRC = 0x94f79713
11.47.48	正常	设备1 程序下载成功 
11.47.57	正常	设备1 CRC = 0x94f79713
11.47.58	错误	设备1 downImage复位失败!!
11.47.58	警告	设备1 程序下载失败 
11.47.59	正常	设备1 继续下载失败的bin文件！ 
11.48.01	警告	设备1 写入Bin文件超时-1！ 
11.48.01	警告	设备1 程序下载失败 
11.48.02	正常	设备1 继续下载失败的bin文件！ 
11.48.03	错误	设备1 downImage复位失败!!
11.48.03	警告	设备1 程序下载失败 
11.48.39	正常	设备1 继续下载失败的bin文件！ 
11.48.52	正常	设备1 程序下载成功 
11.49.55	正常	设备1 CRC = 0x94f79713
11.50.09	正常	设备1 程序下载成功 
16.55.18	正常	设备1 CRC = 0x94f79713
16.55.18	错误	设备1 downImage复位失败!!
16.55.18	警告	设备1 程序下载失败 
16.55.58	正常	设备1 继续下载失败的bin文件！ 
16.56.12	正常	设备1 程序下载成功 
16.56.40	正常	设备1 CRC = 0x94f79713
16.56.54	正常	设备1 程序下载成功 
17.25.56	正常	设备1 CRC = 0x2d96a0fd
17.25.56	错误	设备1 downImage复位失败!!
17.25.56	警告	设备1 程序下载失败 
17.30.10	正常	设备1 继续下载失败的bin文件！ 
17.30.35	正常	设备1 程序下载成功 
17.42.51	正常	设备1 CRC = 0x2d96a0fd
17.43.15	正常	设备1 程序下载成功 
17.45.05	正常	设备1 CRC = 0x2d96a0fd
17.45.29	正常	设备1 程序下载成功 
