10.12.49	正常	设备1 CRC = 0x9e3065a8
10.13.02	正常	设备1 程序下载成功 
10.41.49	正常	设备1 CRC = 0xdf332ed8
10.42.02	正常	设备1 程序下载成功 
10.44.23	正常	设备1 CRC = 0xc1409734
10.44.36	正常	设备1 程序下载成功 
11.04.21	正常	设备1 CRC = 0xcdccd2b4
11.04.34	正常	设备1 程序下载成功 
11.07.11	正常	设备1 CRC = 0xaef0acdc
11.07.25	正常	设备1 程序下载成功 
11.27.04	正常	设备1 CRC = 0x29fb4a4d
11.27.17	正常	设备1 程序下载成功 
13.39.30	正常	设备1 CRC = 0x050e584b
13.39.43	正常	设备1 程序下载成功 
13.51.08	正常	设备1 CRC = 0xb63433a6
13.51.21	正常	设备1 程序下载成功 
14.02.14	正常	设备1 CRC = 0x31f19d33
14.02.28	正常	设备1 程序下载成功 
14.02.37	正常	设备1 CRC = 0xa08ff0ae
14.02.50	正常	设备1 程序下载成功 
14.08.36	正常	设备1 CRC = 0x6234a276
14.08.49	正常	设备1 程序下载成功 
14.09.57	正常	设备1 CRC = 0xc40193c3
14.10.10	正常	设备1 程序下载成功 
14.12.48	正常	设备1 CRC = 0xc431a55f
14.13.02	正常	设备1 程序下载成功 
14.14.07	正常	设备1 CRC = 0x8689485b
14.14.21	正常	设备1 程序下载成功 
14.15.30	正常	设备1 CRC = 0x64d2d709
14.15.43	正常	设备1 程序下载成功 
14.23.17	正常	设备1 CRC = 0xf1a081a9
14.23.30	正常	设备1 程序下载成功 
14.26.35	正常	设备1 CRC = 0x469b34d6
14.26.48	正常	设备1 程序下载成功 
14.38.58	正常	设备1 CRC = 0x7824d100
14.39.11	正常	设备1 程序下载成功 
15.41.23	正常	设备1 CRC = 0x08e9f7f0
15.41.25	警告	设备1 写入Bin文件超时-1！ 
15.41.25	警告	设备1 程序下载失败 
15.41.33	正常	设备1 继续下载失败的bin文件！ 
15.41.42	正常	设备1 程序下载成功 
15.41.49	正常	设备1 CRC = 0x08e9f7f0
15.41.59	正常	设备1 程序下载成功 
