11.29.09	正常	设备1 CRC = 0x1f5cc3d6
11.29.11	警告	设备1 写入Bin文件超时-1！ 
11.29.11	警告	设备1 程序下载失败 
11.29.21	正常	设备1 继续下载失败的bin文件！ 
11.29.34	正常	设备1 程序下载成功 
11.39.32	正常	设备1 CRC = 0xaed80804
11.39.33	警告	设备1 写入Bin文件超时-1！ 
11.39.33	警告	设备1 程序下载失败 
11.39.34	正常	设备1 继续下载失败的bin文件！ 
11.39.48	正常	设备1 程序下载成功 
13.49.11	正常	设备1 CRC = 0x1f1fb18f
13.49.25	正常	设备1 程序下载成功 
13.54.18	正常	设备1 CRC = 0xe25a8ffb
13.54.31	正常	设备1 程序下载成功 
15.27.00	正常	设备1 CRC = 0xe25a8ffb
15.27.13	正常	设备1 程序下载成功 
15.27.18	正常	设备1 CRC = 0xce5bc513
15.27.31	正常	设备1 程序下载成功 
15.39.58	正常	设备1 CRC = 0x2fe2115e
15.40.11	正常	设备1 程序下载成功 
15.48.18	正常	设备1 CRC = 0xce5bc513
15.48.31	正常	设备1 程序下载成功 
15.53.11	正常	设备1 CRC = 0x699164cc
15.53.24	正常	设备1 程序下载成功 
15.54.24	正常	设备1 CRC = 0x6cf95d46
15.54.37	正常	设备1 程序下载成功 
15.56.02	正常	设备1 CRC = 0x0eb67ccc
15.56.15	正常	设备1 程序下载成功 
16.00.33	正常	设备1 CRC = 0x2e14b728
16.00.46	正常	设备1 程序下载成功 
16.01.25	正常	设备1 CRC = 0x7927646b
16.01.38	正常	设备1 程序下载成功 
16.02.18	正常	设备1 CRC = 0x945f00ed
16.02.31	正常	设备1 程序下载成功 
16.29.41	正常	设备1 CRC = 0xe38739b9
16.29.54	正常	设备1 程序下载成功 
16.31.16	正常	设备1 CRC = 0xe38739b9
16.31.29	正常	设备1 程序下载成功 
16.31.29	正常	设备1 CRC = 0x9f2ade1f
16.31.43	正常	设备1 程序下载成功 
16.34.40	正常	设备1 CRC = 0x33f3e14e
16.34.53	正常	设备1 程序下载成功 
16.44.41	正常	设备1 CRC = 0xd7b0e119
16.44.54	正常	设备1 程序下载成功 
16.46.36	正常	设备1 CRC = 0xb5248537
16.46.49	正常	设备1 程序下载成功 
16.53.49	正常	设备1 CRC = 0x896af0ff
16.54.02	正常	设备1 程序下载成功 
16.58.53	正常	设备1 CRC = 0xaae563e1
16.59.06	正常	设备1 程序下载成功 
17.30.25	正常	设备1 CRC = 0xe0f2f9fb
17.30.38	正常	设备1 程序下载成功 
17.33.12	正常	设备1 CRC = 0xd98bf012
17.33.25	正常	设备1 程序下载成功 
17.34.05	正常	设备1 CRC = 0xaae563e1
17.34.19	正常	设备1 程序下载成功 
18.13.58	正常	设备1 CRC = 0x3ed352ea
18.14.11	正常	设备1 程序下载成功 
18.16.05	正常	设备1 CRC = 0x62522f71
18.16.18	正常	设备1 程序下载成功 
18.17.54	正常	设备1 CRC = 0x62522f71
18.18.07	正常	设备1 程序下载成功 
18.18.58	正常	设备1 CRC = 0xabb2203c
18.19.12	正常	设备1 程序下载成功 
18.22.11	正常	设备1 CRC = 0x6c6236d5
18.22.24	正常	设备1 程序下载成功 
18.35.32	正常	设备1 CRC = 0x6c6236d5
18.35.46	正常	设备1 程序下载成功 
18.35.47	正常	设备1 CRC = 0x63c9d4f9
18.36.00	正常	设备1 程序下载成功 
18.57.35	正常	设备1 CRC = 0x052355b6
18.57.48	正常	设备1 程序下载成功 
19.25.49	正常	设备1 CRC = 0xd3270326
19.26.02	正常	设备1 程序下载成功 
19.33.16	正常	设备1 CRC = 0x248600fe
19.33.29	正常	设备1 程序下载成功 
19.35.11	正常	设备1 CRC = 0xd940478b
19.35.25	正常	设备1 程序下载成功 
19.39.16	正常	设备1 CRC = 0xd940478b
19.39.29	正常	设备1 程序下载成功 
19.40.54	正常	设备1 CRC = 0xbb936b88
19.41.07	正常	设备1 程序下载成功 
19.43.43	正常	设备1 CRC = 0xfdef95c5
19.43.56	正常	设备1 程序下载成功 
19.51.02	正常	设备1 CRC = 0x4744dda4
19.51.16	正常	设备1 程序下载成功 
19.52.58	正常	设备1 CRC = 0x3d51e346
19.53.12	正常	设备1 程序下载成功 
