11.52.43	正常	设备1 CRC = 0x4f9f28ed
11.52.57	正常	设备1 程序下载成功 
13.45.40	正常	设备1 CRC = 0x4f9f28ed
13.45.40	错误	设备1 downImage复位失败!!
13.45.40	警告	设备1 程序下载失败 
13.45.45	正常	设备1 继续下载失败的bin文件！ 
13.45.59	正常	设备1 程序下载成功 
13.59.36	正常	设备1 CRC = 0xf2251f83
13.59.40	警告	设备1 写入Bin文件超时-1！ 
13.59.40	警告	设备1 程序下载失败 
13.59.42	正常	设备1 继续下载失败的bin文件！ 
13.59.57	正常	设备1 程序下载成功 
14.00.08	正常	设备1 CRC = 0x64932a38
14.00.10	警告	设备1 写入Bin文件超时-1！ 
14.00.10	警告	设备1 程序下载失败 
14.00.32	正常	设备1 继续下载失败的bin文件！ 
14.00.35	警告	设备1 写入Bin文件超时-1！ 
14.00.35	警告	设备1 程序下载失败 
14.00.44	正常	设备1 继续下载失败的bin文件！ 
14.00.50	警告	设备1 写入Bin文件超时-1！ 
14.00.50	警告	设备1 程序下载失败 
14.00.58	正常	设备1 继续下载失败的bin文件！ 
14.01.03	警告	设备1 写入Bin文件超时-1！ 
14.01.03	警告	设备1 程序下载失败 
14.01.13	正常	设备1 继续下载失败的bin文件！ 
14.01.20	警告	设备1 写入Bin文件超时-1！ 
14.01.20	警告	设备1 程序下载失败 
14.01.32	正常	设备1 继续下载失败的bin文件！ 
14.01.35	警告	设备1 写入Bin文件超时-1！ 
14.01.35	警告	设备1 程序下载失败 
14.01.44	正常	设备1 继续下载失败的bin文件！ 
14.01.46	警告	设备1 写入Bin文件超时-1！ 
14.01.46	警告	设备1 程序下载失败 
14.01.59	正常	设备1 继续下载失败的bin文件！ 
14.02.13	正常	设备1 程序下载成功 
14.02.36	正常	设备1 CRC = 0x64932a38
14.02.43	警告	设备1 写入Bin文件超时-1！ 
14.02.43	警告	设备1 程序下载失败 
14.03.02	正常	设备1 继续下载失败的bin文件！ 
14.03.16	正常	设备1 程序下载成功 
14.04.51	正常	设备1 CRC = 0x64932a38
14.05.05	正常	设备1 程序下载成功 
14.13.53	正常	设备1 CRC = 0x64932a38
14.13.54	警告	设备1 写入Bin文件超时-1！ 
14.13.54	警告	设备1 程序下载失败 
14.14.21	正常	设备1 继续下载失败的bin文件！ 
14.14.22	错误	设备1 downImage复位失败!!
14.14.22	警告	设备1 程序下载失败 
14.14.30	正常	设备1 继续下载失败的bin文件！ 
14.14.43	警告	设备1 写入Bin文件超时-1！ 
14.14.43	警告	设备1 程序下载失败 
14.14.45	正常	设备1 继续下载失败的bin文件！ 
14.14.52	警告	设备1 写入Bin文件超时-1！ 
14.14.52	警告	设备1 程序下载失败 
14.14.54	正常	设备1 继续下载失败的bin文件！ 
14.15.08	正常	设备1 程序下载成功 
14.53.48	正常	设备1 CRC = 0xb24081b9
14.54.02	正常	设备1 程序下载成功 
14.59.20	正常	设备1 CRC = 0x300670f6
14.59.34	正常	设备1 程序下载成功 
15.16.12	正常	设备1 CRC = 0xc8cff806
15.16.26	正常	设备1 程序下载成功 
15.51.23	正常	设备1 CRC = 0xc8cff806
15.51.37	正常	设备1 程序下载成功 
15.56.10	正常	设备1 CRC = 0xd5a54771
15.56.15	警告	设备1 写入Bin文件超时-1！ 
15.56.15	警告	设备1 程序下载失败 
15.56.17	正常	设备1 继续下载失败的bin文件！ 
15.56.31	正常	设备1 程序下载成功 
16.03.18	正常	设备1 CRC = 0xd5a54771
16.03.32	正常	设备1 程序下载成功 
16.10.31	正常	设备1 CRC = 0xc8cff806
16.10.42	警告	设备1 写入Bin文件超时-1！ 
16.10.42	警告	设备1 程序下载失败 
16.10.46	正常	设备1 继续下载失败的bin文件！ 
16.10.50	警告	设备1 写入Bin文件超时-1！ 
16.10.50	警告	设备1 程序下载失败 
16.10.51	正常	设备1 继续下载失败的bin文件！ 
16.10.58	警告	设备1 写入Bin文件超时-1！ 
16.10.58	警告	设备1 程序下载失败 
16.11.10	正常	设备1 继续下载失败的bin文件！ 
16.11.13	警告	设备1 写入Bin文件超时-1！ 
16.11.13	警告	设备1 程序下载失败 
16.11.20	正常	设备1 继续下载失败的bin文件！ 
16.11.22	警告	设备1 写入Bin文件超时-1！ 
16.11.22	警告	设备1 程序下载失败 
16.11.29	正常	设备1 继续下载失败的bin文件！ 
16.11.31	警告	设备1 写入Bin文件超时-1！ 
16.11.31	警告	设备1 程序下载失败 
16.12.10	正常	设备1 继续下载失败的bin文件！ 
16.12.15	警告	设备1 写入Bin文件超时-1！ 
16.12.15	警告	设备1 程序下载失败 
16.12.33	正常	设备1 继续下载失败的bin文件！ 
16.12.35	警告	设备1 写入Bin文件超时-1！ 
16.12.35	警告	设备1 程序下载失败 
16.12.49	正常	设备1 继续下载失败的bin文件！ 
16.12.52	警告	设备1 写入Bin文件超时-1！ 
16.12.52	警告	设备1 程序下载失败 
16.13.12	正常	设备1 继续下载失败的bin文件！ 
16.13.14	警告	设备1 写入Bin文件超时-1！ 
16.13.14	警告	设备1 程序下载失败 
16.13.18	正常	设备1 继续下载失败的bin文件！ 
16.13.19	警告	设备1 写入Bin文件超时-1！ 
16.13.19	警告	设备1 程序下载失败 
16.13.29	正常	设备1 继续下载失败的bin文件！ 
16.13.43	正常	设备1 程序下载成功 
16.14.10	正常	设备1 CRC = 0xc8cff806
16.14.12	警告	设备1 写入Bin文件超时-1！ 
16.14.12	警告	设备1 程序下载失败 
16.14.14	正常	设备1 继续下载失败的bin文件！ 
16.14.19	警告	设备1 写入Bin文件超时-1！ 
16.14.19	警告	设备1 程序下载失败 
16.14.21	正常	设备1 继续下载失败的bin文件！ 
16.14.25	警告	设备1 写入Bin文件超时-1！ 
16.14.25	警告	设备1 程序下载失败 
16.41.23	正常	设备1 CRC = 0x11ebac5f
16.41.38	正常	设备1 程序下载成功 
16.42.48	正常	设备1 CRC = 0x11ebac5f
16.42.50	警告	设备1 写入Bin文件超时-1！ 
16.42.50	警告	设备1 程序下载失败 
16.43.13	正常	设备1 继续下载失败的bin文件！ 
16.43.15	警告	设备1 写入Bin文件超时-1！ 
16.43.15	警告	设备1 程序下载失败 
16.43.48	正常	设备1 继续下载失败的bin文件！ 
16.43.50	警告	设备1 写入Bin文件超时-1！ 
16.43.50	警告	设备1 程序下载失败 
16.44.00	正常	设备1 继续下载失败的bin文件！ 
16.44.01	警告	设备1 写入Bin文件超时-1！ 
16.44.01	警告	设备1 程序下载失败 
16.53.58	正常	设备1 继续下载失败的bin文件！ 
16.54.00	警告	设备1 写入Bin文件超时-1！ 
16.54.00	警告	设备1 程序下载失败 
16.54.10	正常	设备1 继续下载失败的bin文件！ 
16.54.12	警告	设备1 写入Bin文件超时-1！ 
16.54.12	警告	设备1 程序下载失败 
16.54.23	正常	设备1 继续下载失败的bin文件！ 
16.54.37	正常	设备1 程序下载成功 
16.55.39	正常	设备1 CRC = 0x11ebac5f
16.55.41	警告	设备1 写入Bin文件超时-1！ 
16.55.41	警告	设备1 程序下载失败 
17.01.01	正常	设备1 继续下载失败的bin文件！ 
17.01.09	警告	设备1 写入Bin文件超时-1！ 
17.01.09	警告	设备1 程序下载失败 
17.01.18	正常	设备1 CRC = 0x11ebac5f
17.01.21	警告	设备1 写入Bin文件超时-1！ 
17.01.21	警告	设备1 程序下载失败 
17.01.28	正常	设备1 继续下载失败的bin文件！ 
17.01.29	警告	设备1 写入Bin文件超时-1！ 
17.01.29	警告	设备1 程序下载失败 
17.01.46	正常	设备1 继续下载失败的bin文件！ 
17.01.48	警告	设备1 写入Bin文件超时-1！ 
17.01.48	警告	设备1 程序下载失败 
17.02.02	正常	设备1 继续下载失败的bin文件！ 
17.02.04	警告	设备1 写入Bin文件超时-1！ 
17.02.04	警告	设备1 程序下载失败 
17.02.06	正常	设备1 继续下载失败的bin文件！ 
17.02.07	警告	设备1 写入Bin文件超时-1！ 
17.02.07	警告	设备1 程序下载失败 
17.02.37	正常	设备1 继续下载失败的bin文件！ 
17.02.38	错误	设备1 downImage复位失败!!
17.02.38	警告	设备1 程序下载失败 
17.02.47	正常	设备1 继续下载失败的bin文件！ 
17.03.01	正常	设备1 程序下载成功 
17.13.17	正常	设备1 CRC = 0xc3ea4301
17.13.31	正常	设备1 程序下载成功 
17.15.20	正常	设备1 CRC = 0x23be9f68
17.15.36	正常	设备1 程序下载成功 
18.04.10	正常	设备1 CRC = 0x23be9f68
18.04.24	正常	设备1 程序下载成功 
18.46.44	正常	设备1 CRC = 0x23be9f68
18.46.45	错误	设备1 downImage复位失败!!
18.46.45	警告	设备1 程序下载失败 
18.46.53	正常	设备1 继续下载失败的bin文件！ 
18.47.07	正常	设备1 程序下载成功 
18.47.18	正常	设备1 CRC = 0x23be9f68
18.47.32	正常	设备1 程序下载成功 
18.47.43	正常	设备1 CRC = 0x23be9f68
18.47.57	正常	设备1 程序下载成功 
18.48.07	正常	设备1 CRC = 0x23be9f68
18.48.21	正常	设备1 程序下载成功 
19.23.50	正常	设备1 CRC = 0x53072da7
19.24.04	正常	设备1 程序下载成功 
19.34.30	正常	设备1 CRC = 0x53072da7
19.34.45	正常	设备1 程序下载成功 
19.35.37	正常	设备1 CRC = 0x8ff80be6
19.35.51	正常	设备1 程序下载成功 
19.45.13	正常	设备1 CRC = 0x6e011d34
19.45.15	警告	设备1 写入Bin文件超时-1！ 
19.45.15	警告	设备1 程序下载失败 
19.45.18	正常	设备1 继续下载失败的bin文件！ 
19.45.20	警告	设备1 写入Bin文件超时-1！ 
19.45.20	警告	设备1 程序下载失败 
19.45.24	正常	设备1 继续下载失败的bin文件！ 
19.45.26	警告	设备1 写入Bin文件超时-1！ 
19.45.26	警告	设备1 程序下载失败 
19.45.36	正常	设备1 继续下载失败的bin文件！ 
19.45.36	错误	设备1 downImage复位失败!!
19.45.36	警告	设备1 程序下载失败 
19.46.04	正常	设备1 继续下载失败的bin文件！ 
19.46.05	错误	设备1 downImage复位失败!!
19.46.05	警告	设备1 程序下载失败 
19.46.14	正常	设备1 继续下载失败的bin文件！ 
19.46.15	警告	设备1 写入Bin文件超时-1！ 
19.46.15	警告	设备1 程序下载失败 
19.46.33	正常	设备1 继续下载失败的bin文件！ 
19.46.47	正常	设备1 程序下载成功 
19.51.30	正常	设备1 CRC = 0x6e011d34
19.51.30	错误	设备1 downImage复位失败!!
19.51.30	警告	设备1 程序下载失败 
19.51.31	正常	设备1 继续下载失败的bin文件！ 
19.51.32	错误	设备1 downImage复位失败!!
19.51.32	警告	设备1 程序下载失败 
