09.51.41	正常	设备1 CRC = 0x1b773056
09.51.55	正常	设备1 程序下载成功 
10.03.50	正常	设备1 CRC = 0x03f82cf4
10.04.03	正常	设备1 程序下载成功 
10.10.44	正常	设备1 CRC = 0x324b83e1
10.10.58	正常	设备1 程序下载成功 
10.40.37	正常	设备1 CRC = 0x6aa67d06
10.40.51	正常	设备1 程序下载成功 
10.41.48	正常	设备1 CRC = 0xccf77d1d
10.42.02	正常	设备1 程序下载成功 
10.42.52	正常	设备1 CRC = 0xccf77d1d
10.43.06	正常	设备1 程序下载成功 
10.43.47	正常	设备1 CRC = 0x39eb572f
10.44.01	正常	设备1 程序下载成功 
11.04.04	正常	设备1 CRC = 0xc316a034
11.04.18	正常	设备1 程序下载成功 
11.12.38	正常	设备1 CRC = 0x5c0ad103
11.12.52	正常	设备1 程序下载成功 
11.15.19	正常	设备1 CRC = 0xe00952a9
11.15.33	正常	设备1 程序下载成功 
11.24.40	正常	设备1 CRC = 0xfabe8b42
11.24.53	正常	设备1 程序下载成功 
13.40.38	正常	设备1 CRC = 0x1039e328
13.40.51	正常	设备1 程序下载成功 
13.45.08	正常	设备1 CRC = 0x1cc16c4a
13.45.22	正常	设备1 程序下载成功 
13.55.35	正常	设备1 CRC = 0x93affe33
13.55.49	正常	设备1 程序下载成功 
14.04.24	正常	设备1 CRC = 0x0f866cbd
14.04.38	正常	设备1 程序下载成功 
14.05.47	正常	设备1 CRC = 0x0f866cbd
14.05.48	警告	设备1 写入Bin文件超时-1！ 
14.05.48	警告	设备1 程序下载失败 
14.05.58	正常	设备1 继续下载失败的bin文件！ 
14.06.12	正常	设备1 程序下载成功 
14.10.06	正常	设备1 CRC = 0xd1c37388
14.10.19	正常	设备1 程序下载成功 
14.12.41	正常	设备1 CRC = 0xc5c252ce
14.12.55	正常	设备1 程序下载成功 
14.15.26	正常	设备1 CRC = 0xc9e1842f
14.15.40	正常	设备1 程序下载成功 
14.21.07	正常	设备1 CRC = 0x7cc8a5c4
14.21.21	正常	设备1 程序下载成功 
14.24.12	正常	设备1 CRC = 0x33956ca4
14.24.26	正常	设备1 程序下载成功 
14.27.25	正常	设备1 CRC = 0x33956ca4
14.27.26	错误	设备1 downImage复位失败!!
14.27.26	警告	设备1 程序下载失败 
14.27.37	正常	设备1 继续下载失败的bin文件！ 
14.27.51	正常	设备1 程序下载成功 
14.35.53	正常	设备1 CRC = 0x7c4de283
14.36.07	正常	设备1 程序下载成功 
14.41.31	正常	设备1 CRC = 0xa4201ad8
14.41.45	正常	设备1 程序下载成功 
14.47.45	正常	设备1 CRC = 0x4c7bbea1
14.47.58	正常	设备1 程序下载成功 
14.51.03	正常	设备1 CRC = 0xa17e4c4d
14.51.17	正常	设备1 程序下载成功 
14.54.28	正常	设备1 CRC = 0x5f1f89c0
14.54.42	正常	设备1 程序下载成功 
14.57.52	正常	设备1 CRC = 0x77c10488
14.58.06	正常	设备1 程序下载成功 
14.58.14	正常	设备1 CRC = 0x77c10488
14.58.28	正常	设备1 程序下载成功 
15.10.06	正常	设备1 CRC = 0xae1f122b
15.10.20	正常	设备1 程序下载成功 
15.12.29	正常	设备1 CRC = 0x88a72e88
15.12.43	正常	设备1 程序下载成功 
15.15.13	正常	设备1 CRC = 0x88a72e88
15.15.27	正常	设备1 程序下载成功 
15.27.44	正常	设备1 CRC = 0xb6b201b7
15.27.58	正常	设备1 程序下载成功 
15.29.58	正常	设备1 CRC = 0xb6b201b7
15.30.12	正常	设备1 程序下载成功 
15.33.24	正常	设备1 CRC = 0x902be415
15.33.38	正常	设备1 程序下载成功 
15.34.23	正常	设备1 CRC = 0x40f89aab
15.34.36	正常	设备1 程序下载成功 
15.35.56	正常	设备1 CRC = 0x40f89aab
15.36.09	正常	设备1 程序下载成功 
15.36.12	正常	设备1 CRC = 0x25a2b663
15.36.26	正常	设备1 程序下载成功 
15.40.48	正常	设备1 CRC = 0x693132bb
15.41.02	正常	设备1 程序下载成功 
15.42.39	正常	设备1 CRC = 0x693132bb
15.42.39	错误	设备1 downImage复位失败!!
15.42.39	警告	设备1 程序下载失败 
15.43.09	正常	设备1 CRC = 0xb2a7a74e
15.43.23	正常	设备1 程序下载成功 
15.46.16	正常	设备1 CRC = 0x50f5511f
15.46.30	正常	设备1 程序下载成功 
15.51.28	正常	设备1 CRC = 0x8c1b833c
15.51.41	正常	设备1 程序下载成功 
15.54.00	正常	设备1 CRC = 0x8c1b833c
15.54.14	正常	设备1 程序下载成功 
15.54.16	正常	设备1 CRC = 0x4b47eb11
15.54.29	正常	设备1 程序下载成功 
15.56.51	正常	设备1 CRC = 0xf95276ca
15.57.05	正常	设备1 程序下载成功 
15.59.34	正常	设备1 CRC = 0xb5b00966
15.59.47	正常	设备1 程序下载成功 
16.02.04	正常	设备1 CRC = 0x03417be9
16.02.18	正常	设备1 程序下载成功 
16.03.45	正常	设备1 CRC = 0x7fdab397
16.03.59	正常	设备1 程序下载成功 
16.28.12	正常	设备1 CRC = 0x3edfa39d
16.28.26	正常	设备1 程序下载成功 
17.48.07	正常	设备1 CRC = 0x81d43e36
17.48.07	错误	设备1 downImage复位失败!!
17.48.07	警告	设备1 程序下载失败 
17.48.18	正常	设备1 继续下载失败的bin文件！ 
17.48.31	正常	设备1 程序下载成功 
17.53.29	正常	设备1 CRC = 0x81d43e36
17.53.43	正常	设备1 程序下载成功 
17.53.44	正常	设备1 CRC = 0x81d43e36
17.53.58	正常	设备1 程序下载成功 
18.18.45	正常	设备1 CRC = 0xc5d3bfb5
18.18.59	正常	设备1 程序下载成功 
18.22.21	正常	设备1 CRC = 0xc5d3bfb5
18.22.35	正常	设备1 程序下载成功 
18.24.30	正常	设备1 CRC = 0x134460ea
18.24.44	正常	设备1 程序下载成功 
18.25.59	正常	设备1 CRC = 0xbcb03c17
18.26.13	正常	设备1 程序下载成功 
18.27.34	正常	设备1 CRC = 0x862b536a
18.27.48	正常	设备1 程序下载成功 
18.30.03	正常	设备1 CRC = 0x862b536a
18.30.17	正常	设备1 程序下载成功 
18.54.03	正常	设备1 CRC = 0xd60a008e
18.54.17	正常	设备1 程序下载成功 
18.55.55	正常	设备1 CRC = 0xfd316e7f
18.56.09	正常	设备1 程序下载成功 
18.57.03	正常	设备1 CRC = 0x5389fe52
18.57.17	正常	设备1 程序下载成功 
18.58.50	正常	设备1 CRC = 0x5389fe52
18.59.04	正常	设备1 程序下载成功 
19.51.18	正常	设备1 CRC = 0xee9424e3
19.51.19	错误	设备1 downImage复位失败!!
19.51.19	警告	设备1 程序下载失败 
19.51.24	正常	设备1 继续下载失败的bin文件！ 
19.51.38	正常	设备1 程序下载成功 
19.59.46	正常	设备1 CRC = 0x76dc186f
20.00.00	正常	设备1 程序下载成功 
20.07.07	正常	设备1 CRC = 0xe4d49663
20.07.21	正常	设备1 程序下载成功 
20.22.36	正常	设备1 CRC = 0x0ead64d9
20.22.50	正常	设备1 程序下载成功 
20.30.10	正常	设备1 CRC = 0x0ead64d9
20.30.10	错误	设备1 downImage复位失败!!
20.30.10	警告	设备1 程序下载失败 
20.34.31	正常	设备1 继续下载失败的bin文件！ 
20.34.33	警告	设备1 写入Bin文件超时-1！ 
20.34.33	警告	设备1 程序下载失败 
20.34.34	正常	设备1 继续下载失败的bin文件！ 
20.34.48	正常	设备1 程序下载成功 
20.39.13	正常	设备1 CRC = 0xc67017bd
20.39.27	正常	设备1 程序下载成功 
