10.53.43	正常	设备1 CRC = 0x898a45f4
10.53.56	正常	设备1 程序下载成功 
10.55.27	正常	设备1 CRC = 0x6a2101bc
10.55.28	错误	设备1 downImage复位失败!!
10.55.28	警告	设备1 程序下载失败 
10.55.29	正常	设备1 继续下载失败的bin文件！ 
10.55.30	错误	设备1 downImage复位失败!!
10.55.30	警告	设备1 程序下载失败 
10.55.46	正常	设备1 继续下载失败的bin文件！ 
10.55.58	正常	设备1 程序下载成功 
11.15.21	正常	设备1 CRC = 0xc0815b79
11.15.34	正常	设备1 程序下载成功 
11.33.40	正常	设备1 CRC = 0xc0815b79
11.33.52	正常	设备1 程序下载成功 
11.36.10	正常	设备1 CRC = 0xc0815b79
11.36.23	正常	设备1 程序下载成功 
11.36.25	正常	设备1 CRC = 0xc0815b79
11.36.38	正常	设备1 程序下载成功 
11.36.42	正常	设备1 CRC = 0xc0815b79
11.36.54	正常	设备1 程序下载成功 
11.37.40	正常	设备1 CRC = 0xc0815b79
11.37.53	正常	设备1 程序下载成功 
11.41.34	正常	设备1 CRC = 0xc0815b79
11.41.47	正常	设备1 程序下载成功 
11.46.04	正常	设备1 CRC = 0x800a2eda
11.46.17	正常	设备1 程序下载成功 
12.02.52	正常	设备1 CRC = 0xb86e9736
12.03.05	正常	设备1 程序下载成功 
13.35.39	正常	设备1 CRC = 0xb86e9736
13.35.52	正常	设备1 程序下载成功 
13.39.19	正常	设备1 CRC = 0xba61b0aa
13.39.32	正常	设备1 程序下载成功 
13.57.30	正常	设备1 CRC = 0xba61b0aa
13.57.30	错误	设备1 downImage复位失败!!
13.57.30	警告	设备1 程序下载失败 
13.57.35	正常	设备1 继续下载失败的bin文件！ 
13.57.48	正常	设备1 程序下载成功 
15.44.20	正常	设备1 CRC = 0xba61b0aa
15.44.33	正常	设备1 程序下载成功 
16.46.07	正常	设备1 CRC = 0x248dd2c2
16.46.20	正常	设备1 程序下载成功 
16.48.03	正常	设备1 CRC = 0xbf2f644d
16.48.16	正常	设备1 程序下载成功 
16.48.43	正常	设备1 CRC = 0xbf2f644d
16.48.44	错误	设备1 downImage复位失败!!
16.48.44	警告	设备1 程序下载失败 
16.48.49	正常	设备1 继续下载失败的bin文件！ 
16.49.02	正常	设备1 程序下载成功 
17.29.54	正常	设备1 CRC = 0x21c30625
17.30.07	正常	设备1 程序下载成功 
17.33.18	正常	设备1 CRC = 0x21c30625
17.33.31	正常	设备1 程序下载成功 
17.34.20	正常	设备1 CRC = 0x21c30625
17.34.33	正常	设备1 程序下载成功 
18.15.34	正常	设备1 CRC = 0x21c30625
18.15.46	正常	设备1 程序下载成功 
18.17.11	正常	设备1 CRC = 0x21c30625
18.17.24	正常	设备1 程序下载成功 
