10.57.05	正常	设备1 CRC = 0xe32c2d47
10.57.19	正常	设备1 程序下载成功 
11.28.55	正常	设备1 CRC = 0xd4828372
11.28.57	警告	设备1 写入Bin文件超时-1！ 
11.28.57	警告	设备1 程序下载失败 
11.29.00	正常	设备1 继续下载失败的bin文件！ 
11.29.14	正常	设备1 程序下载成功 
13.56.14	正常	设备1 CRC = 0x0e798113
13.56.28	正常	设备1 程序下载成功 
14.06.24	正常	设备1 CRC = 0x7a745caa
14.06.38	正常	设备1 程序下载成功 
14.27.13	正常	设备1 CRC = 0xd4828372
14.27.28	正常	设备1 程序下载成功 
14.39.55	正常	设备1 CRC = 0xd4828372
14.39.56	警告	设备1 写入Bin文件超时-1！ 
14.39.56	警告	设备1 程序下载失败 
14.39.58	正常	设备1 继续下载失败的bin文件！ 
14.40.13	正常	设备1 程序下载成功 
14.49.07	正常	设备1 CRC = 0x0b23302b
14.49.21	正常	设备1 程序下载成功 
14.54.50	正常	设备1 CRC = 0xe021dca2
14.55.04	正常	设备1 程序下载成功 
14.56.49	正常	设备2 CRC = 0x888ef7e0
14.56.51	错误	设备2 Vpp打开操作超时！
14.57.06	正常	设备1 CRC = 0x888ef7e0
14.57.20	正常	设备1 程序下载成功 
15.06.21	正常	设备1 CRC = 0x70f3ee6f
15.06.35	正常	设备1 程序下载成功 
15.09.53	正常	设备1 CRC = 0x70f3ee6f
15.10.07	正常	设备1 程序下载成功 
15.10.09	正常	设备1 CRC = 0xaa08ec0e
15.10.23	正常	设备1 程序下载成功 
15.18.01	正常	设备1 CRC = 0x101a8471
15.18.02	警告	设备1 写入Bin文件超时-1！ 
15.18.02	警告	设备1 程序下载失败 
15.18.24	正常	设备1 继续下载失败的bin文件！ 
15.18.38	正常	设备1 程序下载成功 
15.20.31	正常	设备1 CRC = 0x600fe7d9
15.20.33	警告	设备1 写入Bin文件超时-1！ 
15.20.33	警告	设备1 程序下载失败 
15.20.34	正常	设备1 继续下载失败的bin文件！ 
15.20.48	正常	设备1 程序下载成功 
15.33.01	正常	设备1 CRC = 0x95909258
15.33.03	警告	设备1 写入Bin文件超时-1！ 
15.33.03	警告	设备1 程序下载失败 
15.33.04	正常	设备1 继续下载失败的bin文件！ 
15.33.19	正常	设备1 程序下载成功 
15.34.19	正常	设备1 CRC = 0x7cffd4e5
15.34.20	警告	设备1 写入Bin文件超时-1！ 
15.34.20	警告	设备1 程序下载失败 
15.34.22	正常	设备1 继续下载失败的bin文件！ 
15.34.36	正常	设备1 程序下载成功 
16.22.26	正常	设备1 CRC = 0x7cffd4e5
16.22.27	警告	设备1 写入Bin文件超时-1！ 
16.22.27	警告	设备1 程序下载失败 
16.22.29	正常	设备1 继续下载失败的bin文件！ 
16.22.43	正常	设备1 程序下载成功 
16.45.12	正常	设备1 CRC = 0xfa8e8e41
16.45.26	正常	设备1 程序下载成功 
17.49.11	正常	设备1 读出成功!!
