11.03.30	正常	设备1 CRC = 0xec723dae
11.03.45	正常	设备1 程序下载成功 
11.08.14	正常	设备1 CRC = 0xec723dae
11.08.29	正常	设备1 程序下载成功 
11.10.49	正常	设备1 CRC = 0xec723dae
11.11.04	正常	设备1 程序下载成功 
13.38.40	正常	设备1 CRC = 0x5e435016
13.39.00	正常	设备1 程序下载成功 
13.41.44	正常	设备1 CRC = 0xac7d12a3
13.42.04	正常	设备1 程序下载成功 
13.46.29	正常	设备1 CRC = 0x147c8d13
13.46.49	正常	设备1 程序下载成功 
13.57.12	正常	设备1 CRC = 0xf563bd69
13.57.32	正常	设备1 程序下载成功 
14.24.01	正常	设备1 CRC = 0xa5ff587f
14.24.22	正常	设备1 程序下载成功 
14.30.24	正常	设备1 CRC = 0xa5ff587f
14.30.44	正常	设备1 程序下载成功 
14.43.02	正常	设备1 CRC = 0xad38daad
14.43.22	正常	设备1 程序下载成功 
14.55.20	正常	设备1 CRC = 0x6a5c7ed0
14.55.40	正常	设备1 程序下载成功 
15.00.11	正常	设备1 CRC = 0xad93df2e
15.00.31	正常	设备1 程序下载成功 
15.12.14	正常	设备1 CRC = 0x3a038cd6
15.12.34	正常	设备1 程序下载成功 
15.18.20	正常	设备1 CRC = 0x8abdaa65
15.18.40	正常	设备1 程序下载成功 
15.47.07	正常	设备1 CRC = 0x3a038cd6
15.47.28	正常	设备1 程序下载成功 
16.23.57	正常	设备1 CRC = 0xec59c50a
16.24.18	正常	设备1 程序下载成功 
16.36.15	正常	设备1 CRC = 0x3a038cd6
16.36.35	正常	设备1 程序下载成功 
16.36.48	正常	设备1 CRC = 0x3a038cd6
16.37.08	正常	设备1 程序下载成功 
17.25.21	警告	设备1 文件打开失败!路径:C:\Users\Lemon\Desktop\BK3633_1A09__ALL_ROLES\projects\app_gatt_all_roles\output\app\bk3633_app_merge_crc.bin!
17.25.41	正常	设备1 CRC = 0x76ae4e52
17.26.04	正常	设备1 程序下载成功 
17.36.27	正常	设备1 CRC = 0x76ae4e52
17.36.50	正常	设备1 程序下载成功 
18.05.49	正常	设备1 CRC = 0x76ae4e52
18.06.12	正常	设备1 程序下载成功 
19.17.06	正常	设备1 CRC = 0x76ae4e52
19.17.07	错误	设备1 downImage复位失败!!
19.17.07	警告	设备1 程序下载失败 
19.17.14	正常	设备1 继续下载失败的bin文件！ 
19.17.37	正常	设备1 程序下载成功 
19.43.58	正常	设备1 CRC = 0xa7ec6c4e
19.44.21	正常	设备1 程序下载成功 
