09.58.26	正常	设备1 CRC = 0x349c4925
09.58.41	正常	设备1 程序下载成功 
10.14.54	正常	设备1 CRC = 0x349c4925
10.14.54	错误	设备1 downImage复位失败!!
10.14.54	警告	设备1 程序下载失败 
10.14.56	正常	设备1 继续下载失败的bin文件！ 
10.14.56	错误	设备1 downImage复位失败!!
10.14.56	警告	设备1 程序下载失败 
10.15.08	正常	设备1 继续下载失败的bin文件！ 
10.15.08	错误	设备1 downImage复位失败!!
10.15.08	警告	设备1 程序下载失败 
10.18.17	正常	设备1 继续下载失败的bin文件！ 
10.18.29	正常	设备1 程序下载成功 
10.28.02	正常	设备1 CRC = 0x003d549f
10.28.15	正常	设备1 程序下载成功 
10.37.16	正常	设备1 CRC = 0x003d549f
10.37.29	正常	设备1 程序下载成功 
10.59.36	正常	设备1 CRC = 0x003d549f
10.59.49	正常	设备1 程序下载成功 
11.40.30	正常	设备1 CRC = 0x349c4925
11.40.43	正常	设备1 程序下载成功 
11.47.01	正常	设备1 CRC = 0x003d549f
11.47.14	正常	设备1 程序下载成功 
13.44.37	正常	设备1 CRC = 0x003d549f
13.44.50	正常	设备1 程序下载成功 
19.02.29	正常	设备1 CRC = 0xe3e63d96
19.02.31	警告	设备1 写入Bin文件超时-1！ 
19.02.31	警告	设备1 程序下载失败 
19.02.34	正常	设备1 继续下载失败的bin文件！ 
19.02.50	正常	设备1 程序下载成功 
19.08.05	正常	设备1 CRC = 0x9d30a533
19.08.21	正常	设备1 程序下载成功 
19.19.33	正常	设备1 CRC = 0x789388a7
19.19.49	正常	设备1 程序下载成功 
19.21.24	正常	设备1 CRC = 0x789388a7
19.21.40	正常	设备1 程序下载成功 
19.21.42	正常	设备1 CRC = 0xa0f39a49
19.21.58	正常	设备1 程序下载成功 
19.51.54	正常	设备1 CRC = 0x16d66d78
19.52.10	正常	设备1 程序下载成功 
19.58.10	正常	设备1 CRC = 0x1788f8c2
19.58.26	正常	设备1 程序下载成功 
20.08.23	正常	设备1 CRC = 0xfc029c6d
20.08.39	正常	设备1 程序下载成功 
20.12.07	正常	设备1 CRC = 0x8579a71a
20.12.23	正常	设备1 程序下载成功 
20.17.30	正常	设备1 CRC = 0x2467658c
20.17.46	正常	设备1 程序下载成功 
20.20.30	正常	设备1 CRC = 0x74de4d57
20.20.46	正常	设备1 程序下载成功 
