15.02.03	正常	设备1 CRC = 0x2e07a74e
15.02.24	正常	设备1 程序下载成功 
15.05.22	正常	设备1 CRC = 0xcf09805c
15.05.22	错误	设备1 downImage复位失败!!
15.05.22	警告	设备1 程序下载失败 
15.05.27	正常	设备1 继续下载失败的bin文件！ 
15.05.49	正常	设备1 程序下载成功 
15.07.26	正常	设备1 CRC = 0xcf09805c
15.07.47	正常	设备1 程序下载成功 
15.08.49	正常	设备1 CRC = 0x5ad4151f
15.09.06	正常	设备1 程序下载成功 
15.10.51	正常	设备1 CRC = 0xf5898d2e
15.11.08	正常	设备1 程序下载成功 
15.12.09	正常	设备1 CRC = 0xf5898d2e
15.12.26	正常	设备1 程序下载成功 
15.15.10	正常	设备1 CRC = 0xf5898d2e
15.15.27	正常	设备1 程序下载成功 
15.16.07	正常	设备1 CRC = 0xf5898d2e
15.16.24	正常	设备1 程序下载成功 
15.19.58	正常	设备1 读出成功!!
15.22.25	正常	设备1 CRC = 0x2b368aad
15.22.42	正常	设备1 程序下载成功 
15.24.03	正常	设备1 CRC = 0x2b368aad
15.24.20	正常	设备1 程序下载成功 
15.39.34	正常	设备1 CRC = 0x4927671d
15.39.51	正常	设备1 程序下载成功 
15.43.18	正常	设备1 CRC = 0x3ca49018
15.43.35	正常	设备1 程序下载成功 
