09.31.07	正常	设备1 CRC = 0x3e801411
09.31.07	错误	设备1 downImage复位失败!!
09.31.07	警告	设备1 程序下载失败 
09.31.08	正常	设备1 继续下载失败的bin文件！ 
09.31.09	错误	设备1 downImage复位失败!!
09.31.09	警告	设备1 程序下载失败 
09.31.17	正常	设备1 继续下载失败的bin文件！ 
09.31.31	正常	设备1 程序下载成功 
09.39.38	正常	设备1 CRC = 0x2838a38f
09.39.51	正常	设备1 程序下载成功 
10.09.38	正常	设备1 CRC = 0xa64772a5
10.09.52	正常	设备1 程序下载成功 
10.15.26	正常	设备1 CRC = 0xa64772a5
10.15.40	正常	设备1 程序下载成功 
10.23.24	正常	设备1 CRC = 0x7566bbf0
10.23.38	正常	设备1 程序下载成功 
10.27.59	正常	设备1 CRC = 0x83ca4e27
10.28.12	正常	设备1 程序下载成功 
10.31.36	正常	设备1 CRC = 0x4cf25df3
10.31.49	正常	设备1 程序下载成功 
10.36.58	正常	设备1 CRC = 0x7082f0d3
10.37.11	正常	设备1 程序下载成功 
10.42.15	正常	设备1 CRC = 0x83ca4e27
10.42.29	正常	设备1 程序下载成功 
10.50.08	正常	设备1 CRC = 0x6ca00e1e
10.50.21	正常	设备1 程序下载成功 
10.56.05	正常	设备1 CRC = 0x5a58214a
10.56.19	正常	设备1 程序下载成功 
10.59.54	正常	设备1 CRC = 0x5cb50940
10.59.54	错误	设备1 downImage复位失败!!
10.59.54	警告	设备1 程序下载失败 
10.59.57	正常	设备1 继续下载失败的bin文件！ 
10.59.57	错误	设备1 downImage复位失败!!
10.59.57	警告	设备1 程序下载失败 
11.00.03	正常	设备1 继续下载失败的bin文件！ 
11.00.16	正常	设备1 程序下载成功 
11.11.03	正常	设备1 CRC = 0xded80734
11.11.16	正常	设备1 程序下载成功 
11.20.39	正常	设备1 CRC = 0xdb4f0a60
11.20.40	错误	设备1 downImage复位失败!!
11.20.40	警告	设备1 程序下载失败 
11.20.58	正常	设备1 继续下载失败的bin文件！ 
11.20.58	错误	设备1 downImage复位失败!!
11.20.58	警告	设备1 程序下载失败 
11.21.10	正常	设备1 继续下载失败的bin文件！ 
11.21.23	正常	设备1 程序下载成功 
11.27.48	正常	设备1 CRC = 0xaaa454a9
11.28.01	正常	设备1 程序下载成功 
11.39.33	正常	设备1 CRC = 0xc909d19e
11.39.46	正常	设备1 程序下载成功 
11.48.54	正常	设备1 CRC = 0x04fe1e21
11.49.07	正常	设备1 程序下载成功 
12.27.25	正常	设备1 CRC = 0xd7009e68
12.27.39	正常	设备1 程序下载成功 
12.31.51	正常	设备1 CRC = 0xd7009e68
12.32.04	正常	设备1 程序下载成功 
12.32.05	正常	设备1 CRC = 0xc909d19e
12.32.19	正常	设备1 程序下载成功 
12.50.09	正常	设备1 CRC = 0xe4bca2ad
12.50.22	正常	设备1 程序下载成功 
13.00.45	正常	设备1 CRC = 0xfe790436
13.00.58	正常	设备1 程序下载成功 
13.05.21	正常	设备1 CRC = 0xc909d19e
13.05.35	正常	设备1 程序下载成功 
13.05.40	正常	设备1 CRC = 0xc909d19e
13.05.54	正常	设备1 程序下载成功 
13.08.33	正常	设备1 CRC = 0xfe790436
13.08.34	错误	设备1 downImage复位失败!!
13.08.34	警告	设备1 程序下载失败 
13.08.44	正常	设备1 继续下载失败的bin文件！ 
13.08.57	正常	设备1 程序下载成功 
13.11.00	正常	设备1 CRC = 0x53595876
13.11.13	正常	设备1 程序下载成功 
13.12.32	正常	设备1 CRC = 0x55c4be45
13.12.45	正常	设备1 程序下载成功 
13.15.20	正常	设备1 CRC = 0xc909d19e
13.15.33	正常	设备1 程序下载成功 
13.18.58	正常	设备1 CRC = 0x55c4be45
13.19.11	正常	设备1 程序下载成功 
13.26.23	正常	设备1 CRC = 0xf63d3414
13.26.37	正常	设备1 程序下载成功 
13.29.12	正常	设备1 CRC = 0x55c4be45
13.29.26	正常	设备1 程序下载成功 
13.32.33	正常	设备1 CRC = 0xc909d19e
13.32.46	正常	设备1 程序下载成功 
13.35.24	正常	设备1 CRC = 0x04fe1e21
13.35.37	正常	设备1 程序下载成功 
13.37.35	正常	设备1 CRC = 0x55c4be45
13.37.48	正常	设备1 程序下载成功 
13.37.57	正常	设备1 CRC = 0x55c4be45
13.38.10	正常	设备1 程序下载成功 
13.38.11	正常	设备1 CRC = 0xf63d3414
13.38.24	正常	设备1 程序下载成功 
13.43.37	正常	设备1 CRC = 0xa21f4f46
13.43.50	正常	设备1 程序下载成功 
13.44.20	正常	设备1 CRC = 0x55c4be45
13.44.33	正常	设备1 程序下载成功 
14.48.49	正常	设备1 CRC = 0x423c5b4b
14.49.02	正常	设备1 程序下载成功 
14.56.06	正常	设备1 CRC = 0xb3b13d3a
14.56.19	正常	设备1 程序下载成功 
15.11.14	正常	设备1 CRC = 0xe99eddf8
15.11.27	正常	设备1 程序下载成功 
15.13.11	正常	设备1 CRC = 0x957804fc
15.13.24	正常	设备1 程序下载成功 
15.14.22	正常	设备1 CRC = 0x957804fc
15.14.36	正常	设备1 程序下载成功 
15.28.11	正常	设备1 CRC = 0x1ef7d4fd
15.28.24	正常	设备1 程序下载成功 
15.35.06	正常	设备1 CRC = 0x3fd5ce4d
15.35.19	正常	设备1 程序下载成功 
15.39.52	正常	设备1 CRC = 0xe8e49657
15.40.05	正常	设备1 程序下载成功 
16.40.54	正常	设备1 CRC = 0xe8e49657
16.41.07	正常	设备1 程序下载成功 
16.42.03	正常	设备1 CRC = 0xe8e49657
16.42.16	正常	设备1 程序下载成功 
16.46.44	正常	设备1 CRC = 0xe8e49657
16.46.57	正常	设备1 程序下载成功 
16.47.15	正常	设备1 CRC = 0xa3c7f1c3
16.47.29	正常	设备1 程序下载成功 
16.50.05	正常	设备1 CRC = 0xa3c7f1c3
16.50.18	正常	设备1 程序下载成功 
