10.02.04	正常	设备1 CRC = 0x3a860b36
10.02.17	正常	设备1 程序下载成功 
10.12.18	正常	设备1 CRC = 0x57ac2182
10.12.32	正常	设备1 程序下载成功 
10.23.42	正常	设备1 CRC = 0x0bb1125c
10.23.56	正常	设备1 程序下载成功 
10.25.31	正常	设备1 CRC = 0x0bb1125c
10.25.49	错误	设备1 芯片结束下载超时！
10.25.49	警告	设备1 程序下载失败 
10.25.50	错误	设备1 Vpp关闭操作超时！
10.25.51	正常	设备1 继续下载失败的bin文件！ 
10.26.05	正常	设备1 程序下载成功 
10.27.23	正常	设备1 CRC = 0xfee4e0e9
10.27.36	正常	设备1 程序下载成功 
10.32.28	正常	设备1 CRC = 0x8e50624f
10.32.42	正常	设备1 程序下载成功 
10.39.50	正常	设备1 CRC = 0xbad6fef8
10.40.04	正常	设备1 程序下载成功 
10.46.10	正常	设备1 CRC = 0x69eedead
10.46.24	正常	设备1 程序下载成功 
10.48.42	正常	设备1 CRC = 0x69eedead
10.48.55	正常	设备1 程序下载成功 
10.58.48	正常	设备1 CRC = 0xf64a42c1
10.59.01	正常	设备1 程序下载成功 
15.30.32	正常	设备1 CRC = 0x6d18a17f
15.30.46	正常	设备1 程序下载成功 
15.45.21	正常	设备1 CRC = 0x0caae99c
15.45.35	正常	设备1 程序下载成功 
15.55.39	正常	设备1 CRC = 0x0ca11cca
15.55.53	正常	设备1 程序下载成功 
16.00.12	正常	设备1 CRC = 0x2e6d00c3
16.00.26	正常	设备1 程序下载成功 
16.42.37	正常	设备1 CRC = 0x4e1e6546
16.42.51	正常	设备1 程序下载成功 
16.47.58	正常	设备1 CRC = 0x041fe509
16.48.12	正常	设备1 程序下载成功 
16.59.51	正常	设备1 CRC = 0xa49ee4e1
17.00.05	正常	设备1 程序下载成功 
17.04.15	正常	设备1 CRC = 0x202b7349
17.04.29	正常	设备1 程序下载成功 
17.39.47	正常	设备1 CRC = 0x1ff5aa56
17.40.01	正常	设备1 程序下载成功 
17.53.46	正常	设备1 CRC = 0x842eb846
17.54.00	正常	设备1 程序下载成功 
17.58.10	正常	设备1 CRC = 0x06b0cd7d
17.58.24	正常	设备1 程序下载成功 
19.50.31	正常	设备1 CRC = 0x926fdc67
19.50.45	正常	设备1 程序下载成功 
19.56.00	正常	设备1 CRC = 0x396aa80a
19.56.05	警告	设备1 写入Bin文件超时-1！ 
19.56.05	警告	设备1 程序下载失败 
19.56.07	错误	设备1 Vpp关闭操作超时！
19.56.12	正常	设备1 继续下载失败的bin文件！ 
19.56.26	正常	设备1 程序下载成功 
20.00.58	正常	设备1 CRC = 0xe1c0785e
20.01.13	正常	设备1 程序下载成功 
