15.31.14	正常	设备1 CRC = 0x3dfc19e4
15.31.29	正常	设备1 程序下载成功 
15.55.28	正常	设备1 CRC = 0x6fcbc03b
15.55.43	正常	设备1 程序下载成功 
16.06.51	正常	设备1 CRC = 0x35a13f14
16.07.05	正常	设备1 程序下载成功 
16.13.03	正常	设备1 CRC = 0x6fcbc03b
16.13.06	警告	设备1 写入Bin文件超时-1！ 
16.13.06	警告	设备1 程序下载失败 
16.13.08	正常	设备1 继续下载失败的bin文件！ 
16.13.10	警告	设备1 写入Bin文件超时-1！ 
16.13.10	警告	设备1 程序下载失败 
16.13.21	正常	设备1 继续下载失败的bin文件！ 
16.13.23	警告	设备1 写入Bin文件超时-1！ 
16.13.23	警告	设备1 程序下载失败 
16.13.43	正常	设备1 继续下载失败的bin文件！ 
16.13.45	警告	设备1 写入Bin文件超时-1！ 
16.13.46	警告	设备1 程序下载失败 
16.13.52	正常	设备1 CRC = 0x6fcbc03b
16.13.55	警告	设备1 写入Bin文件超时-1！ 
16.13.55	警告	设备1 程序下载失败 
16.14.24	正常	设备1 CRC = 0x35a13f14
16.14.27	警告	设备1 写入Bin文件超时-1！ 
16.14.27	警告	设备1 程序下载失败 
16.14.47	正常	设备1 继续下载失败的bin文件！ 
16.14.50	警告	设备1 写入Bin文件超时-1！ 
16.14.50	警告	设备1 程序下载失败 
16.15.44	正常	设备1 继续下载失败的bin文件！ 
16.15.58	正常	设备1 程序下载成功 
16.16.14	正常	设备1 CRC = 0x6fcbc03b
16.16.28	正常	设备1 程序下载成功 
16.19.47	正常	设备1 CRC = 0xe96b24e6
16.19.50	警告	设备1 写入Bin文件超时-1！ 
16.19.50	警告	设备1 程序下载失败 
16.20.51	正常	设备1 继续下载失败的bin文件！ 
16.21.05	正常	设备1 程序下载成功 
16.23.49	正常	设备1 CRC = 0xe96b24e6
16.23.49	错误	设备1 downImage复位失败!!
16.23.50	警告	设备1 程序下载失败 
16.25.19	正常	设备1 继续下载失败的bin文件！ 
16.25.33	正常	设备1 程序下载成功 
16.34.26	正常	设备1 CRC = 0xbe309471
16.34.40	正常	设备1 程序下载成功 
16.37.26	正常	设备1 CRC = 0x0b7d4ec1
16.37.40	正常	设备1 程序下载成功 
16.41.01	正常	设备1 CRC = 0xb29fac7a
16.41.03	警告	设备1 写入Bin文件超时-1！ 
16.41.03	警告	设备1 程序下载失败 
16.42.59	正常	设备1 继续下载失败的bin文件！ 
16.43.13	正常	设备1 程序下载成功 
16.44.53	正常	设备1 CRC = 0x1c493f93
16.45.07	正常	设备1 程序下载成功 
16.54.00	正常	设备1 CRC = 0x60bae4d5
16.54.14	正常	设备1 程序下载成功 
17.05.09	正常	设备1 CRC = 0x14b9af15
17.05.24	正常	设备1 程序下载成功 
17.08.40	正常	设备1 CRC = 0x0666ac62
17.08.54	正常	设备1 程序下载成功 
17.29.31	正常	设备1 CRC = 0x5dc49264
17.29.45	正常	设备1 程序下载成功 
17.31.11	正常	设备1 CRC = 0x580022eb
17.31.11	错误	设备1 downImage复位失败!!
17.31.12	警告	设备1 程序下载失败 
17.31.17	正常	设备1 继续下载失败的bin文件！ 
17.31.17	错误	设备1 downImage复位失败!!
17.31.17	警告	设备1 程序下载失败 
17.31.24	正常	设备1 继续下载失败的bin文件！ 
17.31.38	正常	设备1 程序下载成功 
17.35.34	正常	设备1 CRC = 0x2531a497
17.35.48	正常	设备1 程序下载成功 
17.37.35	正常	设备1 CRC = 0x580022eb
17.37.49	正常	设备1 程序下载成功 
18.04.31	正常	设备1 CRC = 0x40b49e04
18.04.46	正常	设备1 程序下载成功 
18.14.20	正常	设备1 CRC = 0x40b49e04
18.14.34	正常	设备1 程序下载成功 
