10.06.26	正常	设备1 CRC = 0xdcf81f3f
10.06.28	警告	设备1 写入Bin文件超时-1！ 
10.06.28	警告	设备1 程序下载失败 
10.06.30	正常	设备1 继续下载失败的bin文件！ 
10.06.43	正常	设备1 程序下载成功 
10.16.00	正常	设备1 CRC = 0x08e9f7f0
10.16.01	错误	设备1 downImage复位失败!!
10.16.01	警告	设备1 程序下载失败 
10.16.08	正常	设备1 继续下载失败的bin文件！ 
10.16.10	警告	设备1 写入Bin文件超时-1！ 
10.16.10	警告	设备1 程序下载失败 
10.16.11	正常	设备1 继续下载失败的bin文件！ 
10.16.21	正常	设备1 程序下载成功 
10.21.07	正常	设备1 CRC = 0xece97b7a
10.21.19	正常	设备1 程序下载成功 
10.39.42	正常	设备1 CRC = 0xfcccf649
10.39.54	正常	设备1 程序下载成功 
10.58.27	正常	设备1 CRC = 0x35ae62d5
10.58.38	正常	设备1 程序下载成功 
11.16.36	正常	设备1 CRC = 0xb7d3cf9a
11.16.48	正常	设备1 程序下载成功 
11.17.40	正常	设备1 CRC = 0x35ae62d5
11.17.52	正常	设备1 程序下载成功 
11.18.31	正常	设备1 CRC = 0xa7d7f33f
11.18.42	正常	设备1 程序下载成功 
13.59.21	正常	设备1 CRC = 0x4d953f98
13.59.33	正常	设备1 程序下载成功 
14.25.54	正常	设备1 CRC = 0xeba47554
14.26.05	正常	设备1 程序下载成功 
14.31.32	正常	设备1 CRC = 0xfaab0216
14.31.43	正常	设备1 程序下载成功 
14.51.54	正常	设备1 CRC = 0x9c141fa2
14.52.06	正常	设备1 程序下载成功 
14.57.22	正常	设备1 CRC = 0x550acc78
14.57.33	正常	设备1 程序下载成功 
15.10.08	正常	设备1 CRC = 0xdb327969
15.10.19	正常	设备1 程序下载成功 
15.11.15	正常	设备1 CRC = 0xfbe784dd
15.11.26	正常	设备1 程序下载成功 
15.17.04	正常	设备1 CRC = 0x469f5817
15.17.15	正常	设备1 程序下载成功 
15.27.09	正常	设备1 CRC = 0x8c6b6fe2
15.27.20	正常	设备1 程序下载成功 
15.30.02	正常	设备1 CRC = 0xab2cdd20
15.30.13	正常	设备1 程序下载成功 
15.31.32	正常	设备1 CRC = 0xab2cdd20
15.31.44	正常	设备1 程序下载成功 
15.32.22	正常	设备1 CRC = 0xab2cdd20
15.32.33	正常	设备1 程序下载成功 
15.36.33	正常	设备1 CRC = 0xd233ed1e
15.36.44	正常	设备1 程序下载成功 
15.41.31	正常	设备1 CRC = 0xa462154e
15.41.42	正常	设备1 程序下载成功 
15.44.31	正常	设备1 CRC = 0x3c5db6d1
15.44.42	正常	设备1 程序下载成功 
15.46.03	正常	设备1 CRC = 0xa9954e87
15.46.14	正常	设备1 程序下载成功 
15.48.04	正常	设备1 CRC = 0x62e1c562
15.48.15	正常	设备1 程序下载成功 
15.53.58	正常	设备1 CRC = 0x417aeef8
15.54.10	正常	设备1 程序下载成功 
16.39.44	正常	设备1 CRC = 0x174172ad
16.39.55	正常	设备1 程序下载成功 
16.44.10	正常	设备1 CRC = 0x9f1ed7f2
16.44.22	正常	设备1 程序下载成功 
17.02.26	正常	设备1 CRC = 0xcc0167df
17.02.38	正常	设备1 程序下载成功 
17.10.44	正常	设备1 CRC = 0xfae70eb3
17.10.56	正常	设备1 程序下载成功 
17.14.38	正常	设备1 CRC = 0x631a66bb
17.14.49	正常	设备1 程序下载成功 
17.20.05	正常	设备1 CRC = 0xb113c42b
17.20.16	正常	设备1 程序下载成功 
17.29.11	正常	设备1 CRC = 0x2b220216
17.29.23	正常	设备1 程序下载成功 
17.32.20	正常	设备1 CRC = 0xc9b53836
17.32.32	正常	设备1 程序下载成功 
17.37.25	正常	设备1 CRC = 0x99a1d78f
17.37.37	正常	设备1 程序下载成功 
17.41.05	正常	设备1 CRC = 0x99a1d78f
17.41.16	正常	设备1 程序下载成功 
17.45.49	正常	设备1 CRC = 0x2862043e
17.46.00	正常	设备1 程序下载成功 
17.46.14	正常	设备1 CRC = 0x2862043e
17.46.26	正常	设备1 程序下载成功 
17.49.17	正常	设备1 CRC = 0xffc5d211
17.49.29	正常	设备1 程序下载成功 
18.11.44	正常	设备1 CRC = 0x21abda5a
18.11.56	正常	设备1 程序下载成功 
18.16.26	正常	设备1 CRC = 0x5ad81150
18.16.37	正常	设备1 程序下载成功 
18.18.12	正常	设备1 CRC = 0xa7bd8c75
18.18.24	正常	设备1 程序下载成功 
18.20.55	正常	设备1 CRC = 0x980ce612
18.21.07	正常	设备1 程序下载成功 
18.23.59	正常	设备1 CRC = 0xbcd45d68
18.24.11	正常	设备1 程序下载成功 
18.26.39	正常	设备1 CRC = 0xcaa88c58
18.26.50	正常	设备1 程序下载成功 
19.05.10	正常	设备1 CRC = 0x7ba71c0d
19.05.22	正常	设备1 程序下载成功 
19.13.19	正常	设备1 CRC = 0x6183d40a
19.13.30	正常	设备1 程序下载成功 
19.14.52	正常	设备1 CRC = 0xf79eeec3
19.15.04	正常	设备1 程序下载成功 
19.15.43	正常	设备1 CRC = 0x8e791612
19.15.54	正常	设备1 程序下载成功 
19.16.34	正常	设备1 CRC = 0xb2d63b9c
19.16.46	正常	设备1 程序下载成功 
19.26.42	正常	设备1 CRC = 0x9c645847
19.26.53	正常	设备1 程序下载成功 
19.41.34	正常	设备1 CRC = 0xd20a51cf
19.41.45	正常	设备1 程序下载成功 
19.45.08	正常	设备1 CRC = 0xcf718af9
19.45.19	正常	设备1 程序下载成功 
19.46.25	正常	设备1 CRC = 0x220be856
19.46.36	正常	设备1 程序下载成功 
19.49.18	正常	设备1 CRC = 0xdcb048e0
19.49.30	正常	设备1 程序下载成功 
19.49.44	正常	设备1 CRC = 0xdcb048e0
19.49.55	正常	设备1 程序下载成功 
19.51.14	正常	设备1 CRC = 0xe705ea6e
19.51.25	正常	设备1 程序下载成功 
19.54.05	正常	设备1 CRC = 0x2e99af25
19.54.17	正常	设备1 程序下载成功 
20.16.52	正常	设备1 CRC = 0x4c8004af
20.17.04	正常	设备1 程序下载成功 
20.21.56	正常	设备1 CRC = 0x6453a635
20.22.07	正常	设备1 程序下载成功 
20.24.17	正常	设备1 CRC = 0x395bd5d1
20.24.29	正常	设备1 程序下载成功 
20.24.59	正常	设备1 CRC = 0x395bd5d1
20.25.10	正常	设备1 程序下载成功 
20.25.27	正常	设备1 CRC = 0xbd8ed626
20.25.39	正常	设备1 程序下载成功 
20.29.12	正常	设备1 CRC = 0x67c87edf
20.29.23	正常	设备1 程序下载成功 
20.29.55	正常	设备1 CRC = 0x756c44c2
20.30.06	正常	设备1 程序下载成功 
20.30.47	正常	设备1 CRC = 0x5b649a0f
20.30.58	正常	设备1 程序下载成功 
