10.42.09	正常	设备1 CRC = 0xd905ca3b
10.42.10	错误	设备1 downImage复位失败!!
10.42.10	警告	设备1 程序下载失败 
10.42.53	正常	设备1 继续下载失败的bin文件！ 
10.43.04	正常	设备1 程序下载成功 
11.37.40	正常	设备1 CRC = 0x97802ee4
11.37.51	正常	设备1 程序下载成功 
11.55.34	正常	设备1 CRC = 0x8ac4025e
11.55.45	正常	设备1 程序下载成功 
11.55.48	正常	设备1 CRC = 0x8ac4025e
11.56.00	正常	设备1 程序下载成功 
13.36.55	正常	设备1 CRC = 0x8ac4025e
13.37.07	正常	设备1 程序下载成功 
13.37.34	正常	设备1 CRC = 0x7a16aecb
13.37.45	正常	设备1 程序下载成功 
13.40.12	正常	设备1 CRC = 0x30f64e8d
13.40.23	正常	设备1 程序下载成功 
14.16.57	正常	设备1 CRC = 0xa8130bdf
14.17.08	正常	设备1 程序下载成功 
14.23.23	正常	设备1 CRC = 0x2f20ad4e
14.23.35	正常	设备1 程序下载成功 
15.06.26	正常	设备1 CRC = 0x1b101fef
15.06.38	正常	设备1 程序下载成功 
15.59.25	正常	设备1 CRC = 0xe276e631
15.59.36	正常	设备1 程序下载成功 
16.02.11	正常	设备1 读出成功!!
16.07.48	正常	设备1 CRC = 0xc37982f8
16.07.59	正常	设备1 程序下载成功 
16.09.54	正常	设备1 读出成功!!
16.11.27	正常	设备1 读出成功!!
16.12.23	正常	设备1 CRC = 0x729a276d
16.12.24	错误	设备1 所给偏移超出芯片限制！
16.12.24	警告	设备1 程序下载失败 
16.12.30	正常	设备1 继续下载失败的bin文件！ 
16.12.42	正常	设备1 程序下载成功 
16.14.21	正常	设备1 读出成功!!
16.36.04	正常	设备1 CRC = 0x729a276d
16.36.05	错误	设备1 所给偏移超出芯片限制！
16.36.05	警告	设备1 程序下载失败 
16.36.10	正常	设备1 继续下载失败的bin文件！ 
16.36.22	正常	设备1 程序下载成功 
16.58.09	正常	设备1 CRC = 0xf16b6a81
16.58.20	正常	设备1 程序下载成功 
17.06.01	正常	设备1 CRC = 0xf16b6a81
17.06.13	正常	设备1 程序下载成功 
