10.07.52	正常	设备1 CRC = 0xc624ef20
10.08.05	正常	设备1 程序下载成功 
10.12.23	正常	设备1 CRC = 0xcb3905d1
10.12.36	正常	设备1 程序下载成功 
10.17.48	正常	设备1 CRC = 0x742bda69
10.18.01	正常	设备1 程序下载成功 
10.55.49	正常	设备1 CRC = 0x8b1b3a8f
10.56.02	正常	设备1 程序下载成功 
10.59.56	正常	设备1 CRC = 0x72deea6a
11.00.09	正常	设备1 程序下载成功 
11.09.54	正常	设备1 CRC = 0x730e1bba
11.10.07	正常	设备1 程序下载成功 
11.15.31	正常	设备1 CRC = 0x56ae79d9
11.15.44	正常	设备1 程序下载成功 
11.16.52	正常	设备1 CRC = 0x1dd4ba11
11.17.05	正常	设备1 程序下载成功 
14.25.35	正常	设备1 CRC = 0xe29c7001
14.25.48	正常	设备1 程序下载成功 
14.36.13	正常	设备1 CRC = 0x479e9831
14.36.26	正常	设备1 程序下载成功 
15.47.09	正常	设备1 CRC = 0x1f00660c
15.47.22	正常	设备1 程序下载成功 
16.28.33	正常	设备1 CRC = 0x1f00660c
16.28.33	错误	设备1 downImage复位失败!!
16.28.33	警告	设备1 程序下载失败 
16.28.41	正常	设备1 继续下载失败的bin文件！ 
16.28.42	错误	设备1 downImage复位失败!!
16.28.42	警告	设备1 程序下载失败 
16.29.30	正常	设备1 继续下载失败的bin文件！ 
16.29.43	正常	设备1 程序下载成功 
16.41.40	正常	设备1 CRC = 0x8ad68c0b
16.41.54	正常	设备1 程序下载成功 
16.43.21	正常	设备1 CRC = 0xd61cb7ff
16.43.34	正常	设备1 程序下载成功 
16.56.48	正常	设备1 CRC = 0x79e83d39
16.57.01	正常	设备1 程序下载成功 
17.01.02	正常	设备1 CRC = 0xf9af19cd
17.01.15	正常	设备1 程序下载成功 
17.04.29	正常	设备1 CRC = 0x32bfc99c
17.04.42	正常	设备1 程序下载成功 
17.07.01	正常	设备1 CRC = 0xb87ee2b4
17.07.14	正常	设备1 程序下载成功 
17.09.34	正常	设备1 CRC = 0x7b599396
17.09.47	正常	设备1 程序下载成功 
17.13.52	正常	设备1 CRC = 0xc505e8ce
17.14.05	正常	设备1 程序下载成功 
17.23.28	正常	设备1 CRC = 0xe9c76b0f
17.23.41	正常	设备1 程序下载成功 
17.23.43	正常	设备1 CRC = 0xe9c76b0f
17.23.56	正常	设备1 程序下载成功 
17.26.23	正常	设备1 CRC = 0xbb1f6af4
17.26.36	正常	设备1 程序下载成功 
17.27.51	正常	设备1 CRC = 0xc505e8ce
17.28.04	正常	设备1 程序下载成功 
17.36.38	正常	设备1 CRC = 0x1d0e73e1
17.36.51	正常	设备1 程序下载成功 
17.46.16	正常	设备1 CRC = 0x2bdf1247
17.46.30	正常	设备1 程序下载成功 
17.48.29	正常	设备1 CRC = 0x26c6c668
17.48.43	正常	设备1 程序下载成功 
17.50.28	正常	设备1 CRC = 0x26e8776a
17.50.41	正常	设备1 程序下载成功 
18.02.52	正常	设备1 CRC = 0x20d124bb
18.03.05	正常	设备1 程序下载成功 
18.08.06	正常	设备1 CRC = 0x41f73f20
18.08.19	正常	设备1 程序下载成功 
18.11.13	正常	设备1 CRC = 0x72a4ed6a
18.11.27	正常	设备1 程序下载成功 
19.55.52	正常	设备1 CRC = 0x1e645e35
19.56.05	正常	设备1 程序下载成功 
19.56.35	正常	设备1 CRC = 0x1e645e35
19.56.48	正常	设备1 程序下载成功 
20.07.14	正常	设备1 CRC = 0xe8f124f5
20.07.27	正常	设备1 程序下载成功 
20.08.46	正常	设备1 CRC = 0xe8f124f5
20.08.59	正常	设备1 程序下载成功 
20.10.49	正常	设备1 CRC = 0x15a06472
20.11.03	正常	设备1 程序下载成功 
20.12.49	正常	设备1 CRC = 0x662ea079
20.13.02	正常	设备1 程序下载成功 
20.14.01	正常	设备1 CRC = 0x71391a80
20.14.15	正常	设备1 程序下载成功 
20.15.48	正常	设备1 CRC = 0x28e10223
20.16.02	正常	设备1 程序下载成功 
20.18.13	正常	设备1 CRC = 0x70ddefdd
20.18.26	正常	设备1 程序下载成功 
