10.25.46	正常	设备1 CRC = 0x53f08358
10.25.48	警告	设备1 写入Bin文件超时-1！ 
10.25.48	警告	设备1 程序下载失败 
10.25.49	正常	设备1 继续下载失败的bin文件！ 
10.26.04	正常	设备1 程序下载成功 
10.32.23	正常	设备1 CRC = 0x53f08358
10.32.25	警告	设备1 写入Bin文件超时-1！ 
10.32.25	警告	设备1 程序下载失败 
10.32.26	正常	设备1 继续下载失败的bin文件！ 
10.32.40	正常	设备1 程序下载成功 
10.32.51	正常	设备1 CRC = 0x53f08358
10.32.53	警告	设备1 写入Bin文件超时-1！ 
10.32.53	警告	设备1 程序下载失败 
10.32.54	正常	设备1 继续下载失败的bin文件！ 
10.33.08	正常	设备1 程序下载成功 
11.27.39	正常	设备1 CRC = 0xed3ed162
11.27.40	错误	设备1 downImage复位失败!!
11.27.40	警告	设备1 程序下载失败 
11.27.41	正常	设备1 继续下载失败的bin文件！ 
11.27.41	错误	设备1 downImage复位失败!!
11.27.41	警告	设备1 程序下载失败 
11.27.49	正常	设备1 继续下载失败的bin文件！ 
11.28.03	正常	设备1 程序下载成功 
14.04.42	正常	设备1 CRC = 0x53f08358
14.04.44	警告	设备1 写入Bin文件超时-1！ 
14.04.44	警告	设备1 程序下载失败 
14.04.45	正常	设备1 继续下载失败的bin文件！ 
14.04.59	正常	设备1 程序下载成功 
16.00.26	正常	设备1 CRC = 0x53f08358
16.00.40	正常	设备1 程序下载成功 
16.17.30	正常	设备1 CRC = 0x7bbc88c0
16.17.32	警告	设备1 写入Bin文件超时-1！ 
16.17.32	警告	设备1 程序下载失败 
16.17.44	正常	设备1 继续下载失败的bin文件！ 
16.17.58	正常	设备1 程序下载成功 
16.43.05	正常	设备1 CRC = 0x2f9507a3
16.43.07	警告	设备1 写入Bin文件超时-1！ 
16.43.07	警告	设备1 程序下载失败 
16.43.07	正常	设备1 继续下载失败的bin文件！ 
16.43.22	正常	设备1 程序下载成功 
