09.28.10	正常	设备1 CRC = 0xf2f67b93
09.28.25	正常	设备1 程序下载成功 
09.32.55	正常	设备1 CRC = 0x464237a0
09.33.10	正常	设备1 程序下载成功 
10.11.17	正常	设备1 CRC = 0x464237a0
10.11.17	错误	设备1 downImage复位失败!!
10.11.17	警告	设备1 程序下载失败 
11.00.04	正常	设备1 CRC = 0x64911536
11.00.15	正常	设备1 程序下载成功 
11.49.42	正常	设备1 CRC = 0x64911536
11.49.54	正常	设备1 程序下载成功 
14.38.40	正常	设备1 CRC = 0xe45e0e34
14.38.52	正常	设备1 程序下载成功 
14.46.01	正常	设备1 CRC = 0x35c4059e
14.46.13	正常	设备1 程序下载成功 
14.55.11	正常	设备1 CRC = 0x6039e258
14.55.23	正常	设备1 程序下载成功 
15.37.28	正常	设备1 CRC = 0x0101123b
15.37.40	正常	设备1 程序下载成功 
16.45.52	正常	设备1 CRC = 0x67248c63
16.46.04	正常	设备1 程序下载成功 
16.50.45	正常	设备1 CRC = 0x02d084d3
16.50.57	正常	设备1 程序下载成功 
16.58.01	正常	设备1 CRC = 0x9f5e275d
16.58.13	正常	设备1 程序下载成功 
17.01.14	正常	设备1 CRC = 0x24d47edd
17.01.26	正常	设备1 程序下载成功 
17.03.15	正常	设备1 CRC = 0x24d47edd
17.03.27	正常	设备1 程序下载成功 
17.09.41	正常	设备1 CRC = 0xc09d50aa
17.09.44	错误	设备1 芯片校验读取超时！
17.09.44	警告	设备1 程序下载失败 
17.09.58	正常	设备1 CRC = 0xc09d50aa
17.10.10	正常	设备1 程序下载成功 
17.13.33	正常	设备1 读出成功!!
17.20.40	正常	设备1 CRC = 0x2480c4e4
17.20.52	正常	设备1 程序下载成功 
17.46.21	正常	设备1 CRC = 0x45a943d8
17.46.33	正常	设备1 程序下载成功 
17.52.05	正常	设备1 读出成功!!
17.58.35	正常	设备1 CRC = 0xf70ec34c
17.58.46	正常	设备1 程序下载成功 
19.40.29	正常	设备1 CRC = 0x6b5c67dc
19.40.40	正常	设备1 程序下载成功 
19.51.26	正常	设备1 CRC = 0x6b5c67dc
19.51.38	正常	设备1 程序下载成功 
19.53.20	正常	设备1 CRC = 0x79ea47be
19.53.31	正常	设备1 程序下载成功 
19.54.21	正常	设备1 CRC = 0x5f81e3f5
19.54.33	正常	设备1 程序下载成功 
19.56.10	正常	设备1 CRC = 0x79ea47be
19.56.21	正常	设备1 程序下载成功 
19.57.30	正常	设备1 CRC = 0x24fd4ece
19.57.41	正常	设备1 程序下载成功 
20.14.20	正常	设备1 CRC = 0x15c6f2fa
20.14.32	正常	设备1 程序下载成功 
20.16.43	正常	设备1 CRC = 0x84a4b349
20.16.54	正常	设备1 程序下载成功 
20.29.43	正常	设备1 CRC = 0x4579dc25
20.29.54	正常	设备1 程序下载成功 
20.40.17	正常	设备1 CRC = 0xee239b34
20.40.29	正常	设备1 程序下载成功 
