11.06.32	正常	设备1 CRC = 0x72874b9f
11.06.44	正常	设备1 程序下载成功 
14.22.17	正常	设备1 CRC = 0x65a4698c
14.22.17	错误	设备1 downImage复位失败!!
14.22.17	警告	设备1 程序下载失败 
14.22.37	正常	设备1 继续下载失败的bin文件！ 
14.22.50	正常	设备1 程序下载成功 
14.24.25	正常	设备1 CRC = 0x051f2521
14.24.38	正常	设备1 程序下载成功 
14.29.06	正常	设备1 CRC = 0xc6b1365e
14.29.19	正常	设备1 程序下载成功 
14.31.54	正常	设备1 CRC = 0x051f2521
14.32.07	正常	设备1 程序下载成功 
14.36.07	正常	设备1 CRC = 0xa6395d1e
14.36.20	正常	设备1 程序下载成功 
16.03.37	正常	设备1 CRC = 0x55f81325
16.03.49	正常	设备1 程序下载成功 
16.53.57	正常	设备1 CRC = 0x1e50d476
16.54.09	正常	设备1 程序下载成功 
16.56.42	正常	设备1 CRC = 0x1e50d476
16.56.54	正常	设备1 程序下载成功 
16.57.27	正常	设备1 CRC = 0x7e7fccb1
16.57.39	正常	设备1 程序下载成功 
17.05.21	正常	设备1 CRC = 0x122f63d8
17.05.33	正常	设备1 程序下载成功 
17.07.36	正常	设备1 CRC = 0x122f63d8
17.07.48	正常	设备1 程序下载成功 
17.07.54	正常	设备1 CRC = 0x9475678b
17.07.59	错误	设备1 芯片校验读取超时！
17.07.59	警告	设备1 程序下载失败 
17.08.17	正常	设备1 CRC = 0x9475678b
17.08.23	错误	设备1 芯片校验读取超时！
17.08.23	警告	设备1 程序下载失败 
17.08.42	正常	设备1 CRC = 0x9475678b
17.08.53	正常	设备1 程序下载成功 
17.30.02	正常	设备1 CRC = 0x19f10581
17.30.13	正常	设备1 程序下载成功 
