14.08.24	正常	设备1 CRC = 0xabcd79bf
14.08.36	正常	设备1 程序下载成功 
14.28.28	正常	设备1 CRC = 0x5e154ae2
14.28.39	正常	设备1 程序下载成功 
14.43.36	正常	设备1 CRC = 0x2f0622f7
14.43.46	错误	设备1 芯片校验读取超时！
14.43.46	警告	设备1 程序下载失败 
14.43.47	错误	设备1 Vpp关闭操作超时！
14.49.02	正常	设备1 继续下载失败的bin文件！ 
14.49.13	正常	设备1 程序下载成功 
14.50.31	正常	设备1 CRC = 0x54b0d787
14.50.43	正常	设备1 程序下载成功 
15.04.54	正常	设备1 CRC = 0xf04be4e1
15.05.05	正常	设备1 程序下载成功 
15.18.39	正常	设备1 CRC = 0x7358f1df
15.18.50	正常	设备1 程序下载成功 
15.21.19	正常	设备1 CRC = 0x9681e6ca
15.21.30	正常	设备1 程序下载成功 
15.24.58	正常	设备1 CRC = 0x2c71245d
15.25.09	正常	设备1 程序下载成功 
15.39.03	正常	设备1 CRC = 0x81feddf4
15.39.14	正常	设备1 程序下载成功 
15.45.22	正常	设备1 CRC = 0xab511117
15.45.33	正常	设备1 程序下载成功 
15.54.25	正常	设备1 CRC = 0x5c6148c9
15.54.37	正常	设备1 程序下载成功 
16.01.31	正常	设备1 CRC = 0xf23d8c0e
16.01.43	正常	设备1 程序下载成功 
16.04.08	正常	设备1 CRC = 0x078c883a
16.04.20	正常	设备1 程序下载成功 
16.19.44	正常	设备1 CRC = 0xe0c6160e
16.19.55	正常	设备1 程序下载成功 
16.24.54	正常	设备1 CRC = 0x398c6c96
16.25.06	正常	设备1 程序下载成功 
17.05.11	正常	设备1 CRC = 0xeb63f454
17.05.22	正常	设备1 程序下载成功 
17.10.03	正常	设备1 CRC = 0xfb299f5e
17.10.14	正常	设备1 程序下载成功 
17.34.30	正常	设备1 CRC = 0xf6e6d356
17.34.42	正常	设备1 程序下载成功 
17.40.20	正常	设备1 CRC = 0x4daa28fc
17.40.32	正常	设备1 程序下载成功 
17.48.44	正常	设备1 CRC = 0xdc62dd6a
17.48.56	正常	设备1 程序下载成功 
17.50.31	正常	设备1 CRC = 0x6467eb42
17.50.43	正常	设备1 程序下载成功 
