10.51.10	正常	设备1 CRC = 0x03e74af4
10.51.10	错误	设备1 downImage复位失败!!
10.51.10	警告	设备1 程序下载失败 
10.51.11	正常	设备1 继续下载失败的bin文件！ 
10.51.11	错误	设备1 downImage复位失败!!
10.51.11	警告	设备1 程序下载失败 
10.51.13	正常	设备1 继续下载失败的bin文件！ 
10.51.13	错误	设备1 downImage复位失败!!
10.51.13	警告	设备1 程序下载失败 
10.51.14	正常	设备1 继续下载失败的bin文件！ 
10.51.14	错误	设备1 downImage复位失败!!
10.51.14	警告	设备1 程序下载失败 
10.51.38	正常	设备1 继续下载失败的bin文件！ 
10.51.59	正常	设备1 程序下载成功 
10.52.16	正常	设备1 CRC = 0x03e74af4
10.52.21	错误	设备1 downImage复位失败!!
10.52.21	警告	设备1 程序下载失败 
10.52.24	正常	设备1 继续下载失败的bin文件！ 
10.52.24	错误	设备1 downImage复位失败!!
10.52.24	警告	设备1 程序下载失败 
10.52.31	正常	设备1 继续下载失败的bin文件！ 
10.52.31	错误	设备1 downImage复位失败!!
10.52.31	警告	设备1 程序下载失败 
10.52.32	正常	设备1 继续下载失败的bin文件！ 
10.52.32	错误	设备1 downImage复位失败!!
10.52.32	警告	设备1 程序下载失败 
11.05.40	正常	设备1 继续下载失败的bin文件！ 
11.05.40	错误	设备1 downImage复位失败!!
11.05.40	警告	设备1 程序下载失败 
11.05.42	正常	设备1 继续下载失败的bin文件！ 
11.05.42	错误	设备1 downImage复位失败!!
11.05.42	警告	设备1 程序下载失败 
11.05.48	正常	设备1 继续下载失败的bin文件！ 
11.06.10	正常	设备1 程序下载成功 
11.25.20	正常	设备1 CRC = 0x03e74af4
11.25.41	正常	设备1 程序下载成功 
11.25.48	正常	设备1 CRC = 0x03e74af4
11.25.48	错误	设备1 downImage复位失败!!
11.25.48	警告	设备1 程序下载失败 
11.25.49	正常	设备1 继续下载失败的bin文件！ 
11.25.49	错误	设备1 downImage复位失败!!
11.25.49	警告	设备1 程序下载失败 
11.25.52	正常	设备1 继续下载失败的bin文件！ 
11.25.52	错误	设备1 downImage复位失败!!
11.25.52	警告	设备1 程序下载失败 
11.27.07	正常	设备1 继续下载失败的bin文件！ 
11.27.07	错误	设备1 downImage复位失败!!
11.27.07	警告	设备1 程序下载失败 
11.31.01	正常	设备1 继续下载失败的bin文件！ 
11.31.23	正常	设备1 程序下载成功 
