10.58.00	正常	设备1 CRC = 0x9c8d7e65
10.58.23	正常	设备1 程序下载成功 
11.02.56	正常	设备1 CRC = 0x015d9838
11.03.19	正常	设备1 程序下载成功 
16.22.31	正常	设备1 CRC = 0x015d9838
16.22.54	正常	设备1 程序下载成功 
16.23.38	正常	设备1 CRC = 0x1a663f07
16.24.02	正常	设备1 程序下载成功 
16.30.46	正常	设备1 CRC = 0x50822270
16.30.47	错误	设备1 downImage复位失败!!
16.30.47	警告	设备1 程序下载失败 
16.30.54	正常	设备1 继续下载失败的bin文件！ 
16.31.18	正常	设备1 程序下载成功 
16.33.49	正常	设备1 CRC = 0x163c3a6c
16.34.13	正常	设备1 程序下载成功 
16.36.51	正常	设备1 CRC = 0x58bc554d
16.37.15	正常	设备1 程序下载成功 
16.49.23	正常	设备1 CRC = 0xc8b471a4
16.49.47	正常	设备1 程序下载成功 
16.51.46	正常	设备1 CRC = 0x4f099c1d
16.52.11	正常	设备1 程序下载成功 
