10.07.57	正常	设备1 CRC = 0x8b9052a4
10.07.58	错误	设备1 downImage复位失败!!
10.07.58	警告	设备1 程序下载失败 
10.08.30	正常	设备1 继续下载失败的bin文件！ 
10.08.44	正常	设备1 程序下载成功 
10.42.07	正常	设备1 CRC = 0xd0c99c3d
10.42.21	正常	设备1 程序下载成功 
10.45.41	正常	设备1 CRC = 0xc22298ea
10.45.55	正常	设备1 程序下载成功 
10.51.45	正常	设备1 CRC = 0x067ee548
10.51.59	正常	设备1 程序下载成功 
11.32.41	正常	设备1 CRC = 0xc22f864b
11.32.55	正常	设备1 程序下载成功 
11.38.33	正常	设备1 CRC = 0xb66e1e42
11.38.46	正常	设备1 程序下载成功 
11.50.41	正常	设备1 CRC = 0x9046e23c
11.50.55	正常	设备1 程序下载成功 
12.00.01	正常	设备1 CRC = 0x6bd7dca1
12.00.15	正常	设备1 程序下载成功 
12.01.37	正常	设备1 CRC = 0x00ac4beb
12.01.51	正常	设备1 程序下载成功 
13.35.01	正常	设备1 CRC = 0x00ac4beb
13.35.15	正常	设备1 程序下载成功 
13.37.28	正常	设备1 CRC = 0x554c6ef8
13.37.42	正常	设备1 程序下载成功 
14.53.52	正常	设备1 CRC = 0xcdd2de2f
14.54.06	正常	设备1 程序下载成功 
