09.43.20	正常	设备1 CRC = 0xce82cbdc
09.43.36	正常	设备1 程序下载成功 
10.57.58	正常	设备1 CRC = 0xce82cbdc
10.57.58	正常	设备1 继续下载失败的bin文件！ 
10.57.59	错误	设备1 downImage复位失败!!
10.57.59	错误	设备1 downImage复位失败!!
10.57.59	警告	设备1 程序下载失败 
10.57.59	警告	设备1 程序下载失败 
10.58.36	正常	设备1 继续下载失败的bin文件！ 
10.58.37	错误	设备1 downImage复位失败!!
10.58.37	警告	设备1 程序下载失败 
10.59.39	正常	设备1 CRC = 0xce82cbdc
10.59.39	错误	设备1 downImage复位失败!!
10.59.39	警告	设备1 程序下载失败 
11.02.16	正常	设备1 继续下载失败的bin文件！ 
11.02.17	错误	设备1 downImage复位失败!!
11.02.17	警告	设备1 程序下载失败 
11.02.27	正常	设备1 CRC = 0xce82cbdc
11.02.27	错误	设备1 downImage复位失败!!
11.02.27	警告	设备1 程序下载失败 
11.02.41	正常	设备1 CRC = 0xce82cbdc
11.02.41	错误	设备1 downImage复位失败!!
11.02.41	警告	设备1 程序下载失败 
11.06.16	正常	设备1 CRC = 0xce82cbdc
11.06.16	错误	设备1 downImage复位失败!!
11.06.16	警告	设备1 程序下载失败 
11.06.28	正常	设备1 继续下载失败的bin文件！ 
11.06.29	错误	设备1 downImage复位失败!!
11.06.29	警告	设备1 程序下载失败 
11.08.52	正常	设备1 继续下载失败的bin文件！ 
11.08.52	错误	设备1 downImage复位失败!!
11.08.52	警告	设备1 程序下载失败 
11.09.06	正常	设备1 继续下载失败的bin文件！ 
11.09.22	正常	设备1 程序下载成功 
11.09.37	正常	设备1 CRC = 0xce82cbdc
11.09.46	正常	设备1 程序下载成功 
11.10.22	正常	设备1 CRC = 0x0e03156d
11.10.22	错误	设备1 downImage复位失败!!
11.10.22	警告	设备1 程序下载失败 
11.10.30	正常	设备1 继续下载失败的bin文件！ 
11.10.37	正常	设备1 程序下载成功 
11.11.24	正常	设备1 CRC = 0x0e03156d
11.11.38	正常	设备1 程序下载成功 
11.12.43	正常	设备1 CRC = 0x0e03156d
11.12.57	正常	设备1 程序下载成功 
11.13.06	正常	设备1 CRC = 0x0e03156d
11.13.14	正常	设备1 程序下载成功 
11.28.19	正常	设备1 CRC = 0x0e03156d
11.28.27	正常	设备1 程序下载成功 
15.14.05	正常	设备1 CRC = 0x5535f117
15.14.12	正常	设备1 程序下载成功 
15.21.10	正常	设备1 CRC = 0xbc45c226
15.21.10	错误	设备1 downImage复位失败!!
15.21.10	警告	设备1 程序下载失败 
15.21.17	正常	设备1 继续下载失败的bin文件！ 
15.21.25	正常	设备1 程序下载成功 
15.22.45	正常	设备1 CRC = 0x63aa33d9
15.22.53	正常	设备1 程序下载成功 
