10.30.12	正常	设备1 CRC = 0x51e3718f
10.30.13	错误	设备1 downImage复位失败!!
10.30.13	警告	设备1 程序下载失败 
10.30.29	正常	设备1 继续下载失败的bin文件！ 
10.30.43	正常	设备1 程序下载成功 
14.03.16	正常	设备1 CRC = 0xbc8a361c
14.03.30	正常	设备1 程序下载成功 
14.08.16	正常	设备1 CRC = 0x91ff8acc
14.08.30	正常	设备1 程序下载成功 
14.31.05	正常	设备1 CRC = 0xce06b92a
14.31.19	正常	设备1 程序下载成功 
14.50.25	正常	设备1 CRC = 0xb74ed6f5
14.50.39	正常	设备1 程序下载成功 
14.51.19	正常	设备1 CRC = 0x48644573
14.51.33	正常	设备1 程序下载成功 
15.14.32	正常	设备1 CRC = 0x557cdd7d
15.14.49	正常	设备1 程序下载成功 
15.19.06	正常	设备1 CRC = 0xf067532f
15.19.20	正常	设备1 程序下载成功 
15.26.52	正常	设备1 CRC = 0x8a495652
15.27.06	正常	设备1 程序下载成功 
16.05.03	正常	设备1 CRC = 0x2fa974ef
16.05.17	正常	设备1 程序下载成功 
16.50.53	正常	设备1 CRC = 0xaf92d599
16.51.07	正常	设备1 程序下载成功 
16.52.39	正常	设备1 CRC = 0xe38b57a7
16.52.53	正常	设备1 程序下载成功 
16.53.32	正常	设备1 CRC = 0xbe52b7e0
16.53.46	正常	设备1 程序下载成功 
18.21.14	正常	设备1 CRC = 0x27d91416
18.21.28	正常	设备1 程序下载成功 
18.27.29	正常	设备1 CRC = 0xdc98e950
18.27.43	正常	设备1 程序下载成功 
18.59.16	正常	设备1 CRC = 0xccdc8a8b
18.59.30	正常	设备1 程序下载成功 
19.07.38	正常	设备1 CRC = 0x96f35f20
19.07.51	正常	设备1 程序下载成功 
19.10.56	正常	设备1 CRC = 0x96f35f20
19.11.10	正常	设备1 程序下载成功 
19.12.49	正常	设备1 CRC = 0x1d389fee
19.13.03	正常	设备1 程序下载成功 
19.16.11	正常	设备1 CRC = 0x056030d7
19.16.25	正常	设备1 程序下载成功 
