09.49.20	正常	设备1 CRC = 0x7ee33ca3
09.49.34	正常	设备1 程序下载成功 
15.58.43	正常	设备1 CRC = 0x7ee33ca3
15.58.44	错误	设备1 downImage复位失败!!
15.58.44	警告	设备1 程序下载失败 
16.57.17	正常	设备1 CRC = 0xa514f348
16.57.31	正常	设备1 程序下载成功 
17.09.15	正常	设备1 CRC = 0xaba91bb8
17.09.16	错误	设备1 downImage复位失败!!
17.09.16	警告	设备1 程序下载失败 
17.09.35	正常	设备1 继续下载失败的bin文件！ 
17.09.49	正常	设备1 程序下载成功 
17.12.30	正常	设备1 CRC = 0x36371c5d
17.12.44	正常	设备1 程序下载成功 
17.17.40	正常	设备1 CRC = 0x056e60b8
17.17.54	正常	设备1 程序下载成功 
17.20.06	正常	设备1 CRC = 0x108e1cde
17.20.20	正常	设备1 程序下载成功 
17.35.32	正常	设备1 CRC = 0xea012835
17.35.47	正常	设备1 程序下载成功 
19.44.55	正常	设备1 CRC = 0xea012835
19.44.56	错误	设备1 downImage复位失败!!
19.44.56	警告	设备1 程序下载失败 
19.44.58	正常	设备1 继续下载失败的bin文件！ 
19.44.59	错误	设备1 downImage复位失败!!
19.44.59	警告	设备1 程序下载失败 
