09.33.37	正常	设备1 CRC = 0xafe7d9f9
09.33.59	正常	设备1 程序下载成功 
09.43.25	正常	设备1 CRC = 0xafe7d9f9
09.43.25	错误	设备1 downImage复位失败!!
09.43.25	警告	设备1 程序下载失败 
09.43.31	正常	设备1 继续下载失败的bin文件！ 
09.43.31	错误	设备1 downImage复位失败!!
09.43.31	警告	设备1 程序下载失败 
09.43.38	正常	设备1 继续下载失败的bin文件！ 
09.43.39	错误	设备1 downImage复位失败!!
09.43.39	警告	设备1 程序下载失败 
10.03.03	正常	设备1 继续下载失败的bin文件！ 
10.03.03	错误	设备1 downImage复位失败!!
10.03.03	警告	设备1 程序下载失败 
10.13.36	正常	设备1 继续下载失败的bin文件！ 
10.13.36	错误	设备1 downImage复位失败!!
10.13.36	警告	设备1 程序下载失败 
11.32.33	正常	设备1 CRC = 0xafe7d9f9
11.32.57	正常	设备1 程序下载成功 
11.33.49	正常	设备1 CRC = 0x163c3a6c
11.33.50	错误	设备1 downImage复位失败!!
11.33.50	警告	设备1 程序下载失败 
11.33.56	正常	设备1 继续下载失败的bin文件！ 
11.34.19	正常	设备1 程序下载成功 
