09.11.29	正常	设备1 CRC = 0xbf6ad527
09.11.43	正常	设备1 程序下载成功 
09.12.41	正常	设备1 CRC = 0x701bd80a
09.12.55	正常	设备1 程序下载成功 
09.27.08	正常	设备1 CRC = 0x84671c4b
09.27.22	正常	设备1 程序下载成功 
09.35.59	正常	设备1 CRC = 0x12773890
09.36.13	正常	设备1 程序下载成功 
09.38.26	正常	设备1 CRC = 0x84671c4b
09.38.39	正常	设备1 程序下载成功 
10.07.08	正常	设备1 CRC = 0x84671c4b
10.07.09	错误	设备1 downImage复位失败!!
10.07.09	警告	设备1 程序下载失败 
10.07.39	正常	设备1 继续下载失败的bin文件！ 
10.07.39	错误	设备1 downImage复位失败!!
10.07.39	警告	设备1 程序下载失败 
10.07.51	正常	设备1 继续下载失败的bin文件！ 
10.08.05	正常	设备1 程序下载成功 
10.15.20	正常	设备1 CRC = 0x84671c4b
10.15.20	错误	设备1 downImage复位失败!!
10.15.20	警告	设备1 程序下载失败 
10.21.05	正常	设备1 继续下载失败的bin文件！ 
10.21.06	错误	设备1 downImage复位失败!!
10.21.06	警告	设备1 程序下载失败 
10.32.58	正常	设备1 继续下载失败的bin文件！ 
10.33.12	正常	设备1 程序下载成功 
