09.19.53	正常	设备1 CRC = 0x8c9bf702
09.20.07	正常	设备1 程序下载成功 
09.49.03	正常	设备1 CRC = 0x9c0b04f2
09.49.43	警告	设备1 程序下载失败 
10.11.23	正常	设备1 CRC = 0xbb4f1f20
10.11.36	正常	设备1 程序下载成功 
10.43.30	正常	设备1 CRC = 0xbb4f1f20
10.43.44	正常	设备1 程序下载成功 
10.44.35	正常	设备1 CRC = 0x7b64583f
10.44.49	正常	设备1 程序下载成功 
10.50.16	正常	设备1 CRC = 0x7b64583f
10.50.30	正常	设备1 程序下载成功 
10.52.32	正常	设备1 CRC = 0x7b64583f
10.52.33	错误	设备1 downImage复位失败!!
10.52.33	警告	设备1 程序下载失败 
10.52.39	正常	设备1 继续下载失败的bin文件！ 
10.52.40	错误	设备1 downImage复位失败!!
10.52.40	警告	设备1 程序下载失败 
10.52.57	正常	设备1 继续下载失败的bin文件！ 
10.52.57	错误	设备1 downImage复位失败!!
10.52.57	警告	设备1 程序下载失败 
10.53.14	正常	设备1 继续下载失败的bin文件！ 
10.53.27	正常	设备1 程序下载成功 
10.54.17	正常	设备1 CRC = 0x7b64583f
10.54.30	正常	设备1 程序下载成功 
11.03.01	正常	设备1 CRC = 0xdf6accf4
11.03.15	正常	设备1 程序下载成功 
11.05.33	正常	设备1 CRC = 0x439582f0
11.05.47	正常	设备1 程序下载成功 
11.08.59	正常	设备1 CRC = 0xdcb3b845
11.09.13	正常	设备1 程序下载成功 
11.13.54	正常	设备1 CRC = 0xc4cd33f8
11.14.08	正常	设备1 程序下载成功 
11.18.59	正常	设备1 CRC = 0xfcea4ef7
11.19.12	正常	设备1 程序下载成功 
11.21.41	正常	设备1 CRC = 0xbbc673ee
11.21.55	正常	设备1 程序下载成功 
11.23.04	正常	设备1 CRC = 0x941f0599
11.23.18	正常	设备1 程序下载成功 
11.24.56	正常	设备1 CRC = 0xbbc673ee
11.25.09	正常	设备1 程序下载成功 
11.26.44	正常	设备1 CRC = 0xf9706dc5
11.27.04	正常	设备1 程序下载成功 
11.27.33	正常	设备1 CRC = 0xcad65df2
11.27.47	正常	设备1 程序下载成功 
11.39.07	正常	设备1 CRC = 0x0926a799
11.39.20	正常	设备1 程序下载成功 
11.44.13	正常	设备1 CRC = 0x256eda1f
11.44.26	正常	设备1 程序下载成功 
13.44.16	正常	设备1 CRC = 0xbbc673ee
13.44.17	错误	设备1 downImage复位失败!!
13.44.17	警告	设备1 程序下载失败 
13.44.32	正常	设备1 继续下载失败的bin文件！ 
13.44.33	错误	设备1 downImage复位失败!!
13.44.33	警告	设备1 程序下载失败 
13.44.54	正常	设备1 继续下载失败的bin文件！ 
13.45.08	正常	设备1 程序下载成功 
13.47.00	正常	设备1 CRC = 0xa17cb0e5
13.47.00	错误	设备1 downImage复位失败!!
13.47.00	警告	设备1 程序下载失败 
13.47.06	正常	设备1 继续下载失败的bin文件！ 
13.47.20	正常	设备1 程序下载成功 
13.48.11	正常	设备1 CRC = 0xdcb3b845
13.48.11	错误	设备1 downImage复位失败!!
13.48.11	警告	设备1 程序下载失败 
13.48.18	正常	设备1 继续下载失败的bin文件！ 
13.48.32	正常	设备1 程序下载成功 
13.49.43	正常	设备1 CRC = 0xdcb3b845
13.49.56	正常	设备1 程序下载成功 
14.31.13	正常	设备1 CRC = 0xed878f05
14.31.26	正常	设备1 程序下载成功 
