11.46.27	正常	设备1 CRC = 0x5e04f038
11.46.28	警告	设备1 写入Bin文件超时-1！ 
11.46.28	警告	设备1 程序下载失败 
11.46.44	正常	设备1 CRC = 0x2b23297d
11.46.46	警告	设备1 写入Bin文件超时-1！ 
11.46.46	警告	设备1 程序下载失败 
11.47.13	正常	设备1 继续下载失败的bin文件！ 
11.47.15	警告	设备1 写入Bin文件超时-1！ 
11.47.15	警告	设备1 程序下载失败 
11.48.06	正常	设备1 继续下载失败的bin文件！ 
11.48.08	警告	设备1 写入Bin文件超时-1！ 
11.48.08	警告	设备1 程序下载失败 
17.16.23	正常	设备1 继续下载失败的bin文件！ 
17.16.26	警告	设备1 写入Bin文件超时-1！ 
17.16.26	警告	设备1 程序下载失败 
17.16.28	正常	设备1 继续下载失败的bin文件！ 
17.16.30	警告	设备1 写入Bin文件超时-1！ 
17.16.30	警告	设备1 程序下载失败 
17.16.58	正常	设备1 继续下载失败的bin文件！ 
17.17.00	警告	设备1 写入Bin文件超时-1！ 
17.17.00	警告	设备1 程序下载失败 
17.17.20	正常	设备1 CRC = 0x2b23297d
17.17.22	警告	设备1 写入Bin文件超时-1！ 
17.17.22	警告	设备1 程序下载失败 
17.18.38	正常	设备1 继续下载失败的bin文件！ 
17.18.47	警告	设备1 写入Bin文件超时-1！ 
17.18.48	警告	设备1 程序下载失败 
17.19.57	正常	设备1 CRC = 0x2b23297d
17.20.07	警告	设备1 写入Bin文件超时-1！ 
17.20.07	警告	设备1 程序下载失败 
17.20.39	正常	设备1 继续下载失败的bin文件！ 
17.20.53	正常	设备1 程序下载成功 
17.21.05	正常	设备1 CRC = 0x2b23297d
17.21.19	正常	设备1 程序下载成功 
