10.03.46	正常	设备1 CRC = 0xce82cbdc
10.04.01	正常	设备1 程序下载成功 
10.40.24	正常	设备1 CRC = 0x8c9bf702
10.40.38	正常	设备1 程序下载成功 
10.45.40	正常	设备1 CRC = 0x8c9bf702
10.45.54	正常	设备1 程序下载成功 
11.06.57	正常	设备1 CRC = 0xce82cbdc
11.07.12	正常	设备1 程序下载成功 
11.08.23	正常	设备1 CRC = 0x8c9bf702
11.08.36	正常	设备1 程序下载成功 
11.13.51	正常	设备1 CRC = 0x8c9bf702
11.14.04	正常	设备1 程序下载成功 
11.26.15	正常	设备1 CRC = 0xce82cbdc
11.26.31	正常	设备1 程序下载成功 
11.28.36	正常	设备1 CRC = 0x8c9bf702
11.28.50	正常	设备1 程序下载成功 
11.33.54	正常	设备1 CRC = 0xce82cbdc
11.34.09	正常	设备1 程序下载成功 
11.35.10	正常	设备1 CRC = 0x8c9bf702
11.35.24	正常	设备1 程序下载成功 
13.52.36	正常	设备1 CRC = 0xce82cbdc
13.52.36	错误	设备1 downImage复位失败!!
13.52.36	警告	设备1 程序下载失败 
13.52.57	正常	设备1 继续下载失败的bin文件！ 
13.53.12	正常	设备1 程序下载成功 
14.00.34	正常	设备1 CRC = 0xce82cbdc
14.00.49	正常	设备1 程序下载成功 
14.26.57	正常	设备1 CRC = 0xce82cbdc
14.27.13	正常	设备1 程序下载成功 
