16.50.58	正常	设备1 CRC = 0x79afc568
16.51.12	正常	设备1 程序下载成功 
16.52.20	正常	设备1 CRC = 0x79afc568
16.52.35	正常	设备1 程序下载成功 
17.02.04	正常	设备1 CRC = 0xc6afec2b
17.02.19	正常	设备1 程序下载成功 
17.03.52	正常	设备1 CRC = 0x32ce10b4
17.04.07	正常	设备1 程序下载成功 
17.04.29	正常	设备1 CRC = 0x32ce10b4
17.04.44	正常	设备1 程序下载成功 
17.39.28	正常	设备1 CRC = 0x32ce10b4
17.39.43	正常	设备1 程序下载成功 
17.39.50	正常	设备1 CRC = 0xaaf4f749
17.40.04	正常	设备1 程序下载成功 
17.42.32	正常	设备1 CRC = 0xaaf4f749
17.42.46	正常	设备1 程序下载成功 
17.50.54	正常	设备1 CRC = 0xba4911e0
17.50.55	错误	设备1 downImage复位失败!!
17.50.55	警告	设备1 程序下载失败 
17.51.08	正常	设备1 继续下载失败的bin文件！ 
17.51.22	正常	设备1 程序下载成功 
