11.40.10	正常	设备1 CRC = 0xdec4a95a
11.40.10	错误	设备1 downImage复位失败!!
11.40.10	警告	设备1 程序下载失败 
11.42.58	正常	设备1 继续下载失败的bin文件！ 
11.42.58	错误	设备1 downImage复位失败!!
11.42.58	警告	设备1 程序下载失败 
13.47.06	正常	设备1 继续下载失败的bin文件！ 
13.47.06	错误	设备1 downImage复位失败!!
13.47.06	警告	设备1 程序下载失败 
13.59.51	正常	设备1 继续下载失败的bin文件！ 
13.59.51	错误	设备1 downImage复位失败!!
13.59.51	警告	设备1 程序下载失败 
14.08.23	正常	设备1 继续下载失败的bin文件！ 
14.08.24	错误	设备1 downImage复位失败!!
14.08.24	警告	设备1 程序下载失败 
14.14.14	正常	设备1 继续下载失败的bin文件！ 
14.14.15	错误	设备1 downImage复位失败!!
14.14.15	警告	设备1 程序下载失败 
14.29.42	正常	设备1 继续下载失败的bin文件！ 
14.29.56	正常	设备1 程序下载成功 
14.49.42	正常	设备1 CRC = 0xdec4a95a
14.49.55	正常	设备1 程序下载成功 
14.50.03	错误	设备1 dump复位失败!!
14.50.03	错误	设备1 读出失败!!
15.00.01	错误	设备1 dump复位失败!!
15.00.01	错误	设备1 读出失败!!
15.13.33	正常	设备1 读出成功!!
15.46.59	正常	设备1 CRC = 0xdec4a95a
15.47.13	正常	设备1 程序下载成功 
16.03.56	正常	设备1 CRC = 0x875d92f1
16.04.10	正常	设备1 程序下载成功 
16.04.12	正常	设备1 CRC = 0x875d92f1
16.04.26	正常	设备1 程序下载成功 
16.12.43	正常	设备1 CRC = 0xdec4a95a
16.12.43	错误	设备1 downImage复位失败!!
16.12.43	警告	设备1 程序下载失败 
16.12.49	正常	设备1 继续下载失败的bin文件！ 
16.12.50	错误	设备1 downImage复位失败!!
16.12.50	警告	设备1 程序下载失败 
16.13.10	正常	设备1 继续下载失败的bin文件！ 
16.13.10	错误	设备1 downImage复位失败!!
16.13.10	警告	设备1 程序下载失败 
16.13.23	正常	设备1 继续下载失败的bin文件！ 
16.13.37	正常	设备1 程序下载成功 
16.14.25	正常	设备1 CRC = 0x875d92f1
16.14.26	错误	设备1 downImage复位失败!!
16.14.26	警告	设备1 程序下载失败 
16.14.31	正常	设备1 继续下载失败的bin文件！ 
16.14.45	正常	设备1 程序下载成功 
16.15.38	正常	设备1 CRC = 0x78d844ff
16.15.52	正常	设备1 程序下载成功 
16.20.16	正常	设备1 CRC = 0xda89b3b5
16.20.30	正常	设备1 程序下载成功 
16.21.55	正常	设备1 CRC = 0x9427f52c
16.22.09	正常	设备1 程序下载成功 
17.38.03	正常	设备1 CRC = 0x9427f52c
17.38.04	错误	设备1 downImage复位失败!!
17.38.04	警告	设备1 程序下载失败 
17.42.50	正常	设备1 继续下载失败的bin文件！ 
17.43.04	正常	设备1 程序下载成功 
17.54.32	正常	设备1 CRC = 0x490be2bc
17.54.45	正常	设备1 程序下载成功 
18.03.26	正常	设备1 CRC = 0x490be2bc
18.03.40	正常	设备1 程序下载成功 
18.03.43	正常	设备1 CRC = 0x203ab89a
18.03.57	正常	设备1 程序下载成功 
18.08.51	正常	设备1 CRC = 0x3dcaea9b
18.09.05	正常	设备1 程序下载成功 
18.12.26	正常	设备1 CRC = 0xc368fb4d
18.12.40	正常	设备1 程序下载成功 
