10.36.40	正常	设备1 CRC = 0xcf0734f9
10.36.54	正常	设备1 程序下载成功 
10.42.55	正常	设备1 CRC = 0xded9d628
10.43.09	正常	设备1 程序下载成功 
11.13.46	正常	设备1 CRC = 0xbbeeca3f
11.14.00	正常	设备1 程序下载成功 
11.15.18	正常	设备1 CRC = 0xdb5d05ed
11.15.33	正常	设备1 程序下载成功 
11.21.03	正常	设备1 CRC = 0xd8b01804
11.21.17	正常	设备1 程序下载成功 
11.37.18	正常	设备1 CRC = 0x7864899c
11.37.32	正常	设备1 程序下载成功 
14.24.25	正常	设备1 CRC = 0x942d9a68
14.24.42	正常	设备1 程序下载成功 
14.25.10	正常	设备1 CRC = 0x942d9a68
14.25.24	正常	设备1 程序下载成功 
14.56.18	正常	设备1 CRC = 0xb1f5905c
14.56.33	正常	设备1 程序下载成功 
17.17.03	正常	设备1 CRC = 0xb5d1fd74
17.17.19	正常	设备1 程序下载成功 
17.22.13	正常	设备1 CRC = 0xb5d1fd74
17.22.28	正常	设备1 程序下载成功 
17.24.16	正常	设备1 CRC = 0x25af488c
17.24.31	正常	设备1 程序下载成功 
17.56.26	正常	设备1 CRC = 0x481166ff
17.56.41	正常	设备1 程序下载成功 
18.11.56	正常	设备1 CRC = 0x8d668786
18.12.04	警告	设备1 写入Bin文件超时-1！ 
18.12.04	警告	设备1 程序下载失败 
18.12.06	错误	设备1 Vpp关闭操作超时！
18.12.15	正常	设备1 继续下载失败的bin文件！ 
18.12.30	正常	设备1 程序下载成功 
18.18.26	正常	设备1 CRC = 0xfdfa8da5
18.18.41	正常	设备1 程序下载成功 
18.39.54	正常	设备1 CRC = 0xf462aeb8
18.40.10	正常	设备1 程序下载成功 
