09.28.33	正常	设备1 CRC = 0x7b38ed2c
09.28.46	正常	设备1 程序下载成功 
09.47.35	正常	设备1 CRC = 0x9e00e3d6
09.47.48	正常	设备1 程序下载成功 
09.50.33	正常	设备1 CRC = 0x7148d043
09.50.46	正常	设备1 程序下载成功 
09.51.53	正常	设备1 CRC = 0x9c7376d4
09.52.06	正常	设备1 程序下载成功 
09.52.58	正常	设备1 CRC = 0x9c7376d4
09.53.12	正常	设备1 程序下载成功 
09.54.06	正常	设备1 CRC = 0x91fed1b2
09.54.19	正常	设备1 程序下载成功 
09.56.16	正常	设备1 CRC = 0x9ea3fe01
09.56.30	正常	设备1 程序下载成功 
09.58.23	正常	设备1 CRC = 0x9ea3fe01
09.58.37	正常	设备1 程序下载成功 
09.59.30	正常	设备1 CRC = 0x2bdc1488
09.59.44	正常	设备1 程序下载成功 
09.59.55	正常	设备1 CRC = 0xf2c8d1f8
10.00.09	正常	设备1 程序下载成功 
10.02.43	正常	设备1 CRC = 0x542bb5ff
10.02.56	正常	设备1 程序下载成功 
10.09.36	正常	设备1 CRC = 0x49c05485
10.09.50	正常	设备1 程序下载成功 
10.33.29	正常	设备1 CRC = 0x48b28d46
10.33.43	正常	设备1 程序下载成功 
11.00.53	正常	设备1 CRC = 0xfe7acf35
11.01.06	正常	设备1 程序下载成功 
11.24.00	正常	设备1 CRC = 0xfb56f232
11.24.13	正常	设备1 程序下载成功 
11.26.00	正常	设备1 CRC = 0xfe7acf35
11.26.13	正常	设备1 程序下载成功 
14.26.26	正常	设备1 CRC = 0x34a8bccc
14.26.40	正常	设备1 程序下载成功 
14.27.59	正常	设备1 CRC = 0x900b4d2c
14.28.12	正常	设备1 程序下载成功 
14.38.49	正常	设备1 CRC = 0x6b7e5cd8
14.39.02	正常	设备1 程序下载成功 
14.52.15	正常	设备1 CRC = 0x9954bac2
14.52.29	正常	设备1 程序下载成功 
14.53.58	正常	设备1 CRC = 0x016b2aca
14.54.11	正常	设备1 程序下载成功 
15.05.01	正常	设备1 CRC = 0x518aa33a
15.05.15	正常	设备1 程序下载成功 
15.34.49	正常	设备1 CRC = 0x1e88bb48
15.35.03	正常	设备1 程序下载成功 
15.50.48	正常	设备1 CRC = 0x1e88bb48
15.50.48	错误	设备1 downImage复位失败!!
15.50.48	警告	设备1 程序下载失败 
15.51.01	正常	设备1 继续下载失败的bin文件！ 
15.51.14	正常	设备1 程序下载成功 
15.52.21	正常	设备1 CRC = 0xa858886a
15.52.34	正常	设备1 程序下载成功 
17.01.08	正常	设备1 CRC = 0x5e935177
17.01.21	正常	设备1 程序下载成功 
17.03.31	正常	设备1 CRC = 0x2edc97e3
17.03.45	正常	设备1 程序下载成功 
17.08.54	正常	设备1 CRC = 0xa1645dfc
17.09.07	正常	设备1 程序下载成功 
17.11.54	正常	设备1 CRC = 0x57bc7751
17.12.07	正常	设备1 程序下载成功 
17.18.38	正常	设备1 CRC = 0x86fdb25c
17.18.51	正常	设备1 程序下载成功 
17.21.10	正常	设备1 CRC = 0x2c1d71e9
17.21.24	正常	设备1 程序下载成功 
17.31.18	正常	设备1 CRC = 0x2c1d71e9
17.31.32	正常	设备1 程序下载成功 
17.32.01	正常	设备1 CRC = 0x7576a8d9
17.32.15	正常	设备1 程序下载成功 
17.58.59	正常	设备1 CRC = 0x3f63f179
17.59.12	正常	设备1 程序下载成功 
18.05.03	正常	设备1 CRC = 0x3f63f179
18.05.16	正常	设备1 程序下载成功 
18.06.58	正常	设备1 CRC = 0x3f63f179
18.07.12	正常	设备1 程序下载成功 
18.37.41	正常	设备1 CRC = 0x99c56d65
18.37.54	正常	设备1 程序下载成功 
