16.08.26	警告	设备1 文件打开失败!路径:C:\BLE资料\2.0BK3431Q资料\2.2 BK3431Q例程\1.ble_3435_sdk_ext_39_0C0C_ADC\projects\ble_app_gatt\output\app\bk3435_测温手环设备1_dump.bin!
16.09.55	正常	设备1 CRC = 0x11bc10d7
16.09.55	错误	设备1 downImage复位失败!!
16.09.55	警告	设备1 程序下载失败 
16.10.22	正常	设备1 继续下载失败的bin文件！ 
16.10.23	错误	设备1 downImage复位失败!!
16.10.23	警告	设备1 程序下载失败 
16.10.35	正常	设备1 继续下载失败的bin文件！ 
16.10.35	错误	设备1 downImage复位失败!!
16.10.36	警告	设备1 程序下载失败 
16.10.43	正常	设备1 继续下载失败的bin文件！ 
16.10.58	正常	设备1 程序下载成功 
16.15.41	正常	设备1 CRC = 0x11bc10d7
16.15.41	错误	设备1 downImage复位失败!!
16.15.41	警告	设备1 程序下载失败 
16.21.43	正常	设备1 继续下载失败的bin文件！ 
16.21.44	错误	设备1 downImage复位失败!!
16.21.44	警告	设备1 程序下载失败 
16.21.54	正常	设备1 继续下载失败的bin文件！ 
16.21.54	错误	设备1 downImage复位失败!!
16.21.54	警告	设备1 程序下载失败 
16.22.34	正常	设备1 继续下载失败的bin文件！ 
16.22.34	错误	设备1 downImage复位失败!!
16.22.34	警告	设备1 程序下载失败 
16.24.52	正常	设备1 继续下载失败的bin文件！ 
16.25.07	正常	设备1 程序下载成功 
16.34.08	正常	设备1 CRC = 0x11bc10d7
16.34.09	错误	设备1 downImage复位失败!!
16.34.09	警告	设备1 程序下载失败 
16.34.10	正常	设备1 继续下载失败的bin文件！ 
16.34.11	错误	设备1 downImage复位失败!!
16.34.11	警告	设备1 程序下载失败 
16.34.57	正常	设备1 继续下载失败的bin文件！ 
16.34.57	错误	设备1 downImage复位失败!!
16.34.58	警告	设备1 程序下载失败 
16.36.52	正常	设备1 继续下载失败的bin文件！ 
16.36.52	错误	设备1 downImage复位失败!!
16.36.52	警告	设备1 程序下载失败 
16.43.28	正常	设备1 继续下载失败的bin文件！ 
16.43.42	正常	设备1 程序下载成功 
16.45.06	正常	设备1 CRC = 0x11bc10d7
16.45.07	错误	设备1 downImage复位失败!!
16.45.07	警告	设备1 程序下载失败 
16.45.45	正常	设备1 继续下载失败的bin文件！ 
16.46.00	正常	设备1 程序下载成功 
