10.04.04	正常	设备1 CRC = 0x46f46767
10.04.18	正常	设备1 程序下载成功 
10.04.31	正常	设备1 CRC = 0x46f46767
10.04.45	正常	设备1 程序下载成功 
10.10.51	正常	设备1 CRC = 0x507aa810
10.11.05	正常	设备1 程序下载成功 
10.12.24	正常	设备1 CRC = 0x507aa810
10.12.37	正常	设备1 程序下载成功 
10.15.24	正常	设备1 CRC = 0x507aa810
10.15.24	错误	设备1 downImage复位失败!!
10.15.24	警告	设备1 程序下载失败 
10.15.28	正常	设备1 继续下载失败的bin文件！ 
10.15.42	正常	设备1 程序下载成功 
10.19.11	正常	设备1 CRC = 0xd981dc10
10.19.11	错误	设备1 downImage复位失败!!
10.19.11	警告	设备1 程序下载失败 
10.19.14	正常	设备1 继续下载失败的bin文件！ 
10.19.28	正常	设备1 程序下载成功 
10.38.23	正常	设备1 CRC = 0x2bc3f4c8
10.38.23	错误	设备1 downImage复位失败!!
10.38.23	警告	设备1 程序下载失败 
10.38.27	正常	设备1 继续下载失败的bin文件！ 
10.38.27	错误	设备1 downImage复位失败!!
10.38.27	警告	设备1 程序下载失败 
10.38.39	正常	设备1 继续下载失败的bin文件！ 
10.38.53	正常	设备1 程序下载成功 
10.54.24	正常	设备1 CRC = 0x7d6106c6
10.54.38	正常	设备1 程序下载成功 
11.17.15	正常	设备1 CRC = 0x9762a337
11.17.29	正常	设备1 程序下载成功 
11.25.50	正常	设备1 CRC = 0x51bead9f
11.26.04	正常	设备1 程序下载成功 
11.34.58	正常	设备1 CRC = 0xf5945ab8
11.35.13	正常	设备1 程序下载成功 
13.35.05	正常	设备1 CRC = 0xf5945ab8
13.35.20	正常	设备1 程序下载成功 
13.35.52	正常	设备1 CRC = 0x51bead9f
13.36.06	正常	设备1 程序下载成功 
15.59.28	正常	设备1 CRC = 0x51bead9f
15.59.42	正常	设备1 程序下载成功 
16.27.29	正常	设备1 CRC = 0x51bead9f
16.27.31	警告	设备1 写入Bin文件超时-1！ 
16.27.31	警告	设备1 程序下载失败 
16.27.32	正常	设备1 继续下载失败的bin文件！ 
16.27.34	警告	设备1 写入Bin文件超时-1！ 
16.27.34	警告	设备1 程序下载失败 
16.27.38	正常	设备1 继续下载失败的bin文件！ 
16.27.40	警告	设备1 写入Bin文件超时-1！ 
16.27.40	警告	设备1 程序下载失败 
16.27.48	正常	设备1 继续下载失败的bin文件！ 
16.27.49	错误	设备1 downImage复位失败!!
16.27.49	警告	设备1 程序下载失败 
16.27.51	正常	设备1 继续下载失败的bin文件！ 
16.27.51	错误	设备1 downImage复位失败!!
16.27.52	警告	设备1 程序下载失败 
16.27.56	正常	设备1 继续下载失败的bin文件！ 
16.28.10	正常	设备1 程序下载成功 
16.28.20	正常	设备1 CRC = 0x51bead9f
16.28.21	警告	设备1 写入Bin文件超时-1！ 
16.28.21	警告	设备1 程序下载失败 
16.28.23	正常	设备1 继续下载失败的bin文件！ 
16.28.24	警告	设备1 写入Bin文件超时-1！ 
16.28.24	警告	设备1 程序下载失败 
16.37.05	正常	设备1 继续下载失败的bin文件！ 
16.37.19	正常	设备1 程序下载成功 
16.39.43	正常	设备1 CRC = 0xbbf91e94
16.39.57	正常	设备1 程序下载成功 
16.41.34	正常	设备1 CRC = 0x85637f80
16.41.48	正常	设备1 程序下载成功 
16.43.11	正常	设备1 CRC = 0x85637f80
16.43.25	正常	设备1 程序下载成功 
16.43.29	正常	设备1 CRC = 0x30e9dbf0
16.43.43	正常	设备1 程序下载成功 
17.04.37	正常	设备1 CRC = 0x00394b63
17.04.51	正常	设备1 程序下载成功 
17.19.07	正常	设备1 CRC = 0xc4ff88a2
17.19.21	正常	设备1 程序下载成功 
17.22.32	正常	设备1 CRC = 0x4b94a86e
17.22.46	正常	设备1 程序下载成功 
17.27.51	正常	设备1 CRC = 0x783ec5e4
17.28.05	正常	设备1 程序下载成功 
17.33.23	正常	设备1 CRC = 0x0485e5fc
17.33.38	正常	设备1 程序下载成功 
17.43.06	正常	设备1 CRC = 0xc4ff88a2
17.43.20	正常	设备1 程序下载成功 
17.51.54	正常	设备1 CRC = 0xda657489
17.52.08	正常	设备1 程序下载成功 
18.10.03	正常	设备1 CRC = 0x17b487d7
18.10.17	正常	设备1 程序下载成功 
19.11.20	正常	设备1 CRC = 0xd25390a3
19.11.34	正常	设备1 程序下载成功 
19.16.32	正常	设备1 CRC = 0x19d67a2b
19.16.46	正常	设备1 程序下载成功 
19.18.20	正常	设备1 CRC = 0x351fe194
19.18.34	正常	设备1 程序下载成功 
19.19.09	正常	设备1 CRC = 0x351fe194
19.19.11	警告	设备1 写入Bin文件超时-1！ 
19.19.11	警告	设备1 程序下载失败 
19.19.26	正常	设备1 继续下载失败的bin文件！ 
19.19.41	正常	设备1 程序下载成功 
23.49.36	正常	设备1 CRC = 0x351fe194
23.49.49	正常	设备1 程序下载成功 
