09.58.21	正常	设备1 CRC = 0x886fac4e
09.58.34	正常	设备1 程序下载成功 
10.17.34	正常	设备1 CRC = 0x9e3f4aa0
10.17.47	正常	设备1 程序下载成功 
10.21.50	正常	设备1 CRC = 0x9ea9df63
10.22.04	正常	设备1 程序下载成功 
10.27.03	正常	设备1 CRC = 0x2d2472a2
10.27.17	正常	设备1 程序下载成功 
10.32.18	正常	设备1 CRC = 0x331d31d4
10.32.31	正常	设备1 程序下载成功 
10.50.27	正常	设备1 CRC = 0xffcf01b8
10.50.40	正常	设备1 程序下载成功 
10.52.35	正常	设备1 CRC = 0xfd925635
10.52.49	正常	设备1 程序下载成功 
10.56.10	正常	设备1 CRC = 0x612bf97d
10.56.24	警告	设备1 写入Bin文件超时-1！ 
10.56.24	警告	设备1 程序下载失败 
10.56.26	错误	设备1 Vpp关闭操作超时！
10.57.09	正常	设备1 继续下载失败的bin文件！ 
10.57.23	正常	设备1 程序下载成功 
11.08.41	正常	设备1 CRC = 0x6c19b9a5
11.08.55	正常	设备1 程序下载成功 
11.09.49	正常	设备1 CRC = 0xea51b928
11.10.03	正常	设备1 程序下载成功 
11.21.05	正常	设备1 CRC = 0x230cda1b
11.21.19	正常	设备1 程序下载成功 
14.07.42	正常	设备1 CRC = 0x230cda1b
14.07.56	正常	设备1 程序下载成功 
14.10.51	正常	设备1 CRC = 0x6ff0b589
14.11.05	正常	设备1 程序下载成功 
14.13.23	正常	设备1 CRC = 0x230cda1b
14.13.36	正常	设备1 程序下载成功 
14.24.41	正常	设备1 CRC = 0x6ff0b589
14.24.54	正常	设备1 程序下载成功 
14.27.26	正常	设备1 CRC = 0x10a6f3a0
14.27.40	正常	设备1 程序下载成功 
14.38.26	正常	设备1 CRC = 0xbb3256f1
14.38.40	正常	设备1 程序下载成功 
14.40.00	正常	设备1 CRC = 0xbb3256f1
14.40.14	正常	设备1 程序下载成功 
14.51.50	正常	设备1 CRC = 0xbb3256f1
14.51.50	错误	设备1 downImage复位失败!!
14.51.50	警告	设备1 程序下载失败 
14.51.56	正常	设备1 继续下载失败的bin文件！ 
14.51.57	错误	设备1 downImage复位失败!!
14.51.57	警告	设备1 程序下载失败 
14.56.48	正常	设备1 继续下载失败的bin文件！ 
14.56.48	错误	设备1 downImage复位失败!!
14.56.48	警告	设备1 程序下载失败 
14.57.17	正常	设备1 继续下载失败的bin文件！ 
14.57.17	错误	设备1 downImage复位失败!!
14.57.17	警告	设备1 程序下载失败 
14.57.41	正常	设备1 继续下载失败的bin文件！ 
14.57.54	正常	设备1 程序下载成功 
15.02.02	正常	设备1 CRC = 0xbb3256f1
15.02.16	正常	设备1 程序下载成功 
15.05.56	正常	设备1 CRC = 0x84355905
15.06.09	正常	设备1 程序下载成功 
15.09.20	正常	设备1 CRC = 0x6ff0b589
15.09.34	正常	设备1 程序下载成功 
15.09.54	正常	设备1 CRC = 0x6ff0b589
15.10.08	正常	设备1 程序下载成功 
15.22.08	正常	设备1 CRC = 0x6ff0b589
15.22.22	正常	设备1 程序下载成功 
15.23.18	正常	设备1 CRC = 0x6ff0b589
15.23.32	正常	设备1 程序下载成功 
16.31.14	正常	设备1 CRC = 0xfd647e72
16.31.34	正常	设备1 程序下载成功 
16.33.56	正常	设备1 CRC = 0x86c70667
16.34.14	正常	设备1 程序下载成功 
17.37.59	正常	设备1 CRC = 0x7b64583f
17.38.13	正常	设备1 程序下载成功 
17.41.32	正常	设备1 CRC = 0x7b64583f
17.41.46	正常	设备1 程序下载成功 
18.18.55	正常	设备1 读出成功!!
18.19.31	正常	设备1 CRC = 0x7b64583f
18.19.45	正常	设备1 程序下载成功 
18.22.04	正常	设备1 CRC = 0x9c0b04f2
18.22.45	警告	设备1 程序下载失败 
18.22.49	正常	设备1 继续下载失败的bin文件！ 
18.23.30	警告	设备1 程序下载失败 
18.23.50	正常	设备1 CRC = 0x7b64583f
18.24.04	正常	设备1 程序下载成功 
18.24.25	正常	设备1 CRC = 0x9c0b04f2
18.25.06	警告	设备1 程序下载失败 
18.35.43	正常	设备1 CRC = 0x9ab1a8da
18.35.57	正常	设备1 程序下载成功 
18.37.49	正常	设备1 CRC = 0x427da8ef
18.38.03	正常	设备1 程序下载成功 
19.15.46	正常	设备1 CRC = 0x7b64583f
19.15.47	错误	设备1 downImage复位失败!!
19.15.47	警告	设备1 程序下载失败 
19.16.02	正常	设备1 继续下载失败的bin文件！ 
19.16.02	错误	设备1 downImage复位失败!!
19.16.02	警告	设备1 程序下载失败 
19.16.07	正常	设备1 继续下载失败的bin文件！ 
19.16.08	错误	设备1 downImage复位失败!!
19.16.08	警告	设备1 程序下载失败 
19.16.18	正常	设备1 继续下载失败的bin文件！ 
19.16.32	正常	设备1 程序下载成功 
19.16.55	正常	设备1 CRC = 0x7b64583f
19.17.09	正常	设备1 程序下载成功 
20.09.16	正常	设备1 CRC = 0x427da8ef
20.09.33	正常	设备1 程序下载成功 
20.12.44	正常	设备1 CRC = 0x427da8ef
20.12.58	正常	设备1 程序下载成功 
20.13.06	正常	设备1 CRC = 0x427da8ef
20.13.20	正常	设备1 程序下载成功 
20.29.48	警告	设备1 文件打开失败!路径:C:\BLE资料\2.0BK3431Q资料\2.2 BK3431Q例程\2.ble_3435_sdk_ext_39_0C0C_Flash\projects\ble_app_gatt\output\app\bk3435_ble_app_merge_crc.bin!
20.30.05	正常	设备1 CRC = 0xbc931263
20.30.18	正常	设备1 程序下载成功 
