09.17.26	正常	设备1 CRC = 0xea012835
09.17.40	正常	设备1 程序下载成功 
09.18.24	正常	设备1 读出成功!!
09.37.47	正常	设备1 CRC = 0xea012835
09.37.48	错误	设备1 downImage复位失败!!
09.37.48	警告	设备1 程序下载失败 
09.37.55	正常	设备1 继续下载失败的bin文件！ 
09.37.55	错误	设备1 downImage复位失败!!
09.37.55	警告	设备1 程序下载失败 
09.38.12	正常	设备1 继续下载失败的bin文件！ 
09.38.13	错误	设备1 downImage复位失败!!
09.38.13	警告	设备1 程序下载失败 
09.38.22	正常	设备1 继续下载失败的bin文件！ 
09.38.23	错误	设备1 downImage复位失败!!
09.38.23	警告	设备1 程序下载失败 
09.38.25	错误	设备1 dump复位失败!!
09.38.25	错误	设备1 读出失败!!
09.38.38	正常	设备1 继续下载失败的bin文件！ 
09.38.38	错误	设备1 downImage复位失败!!
09.38.38	警告	设备1 程序下载失败 
09.38.41	正常	设备1 继续下载失败的bin文件！ 
09.38.41	错误	设备1 downImage复位失败!!
09.38.41	警告	设备1 程序下载失败 
09.38.43	正常	设备1 继续下载失败的bin文件！ 
09.38.43	错误	设备1 downImage复位失败!!
09.38.43	警告	设备1 程序下载失败 
09.38.45	正常	设备1 继续下载失败的bin文件！ 
09.38.45	错误	设备1 downImage复位失败!!
09.38.45	警告	设备1 程序下载失败 
09.38.46	正常	设备1 继续下载失败的bin文件！ 
09.38.47	错误	设备1 downImage复位失败!!
09.38.47	警告	设备1 程序下载失败 
09.38.48	正常	设备1 继续下载失败的bin文件！ 
09.38.49	错误	设备1 downImage复位失败!!
09.38.49	警告	设备1 程序下载失败 
09.38.50	正常	设备1 继续下载失败的bin文件！ 
09.38.51	错误	设备1 downImage复位失败!!
09.38.51	警告	设备1 程序下载失败 
09.40.46	正常	设备1 继续下载失败的bin文件！ 
09.40.47	错误	设备1 downImage复位失败!!
09.40.47	警告	设备1 程序下载失败 
09.46.38	正常	设备1 继续下载失败的bin文件！ 
09.46.38	错误	设备1 downImage复位失败!!
09.46.38	警告	设备1 程序下载失败 
09.48.49	正常	设备1 继续下载失败的bin文件！ 
09.49.04	正常	设备1 程序下载成功 
09.51.52	正常	设备1 CRC = 0xea012835
09.52.03	警告	设备1 写入Bin文件超时-1！ 
09.52.03	警告	设备1 程序下载失败 
09.52.05	错误	设备1 Vpp关闭操作超时！
09.52.08	正常	设备1 继续下载失败的bin文件！ 
09.52.21	正常	设备1 程序下载成功 
10.27.04	正常	设备1 CRC = 0x17c36352
10.27.18	正常	设备1 程序下载成功 
10.32.28	正常	设备1 CRC = 0x47a29406
10.32.42	正常	设备1 程序下载成功 
10.36.37	正常	设备1 CRC = 0x55931fea
10.36.51	正常	设备1 程序下载成功 
10.38.15	正常	设备1 CRC = 0x31cd01f8
10.38.29	正常	设备1 程序下载成功 
10.40.34	正常	设备1 CRC = 0x8b225714
10.40.48	正常	设备1 程序下载成功 
11.15.45	正常	设备1 CRC = 0x8b225714
11.16.00	正常	设备1 程序下载成功 
11.22.56	正常	设备1 CRC = 0x8b225714
11.23.10	正常	设备1 程序下载成功 
11.23.12	正常	设备1 CRC = 0x8b225714
11.23.26	正常	设备1 程序下载成功 
12.27.09	正常	设备1 CRC = 0x16e5780c
12.27.10	错误	设备1 downImage复位失败!!
12.27.10	警告	设备1 程序下载失败 
12.27.14	正常	设备1 继续下载失败的bin文件！ 
12.27.28	正常	设备1 程序下载成功 
12.31.14	正常	设备1 CRC = 0x509877f6
12.31.15	错误	设备1 downImage复位失败!!
12.31.15	警告	设备1 程序下载失败 
12.31.19	正常	设备1 继续下载失败的bin文件！ 
12.31.33	正常	设备1 程序下载成功 
12.32.53	正常	设备1 CRC = 0x32dba3fb
12.33.07	正常	设备1 程序下载成功 
13.33.05	正常	设备1 CRC = 0x536627f7
13.33.19	正常	设备1 程序下载成功 
13.34.36	正常	设备1 CRC = 0xae26481d
13.34.50	正常	设备1 程序下载成功 
13.40.12	正常	设备1 CRC = 0x1f351cea
13.40.26	正常	设备1 程序下载成功 
13.48.12	正常	设备1 CRC = 0xbaaa3acb
13.48.12	错误	设备1 downImage复位失败!!
13.48.12	警告	设备1 程序下载失败 
13.48.16	正常	设备1 继续下载失败的bin文件！ 
13.48.30	正常	设备1 程序下载成功 
14.37.49	正常	设备1 读出成功!!
14.46.43	正常	设备1 读出成功!!
16.08.49	正常	设备1 CRC = 0x90b31f89
16.08.49	错误	设备1 downImage复位失败!!
16.08.49	警告	设备1 程序下载失败 
16.08.56	正常	设备1 继续下载失败的bin文件！ 
16.09.11	正常	设备1 程序下载成功 
16.10.58	正常	设备1 CRC = 0x90b31f89
16.11.14	正常	设备1 程序下载成功 
16.25.03	正常	设备1 CRC = 0x7873066f
16.25.19	正常	设备1 程序下载成功 
16.27.55	正常	设备1 CRC = 0x47ecfaa7
16.28.11	正常	设备1 程序下载成功 
16.34.38	正常	设备1 CRC = 0x73b26d73
16.34.53	正常	设备1 程序下载成功 
16.38.53	正常	设备1 CRC = 0x88647779
16.39.08	正常	设备1 程序下载成功 
16.56.42	正常	设备1 CRC = 0x88647779
16.56.57	正常	设备1 程序下载成功 
16.56.58	正常	设备1 CRC = 0xe2d08414
16.57.14	正常	设备1 程序下载成功 
17.01.41	正常	设备1 CRC = 0xa10b9365
17.01.56	正常	设备1 程序下载成功 
17.35.39	正常	设备1 CRC = 0xa10b9365
17.35.54	正常	设备1 程序下载成功 
18.14.21	正常	设备1 CRC = 0x73a0ce76
18.14.39	正常	设备1 程序下载成功 
18.22.17	正常	设备1 CRC = 0x48bca90f
18.22.35	正常	设备1 程序下载成功 
18.31.50	正常	设备1 CRC = 0xc5c08f01
18.32.09	正常	设备1 程序下载成功 
18.37.11	正常	设备1 CRC = 0xd4d3e9da
18.37.29	正常	设备1 程序下载成功 
18.42.56	正常	设备1 CRC = 0xacc0fa28
18.43.14	正常	设备1 程序下载成功 
18.54.51	正常	设备1 CRC = 0xe7029768
18.55.07	正常	设备1 程序下载成功 
19.02.04	正常	设备1 CRC = 0xafc1ac13
19.02.19	正常	设备1 程序下载成功 
19.05.40	正常	设备1 CRC = 0xe2d77986
19.05.55	正常	设备1 程序下载成功 
