11.48.20	正常	设备1 CRC = 0x9dea3896
11.48.37	正常	设备1 程序下载成功 
13.45.53	正常	设备1 CRC = 0x14cac83a
13.46.10	正常	设备1 程序下载成功 
13.47.30	正常	设备1 CRC = 0x14cac83a
13.47.46	正常	设备1 程序下载成功 
19.03.49	正常	设备1 CRC = 0x9bdc8fa2
19.03.49	错误	设备1 downImage复位失败!!
19.03.49	警告	设备1 程序下载失败 
19.03.55	正常	设备1 继续下载失败的bin文件！ 
19.03.55	错误	设备1 downImage复位失败!!
19.03.55	警告	设备1 程序下载失败 
19.04.08	正常	设备1 继续下载失败的bin文件！ 
19.04.09	错误	设备1 downImage复位失败!!
19.04.09	警告	设备1 程序下载失败 
19.05.21	正常	设备1 继续下载失败的bin文件！ 
19.05.32	正常	设备1 程序下载成功 
19.05.39	正常	设备1 CRC = 0x9bdc8fa2
19.05.51	正常	设备1 程序下载成功 
20.30.52	正常	设备1 CRC = 0x9d9bb1fb
20.31.06	正常	设备1 程序下载成功 
20.34.37	正常	设备1 读出成功!!
