10.14.39	正常	设备1 CRC = 0x1a72f38b
10.14.51	正常	设备1 程序下载成功 
11.41.53	正常	设备1 CRC = 0x560cb8a3
11.41.55	警告	设备1 写入Bin文件超时-1！ 
11.41.55	警告	设备1 程序下载失败 
11.42.05	正常	设备1 继续下载失败的bin文件！ 
11.42.20	正常	设备1 程序下载成功 
11.50.57	正常	设备1 CRC = 0x3c33747d
11.51.12	正常	设备1 程序下载成功 
11.57.45	正常	设备1 CRC = 0xaf506b1e
11.58.00	正常	设备1 程序下载成功 
13.40.55	正常	设备1 CRC = 0xa579c86d
13.41.10	正常	设备1 程序下载成功 
13.42.42	正常	设备1 CRC = 0x854b150a
13.42.57	正常	设备1 程序下载成功 
13.47.25	正常	设备1 CRC = 0x16a90670
13.47.40	正常	设备1 程序下载成功 
13.51.56	正常	设备1 CRC = 0xec397160
13.52.12	正常	设备1 程序下载成功 
13.54.56	正常	设备1 CRC = 0xd95b5ab6
13.55.11	正常	设备1 程序下载成功 
13.57.49	正常	设备1 CRC = 0x8dc73688
13.58.05	正常	设备1 程序下载成功 
14.05.46	正常	设备1 CRC = 0x4a3f00bf
14.06.01	正常	设备1 程序下载成功 
14.29.03	正常	设备1 CRC = 0x80d4cc8e
14.29.18	正常	设备1 程序下载成功 
14.34.06	正常	设备1 CRC = 0x80d4cc8e
14.34.21	正常	设备1 程序下载成功 
14.58.52	正常	设备1 CRC = 0x8707ffa7
14.59.07	正常	设备1 程序下载成功 
15.10.37	正常	设备1 CRC = 0x07bd7d93
15.10.52	正常	设备1 程序下载成功 
16.43.17	正常	设备1 CRC = 0xb676157f
16.43.32	正常	设备1 程序下载成功 
16.48.13	正常	设备1 CRC = 0xba2fffbd
16.48.28	正常	设备1 程序下载成功 
17.01.01	正常	设备1 CRC = 0xc1245122
17.01.03	警告	设备1 写入Bin文件超时-1！ 
17.01.03	警告	设备1 程序下载失败 
17.01.05	正常	设备1 继续下载失败的bin文件！ 
17.01.20	正常	设备1 程序下载成功 
17.33.36	正常	设备1 CRC = 0x61bc36af
17.33.38	警告	设备1 写入Bin文件超时-1！ 
17.33.38	警告	设备1 程序下载失败 
17.33.40	正常	设备1 继续下载失败的bin文件！ 
17.33.55	正常	设备1 程序下载成功 
17.42.40	正常	设备1 CRC = 0xc7309ce3
17.42.42	警告	设备1 写入Bin文件超时-1！ 
17.42.42	警告	设备1 程序下载失败 
17.42.51	正常	设备1 继续下载失败的bin文件！ 
17.43.07	正常	设备1 程序下载成功 
17.52.42	正常	设备1 CRC = 0x1b0fd7ba
17.52.44	警告	设备1 写入Bin文件超时-1！ 
17.52.44	警告	设备1 程序下载失败 
17.52.45	正常	设备1 继续下载失败的bin文件！ 
17.53.00	正常	设备1 程序下载成功 
17.55.07	正常	设备1 CRC = 0x883b14aa
17.55.09	警告	设备1 写入Bin文件超时-1！ 
17.55.09	警告	设备1 程序下载失败 
17.55.09	正常	设备1 继续下载失败的bin文件！ 
17.55.24	正常	设备1 程序下载成功 
18.38.33	正常	设备1 CRC = 0x242d5afe
18.38.34	警告	设备1 写入Bin文件超时-1！ 
18.38.34	警告	设备1 程序下载失败 
18.38.36	正常	设备1 继续下载失败的bin文件！ 
18.38.51	正常	设备1 程序下载成功 
18.52.23	正常	设备1 CRC = 0x03c5c0c5
18.52.25	警告	设备1 写入Bin文件超时-1！ 
18.52.25	警告	设备1 程序下载失败 
18.52.26	正常	设备1 继续下载失败的bin文件！ 
18.52.41	正常	设备1 程序下载成功 
19.58.29	正常	设备1 CRC = 0x66502297
19.58.44	正常	设备1 程序下载成功 
20.07.33	正常	设备1 CRC = 0x475e8007
20.07.35	警告	设备1 写入Bin文件超时-1！ 
20.07.35	警告	设备1 程序下载失败 
20.07.37	正常	设备1 继续下载失败的bin文件！ 
20.07.53	正常	设备1 程序下载成功 
20.15.48	正常	设备1 CRC = 0x4f6d7d66
20.15.50	警告	设备1 写入Bin文件超时-1！ 
20.15.50	警告	设备1 程序下载失败 
20.15.51	正常	设备1 继续下载失败的bin文件！ 
20.16.07	正常	设备1 程序下载成功 
20.19.14	正常	设备1 CRC = 0xcb4e7b3e
20.19.16	警告	设备1 写入Bin文件超时-1！ 
20.19.16	警告	设备1 程序下载失败 
20.19.16	正常	设备1 继续下载失败的bin文件！ 
20.19.32	正常	设备1 程序下载成功 
