09.25.16	正常	设备1 CRC = 0xe782cb81
09.25.32	正常	设备1 程序下载成功 
09.29.02	正常	设备1 CRC = 0xe7c0de5d
09.29.17	正常	设备1 程序下载成功 
09.39.52	正常	设备1 CRC = 0xc7ba9796
09.40.07	正常	设备1 程序下载成功 
09.57.26	正常	设备1 CRC = 0xeb12bda3
09.57.42	正常	设备1 程序下载成功 
10.05.14	正常	设备1 CRC = 0x92dccded
10.05.29	正常	设备1 程序下载成功 
11.06.06	正常	设备1 读出成功!!
11.23.11	错误	设备1 dump复位失败!!
11.23.11	错误	设备1 读出失败!!
11.23.14	错误	设备1 dump复位失败!!
11.23.14	错误	设备1 读出失败!!
11.23.30	正常	设备1 读出成功!!
11.24.14	正常	设备1 读出成功!!
11.29.40	正常	设备1 CRC = 0x3e0a6f8f
11.29.41	错误	设备1 downImage复位失败!!
11.29.41	警告	设备1 程序下载失败 
11.29.42	正常	设备1 继续下载失败的bin文件！ 
11.29.43	错误	设备1 downImage复位失败!!
11.29.43	警告	设备1 程序下载失败 
11.29.47	正常	设备1 继续下载失败的bin文件！ 
11.30.00	正常	设备1 程序下载成功 
13.53.27	正常	设备1 CRC = 0x6f62336d
13.53.29	警告	设备1 写入Bin文件超时-1！ 
13.53.29	警告	设备1 程序下载失败 
13.53.30	正常	设备1 继续下载失败的bin文件！ 
13.53.43	正常	设备1 程序下载成功 
13.54.02	正常	设备1 CRC = 0x6f62336d
13.54.04	警告	设备1 写入Bin文件超时-1！ 
13.54.04	警告	设备1 程序下载失败 
13.54.06	正常	设备1 继续下载失败的bin文件！ 
13.54.19	正常	设备1 程序下载成功 
13.54.32	正常	设备1 CRC = 0x6f62336d
13.54.45	正常	设备1 程序下载成功 
14.06.17	正常	设备1 CRC = 0xa89a0655
14.06.30	正常	设备1 程序下载成功 
14.08.29	正常	设备1 CRC = 0xa89a0655
14.08.42	正常	设备1 程序下载成功 
14.16.49	正常	设备1 CRC = 0xa89a0655
14.17.02	正常	设备1 程序下载成功 
14.37.20	正常	设备1 CRC = 0x3e0a6f8f
14.37.21	错误	设备1 downImage复位失败!!
14.37.21	警告	设备1 程序下载失败 
14.37.22	正常	设备1 继续下载失败的bin文件！ 
14.37.22	错误	设备1 downImage复位失败!!
14.37.22	警告	设备1 程序下载失败 
14.37.34	正常	设备1 继续下载失败的bin文件！ 
14.37.34	错误	设备1 downImage复位失败!!
14.37.34	警告	设备1 程序下载失败 
14.37.44	正常	设备1 继续下载失败的bin文件！ 
14.37.44	错误	设备1 downImage复位失败!!
14.37.44	警告	设备1 程序下载失败 
14.37.50	正常	设备1 继续下载失败的bin文件！ 
14.37.52	警告	设备1 写入Bin文件超时-1！ 
14.37.52	警告	设备1 程序下载失败 
14.37.53	正常	设备1 继续下载失败的bin文件！ 
14.38.06	正常	设备1 程序下载成功 
15.48.46	正常	设备1 CRC = 0x9f24e6ab
15.48.48	警告	设备1 写入Bin文件超时-1！ 
15.48.48	警告	设备1 程序下载失败 
15.48.49	正常	设备1 继续下载失败的bin文件！ 
15.49.05	正常	设备1 程序下载成功 
15.50.14	正常	设备1 CRC = 0x9f24e6ab
15.50.16	警告	设备1 写入Bin文件超时-1！ 
15.50.16	警告	设备1 程序下载失败 
15.50.17	正常	设备1 继续下载失败的bin文件！ 
15.50.33	正常	设备1 程序下载成功 
15.54.51	正常	设备1 CRC = 0x4be756e3
15.54.53	警告	设备1 写入Bin文件超时-1！ 
15.54.53	警告	设备1 程序下载失败 
15.54.54	正常	设备1 继续下载失败的bin文件！ 
15.55.09	正常	设备1 程序下载成功 
15.58.43	正常	设备1 CRC = 0xd5c6c81b
15.58.58	正常	设备1 程序下载成功 
16.03.39	正常	设备1 CRC = 0xd5c6c81b
16.03.55	正常	设备1 程序下载成功 
17.22.11	正常	设备1 CRC = 0x70775d8e
17.22.13	警告	设备1 写入Bin文件超时-1！ 
17.22.13	警告	设备1 程序下载失败 
17.22.14	正常	设备1 继续下载失败的bin文件！ 
17.22.30	正常	设备1 程序下载成功 
17.59.11	正常	设备1 CRC = 0x44de5c3b
17.59.13	警告	设备1 写入Bin文件超时-1！ 
17.59.15	警告	设备1 程序下载失败 
18.00.37	正常	设备1 继续下载失败的bin文件！ 
18.00.53	正常	设备1 程序下载成功 
18.05.45	正常	设备1 CRC = 0x53ae1dde
18.05.47	警告	设备1 写入Bin文件超时-1！ 
18.05.47	警告	设备1 程序下载失败 
18.05.48	正常	设备1 继续下载失败的bin文件！ 
18.06.03	正常	设备1 程序下载成功 
18.09.26	正常	设备1 CRC = 0xf5206a56
18.09.41	正常	设备1 程序下载成功 
18.36.47	正常	设备1 CRC = 0xe9183222
18.36.48	警告	设备1 写入Bin文件超时-1！ 
18.36.48	警告	设备1 程序下载失败 
18.36.52	正常	设备1 继续下载失败的bin文件！ 
18.37.07	正常	设备1 程序下载成功 
