14.41.04	正常	设备1 CRC = 0x29ff5d4e
14.41.25	正常	设备1 程序下载成功 
14.51.01	正常	设备1 CRC = 0x29ff5d4e
14.51.22	正常	设备1 程序下载成功 
14.51.28	正常	设备1 CRC = 0x29ff5d4e
14.51.49	正常	设备1 程序下载成功 
14.53.57	正常	设备1 CRC = 0xa103daf2
14.54.18	正常	设备1 程序下载成功 
15.43.54	正常	设备1 CRC = 0x3f677f8b
15.44.14	正常	设备1 程序下载成功 
15.50.53	正常	设备1 CRC = 0x11caeca8
15.51.13	正常	设备1 程序下载成功 
15.58.10	正常	设备1 CRC = 0xdc3e19d6
15.58.31	正常	设备1 程序下载成功 
16.00.40	正常	设备1 CRC = 0xdc3e19d6
16.01.01	正常	设备1 程序下载成功 
16.25.20	正常	设备1 CRC = 0xc99237f4
16.25.40	正常	设备1 程序下载成功 
20.19.18	正常	设备1 CRC = 0x0c3719f3
20.19.32	正常	设备1 程序下载成功 
20.19.57	正常	设备1 CRC = 0x0c3719f3
20.20.11	正常	设备1 程序下载成功 
20.21.45	正常	设备1 CRC = 0x0c3719f3
20.21.59	正常	设备1 程序下载成功 
20.22.47	正常	设备1 CRC = 0x0c3719f3
20.23.01	正常	设备1 程序下载成功 
20.23.10	正常	设备1 CRC = 0x0c3719f3
20.23.24	正常	设备1 程序下载成功 
20.23.30	正常	设备1 CRC = 0x0c3719f3
20.23.44	正常	设备1 程序下载成功 
20.23.49	正常	设备1 CRC = 0x0c3719f3
20.24.03	正常	设备1 程序下载成功 
20.24.12	正常	设备1 CRC = 0x0c3719f3
20.24.26	正常	设备1 程序下载成功 
20.24.37	正常	设备1 CRC = 0x0c3719f3
20.24.51	正常	设备1 程序下载成功 
20.24.59	正常	设备1 CRC = 0x0c3719f3
20.25.12	正常	设备1 程序下载成功 
20.25.23	正常	设备1 CRC = 0x0c3719f3
20.25.37	正常	设备1 程序下载成功 
20.25.47	正常	设备1 CRC = 0x0c3719f3
20.26.01	正常	设备1 程序下载成功 
20.26.08	正常	设备1 CRC = 0x0c3719f3
20.26.22	正常	设备1 程序下载成功 
20.26.29	正常	设备1 CRC = 0x0c3719f3
20.26.30	错误	设备1 downImage复位失败!!
20.26.30	警告	设备1 程序下载失败 
20.26.34	正常	设备1 继续下载失败的bin文件！ 
20.26.48	正常	设备1 程序下载成功 
20.26.55	正常	设备1 CRC = 0x0c3719f3
20.27.09	正常	设备1 程序下载成功 
20.27.16	正常	设备1 CRC = 0x0c3719f3
20.27.29	正常	设备1 程序下载成功 
20.27.39	正常	设备1 CRC = 0x0c3719f3
20.27.53	正常	设备1 程序下载成功 
