09.37.23	正常	设备1 CRC = 0xe7d88404
09.37.36	正常	设备1 程序下载成功 
09.55.45	正常	设备1 CRC = 0x81950c6d
09.55.58	正常	设备1 程序下载成功 
10.05.18	正常	设备1 CRC = 0x10ef7984
10.05.31	正常	设备1 程序下载成功 
10.11.06	正常	设备1 CRC = 0xc867b774
10.11.19	正常	设备1 程序下载成功 
10.39.03	正常	设备1 CRC = 0xb0d06945
10.39.16	正常	设备1 程序下载成功 
10.57.45	正常	设备1 CRC = 0xb0d06945
10.57.59	正常	设备1 程序下载成功 
11.01.25	正常	设备1 CRC = 0xd534c38c
11.01.25	错误	设备1 downImage复位失败!!
11.01.25	警告	设备1 程序下载失败 
11.01.32	正常	设备1 继续下载失败的bin文件！ 
11.01.34	警告	设备1 写入Bin文件超时-1！ 
11.01.34	警告	设备1 程序下载失败 
11.01.57	正常	设备1 继续下载失败的bin文件！ 
11.02.08	正常	设备1 程序下载成功 
13.40.41	正常	设备1 CRC = 0xb05a9a12
13.40.55	正常	设备1 程序下载成功 
13.43.39	正常	设备1 CRC = 0xb05a9a12
13.43.40	警告	设备1 写入Bin文件超时-1！ 
13.43.40	警告	设备1 程序下载失败 
13.43.42	正常	设备1 继续下载失败的bin文件！ 
13.43.56	正常	设备1 程序下载成功 
13.46.24	正常	设备1 CRC = 0xefeab573
13.46.26	警告	设备1 写入Bin文件超时-1！ 
13.46.26	警告	设备1 程序下载失败 
13.46.27	正常	设备1 继续下载失败的bin文件！ 
13.46.41	正常	设备1 程序下载成功 
13.51.55	正常	设备1 CRC = 0x8e2a8676
13.51.57	警告	设备1 写入Bin文件超时-1！ 
13.51.57	警告	设备1 程序下载失败 
13.51.59	正常	设备1 继续下载失败的bin文件！ 
13.52.12	正常	设备1 程序下载成功 
15.14.34	正常	设备1 CRC = 0x8e2a8676
15.14.48	正常	设备1 程序下载成功 
15.14.57	正常	设备1 CRC = 0xfcb6df4a
15.15.10	正常	设备1 程序下载成功 
15.18.09	正常	设备1 CRC = 0xf3136e2a
15.18.23	正常	设备1 程序下载成功 
15.32.31	正常	设备1 CRC = 0x8c5f9395
15.32.44	正常	设备1 程序下载成功 
15.38.37	正常	设备1 CRC = 0xc1b1c10b
15.38.50	正常	设备1 程序下载成功 
