08.47.30	正常	设备1 CRC = 0xadf22001
08.47.44	正常	设备1 程序下载成功 
08.51.30	正常	设备1 CRC = 0xc13a1626
08.51.30	错误	设备1 downImage复位失败!!
08.51.30	警告	设备1 程序下载失败 
08.51.33	正常	设备1 继续下载失败的bin文件！ 
08.51.33	错误	设备1 downImage复位失败!!
08.51.33	警告	设备1 程序下载失败 
08.51.44	正常	设备1 继续下载失败的bin文件！ 
08.51.58	正常	设备1 程序下载成功 
09.10.13	正常	设备1 CRC = 0x082373be
09.10.27	正常	设备1 程序下载成功 
09.16.00	正常	设备1 CRC = 0x9bc5951c
09.16.14	正常	设备1 程序下载成功 
09.26.45	正常	设备1 CRC = 0x63f15976
09.26.59	正常	设备1 程序下载成功 
09.39.24	正常	设备1 CRC = 0x6fc165dd
09.39.38	正常	设备1 程序下载成功 
14.59.47	正常	设备1 CRC = 0x98d6162f
15.00.03	正常	设备1 程序下载成功 
15.32.31	正常	设备1 CRC = 0x8a9e7885
15.32.47	正常	设备1 程序下载成功 
15.38.11	正常	设备1 CRC = 0x21af8bfd
15.38.17	正常	设备1 程序下载成功 
15.39.44	正常	设备1 CRC = 0x28fd3b66
15.40.00	正常	设备1 程序下载成功 
15.42.19	正常	设备1 CRC = 0x28fd3b66
15.42.35	正常	设备1 程序下载成功 
16.13.39	正常	设备1 CRC = 0xe5bf633b
16.13.55	正常	设备1 程序下载成功 
16.53.42	正常	设备1 CRC = 0xe5bf633b
16.53.58	正常	设备1 程序下载成功 
16.54.57	正常	设备1 CRC = 0xe8edfdd8
16.55.13	正常	设备1 程序下载成功 
16.56.28	正常	设备1 CRC = 0xe8edfdd8
16.56.44	正常	设备1 程序下载成功 
16.57.11	正常	设备1 CRC = 0xe8edfdd8
16.57.28	正常	设备1 程序下载成功 
16.59.29	正常	设备1 CRC = 0x8850e26c
16.59.45	正常	设备1 程序下载成功 
17.15.02	正常	设备1 CRC = 0x262898a3
17.15.19	正常	设备1 程序下载成功 
17.24.11	正常	设备1 CRC = 0x5543907d
17.24.27	正常	设备1 程序下载成功 
17.33.31	正常	设备1 CRC = 0x72667913
17.33.47	正常	设备1 程序下载成功 
17.35.12	正常	设备1 CRC = 0x20ff412b
17.35.28	正常	设备1 程序下载成功 
18.03.06	正常	设备1 CRC = 0x266bae94
18.03.22	正常	设备1 程序下载成功 
18.48.46	正常	设备1 CRC = 0x266bae94
18.48.47	错误	设备1 downImage复位失败!!
18.48.47	警告	设备1 程序下载失败 
19.01.51	正常	设备1 CRC = 0xd5d96649
19.02.09	正常	设备1 程序下载成功 
19.05.42	正常	设备1 CRC = 0x553d472e
19.06.00	正常	设备1 程序下载成功 
19.10.01	正常	设备1 CRC = 0x5dbcc147
19.10.19	正常	设备1 程序下载成功 
20.04.00	正常	设备1 CRC = 0x9943b3c3
20.04.17	正常	设备1 程序下载成功 
20.06.20	正常	设备1 CRC = 0x12190787
20.06.37	正常	设备1 程序下载成功 
