09.05.17	正常	设备1 CRC = 0x8eaf29f7
09.05.30	正常	设备1 程序下载成功 
09.07.44	正常	设备1 CRC = 0x7e4966c9
09.07.58	正常	设备1 程序下载成功 
09.24.02	正常	设备1 CRC = 0x48d0d1ca
09.24.16	正常	设备1 程序下载成功 
09.27.30	正常	设备1 CRC = 0xdf87154c
09.27.44	正常	设备1 程序下载成功 
09.30.26	正常	设备1 CRC = 0xfcbbe4ca
09.30.40	正常	设备1 程序下载成功 
09.46.27	正常	设备1 CRC = 0xfcbbe4ca
09.46.29	警告	设备1 写入Bin文件超时-1！ 
09.46.29	警告	设备1 程序下载失败 
10.38.04	正常	设备1 继续下载失败的bin文件！ 
10.38.05	警告	设备1 写入Bin文件超时-1！ 
10.38.05	警告	设备1 程序下载失败 
10.38.07	正常	设备1 继续下载失败的bin文件！ 
10.38.21	正常	设备1 程序下载成功 
10.38.23	正常	设备1 CRC = 0xfcbbe4ca
10.38.37	正常	设备1 程序下载成功 
10.38.38	正常	设备1 CRC = 0xfcbbe4ca
10.38.52	正常	设备1 程序下载成功 
