11.22.18	错误	设备1 dump复位失败!!
11.22.18	错误	设备1 读出失败!!
11.22.21	错误	设备1 dump复位失败!!
11.22.21	错误	设备1 读出失败!!
11.22.52	正常	设备1 读出成功!!
11.25.26	正常	设备1 读出成功!!
11.25.39	正常	设备1 CRC = 0x016c1fd8
11.25.52	正常	设备1 程序下载成功 
11.32.33	正常	设备1 CRC = 0x3625b2e0
11.32.46	正常	设备1 程序下载成功 
11.35.32	正常	设备1 CRC = 0x3625b2e0
11.35.45	正常	设备1 程序下载成功 
11.57.30	正常	设备1 CRC = 0x3625b2e0
11.57.31	警告	设备1 写入Bin文件超时-1！ 
11.57.31	警告	设备1 程序下载失败 
11.57.33	正常	设备1 继续下载失败的bin文件！ 
11.57.34	警告	设备1 写入Bin文件超时-1！ 
11.57.34	警告	设备1 程序下载失败 
11.58.08	正常	设备1 继续下载失败的bin文件！ 
11.58.10	警告	设备1 写入Bin文件超时-1！ 
11.58.10	警告	设备1 程序下载失败 
11.58.11	正常	设备1 继续下载失败的bin文件！ 
11.58.24	正常	设备1 程序下载成功 
15.15.58	正常	设备1 CRC = 0xdd420b30
15.15.58	错误	设备1 downImage复位失败!!
15.15.58	警告	设备1 程序下载失败 
15.16.05	正常	设备1 继续下载失败的bin文件！ 
15.16.06	警告	设备1 写入Bin文件超时-1！ 
15.16.06	警告	设备1 程序下载失败 
15.16.17	正常	设备1 继续下载失败的bin文件！ 
15.16.19	警告	设备1 写入Bin文件超时-1！ 
15.16.19	警告	设备1 程序下载失败 
15.16.21	正常	设备1 继续下载失败的bin文件！ 
15.16.35	正常	设备1 程序下载成功 
15.37.07	正常	设备1 CRC = 0x8ffe588d
15.37.20	正常	设备1 程序下载成功 
15.40.49	正常	设备1 CRC = 0x0ffd0ef2
15.41.03	正常	设备1 程序下载成功 
16.00.48	正常	设备1 CRC = 0xf24a70e3
16.00.49	错误	设备1 downImage复位失败!!
16.00.49	警告	设备1 程序下载失败 
16.00.50	正常	设备1 继续下载失败的bin文件！ 
16.00.51	错误	设备1 downImage复位失败!!
16.00.51	警告	设备1 程序下载失败 
16.00.58	正常	设备1 继续下载失败的bin文件！ 
16.00.58	错误	设备1 downImage复位失败!!
16.00.58	警告	设备1 程序下载失败 
16.01.01	正常	设备1 继续下载失败的bin文件！ 
16.01.02	错误	设备1 downImage复位失败!!
16.01.02	警告	设备1 程序下载失败 
16.01.07	正常	设备1 继续下载失败的bin文件！ 
16.01.20	正常	设备1 程序下载成功 
16.08.22	正常	设备1 CRC = 0xf240c621
16.08.35	正常	设备1 程序下载成功 
16.14.59	正常	设备1 CRC = 0xf240c621
16.15.13	正常	设备1 程序下载成功 
16.17.47	正常	设备1 CRC = 0x781d57e4
16.18.01	正常	设备1 程序下载成功 
16.29.44	正常	设备1 CRC = 0x4fa5c200
16.29.58	正常	设备1 程序下载成功 
16.31.34	正常	设备1 CRC = 0xa0782c6b
16.31.48	正常	设备1 程序下载成功 
16.38.52	正常	设备1 CRC = 0xa0782c6b
16.39.06	正常	设备1 程序下载成功 
16.59.06	正常	设备1 CRC = 0x8ffe588d
16.59.20	正常	设备1 程序下载成功 
17.11.56	正常	设备1 CRC = 0x34832556
17.12.10	正常	设备1 程序下载成功 
17.16.13	正常	设备1 CRC = 0x34832556
17.16.27	正常	设备1 程序下载成功 
17.20.38	正常	设备1 CRC = 0x5e259e56
17.20.52	正常	设备1 程序下载成功 
17.39.59	正常	设备1 CRC = 0x5e259e56
17.40.12	正常	设备1 程序下载成功 
17.44.10	正常	设备1 CRC = 0x2bfc1c0b
17.44.24	正常	设备1 程序下载成功 
17.49.59	正常	设备1 CRC = 0x2bfc1c0b
17.50.13	正常	设备1 程序下载成功 
17.53.11	正常	设备1 CRC = 0x2bfc1c0b
17.53.24	正常	设备1 程序下载成功 
17.57.01	正常	设备1 CRC = 0x15aabcd7
17.57.14	正常	设备1 程序下载成功 
