10.37.31	正常	设备1 CRC = 0x820c3302
10.37.44	正常	设备1 程序下载成功 
10.39.06	正常	设备1 CRC = 0x38448055
10.39.19	正常	设备1 程序下载成功 
11.12.28	正常	设备1 CRC = 0x3fa2b263
11.12.41	正常	设备1 程序下载成功 
11.21.42	正常	设备1 CRC = 0x74bf2964
11.21.43	错误	设备1 downImage复位失败!!
11.21.43	警告	设备1 程序下载失败 
11.23.59	正常	设备1 继续下载失败的bin文件！ 
11.24.12	正常	设备1 程序下载成功 
11.25.10	正常	设备1 CRC = 0xcb16975a
11.25.23	正常	设备1 程序下载成功 
11.28.47	正常	设备1 CRC = 0xcfa45542
11.29.00	正常	设备1 程序下载成功 
11.30.49	正常	设备1 CRC = 0xe0efafcc
11.31.02	正常	设备1 程序下载成功 
11.32.11	正常	设备1 CRC = 0x0ddf721a
11.32.24	正常	设备1 程序下载成功 
11.36.24	正常	设备1 CRC = 0xbebc1d13
11.36.38	正常	设备1 程序下载成功 
11.47.00	正常	设备1 CRC = 0xd634fe5a
11.47.13	正常	设备1 程序下载成功 
11.47.24	正常	设备1 CRC = 0xd634fe5a
11.47.38	正常	设备1 程序下载成功 
11.49.18	正常	设备1 CRC = 0x754647cd
11.49.31	正常	设备1 程序下载成功 
14.21.25	正常	设备1 CRC = 0x5de41ee8
14.21.39	正常	设备1 程序下载成功 
14.28.03	正常	设备1 CRC = 0x5de41ee8
14.28.17	正常	设备1 程序下载成功 
14.29.47	正常	设备1 CRC = 0x89667874
14.30.01	正常	设备1 程序下载成功 
14.31.38	正常	设备1 CRC = 0x81ae139f
14.31.51	正常	设备1 程序下载成功 
14.33.16	正常	设备1 CRC = 0x115ecc4d
14.33.30	正常	设备1 程序下载成功 
16.20.36	正常	设备1 CRC = 0x715fc427
16.20.49	正常	设备1 程序下载成功 
16.26.07	正常	设备1 CRC = 0x4770ccb6
16.26.20	正常	设备1 程序下载成功 
18.16.56	正常	设备1 CRC = 0xac679252
18.17.10	正常	设备1 程序下载成功 
18.20.23	正常	设备1 CRC = 0x3b1e5ad1
18.20.36	正常	设备1 程序下载成功 
18.23.29	正常	设备1 CRC = 0xbd749dbf
18.23.42	正常	设备1 程序下载成功 
18.25.20	正常	设备1 CRC = 0x61923410
18.25.33	正常	设备1 程序下载成功 
18.27.33	正常	设备1 CRC = 0x1d15fb65
18.27.46	正常	设备1 程序下载成功 
18.29.49	正常	设备1 CRC = 0x624ea1f2
18.29.50	错误	设备1 downImage复位失败!!
18.29.50	警告	设备1 程序下载失败 
18.29.51	正常	设备1 继续下载失败的bin文件！ 
18.29.52	错误	设备1 downImage复位失败!!
18.29.52	警告	设备1 程序下载失败 
18.29.56	正常	设备1 继续下载失败的bin文件！ 
18.30.10	正常	设备1 程序下载成功 
