09.37.54	正常	设备1 CRC = 0xb1ba3fb5
09.37.54	错误	设备1 downImage复位失败!!
09.37.54	警告	设备1 程序下载失败 
09.38.08	正常	设备1 继续下载失败的bin文件！ 
09.38.08	错误	设备1 downImage复位失败!!
09.38.08	警告	设备1 程序下载失败 
09.39.30	正常	设备1 继续下载失败的bin文件！ 
09.39.31	错误	设备1 downImage复位失败!!
09.39.31	警告	设备1 程序下载失败 
09.39.41	正常	设备1 继续下载失败的bin文件！ 
09.39.42	错误	设备1 downImage复位失败!!
09.39.42	警告	设备1 程序下载失败 
09.42.33	正常	设备1 继续下载失败的bin文件！ 
09.42.49	正常	设备1 程序下载成功 
09.50.45	正常	设备1 CRC = 0x3999f9b5
09.51.01	正常	设备1 程序下载成功 
10.00.20	正常	设备1 CRC = 0x31b15c06
10.00.36	正常	设备1 程序下载成功 
10.02.25	正常	设备1 CRC = 0xf5d41e56
10.02.41	正常	设备1 程序下载成功 
10.55.22	正常	设备1 CRC = 0x60cebbcf
10.55.38	正常	设备1 程序下载成功 
10.58.22	正常	设备1 CRC = 0xbaeda2dc
10.58.38	正常	设备1 程序下载成功 
11.03.15	正常	设备1 CRC = 0x14807a59
11.03.31	正常	设备1 程序下载成功 
11.11.17	正常	设备1 CRC = 0x6f2594f8
11.11.33	正常	设备1 程序下载成功 
11.15.04	正常	设备1 CRC = 0x134177b3
11.15.20	正常	设备1 程序下载成功 
11.19.10	正常	设备1 CRC = 0x7289bb2f
11.19.27	正常	设备1 程序下载成功 
11.20.57	正常	设备1 CRC = 0xb6e2eaa8
11.21.14	正常	设备1 程序下载成功 
11.26.53	正常	设备1 CRC = 0xe3d75b77
11.27.09	正常	设备1 程序下载成功 
11.31.25	正常	设备1 CRC = 0xc55016be
11.31.42	正常	设备1 程序下载成功 
11.47.47	正常	设备1 CRC = 0xc101c4f9
11.48.04	正常	设备1 程序下载成功 
14.35.27	正常	设备1 CRC = 0x8456d24d
14.35.44	正常	设备1 程序下载成功 
14.47.29	正常	设备1 CRC = 0xa9bd76bb
14.47.45	正常	设备1 程序下载成功 
15.29.43	正常	设备1 CRC = 0xb3790d64
15.29.59	正常	设备1 程序下载成功 
15.32.15	正常	设备1 CRC = 0xcb3d18ef
15.32.32	正常	设备1 程序下载成功 
15.40.35	正常	设备1 CRC = 0xd1b8be39
15.40.52	正常	设备1 程序下载成功 
15.59.36	正常	设备1 CRC = 0x06237891
15.59.52	正常	设备1 程序下载成功 
16.11.40	正常	设备1 CRC = 0x8f66f883
16.11.57	正常	设备1 程序下载成功 
16.16.18	正常	设备1 CRC = 0x854782da
16.16.35	正常	设备1 程序下载成功 
16.48.12	正常	设备1 CRC = 0xd4d4f071
16.48.28	正常	设备1 程序下载成功 
17.29.41	正常	设备1 CRC = 0xbbf44c11
17.29.43	警告	设备1 写入Bin文件超时-1！ 
17.29.43	警告	设备1 程序下载失败 
17.30.10	正常	设备1 继续下载失败的bin文件！ 
17.30.27	正常	设备1 程序下载成功 
17.55.37	正常	设备1 CRC = 0x489ce78f
17.55.53	正常	设备1 程序下载成功 
18.08.22	正常	设备1 CRC = 0x358367ca
18.08.23	错误	设备1 downImage复位失败!!
18.08.23	警告	设备1 程序下载失败 
18.08.36	正常	设备1 继续下载失败的bin文件！ 
18.08.38	警告	设备1 写入Bin文件超时-1！ 
18.08.38	警告	设备1 程序下载失败 
18.08.40	正常	设备1 继续下载失败的bin文件！ 
18.08.41	警告	设备1 写入Bin文件超时-1！ 
18.08.41	警告	设备1 程序下载失败 
18.09.14	正常	设备1 继续下载失败的bin文件！ 
18.09.14	错误	设备1 downImage复位失败!!
18.09.14	警告	设备1 程序下载失败 
18.10.06	正常	设备1 继续下载失败的bin文件！ 
18.10.22	正常	设备1 程序下载成功 
18.12.27	正常	设备1 CRC = 0x34391a6b
18.12.44	正常	设备1 程序下载成功 
19.42.08	正常	设备1 CRC = 0x337396ad
19.42.24	正常	设备1 程序下载成功 
20.05.14	正常	设备1 CRC = 0xc967ed1c
20.05.30	正常	设备1 程序下载成功 
20.07.41	正常	设备1 CRC = 0x072ec01c
20.07.57	正常	设备1 程序下载成功 
20.08.20	正常	设备1 CRC = 0xa2b3f305
20.08.37	正常	设备1 程序下载成功 
20.23.22	正常	设备1 CRC = 0x82f74242
20.23.39	正常	设备1 程序下载成功 
20.26.09	正常	设备1 CRC = 0xeaa7ffe5
20.26.26	正常	设备1 程序下载成功 
