09.44.18	正常	设备1 CRC = 0xaa5090db
09.44.30	正常	设备1 程序下载成功 
10.56.54	正常	设备1 CRC = 0xc266b115
10.57.06	正常	设备1 程序下载成功 
11.03.20	正常	设备1 CRC = 0xd3d1a7b7
11.03.31	正常	设备1 程序下载成功 
11.41.58	正常	设备1 CRC = 0x4658ebc5
11.42.10	正常	设备1 程序下载成功 
11.44.49	正常	设备1 CRC = 0xa823762b
11.45.00	正常	设备1 程序下载成功 
11.46.03	正常	设备1 CRC = 0x486601f6
11.46.14	正常	设备1 程序下载成功 
13.56.53	正常	设备1 CRC = 0xc87443af
13.57.04	正常	设备1 程序下载成功 
14.22.07	正常	设备1 CRC = 0x009c1550
14.22.18	正常	设备1 程序下载成功 
14.50.39	正常	设备1 CRC = 0x009c1550
14.50.51	正常	设备1 程序下载成功 
14.57.25	正常	设备1 CRC = 0x009c1550
14.57.37	正常	设备1 程序下载成功 
15.04.54	正常	设备1 CRC = 0xf3aa6c2a
15.05.05	正常	设备1 程序下载成功 
16.47.26	正常	设备1 CRC = 0xf3aa6c2a
16.47.38	正常	设备1 程序下载成功 
16.47.53	正常	设备1 CRC = 0xf3aa6c2a
16.48.05	正常	设备1 程序下载成功 
16.54.11	正常	设备1 CRC = 0x83600e6a
16.54.23	正常	设备1 程序下载成功 
17.00.59	正常	设备1 CRC = 0x782995c9
17.01.10	正常	设备1 程序下载成功 
17.02.54	正常	设备1 CRC = 0x210bd38c
17.03.06	正常	设备1 程序下载成功 
17.04.14	正常	设备1 CRC = 0x305f11a5
17.04.25	正常	设备1 程序下载成功 
17.24.31	正常	设备1 CRC = 0x41d481cd
17.24.42	正常	设备1 程序下载成功 
17.35.17	正常	设备1 CRC = 0xf1117ac9
17.35.28	正常	设备1 程序下载成功 
17.37.15	正常	设备1 CRC = 0xb8b47c89
17.37.27	正常	设备1 程序下载成功 
17.46.27	正常	设备1 CRC = 0xe4b9b8dd
17.46.38	正常	设备1 程序下载成功 
17.53.49	正常	设备1 CRC = 0x8be177cc
17.54.01	正常	设备1 程序下载成功 
17.57.10	正常	设备1 CRC = 0x219b90e1
17.57.21	正常	设备1 程序下载成功 
18.01.33	正常	设备1 CRC = 0xd5d28e26
18.01.45	正常	设备1 程序下载成功 
18.04.34	正常	设备1 CRC = 0x86f92faa
18.04.46	正常	设备1 程序下载成功 
18.05.52	正常	设备1 CRC = 0x823b4bfb
18.06.03	正常	设备1 程序下载成功 
18.06.37	正常	设备1 CRC = 0x7a362df5
18.06.49	正常	设备1 程序下载成功 
18.07.13	正常	设备1 CRC = 0x57624fe5
18.07.25	正常	设备1 程序下载成功 
18.54.26	正常	设备1 CRC = 0x6e344b91
18.54.37	正常	设备1 程序下载成功 
18.55.39	正常	设备1 CRC = 0x6e344b91
18.55.50	正常	设备1 程序下载成功 
18.57.48	正常	设备1 CRC = 0x0964175f
18.57.59	正常	设备1 程序下载成功 
19.45.04	正常	设备1 CRC = 0x70f80e6d
19.45.06	警告	设备1 写入Bin文件超时-1！ 
19.45.06	警告	设备1 程序下载失败 
19.45.07	正常	设备1 继续下载失败的bin文件！ 
19.45.19	正常	设备1 程序下载成功 
19.46.46	正常	设备1 CRC = 0xd5e32dbf
19.46.57	正常	设备1 程序下载成功 
19.53.51	正常	设备1 CRC = 0x6f31ae61
19.54.03	正常	设备1 程序下载成功 
19.54.37	正常	设备1 CRC = 0x8a0ed3e5
19.54.48	正常	设备1 程序下载成功 
19.57.22	正常	设备1 CRC = 0x862a2b0c
19.57.33	正常	设备1 程序下载成功 
20.16.13	正常	设备1 CRC = 0xafab7636
20.16.24	正常	设备1 程序下载成功 
