09.27.00	正常	设备1 CRC = 0x7f0ed44d
09.27.14	正常	设备1 程序下载成功 
09.27.45	正常	设备1 CRC = 0x7f0ed44d
09.27.59	正常	设备1 程序下载成功 
09.55.36	正常	设备1 CRC = 0xee8f22b6
09.55.49	正常	设备1 程序下载成功 
09.57.11	正常	设备1 CRC = 0x85b62244
09.57.24	正常	设备1 程序下载成功 
10.06.18	正常	设备1 CRC = 0x7f0ed44d
10.06.32	正常	设备1 程序下载成功 
10.22.25	正常	设备1 CRC = 0x1c97b18b
10.22.38	正常	设备1 程序下载成功 
10.24.08	正常	设备1 CRC = 0x86deb994
10.24.22	正常	设备1 程序下载成功 
10.25.47	正常	设备1 CRC = 0x86deb994
10.26.01	正常	设备1 程序下载成功 
10.58.34	正常	设备1 CRC = 0xa544553c
10.58.48	正常	设备1 程序下载成功 
11.04.23	正常	设备1 CRC = 0x3ae3feb0
11.04.36	正常	设备1 程序下载成功 
11.07.31	正常	设备1 CRC = 0x919286ac
11.07.45	正常	设备1 程序下载成功 
11.12.08	正常	设备1 CRC = 0xaf70427d
11.12.22	正常	设备1 程序下载成功 
11.15.01	正常	设备1 CRC = 0x02677c48
11.15.15	正常	设备1 程序下载成功 
11.16.13	正常	设备1 CRC = 0xafd330dd
11.16.27	正常	设备1 程序下载成功 
13.50.52	正常	设备1 CRC = 0xa60ee7c9
13.51.05	正常	设备1 程序下载成功 
13.57.18	正常	设备1 CRC = 0xb7b5687a
13.57.32	正常	设备1 程序下载成功 
13.59.03	正常	设备1 CRC = 0xf3afb2f0
13.59.16	正常	设备1 程序下载成功 
14.01.07	正常	设备1 CRC = 0xcefbec9c
14.01.08	错误	设备1 downImage复位失败!!
14.01.08	警告	设备1 程序下载失败 
14.01.10	正常	设备1 继续下载失败的bin文件！ 
14.01.10	错误	设备1 downImage复位失败!!
14.01.10	警告	设备1 程序下载失败 
14.02.59	正常	设备1 继续下载失败的bin文件！ 
14.03.13	正常	设备1 程序下载成功 
14.14.40	正常	设备1 CRC = 0xcefbec9c
14.14.42	警告	设备1 写入Bin文件超时-1！ 
14.14.42	警告	设备1 程序下载失败 
14.14.43	正常	设备1 继续下载失败的bin文件！ 
14.14.57	正常	设备1 程序下载成功 
14.24.50	正常	设备1 CRC = 0xcefbec9c
14.25.04	正常	设备1 程序下载成功 
16.23.13	正常	设备1 CRC = 0x3dc79368
16.23.27	正常	设备1 程序下载成功 
16.26.47	正常	设备1 CRC = 0xcefbec9c
16.27.01	正常	设备1 程序下载成功 
16.40.38	正常	设备1 CRC = 0x6ccd6d2e
16.40.52	正常	设备1 程序下载成功 
16.42.19	正常	设备1 CRC = 0xbe0b29aa
16.42.19	错误	设备1 downImage复位失败!!
16.42.19	警告	设备1 程序下载失败 
16.42.44	正常	设备1 继续下载失败的bin文件！ 
16.42.57	正常	设备1 程序下载成功 
19.12.43	正常	设备1 CRC = 0xbe0b29aa
19.12.57	正常	设备1 程序下载成功 
19.13.09	正常	设备1 CRC = 0xa484b825
19.13.22	正常	设备1 程序下载成功 
