11.35.35	正常	设备1 CRC = 0x69d71c4d
11.35.35	错误	设备1 downImage复位失败!!
11.35.35	警告	设备1 程序下载失败 
11.36.21	正常	设备1 继续下载失败的bin文件！ 
11.36.34	正常	设备1 程序下载成功 
14.07.09	正常	设备1 CRC = 0x09de290a
14.07.23	正常	设备1 程序下载成功 
14.10.48	正常	设备1 CRC = 0xd479521a
14.11.01	正常	设备1 程序下载成功 
14.12.50	正常	设备1 CRC = 0x8e3df757
14.13.03	正常	设备1 程序下载成功 
14.16.02	正常	设备1 CRC = 0x9d33006f
14.16.15	正常	设备1 程序下载成功 
14.17.27	正常	设备1 CRC = 0x2cf74e17
14.17.41	正常	设备1 程序下载成功 
14.18.33	正常	设备1 CRC = 0x9abc595d
14.18.46	正常	设备1 程序下载成功 
14.21.18	正常	设备1 CRC = 0x0b1c379f
14.21.31	正常	设备1 程序下载成功 
14.23.49	正常	设备1 CRC = 0xa5475934
14.24.02	正常	设备1 程序下载成功 
14.27.46	正常	设备1 CRC = 0xa5475934
14.27.59	正常	设备1 程序下载成功 
14.29.47	正常	设备1 CRC = 0xb6e19070
14.30.00	正常	设备1 程序下载成功 
14.40.32	正常	设备1 CRC = 0x62bdb23b
14.40.45	正常	设备1 程序下载成功 
14.42.35	正常	设备1 CRC = 0x59c7e225
14.42.48	正常	设备1 程序下载成功 
14.51.15	正常	设备1 CRC = 0x87c1bb77
14.51.28	正常	设备1 程序下载成功 
14.52.18	正常	设备1 CRC = 0x78db2487
14.52.31	正常	设备1 程序下载成功 
14.53.13	正常	设备1 CRC = 0x33545794
14.53.26	正常	设备1 程序下载成功 
14.54.14	正常	设备1 CRC = 0x1d94e0bc
14.54.27	正常	设备1 程序下载成功 
14.54.42	正常	设备1 CRC = 0x6cf3e0d3
14.54.56	正常	设备1 程序下载成功 
14.56.39	正常	设备1 CRC = 0xc24cbfd8
14.56.52	正常	设备1 程序下载成功 
15.09.55	正常	设备1 CRC = 0x0e6839dc
15.10.08	正常	设备1 程序下载成功 
15.34.49	正常	设备1 CRC = 0x658b1c36
15.35.02	正常	设备1 程序下载成功 
15.37.46	正常	设备1 CRC = 0x40ac5531
15.37.59	正常	设备1 程序下载成功 
15.39.53	正常	设备1 CRC = 0x5562ebea
15.40.06	正常	设备1 程序下载成功 
15.43.45	正常	设备1 CRC = 0x7805de04
15.43.58	正常	设备1 程序下载成功 
15.44.46	正常	设备1 CRC = 0xbd701cc2
15.44.59	正常	设备1 程序下载成功 
15.45.35	正常	设备1 CRC = 0x94dc0a72
15.45.48	正常	设备1 程序下载成功 
15.46.49	正常	设备1 CRC = 0x40ac5531
15.47.03	正常	设备1 程序下载成功 
16.00.18	正常	设备1 CRC = 0x3f334478
16.00.31	正常	设备1 程序下载成功 
16.02.22	正常	设备1 CRC = 0x4d0c6d88
16.02.35	正常	设备1 程序下载成功 
16.03.08	正常	设备1 CRC = 0xb87477f6
16.03.21	正常	设备1 程序下载成功 
16.04.10	正常	设备1 CRC = 0x47566efe
16.04.24	正常	设备1 程序下载成功 
16.04.44	正常	设备1 CRC = 0x3e07572c
16.04.57	正常	设备1 程序下载成功 
16.06.08	正常	设备1 CRC = 0xed4cb7b8
16.06.21	正常	设备1 程序下载成功 
16.10.20	正常	设备1 CRC = 0x4d70917d
16.10.33	正常	设备1 程序下载成功 
16.59.12	正常	设备1 CRC = 0x2edf80f6
16.59.25	正常	设备1 程序下载成功 
17.00.50	正常	设备1 CRC = 0xf9ad75fd
17.01.03	正常	设备1 程序下载成功 
17.17.07	正常	设备1 CRC = 0xdc333da2
17.17.21	正常	设备1 程序下载成功 
17.23.47	正常	设备1 CRC = 0xf663b576
17.24.00	正常	设备1 程序下载成功 
17.24.36	正常	设备1 CRC = 0x9111147c
17.24.49	正常	设备1 程序下载成功 
17.31.01	正常	设备1 CRC = 0x4612185e
17.31.14	正常	设备1 程序下载成功 
17.54.47	正常	设备1 CRC = 0x9c6b22e2
17.55.00	正常	设备1 程序下载成功 
17.55.41	正常	设备1 CRC = 0x1461f49c
17.55.54	正常	设备1 程序下载成功 
17.56.27	正常	设备1 CRC = 0x92d844e7
17.56.40	正常	设备1 程序下载成功 
18.02.03	正常	设备1 CRC = 0x4d03687b
18.02.16	正常	设备1 程序下载成功 
18.04.30	正常	设备1 CRC = 0xd677f373
18.04.43	正常	设备1 程序下载成功 
