10.01.34	正常	设备1 CRC = 0x7abe9b40
10.01.35	错误	设备1 downImage复位失败!!
10.01.35	警告	设备1 程序下载失败 
10.01.44	正常	设备1 继续下载失败的bin文件！ 
10.01.59	正常	设备1 程序下载成功 
14.18.35	正常	设备1 CRC = 0xa02fdb78
14.18.51	正常	设备1 程序下载成功 
16.15.32	正常	设备1 CRC = 0x840faa4b
16.15.48	正常	设备1 程序下载成功 
16.16.57	正常	设备1 CRC = 0x840faa4b
16.17.14	正常	设备1 程序下载成功 
16.21.47	正常	设备1 CRC = 0x6b14f20e
16.22.03	正常	设备1 程序下载成功 
16.58.44	正常	设备1 CRC = 0x7cb9e260
16.59.00	正常	设备1 程序下载成功 
18.03.00	正常	设备1 CRC = 0x883c8799
18.03.16	正常	设备1 程序下载成功 
18.06.02	正常	设备1 CRC = 0x883c8799
18.06.18	正常	设备1 程序下载成功 
19.11.25	正常	设备1 CRC = 0x883c8799
19.11.41	正常	设备1 程序下载成功 
