11.05.39	正常	设备1 CRC = 0xe47b101c
11.05.56	正常	设备1 程序下载成功 
11.10.23	正常	设备1 CRC = 0x8f2519f9
11.10.40	正常	设备1 程序下载成功 
11.19.28	正常	设备1 CRC = 0x128923e0
11.19.45	正常	设备1 程序下载成功 
11.26.30	正常	设备1 CRC = 0x9e413b90
11.26.47	正常	设备1 程序下载成功 
11.30.37	正常	设备1 CRC = 0x9e413b90
11.30.39	警告	设备1 写入Bin文件超时-1！ 
11.30.39	警告	设备1 程序下载失败 
11.30.53	正常	设备1 继续下载失败的bin文件！ 
11.31.10	正常	设备1 程序下载成功 
11.32.09	正常	设备1 CRC = 0xe47b101c
11.32.25	正常	设备1 程序下载成功 
11.35.10	正常	设备1 CRC = 0xe47b101c
11.35.27	正常	设备1 程序下载成功 
11.39.33	正常	设备1 CRC = 0x50f59e80
11.39.50	正常	设备1 程序下载成功 
11.45.33	正常	设备1 CRC = 0xe7a10ff4
11.45.50	正常	设备1 程序下载成功 
11.47.48	正常	设备1 CRC = 0x255381dc
11.48.05	正常	设备1 程序下载成功 
11.51.17	正常	设备1 CRC = 0x404c8c57
11.51.34	正常	设备1 程序下载成功 
11.54.18	正常	设备1 CRC = 0x763d2890
11.54.34	正常	设备1 程序下载成功 
