09.58.15	正常	设备1 继续下载失败的bin文件！ 
09.58.16	错误	设备1 downImage复位失败!!
09.58.16	警告	设备1 程序下载失败 
14.23.31	正常	设备1 CRC = 0xff35a7b4
14.23.52	正常	设备1 程序下载成功 
14.30.07	正常	设备1 CRC = 0x56e95e3a
14.30.28	正常	设备1 程序下载成功 
14.31.45	正常	设备1 CRC = 0x6bd9556a
14.32.05	正常	设备1 程序下载成功 
14.36.24	正常	设备1 CRC = 0x988f3f6f
14.36.45	正常	设备1 程序下载成功 
15.08.50	正常	设备1 CRC = 0x5ed0da9f
15.09.11	正常	设备1 程序下载成功 
15.30.04	正常	设备1 CRC = 0x3c4bc218
15.30.25	正常	设备1 程序下载成功 
15.32.30	正常	设备1 CRC = 0xb5f6e740
15.32.50	正常	设备1 程序下载成功 
15.36.33	正常	设备1 CRC = 0x7391b6ce
15.36.54	正常	设备1 程序下载成功 
15.44.41	正常	设备1 CRC = 0xc52113e4
15.45.02	正常	设备1 程序下载成功 
16.06.09	正常	设备1 CRC = 0xdc672fad
16.06.30	正常	设备1 程序下载成功 
16.08.32	正常	设备1 CRC = 0x168262c3
16.08.53	正常	设备1 程序下载成功 
16.10.04	正常	设备1 CRC = 0xa6e8137d
16.10.25	正常	设备1 程序下载成功 
16.11.14	正常	设备1 CRC = 0xed496072
16.11.35	正常	设备1 程序下载成功 
16.44.04	正常	设备1 CRC = 0xc62e7d04
16.44.25	正常	设备1 程序下载成功 
17.04.22	正常	设备1 CRC = 0xf86b68b9
17.04.43	正常	设备1 程序下载成功 
17.23.24	正常	设备1 CRC = 0x0936cb56
17.23.45	正常	设备1 程序下载成功 
17.56.25	正常	设备1 CRC = 0x6780262a
17.56.46	正常	设备1 程序下载成功 
18.57.56	正常	设备1 CRC = 0x54191505
18.58.17	正常	设备1 程序下载成功 
19.14.16	正常	设备1 CRC = 0xf79d13b4
19.14.38	正常	设备1 程序下载成功 
19.30.50	正常	设备1 CRC = 0xe89c10c9
19.31.11	正常	设备1 程序下载成功 
19.37.57	正常	设备1 CRC = 0x7fd6270c
19.38.18	正常	设备1 程序下载成功 
19.43.47	正常	设备1 CRC = 0xccc5988b
19.44.09	正常	设备1 程序下载成功 
19.46.07	正常	设备1 CRC = 0x310bca85
19.46.28	正常	设备1 程序下载成功 
19.47.23	正常	设备1 CRC = 0xffa5ab4a
19.47.44	正常	设备1 程序下载成功 
19.52.59	正常	设备1 CRC = 0x9f8a213e
19.53.20	正常	设备1 程序下载成功 
20.30.12	正常	设备1 CRC = 0xf355b775
20.30.33	正常	设备1 程序下载成功 
