11.04.57	正常	设备1 CRC = 0x626eb5fe
11.05.20	正常	设备1 程序下载成功 
11.07.44	正常	设备1 CRC = 0x5761cd52
11.08.07	正常	设备1 程序下载成功 
11.24.06	正常	设备1 CRC = 0xc2a66766
11.24.29	正常	设备1 程序下载成功 
11.43.14	正常	设备1 CRC = 0xc2a66766
11.43.37	正常	设备1 程序下载成功 
13.47.13	正常	设备1 CRC = 0x37e650e6
13.47.14	警告	设备1 写入Bin文件超时-1！ 
13.47.14	警告	设备1 程序下载失败 
13.47.29	正常	设备1 CRC = 0x61f9d807
13.47.31	警告	设备1 写入Bin文件超时-1！ 
13.47.31	警告	设备1 程序下载失败 
13.48.09	正常	设备1 继续下载失败的bin文件！ 
13.48.11	警告	设备1 写入Bin文件超时-1！ 
13.48.11	警告	设备1 程序下载失败 
14.25.35	正常	设备1 继续下载失败的bin文件！ 
14.25.58	正常	设备1 程序下载成功 
14.28.29	正常	设备1 CRC = 0x61f9d807
14.28.52	正常	设备1 程序下载成功 
14.29.34	正常	设备1 CRC = 0x5331fbaf
14.29.57	正常	设备1 程序下载成功 
14.31.12	正常	设备1 CRC = 0x654b4705
14.31.35	正常	设备1 程序下载成功 
