09.40.07	正常	设备1 CRC = 0x8869ba33
09.40.29	正常	设备1 程序下载成功 
09.49.52	正常	设备1 CRC = 0x6f8259c2
09.50.15	正常	设备1 程序下载成功 
09.54.02	正常	设备1 CRC = 0xcfbb10eb
09.54.25	正常	设备1 程序下载成功 
10.03.43	正常	设备1 CRC = 0xe651325c
10.04.06	正常	设备1 程序下载成功 
10.33.19	正常	设备1 CRC = 0x50a561d3
10.33.41	正常	设备1 程序下载成功 
14.33.34	正常	设备1 CRC = 0x5a5f3b1b
14.33.56	正常	设备1 程序下载成功 
15.46.44	正常	设备1 CRC = 0x5a5f3b1b
15.46.44	错误	设备1 downImage复位失败!!
15.46.44	警告	设备1 程序下载失败 
15.46.58	正常	设备1 继续下载失败的bin文件！ 
15.46.58	错误	设备1 downImage复位失败!!
15.46.58	警告	设备1 程序下载失败 
16.03.41	正常	设备1 继续下载失败的bin文件！ 
16.03.41	错误	设备1 downImage复位失败!!
16.03.41	警告	设备1 程序下载失败 
16.04.27	正常	设备1 继续下载失败的bin文件！ 
16.04.28	错误	设备1 downImage复位失败!!
16.04.28	警告	设备1 程序下载失败 
16.16.43	正常	设备1 CRC = 0x5a5f3b1b
16.17.05	正常	设备1 程序下载成功 
16.23.02	正常	设备1 CRC = 0x5a5f3b1b
16.23.24	正常	设备1 程序下载成功 
16.42.25	正常	设备1 CRC = 0xd28730aa
16.42.47	正常	设备1 程序下载成功 
16.45.10	正常	设备1 CRC = 0xe0dfb15a
16.45.32	正常	设备1 程序下载成功 
16.50.33	正常	设备1 CRC = 0x0c7bdddf
16.50.56	正常	设备1 程序下载成功 
16.51.04	正常	设备1 CRC = 0x0c7bdddf
16.51.27	正常	设备1 程序下载成功 
17.05.44	正常	设备1 CRC = 0x95e76062
17.06.06	正常	设备1 程序下载成功 
