12.01.19	正常	设备1 CRC = 0x9bec0ac9
12.01.35	正常	设备1 程序下载成功 
13.41.58	正常	设备1 CRC = 0xb27f394c
13.42.14	正常	设备1 程序下载成功 
14.50.57	正常	设备1 CRC = 0x036f09c1
14.51.14	正常	设备1 程序下载成功 
14.59.55	正常	设备1 CRC = 0x6df58596
15.00.11	正常	设备1 程序下载成功 
15.11.23	正常	设备1 CRC = 0xb3eb7846
15.11.40	正常	设备1 程序下载成功 
15.24.58	正常	设备1 CRC = 0x5fa717f0
15.25.15	正常	设备1 程序下载成功 
15.39.07	正常	设备1 CRC = 0xc9cc664f
15.39.23	正常	设备1 程序下载成功 
15.47.37	正常	设备1 CRC = 0xb14c0175
15.47.53	正常	设备1 程序下载成功 
16.34.18	正常	设备1 CRC = 0x75945d47
16.34.32	正常	设备1 程序下载成功 
16.44.42	正常	设备1 CRC = 0x2b4e3e77
16.44.57	正常	设备1 程序下载成功 
17.06.19	正常	设备1 CRC = 0x2b4e3e77
17.06.19	错误	设备1 downImage复位失败!!
17.06.19	警告	设备1 程序下载失败 
17.06.42	正常	设备1 CRC = 0xdde2ae34
17.06.42	错误	设备1 downImage复位失败!!
17.06.42	警告	设备1 程序下载失败 
17.06.56	正常	设备1 继续下载失败的bin文件！ 
17.07.13	正常	设备1 程序下载成功 
17.56.40	正常	设备1 CRC = 0xdde2ae34
17.56.53	正常	设备1 程序下载成功 
