11.53.06	正常	设备1 CRC = 0x4239fb37
11.53.06	错误	设备1 downImage复位失败!!
11.53.06	警告	设备1 程序下载失败 
11.53.12	正常	设备1 继续下载失败的bin文件！ 
11.53.12	错误	设备1 downImage复位失败!!
11.53.12	警告	设备1 程序下载失败 
11.53.21	正常	设备1 继续下载失败的bin文件！ 
11.53.21	错误	设备1 downImage复位失败!!
11.53.21	警告	设备1 程序下载失败 
12.27.35	正常	设备1 继续下载失败的bin文件！ 
12.27.52	正常	设备1 程序下载成功 
12.32.58	正常	设备1 CRC = 0x5f38d86d
12.33.15	正常	设备1 程序下载成功 
13.34.35	正常	设备1 CRC = 0x3b4cce80
13.34.52	正常	设备1 程序下载成功 
13.41.25	正常	设备1 CRC = 0x16ff8d47
13.41.42	正常	设备1 程序下载成功 
14.54.32	正常	设备1 CRC = 0x1e8e29f1
14.54.44	正常	设备1 程序下载成功 
14.57.29	正常	设备1 CRC = 0x464546ea
14.57.41	正常	设备1 程序下载成功 
15.03.07	正常	设备1 CRC = 0x39e969ab
15.03.18	正常	设备1 程序下载成功 
15.31.53	正常	设备1 CRC = 0x39e969ab
15.32.05	正常	设备1 程序下载成功 
15.54.10	正常	设备1 CRC = 0x39e969ab
15.54.10	错误	设备1 downImage复位失败!!
15.54.10	警告	设备1 程序下载失败 
17.28.07	正常	设备1 读出成功!!
17.28.23	正常	设备1 CRC = 0x16ff8d47
17.28.40	正常	设备1 程序下载成功 
17.39.03	正常	设备1 CRC = 0x23343254
17.39.19	正常	设备1 程序下载成功 
17.41.51	正常	设备1 CRC = 0x16ff8d47
17.42.08	正常	设备1 程序下载成功 
17.43.59	正常	设备1 CRC = 0xf0da0891
17.44.15	正常	设备1 程序下载成功 
