09.32.38	正常	设备1 CRC = 0xf28756b9
09.32.40	警告	设备1 写入Bin文件超时-1！ 
09.32.40	警告	设备1 程序下载失败 
09.33.08	正常	设备1 继续下载失败的bin文件！ 
09.33.22	正常	设备1 程序下载成功 
15.44.22	正常	设备1 CRC = 0x63b7c6dd
15.44.34	正常	设备1 程序下载成功 
15.45.06	正常	设备1 CRC = 0xd42bed84
15.45.18	正常	设备1 程序下载成功 
15.51.36	正常	设备1 CRC = 0x7d56b206
15.51.48	正常	设备1 程序下载成功 
17.54.17	正常	设备1 CRC = 0x62d7c9c5
17.54.17	错误	设备1 downImage复位失败!!
17.54.17	警告	设备1 程序下载失败 
17.54.29	正常	设备1 继续下载失败的bin文件！ 
17.54.29	错误	设备1 downImage复位失败!!
17.54.29	警告	设备1 程序下载失败 
17.58.32	正常	设备1 继续下载失败的bin文件！ 
17.58.32	错误	设备1 downImage复位失败!!
17.58.32	警告	设备1 程序下载失败 
18.02.48	正常	设备1 继续下载失败的bin文件！ 
18.02.49	错误	设备1 downImage复位失败!!
18.02.49	警告	设备1 程序下载失败 
18.02.52	正常	设备1 继续下载失败的bin文件！ 
18.02.53	错误	设备1 downImage复位失败!!
18.02.53	警告	设备1 程序下载失败 
18.24.41	正常	设备1 继续下载失败的bin文件！ 
18.24.42	错误	设备1 downImage复位失败!!
18.24.42	警告	设备1 程序下载失败 
18.24.44	正常	设备1 继续下载失败的bin文件！ 
18.24.44	错误	设备1 downImage复位失败!!
18.24.44	警告	设备1 程序下载失败 
18.25.24	正常	设备1 继续下载失败的bin文件！ 
18.25.24	错误	设备1 downImage复位失败!!
18.25.24	警告	设备1 程序下载失败 
18.25.42	正常	设备1 继续下载失败的bin文件！ 
18.25.43	错误	设备1 downImage复位失败!!
18.25.43	警告	设备1 程序下载失败 
18.26.38	正常	设备1 继续下载失败的bin文件！ 
18.26.38	错误	设备1 downImage复位失败!!
18.26.38	警告	设备1 程序下载失败 
18.27.13	正常	设备1 继续下载失败的bin文件！ 
18.27.14	错误	设备1 downImage复位失败!!
18.27.14	警告	设备1 程序下载失败 
18.27.38	正常	设备1 继续下载失败的bin文件！ 
18.27.41	错误	设备1 芯片校验读取超时！
18.27.41	警告	设备1 程序下载失败 
18.27.51	正常	设备1 CRC = 0x62d7c9c5
18.28.06	正常	设备1 程序下载成功 
18.28.13	正常	设备1 CRC = 0x62d7c9c5
18.28.14	错误	设备1 downImage复位失败!!
18.28.14	警告	设备1 程序下载失败 
18.49.28	正常	设备1 继续下载失败的bin文件！ 
18.49.28	正常	设备1 继续下载失败的bin文件！ 
18.49.28	错误	设备1 downImage复位失败!!
18.49.28	警告	设备1 程序下载失败 
18.49.43	正常	设备1 程序下载成功 
18.54.28	正常	设备1 CRC = 0x62d7c9c5
18.54.29	错误	设备1 downImage复位失败!!
18.54.29	警告	设备1 程序下载失败 
18.54.30	正常	设备1 继续下载失败的bin文件！ 
18.54.31	错误	设备1 downImage复位失败!!
18.54.31	警告	设备1 程序下载失败 
18.54.38	正常	设备1 继续下载失败的bin文件！ 
18.54.54	正常	设备1 程序下载成功 
19.05.42	正常	设备1 CRC = 0x62d7c9c5
19.05.42	错误	设备1 downImage复位失败!!
19.05.42	警告	设备1 程序下载失败 
19.05.48	正常	设备1 继续下载失败的bin文件！ 
19.05.48	错误	设备1 downImage复位失败!!
19.05.48	警告	设备1 程序下载失败 
19.06.37	正常	设备1 继续下载失败的bin文件！ 
19.06.38	错误	设备1 downImage复位失败!!
19.06.38	警告	设备1 程序下载失败 
19.07.18	正常	设备1 继续下载失败的bin文件！ 
19.07.33	正常	设备1 程序下载成功 
20.11.50	正常	设备1 CRC = 0xcf190b88
20.12.05	正常	设备1 程序下载成功 
20.27.07	正常	设备1 CRC = 0x1633b672
20.27.22	正常	设备1 程序下载成功 
20.37.39	正常	设备1 CRC = 0x960fc774
20.37.54	正常	设备1 程序下载成功 
20.40.57	正常	设备1 CRC = 0x96950389
20.41.12	正常	设备1 程序下载成功 
20.44.57	正常	设备1 CRC = 0x5b47eb72
20.45.12	正常	设备1 程序下载成功 
