14.40.53	正常	设备1 读出成功!!
14.58.12	正常	设备1 CRC = 0x8627e4d7
14.58.35	正常	设备1 程序下载成功 
15.01.29	正常	设备1 CRC = 0xf5f80951
15.01.52	正常	设备1 程序下载成功 
15.03.36	正常	设备1 CRC = 0xf5f80951
15.03.59	正常	设备1 程序下载成功 
15.05.05	正常	设备1 CRC = 0x3bcd6e7e
15.05.28	正常	设备1 程序下载成功 
15.07.11	正常	设备1 CRC = 0x42d29185
15.07.34	正常	设备1 程序下载成功 
15.27.58	正常	设备1 CRC = 0x6a6b2747
15.28.21	正常	设备1 程序下载成功 
15.36.58	正常	设备1 读出成功!!
15.40.06	正常	设备1 CRC = 0x0e423828
15.40.29	正常	设备1 程序下载成功 
16.06.22	正常	设备1 读出成功!!
16.16.19	正常	设备1 CRC = 0x8f4ecc10
16.16.42	正常	设备1 程序下载成功 
16.48.58	正常	设备1 CRC = 0xa1819da2
16.49.21	正常	设备1 程序下载成功 
17.26.55	正常	设备1 CRC = 0xa1819da2
17.26.55	错误	设备1 downImage复位失败!!
17.26.55	警告	设备1 程序下载失败 
17.27.33	正常	设备1 继续下载失败的bin文件！ 
17.27.56	正常	设备1 程序下载成功 
17.33.43	正常	设备1 CRC = 0xe81ec33c
17.34.06	正常	设备1 程序下载成功 
18.29.09	正常	设备1 CRC = 0x971d34a3
18.29.32	正常	设备1 程序下载成功 
18.53.13	正常	设备1 CRC = 0xa6ff8402
18.53.36	正常	设备1 程序下载成功 
18.59.58	正常	设备1 CRC = 0xc5ead521
19.00.21	正常	设备1 程序下载成功 
19.03.32	正常	设备1 CRC = 0x67a72bc6
19.03.55	正常	设备1 程序下载成功 
19.08.25	正常	设备1 CRC = 0xbe9a6e14
19.08.48	正常	设备1 程序下载成功 
19.09.25	正常	设备1 CRC = 0xbe9a6e14
19.09.48	正常	设备1 程序下载成功 
20.52.16	正常	设备1 CRC = 0x7f197492
20.52.39	正常	设备1 程序下载成功 
20.53.11	正常	设备1 CRC = 0x49b2d362
20.53.34	正常	设备1 程序下载成功 
20.54.20	正常	设备1 CRC = 0xe06b3a4c
20.54.43	正常	设备1 程序下载成功 
