09.36.41	正常	设备1 CRC = 0x711c9e8c
09.36.53	正常	设备1 程序下载成功 
11.39.07	正常	设备1 CRC = 0x67761a54
11.39.21	正常	设备1 程序下载成功 
11.45.45	正常	设备1 CRC = 0xec670a98
11.45.58	正常	设备1 程序下载成功 
11.48.53	正常	设备1 CRC = 0x3da8a074
11.49.07	正常	设备1 程序下载成功 
13.38.58	正常	设备1 CRC = 0x9eaff945
13.39.11	正常	设备1 程序下载成功 
13.45.42	正常	设备1 CRC = 0xab59478b
13.45.55	正常	设备1 程序下载成功 
13.59.58	正常	设备1 CRC = 0x6395e6c1
14.00.11	正常	设备1 程序下载成功 
14.10.13	正常	设备1 CRC = 0x7a2bce77
14.10.26	正常	设备1 程序下载成功 
14.13.12	正常	设备1 CRC = 0xfbd1c216
14.13.25	正常	设备1 程序下载成功 
14.28.44	正常	设备1 CRC = 0x662532d7
14.28.57	正常	设备1 程序下载成功 
14.31.14	正常	设备1 CRC = 0x1f09b98e
14.31.28	正常	设备1 程序下载成功 
14.33.35	正常	设备1 CRC = 0xd681193e
14.33.48	正常	设备1 程序下载成功 
15.16.22	正常	设备1 CRC = 0x2bceac3f
15.16.35	正常	设备1 程序下载成功 
15.50.06	正常	设备1 CRC = 0xdc846010
15.50.07	错误	设备1 downImage复位失败!!
15.50.07	警告	设备1 程序下载失败 
15.59.59	正常	设备1 CRC = 0xf9b2bdd4
16.00.12	正常	设备1 程序下载成功 
16.35.48	正常	设备1 CRC = 0x56f560bf
16.36.01	正常	设备1 程序下载成功 
16.51.58	正常	设备1 CRC = 0x5359c26b
16.52.11	正常	设备1 程序下载成功 
16.52.30	正常	设备1 CRC = 0x5359c26b
16.52.43	正常	设备1 程序下载成功 
17.00.27	正常	设备1 CRC = 0x24de3c27
17.00.40	正常	设备1 程序下载成功 
17.32.42	正常	设备1 CRC = 0xe7527ac8
17.32.55	正常	设备1 程序下载成功 
17.37.01	正常	设备1 CRC = 0x1ff91acc
17.37.14	正常	设备1 程序下载成功 
17.45.22	正常	设备1 CRC = 0xaadb5913
17.45.36	正常	设备1 程序下载成功 
18.13.20	正常	设备1 CRC = 0xdc846010
18.13.20	错误	设备1 downImage复位失败!!
18.13.20	警告	设备1 程序下载失败 
18.15.10	正常	设备1 CRC = 0x942bac00
18.15.24	正常	设备1 程序下载成功 
18.18.52	正常	设备1 CRC = 0x03304209
18.19.05	正常	设备1 程序下载成功 
18.19.50	正常	设备1 CRC = 0xdc846010
18.19.50	错误	设备1 downImage复位失败!!
18.19.50	警告	设备1 程序下载失败 
18.25.50	正常	设备1 继续下载失败的bin文件！ 
18.25.51	错误	设备1 downImage复位失败!!
18.25.51	警告	设备1 程序下载失败 
18.35.04	正常	设备1 继续下载失败的bin文件！ 
18.35.17	正常	设备1 程序下载成功 
18.50.21	正常	设备1 CRC = 0xdc846010
18.50.33	正常	设备1 程序下载成功 
18.55.54	正常	设备1 CRC = 0xace4a7d9
18.56.07	正常	设备1 程序下载成功 
19.04.17	正常	设备1 CRC = 0x6ab8a83b
19.04.30	正常	设备1 程序下载成功 
19.13.13	正常	设备1 CRC = 0xe71f79f0
19.13.27	正常	设备1 程序下载成功 
19.19.15	正常	设备1 CRC = 0x81529287
19.19.29	正常	设备1 程序下载成功 
19.22.02	正常	设备1 CRC = 0x52c4c0d2
19.22.16	正常	设备1 程序下载成功 
19.29.00	正常	设备1 CRC = 0x63a85a82
19.29.12	正常	设备1 程序下载成功 
19.30.05	正常	设备1 CRC = 0xdc846010
19.30.18	正常	设备1 程序下载成功 
19.41.56	正常	设备1 CRC = 0x01949441
19.42.09	正常	设备1 程序下载成功 
19.55.17	正常	设备1 CRC = 0x01949441
19.55.29	正常	设备1 程序下载成功 
20.04.18	正常	设备1 CRC = 0x01949441
20.04.31	正常	设备1 程序下载成功 
20.04.54	正常	设备1 CRC = 0x69025eb1
20.05.08	正常	设备1 程序下载成功 
