09.34.22	正常	设备1 CRC = 0xf00aeb68
09.34.39	正常	设备1 程序下载成功 
10.05.01	正常	设备1 CRC = 0xf00aeb68
10.05.18	正常	设备1 程序下载成功 
10.05.23	正常	设备1 CRC = 0xe7807f84
10.05.39	正常	设备1 程序下载成功 
10.08.30	正常	设备1 CRC = 0x2de8d102
10.08.47	正常	设备1 程序下载成功 
10.15.58	正常	设备1 CRC = 0x8adece9b
10.16.15	正常	设备1 程序下载成功 
10.46.55	警告	设备1 文件打开失败!路径:C:\Users\chenyudong\Desktop\2021项目列表\沃莱\UA287Q-WL-A0-'MY_SCALE'_'AC?26'-V25_20220321\UA287Q-WL-A0-MY_SCALE_AC26-V25.bin!
10.47.05	警告	设备1 文件打开失败!路径:C:\Users\chenyudong\Desktop\2021项目列表\沃莱\UA287Q-WL-A0-'MY_SCALE'_'AC?26'-V25_20220321\UA287Q-WL-A0-MY_SCALE_AC26-V25.bin!
10.47.38	警告	设备1 文件打开失败!路径:C:\Users\chenyudong\Desktop\2021项目列表\沃莱\UA287Q-WL-A0-'MY_SCALE'_'AC?26'-V25_20220321\UA287Q-WL-A0-MY_SCALE_AC26-V25.bin!
10.50.07	正常	设备1 CRC = 0x72d4efc5
10.50.09	警告	设备1 写入Bin文件超时-1！ 
10.50.09	警告	设备1 程序下载失败 
10.54.03	正常	设备1 CRC = 0x72d4efc5
10.54.16	正常	设备1 程序下载成功 
10.58.16	正常	设备1 CRC = 0x3408582c
10.58.29	正常	设备1 程序下载成功 
11.30.10	正常	设备1 CRC = 0x5676ee29
11.30.10	错误	设备1 downImage复位失败!!
11.30.10	警告	设备1 程序下载失败 
11.30.18	正常	设备1 继续下载失败的bin文件！ 
11.30.18	错误	设备1 downImage复位失败!!
11.30.18	警告	设备1 程序下载失败 
11.30.33	正常	设备1 继续下载失败的bin文件！ 
11.30.47	正常	设备1 程序下载成功 
11.38.07	正常	设备1 CRC = 0x7bfccdbf
11.38.20	正常	设备1 程序下载成功 
11.45.01	正常	设备1 CRC = 0x312019be
11.45.14	正常	设备1 程序下载成功 
11.57.59	正常	设备1 CRC = 0x312019be
11.58.12	正常	设备1 程序下载成功 
11.58.33	正常	设备1 CRC = 0x8254117b
11.58.47	正常	设备1 程序下载成功 
12.02.48	正常	设备1 CRC = 0xcbfc32f9
12.03.01	正常	设备1 程序下载成功 
13.38.55	正常	设备1 CRC = 0x8adece9b
13.38.57	警告	设备1 写入Bin文件超时-1！ 
13.38.57	警告	设备1 程序下载失败 
13.38.58	正常	设备1 继续下载失败的bin文件！ 
13.39.15	正常	设备1 程序下载成功 
14.06.27	正常	设备1 CRC = 0x8adece9b
14.06.44	正常	设备1 程序下载成功 
14.17.48	正常	设备1 CRC = 0x0d75cd84
14.18.05	正常	设备1 程序下载成功 
14.21.59	正常	设备1 CRC = 0x9dfd6525
14.22.15	正常	设备1 程序下载成功 
14.26.12	正常	设备1 CRC = 0x5875d134
14.26.28	正常	设备1 程序下载成功 
14.42.17	正常	设备1 CRC = 0xf9223f89
14.42.33	正常	设备1 程序下载成功 
15.17.35	正常	设备1 CRC = 0xf9223f89
15.17.52	正常	设备1 程序下载成功 
15.18.00	正常	设备1 CRC = 0x8201133d
15.18.17	正常	设备1 程序下载成功 
15.26.34	正常	设备1 CRC = 0x3d3bd0ab
15.26.50	正常	设备1 程序下载成功 
15.47.12	正常	设备1 CRC = 0xde7917ba
15.47.28	正常	设备1 程序下载成功 
15.52.19	正常	设备1 CRC = 0x204903f2
15.52.36	正常	设备1 程序下载成功 
15.55.54	正常	设备1 CRC = 0x204903f2
15.56.10	正常	设备1 程序下载成功 
15.56.14	正常	设备1 CRC = 0x43e02ebb
15.56.30	正常	设备1 程序下载成功 
15.59.25	正常	设备1 CRC = 0x8ef49ee9
15.59.41	正常	设备1 程序下载成功 
16.01.47	正常	设备1 CRC = 0x70c48aa1
16.02.03	正常	设备1 程序下载成功 
18.29.07	正常	设备1 CRC = 0x70c48aa1
18.29.23	正常	设备1 程序下载成功 
18.29.28	正常	设备1 CRC = 0x70c48aa1
18.29.45	正常	设备1 程序下载成功 
18.30.31	正常	设备1 CRC = 0x8b03201f
18.30.44	正常	设备1 程序下载成功 
18.53.20	正常	设备1 CRC = 0x51166ab5
18.53.33	正常	设备1 程序下载成功 
18.59.49	正常	设备1 CRC = 0xb99f8865
19.00.02	正常	设备1 程序下载成功 
19.19.00	正常	设备1 CRC = 0x8c1d7be7
19.19.13	正常	设备1 程序下载成功 
19.41.17	正常	设备1 CRC = 0x5af615bc
19.41.30	正常	设备1 程序下载成功 
19.42.05	正常	设备1 CRC = 0x5af615bc
19.42.19	正常	设备1 程序下载成功 
20.07.04	正常	设备1 CRC = 0x409d4c02
20.07.17	正常	设备1 程序下载成功 
20.08.05	正常	设备1 CRC = 0x409d4c02
20.08.18	正常	设备1 程序下载成功 
