12.15.54	正常	设备1 CRC = 0x0e7ca3d3
12.15.56	警告	设备1 写入Bin文件超时-1！ 
12.15.56	警告	设备1 程序下载失败 
12.15.58	正常	设备1 继续下载失败的bin文件！ 
12.16.10	正常	设备1 程序下载成功 
12.18.41	正常	设备1 CRC = 0x52cd85f7
12.18.53	正常	设备1 程序下载成功 
12.44.12	正常	设备1 CRC = 0x5bbb9157
12.44.28	正常	设备1 程序下载成功 
12.47.06	正常	设备1 CRC = 0x2f9ca472
12.47.22	正常	设备1 程序下载成功 
13.09.19	正常	设备1 CRC = 0xeffd0261
13.09.35	正常	设备1 程序下载成功 
13.13.17	正常	设备1 CRC = 0xeddb4f80
13.13.33	正常	设备1 程序下载成功 
14.40.06	正常	设备1 CRC = 0x21b3f146
14.40.22	正常	设备1 程序下载成功 
14.42.43	正常	设备1 CRC = 0xc1bf2581
14.42.59	正常	设备1 程序下载成功 
14.44.23	正常	设备1 CRC = 0xc1bf2581
14.44.40	正常	设备1 程序下载成功 
15.02.14	正常	设备1 CRC = 0x8f7d1e51
15.02.30	正常	设备1 程序下载成功 
15.04.48	正常	设备1 CRC = 0x1a4d91b6
15.05.05	正常	设备1 程序下载成功 
15.12.32	正常	设备1 CRC = 0x883dbd35
15.12.48	正常	设备1 程序下载成功 
