16.33.17	正常	设备1 CRC = 0x711c9e8c
16.33.17	正常	设备1 继续下载失败的bin文件！ 
16.33.18	错误	设备1 downImage复位失败!!
16.33.18	警告	设备1 程序下载失败 
16.33.19	警告	设备1 写入Bin文件超时-1！ 
16.33.19	警告	设备1 程序下载失败 
16.33.21	正常	设备1 继续下载失败的bin文件！ 
16.33.21	正常	设备1 继续下载失败的bin文件！ 
16.33.22	错误	设备1 downImage复位失败!!
16.33.22	警告	设备1 程序下载失败 
16.33.33	正常	设备1 程序下载成功 
16.33.35	正常	设备1 CRC = 0x711c9e8c
16.33.35	正常	设备1 继续下载失败的bin文件！ 
16.33.35	错误	设备1 downImage复位失败!!
16.33.35	警告	设备1 程序下载失败 
16.33.47	正常	设备1 程序下载成功 
16.34.18	正常	设备1 CRC = 0x711c9e8c
16.34.30	正常	设备1 程序下载成功 
16.34.43	正常	设备1 CRC = 0x711c9e8c
16.34.45	警告	设备1 写入Bin文件超时-1！ 
16.34.45	警告	设备1 程序下载失败 
16.34.47	正常	设备1 继续下载失败的bin文件！ 
16.34.59	正常	设备1 程序下载成功 
16.35.01	正常	设备1 CRC = 0x711c9e8c
16.35.13	正常	设备1 程序下载成功 
16.35.25	正常	设备1 CRC = 0x711c9e8c
16.35.37	正常	设备1 程序下载成功 
16.35.53	正常	设备1 CRC = 0x711c9e8c
16.36.05	正常	设备1 程序下载成功 
16.36.09	正常	设备1 CRC = 0x711c9e8c
16.36.21	正常	设备1 程序下载成功 
16.36.35	正常	设备1 CRC = 0x711c9e8c
16.36.47	正常	设备1 程序下载成功 
