16.14.29	正常	设备1 CRC = 0xc7292dcf
16.14.43	正常	设备1 程序下载成功 
16.15.16	正常	设备1 CRC = 0xc7292dcf
16.15.30	正常	设备1 程序下载成功 
16.35.34	正常	设备1 CRC = 0x8d78efd1
16.35.49	正常	设备1 程序下载成功 
16.35.55	正常	设备1 CRC = 0x8d78efd1
16.36.09	正常	设备1 程序下载成功 
16.36.39	正常	设备1 CRC = 0x8d78efd1
16.36.54	正常	设备1 程序下载成功 
16.58.32	正常	设备1 CRC = 0xe0ad2d28
16.58.46	正常	设备1 程序下载成功 
17.00.10	正常	设备1 CRC = 0xc7292dcf
17.00.25	正常	设备1 程序下载成功 
17.08.30	正常	设备1 CRC = 0xc7292dcf
17.08.45	正常	设备1 程序下载成功 
17.18.54	正常	设备1 CRC = 0xc7292dcf
17.19.08	正常	设备1 程序下载成功 
17.24.15	正常	设备1 CRC = 0xe0ad2d28
17.24.29	正常	设备1 程序下载成功 
17.26.36	正常	设备1 CRC = 0x6414ee75
17.26.51	正常	设备1 程序下载成功 
17.28.43	正常	设备1 CRC = 0x6414ee75
17.28.57	正常	设备1 程序下载成功 
17.31.30	正常	设备1 CRC = 0x6414ee75
17.31.31	错误	设备1 downImage复位失败!!
17.31.31	警告	设备1 程序下载失败 
17.31.42	正常	设备1 继续下载失败的bin文件！ 
17.31.57	正常	设备1 程序下载成功 
18.13.28	正常	设备1 CRC = 0xf14dbd1a
18.13.43	正常	设备1 程序下载成功 
18.14.17	正常	设备1 CRC = 0xf14dbd1a
18.14.31	正常	设备1 程序下载成功 
