10.42.32	错误	设备1 dump复位失败!!
10.42.32	错误	设备1 读出失败!!
10.42.41	正常	设备1 读出成功!!
10.42.43	正常	设备1 CRC = 0xc6c7d39e
10.42.45	警告	设备1 写入Bin文件超时-1！ 
10.42.45	警告	设备1 程序下载失败 
10.42.47	正常	设备1 继续下载失败的bin文件！ 
10.42.48	警告	设备1 写入Bin文件超时-1！ 
10.42.48	警告	设备1 程序下载失败 
10.43.07	正常	设备1 继续下载失败的bin文件！ 
10.43.09	警告	设备1 写入Bin文件超时-1！ 
10.43.09	警告	设备1 程序下载失败 
10.43.22	正常	设备1 CRC = 0xd529ff9c
10.43.23	警告	设备1 写入Bin文件超时-1！ 
10.43.23	警告	设备1 程序下载失败 
10.43.36	正常	设备1 读出成功!!
10.43.47	正常	设备1 继续下载失败的bin文件！ 
10.43.52	正常	设备1 程序下载成功 
10.43.53	正常	设备1 CRC = 0xd529ff9c
10.43.58	正常	设备1 程序下载成功 
10.44.08	正常	设备1 CRC = 0xd529ff9c
10.44.09	警告	设备1 写入Bin文件超时-1！ 
10.44.09	警告	设备1 程序下载失败 
15.10.25	正常	设备1 CRC = 0x6141b9b5
15.10.43	正常	设备1 程序下载成功 
