10.05.06	正常	设备1 CRC = 0xd934be79
10.05.18	正常	设备1 程序下载成功 
10.09.00	正常	设备1 CRC = 0x9595d0d3
10.09.12	正常	设备1 程序下载成功 
10.12.13	正常	设备1 CRC = 0x72b20ea9
10.12.25	正常	设备1 程序下载成功 
10.13.01	正常	设备1 CRC = 0x308c5dbc
10.13.13	正常	设备1 程序下载成功 
10.15.14	正常	设备1 CRC = 0xb2c836e7
10.15.26	正常	设备1 程序下载成功 
10.22.02	正常	设备1 CRC = 0x7eaa7a7c
10.22.02	错误	设备1 downImage复位失败!!
10.22.02	警告	设备1 程序下载失败 
10.22.06	正常	设备1 继续下载失败的bin文件！ 
10.22.18	正常	设备1 程序下载成功 
10.25.45	正常	设备1 CRC = 0x7eaa7a7c
10.25.57	正常	设备1 程序下载成功 
10.27.45	正常	设备1 CRC = 0x63a85a82
10.27.58	正常	设备1 程序下载成功 
10.30.26	正常	设备1 CRC = 0x7eaa7a7c
10.30.38	正常	设备1 程序下载成功 
10.38.58	正常	设备1 CRC = 0x7eaa7a7c
10.39.10	正常	设备1 程序下载成功 
10.39.24	正常	设备1 CRC = 0x13a45476
10.39.36	正常	设备1 程序下载成功 
10.43.43	正常	设备1 CRC = 0x91fc6a5c
10.43.55	正常	设备1 程序下载成功 
14.19.48	正常	设备1 CRC = 0x236321ea
14.19.49	错误	设备1 downImage复位失败!!
14.19.49	警告	设备1 程序下载失败 
14.19.55	正常	设备1 继续下载失败的bin文件！ 
14.19.57	警告	设备1 写入Bin文件超时-1！ 
14.19.57	警告	设备1 程序下载失败 
14.49.18	正常	设备1 CRC = 0xf0c05677
14.49.30	正常	设备1 程序下载成功 
14.58.55	正常	设备1 CRC = 0x0e7ca3d3
14.59.07	正常	设备1 程序下载成功 
16.31.08	正常	设备1 CRC = 0xb5566292
16.31.08	错误	设备1 downImage复位失败!!
16.31.08	警告	设备1 程序下载失败 
16.44.56	正常	设备1 CRC = 0xb5566292
16.44.57	警告	设备1 写入Bin文件超时-1！ 
16.44.57	警告	设备1 程序下载失败 
16.44.59	正常	设备1 继续下载失败的bin文件！ 
16.45.12	正常	设备1 程序下载成功 
16.59.10	正常	设备1 CRC = 0xb5566292
16.59.23	正常	设备1 程序下载成功 
17.36.02	正常	设备1 CRC = 0x579ee3b7
17.36.18	正常	设备1 程序下载成功 
17.37.50	正常	设备1 CRC = 0xfa994d11
17.38.06	正常	设备1 程序下载成功 
17.43.40	正常	设备1 CRC = 0x725b79a8
17.43.56	正常	设备1 程序下载成功 
17.51.28	正常	设备1 CRC = 0xc40b787b
17.51.44	正常	设备1 程序下载成功 
17.55.01	正常	设备1 CRC = 0x957fce4e
17.55.17	正常	设备1 程序下载成功 
17.57.07	正常	设备1 CRC = 0xf73474f8
17.57.24	正常	设备1 程序下载成功 
18.01.36	正常	设备1 CRC = 0xf73474f8
18.01.44	警告	设备1 写入Bin文件超时-1！ 
18.01.44	警告	设备1 程序下载失败 
18.01.48	正常	设备1 继续下载失败的bin文件！ 
18.02.04	正常	设备1 程序下载成功 
18.02.48	正常	设备1 CRC = 0xc50fa271
18.03.04	正常	设备1 程序下载成功 
18.05.28	正常	设备1 CRC = 0xc50fa271
18.05.44	正常	设备1 程序下载成功 
18.09.16	正常	设备1 CRC = 0xc50fa271
18.09.32	正常	设备1 程序下载成功 
18.10.05	正常	设备1 CRC = 0xc50fa271
18.10.21	正常	设备1 程序下载成功 
18.14.19	正常	设备1 CRC = 0xc2bc1fb6
18.14.35	正常	设备1 程序下载成功 
18.59.40	正常	设备1 CRC = 0xca2f5e66
18.59.57	正常	设备1 程序下载成功 
19.02.32	正常	设备1 CRC = 0x0fb9f7a6
19.02.49	正常	设备1 程序下载成功 
19.07.49	正常	设备1 CRC = 0x77954c10
19.08.05	正常	设备1 程序下载成功 
19.09.08	正常	设备1 CRC = 0x9cac3551
19.09.25	正常	设备1 程序下载成功 
19.10.31	正常	设备1 CRC = 0x9593aa6e
19.10.47	正常	设备1 程序下载成功 
19.50.54	正常	设备1 CRC = 0x1c5c1e57
19.51.10	正常	设备1 程序下载成功 
19.53.29	正常	设备1 CRC = 0xd6c7c846
19.53.45	正常	设备1 程序下载成功 
19.59.00	正常	设备1 CRC = 0x080454cb
19.59.16	正常	设备1 程序下载成功 
19.59.16	正常	设备1 CRC = 0x0a7d3b06
19.59.33	正常	设备1 程序下载成功 
20.05.43	正常	设备1 CRC = 0x8dbef4b3
20.05.59	正常	设备1 程序下载成功 
20.22.08	正常	设备1 CRC = 0x2568ed20
20.22.24	正常	设备1 程序下载成功 
20.29.28	正常	设备1 CRC = 0x2474a8d2
20.29.44	正常	设备1 程序下载成功 
20.31.22	正常	设备1 CRC = 0xbe23a6b8
20.31.38	正常	设备1 程序下载成功 
20.33.49	正常	设备1 CRC = 0x0838699a
20.34.05	正常	设备1 程序下载成功 
20.34.38	正常	设备1 CRC = 0x4d2d303d
20.34.54	正常	设备1 程序下载成功 
20.39.37	正常	设备1 CRC = 0xf6225293
20.39.53	正常	设备1 程序下载成功 
