10.49.07	正常	设备1 CRC = 0x003d549f
10.49.19	正常	设备1 程序下载成功 
10.55.42	正常	设备1 CRC = 0x349c4925
10.55.55	正常	设备1 程序下载成功 
11.08.05	正常	设备1 CRC = 0x66563289
11.08.18	正常	设备1 程序下载成功 
11.11.25	正常	设备1 CRC = 0x66563289
11.11.38	正常	设备1 程序下载成功 
13.41.40	正常	设备1 CRC = 0x96429cad
13.41.53	正常	设备1 程序下载成功 
14.38.19	正常	设备1 CRC = 0x09904474
14.38.32	正常	设备1 程序下载成功 
15.17.50	正常	设备1 CRC = 0xddf66934
15.18.03	正常	设备1 程序下载成功 
15.22.05	正常	设备1 CRC = 0xc701ed01
15.22.18	正常	设备1 程序下载成功 
15.23.22	正常	设备1 CRC = 0xa5430805
15.23.35	正常	设备1 程序下载成功 
16.28.28	正常	设备1 CRC = 0x32061413
16.28.41	正常	设备1 程序下载成功 
16.31.45	正常	设备1 CRC = 0x9f1d2191
16.31.58	正常	设备1 程序下载成功 
16.36.55	正常	设备1 CRC = 0x4d6f5098
16.37.07	正常	设备1 程序下载成功 
18.42.39	正常	设备1 CRC = 0x0843f796
18.42.51	正常	设备1 程序下载成功 
18.45.35	正常	设备1 CRC = 0xd186d789
18.45.44	警告	设备1 写入Bin文件超时-1！ 
18.45.44	警告	设备1 程序下载失败 
18.45.46	错误	设备1 Vpp关闭操作超时！
18.45.50	正常	设备1 继续下载失败的bin文件！ 
18.46.02	正常	设备1 程序下载成功 
18.47.50	正常	设备1 CRC = 0xd186d789
18.48.02	正常	设备1 程序下载成功 
