09.50.50	正常	设备1 CRC = 0x1bbe4af1
09.50.52	警告	设备1 写入Bin文件超时-1！ 
09.50.52	警告	设备1 程序下载失败 
09.50.54	正常	设备1 继续下载失败的bin文件！ 
09.51.09	正常	设备1 程序下载成功 
09.59.54	正常	设备1 CRC = 0xc8376442
10.00.08	正常	设备1 程序下载成功 
11.10.48	正常	设备1 CRC = 0x143c31b7
11.10.48	警告	设备1 配置起始地址超出给出Bin文件的最大值！ 
11.10.48	错误	设备1 downImage复位失败!!
11.10.48	警告	设备1 程序下载失败 
11.11.16	正常	设备1 CRC = 0x143c31b7
11.11.16	错误	设备1 downImage复位失败!!
11.11.16	警告	设备1 程序下载失败 
11.11.26	正常	设备1 继续下载失败的bin文件！ 
11.11.26	错误	设备1 downImage复位失败!!
11.11.26	警告	设备1 程序下载失败 
11.11.27	正常	设备1 继续下载失败的bin文件！ 
11.11.27	错误	设备1 downImage复位失败!!
11.11.27	警告	设备1 程序下载失败 
11.11.27	正常	设备1 继续下载失败的bin文件！ 
11.11.27	错误	设备1 downImage复位失败!!
11.11.27	警告	设备1 程序下载失败 
11.11.43	正常	设备1 继续下载失败的bin文件！ 
11.11.43	错误	设备1 downImage复位失败!!
11.11.43	警告	设备1 程序下载失败 
11.12.17	正常	设备1 继续下载失败的bin文件！ 
11.12.17	错误	设备1 downImage复位失败!!
11.12.17	警告	设备1 程序下载失败 
11.12.33	正常	设备1 继续下载失败的bin文件！ 
11.12.33	错误	设备1 downImage复位失败!!
11.12.33	警告	设备1 程序下载失败 
11.12.34	正常	设备1 继续下载失败的bin文件！ 
11.12.34	错误	设备1 downImage复位失败!!
11.12.34	警告	设备1 程序下载失败 
