09.36.00	正常	设备1 CRC = 0x35d9d035
09.36.23	正常	设备1 程序下载成功 
09.39.47	正常	设备1 CRC = 0x120f0c74
09.40.10	正常	设备1 程序下载成功 
09.52.07	正常	设备1 CRC = 0x10b99763
09.52.30	正常	设备1 程序下载成功 
10.46.32	正常	设备1 CRC = 0x1685826d
10.46.54	正常	设备1 程序下载成功 
10.54.50	正常	设备1 CRC = 0x5bba4333
10.55.13	正常	设备1 程序下载成功 
10.57.17	正常	设备1 CRC = 0x5bba4333
10.57.39	正常	设备1 程序下载成功 
11.10.48	正常	设备1 CRC = 0xabd4528a
11.11.11	正常	设备1 程序下载成功 
11.40.49	正常	设备1 CRC = 0x90fe3cff
11.41.12	正常	设备1 程序下载成功 
12.28.44	正常	设备1 CRC = 0xf85e6073
12.29.07	正常	设备1 程序下载成功 
13.47.39	正常	设备1 CRC = 0x424703d3
13.48.02	正常	设备1 程序下载成功 
13.57.09	正常	设备1 CRC = 0x1d8f559b
13.57.32	正常	设备1 程序下载成功 
14.09.29	正常	设备1 CRC = 0x33511fcd
14.09.52	正常	设备1 程序下载成功 
14.15.23	正常	设备1 CRC = 0x70f67b29
14.15.46	正常	设备1 程序下载成功 
14.56.17	正常	设备1 CRC = 0x14694a36
14.56.40	正常	设备1 程序下载成功 
15.07.37	正常	设备1 CRC = 0xa9e2157b
15.08.00	正常	设备1 程序下载成功 
15.11.55	正常	设备1 CRC = 0x88443daa
15.11.55	错误	设备1 downImage复位失败!!
15.11.55	警告	设备1 程序下载失败 
15.11.59	正常	设备1 继续下载失败的bin文件！ 
15.12.22	正常	设备1 程序下载成功 
15.17.12	正常	设备1 CRC = 0xb7c78ca7
15.17.35	正常	设备1 程序下载成功 
15.24.08	正常	设备1 CRC = 0xd30b2660
15.24.31	正常	设备1 程序下载成功 
15.29.55	正常	设备1 CRC = 0x3200acff
15.30.15	正常	设备1 程序下载成功 
15.33.29	正常	设备1 CRC = 0xd543a049
15.33.49	正常	设备1 程序下载成功 
15.35.15	正常	设备1 CRC = 0x03d5068b
15.35.35	正常	设备1 程序下载成功 
15.51.17	正常	设备1 CRC = 0xcf07a464
15.51.37	正常	设备1 程序下载成功 
15.58.35	正常	设备1 CRC = 0x9ddf0913
15.58.55	正常	设备1 程序下载成功 
16.19.23	正常	设备1 CRC = 0xfe694fa9
16.19.46	正常	设备1 程序下载成功 
16.21.19	正常	设备1 CRC = 0x520c5f9f
16.21.42	正常	设备1 程序下载成功 
16.24.37	正常	设备1 CRC = 0x520c5f9f
16.24.38	错误	设备1 downImage复位失败!!
16.24.38	警告	设备1 程序下载失败 
16.24.49	正常	设备1 继续下载失败的bin文件！ 
16.25.12	正常	设备1 程序下载成功 
16.42.55	正常	设备1 CRC = 0x0f02f1cc
16.43.18	正常	设备1 程序下载成功 
16.50.51	正常	设备1 CRC = 0x48d465c3
16.51.14	正常	设备1 程序下载成功 
18.10.55	正常	设备1 CRC = 0xa1d36481
18.11.15	正常	设备1 程序下载成功 
18.12.09	正常	设备1 CRC = 0x64b34a10
18.12.29	正常	设备1 程序下载成功 
18.15.47	正常	设备1 CRC = 0xf73064fb
18.16.06	正常	设备1 程序下载成功 
18.21.47	正常	设备1 CRC = 0x42d1cd9f
18.22.07	正常	设备1 程序下载成功 
