10.16.01	正常	设备1 CRC = 0x3f51326e
10.16.01	错误	设备1 downImage复位失败!!
10.16.01	警告	设备1 程序下载失败 
10.19.04	正常	设备1 继续下载失败的bin文件！ 
10.19.20	正常	设备1 程序下载成功 
10.23.10	正常	设备1 CRC = 0x4de773f7
10.23.26	正常	设备1 程序下载成功 
10.36.59	正常	设备1 CRC = 0x055feced
10.37.16	正常	设备1 程序下载成功 
10.49.11	正常	设备1 CRC = 0x4aa7be63
10.49.28	正常	设备1 程序下载成功 
10.52.16	正常	设备1 CRC = 0x14a4674d
10.52.33	正常	设备1 程序下载成功 
10.57.30	正常	设备1 CRC = 0x14a4674d
10.57.47	正常	设备1 程序下载成功 
11.28.04	正常	设备1 CRC = 0xd384bab8
11.28.20	正常	设备1 程序下载成功 
11.38.32	正常	设备1 CRC = 0x79137e8a
11.38.48	正常	设备1 程序下载成功 
11.44.47	正常	设备1 CRC = 0xef1e5537
11.45.04	正常	设备1 程序下载成功 
11.48.57	正常	设备1 CRC = 0x8844e6f9
11.49.14	正常	设备1 程序下载成功 
13.39.43	正常	设备1 CRC = 0x94993689
13.40.00	正常	设备1 程序下载成功 
13.42.06	正常	设备1 CRC = 0x94993689
13.42.23	正常	设备1 程序下载成功 
13.45.57	正常	设备1 CRC = 0xc795fb14
13.46.14	正常	设备1 程序下载成功 
13.49.06	正常	设备1 CRC = 0x853caa89
13.49.23	正常	设备1 程序下载成功 
13.52.06	正常	设备1 CRC = 0x834f711c
13.52.23	正常	设备1 程序下载成功 
13.55.59	正常	设备1 CRC = 0xc6959dee
13.56.16	正常	设备1 程序下载成功 
14.04.28	正常	设备1 CRC = 0x5c7467a6
14.04.44	正常	设备1 程序下载成功 
14.10.19	正常	设备1 CRC = 0xa8d06968
14.10.36	正常	设备1 程序下载成功 
14.15.27	正常	设备1 CRC = 0x232f807d
14.15.43	正常	设备1 程序下载成功 
14.53.10	正常	设备1 CRC = 0xf2594db2
14.53.27	正常	设备1 程序下载成功 
14.55.01	正常	设备1 CRC = 0x95285fd7
14.55.18	正常	设备1 程序下载成功 
15.51.10	正常	设备1 CRC = 0xf2594db2
15.51.27	正常	设备1 程序下载成功 
16.09.12	正常	设备1 CRC = 0xaffa1080
16.09.29	正常	设备1 程序下载成功 
16.47.26	正常	设备1 CRC = 0x8d20a5e5
16.47.43	正常	设备1 程序下载成功 
17.11.28	正常	设备1 CRC = 0x75945d47
17.11.43	正常	设备1 程序下载成功 
17.20.11	正常	设备1 CRC = 0xe47b101c
17.20.28	正常	设备1 程序下载成功 
19.03.57	正常	设备1 CRC = 0xe47b101c
19.03.58	错误	设备1 downImage复位失败!!
19.03.58	警告	设备1 程序下载失败 
19.04.15	正常	设备1 CRC = 0xe47b101c
19.04.32	正常	设备1 程序下载成功 
