11.39.29	正常	设备1 CRC = 0x69025eb1
11.39.30	错误	设备1 downImage复位失败!!
11.39.30	警告	设备1 程序下载失败 
11.39.31	正常	设备1 继续下载失败的bin文件！ 
11.39.31	错误	设备1 downImage复位失败!!
11.39.31	警告	设备1 程序下载失败 
11.43.16	正常	设备1 继续下载失败的bin文件！ 
11.43.17	错误	设备1 downImage复位失败!!
11.43.17	警告	设备1 程序下载失败 
11.54.40	正常	设备1 继续下载失败的bin文件！ 
11.54.54	正常	设备1 程序下载成功 
13.47.04	正常	设备1 CRC = 0x8f721236
13.47.17	正常	设备1 程序下载成功 
14.43.31	正常	设备1 CRC = 0xc678f9c8
14.43.44	正常	设备1 程序下载成功 
14.52.29	正常	设备1 CRC = 0xc3f29ee4
14.52.43	正常	设备1 程序下载成功 
15.47.09	正常	设备1 CRC = 0x38756214
15.47.21	正常	设备1 程序下载成功 
16.10.35	正常	设备1 CRC = 0x38756214
16.10.47	正常	设备1 程序下载成功 
16.10.51	正常	设备1 CRC = 0x28567ba9
16.11.04	正常	设备1 程序下载成功 
16.38.52	正常	设备1 CRC = 0xcd12f5e7
16.39.06	正常	设备1 程序下载成功 
