10.44.19	正常	设备1 CRC = 0xb3f60e71
10.44.32	正常	设备1 程序下载成功 
10.49.12	正常	设备1 CRC = 0xb3f60e71
10.49.24	正常	设备1 程序下载成功 
10.57.20	正常	设备1 CRC = 0xade3d6b8
10.57.22	警告	设备1 写入Bin文件超时-1！ 
10.57.22	警告	设备1 程序下载失败 
11.07.23	正常	设备1 继续下载失败的bin文件！ 
11.07.37	正常	设备1 程序下载成功 
13.50.55	正常	设备1 CRC = 0x3079a2cd
13.51.08	正常	设备1 程序下载成功 
13.51.47	正常	设备1 CRC = 0x6f75bffd
13.52.01	正常	设备1 程序下载成功 
13.58.14	正常	设备1 CRC = 0xc1ca03cb
13.58.16	警告	设备1 写入Bin文件超时-1！ 
13.58.16	警告	设备1 程序下载失败 
13.58.20	正常	设备1 继续下载失败的bin文件！ 
13.58.33	正常	设备1 程序下载成功 
14.16.18	正常	设备1 CRC = 0x6c9f5c89
14.16.20	警告	设备1 写入Bin文件超时-1！ 
14.16.20	警告	设备1 程序下载失败 
14.16.23	正常	设备1 继续下载失败的bin文件！ 
14.16.36	正常	设备1 程序下载成功 
14.30.38	正常	设备1 CRC = 0x36d0bc00
14.30.39	警告	设备1 写入Bin文件超时-1！ 
14.30.39	警告	设备1 程序下载失败 
14.30.40	正常	设备1 继续下载失败的bin文件！ 
14.30.53	正常	设备1 程序下载成功 
