14.52.44	正常	设备1 CRC = 0x4addfbdd
14.52.55	正常	设备1 程序下载成功 
15.09.58	正常	设备1 CRC = 0x89c37f56
15.10.10	正常	设备1 程序下载成功 
15.12.25	正常	设备1 CRC = 0x82fe6cb3
15.12.37	正常	设备1 程序下载成功 
15.13.20	正常	设备1 CRC = 0xf0bc013a
15.13.32	正常	设备1 程序下载成功 
15.19.33	正常	设备1 CRC = 0x8c3693cd
15.19.45	正常	设备1 程序下载成功 
15.20.46	正常	设备1 CRC = 0x93c7a45e
15.20.58	正常	设备1 程序下载成功 
15.23.00	正常	设备1 CRC = 0xabba4404
15.23.12	正常	设备1 程序下载成功 
15.27.11	正常	设备1 CRC = 0xabba4404
15.27.23	正常	设备1 程序下载成功 
15.27.54	正常	设备1 CRC = 0x2f81e225
15.28.03	错误	设备1 芯片校验读取超时！
15.28.03	警告	设备1 程序下载失败 
15.28.03	错误	设备1 Vpp关闭失败！
15.28.17	正常	设备1 继续下载失败的bin文件！ 
15.28.29	正常	设备1 程序下载成功 
15.31.59	正常	设备1 CRC = 0x2f81e225
15.32.11	正常	设备1 程序下载成功 
15.39.44	正常	设备1 CRC = 0xccec7663
15.39.56	正常	设备1 程序下载成功 
16.32.06	正常	设备1 CRC = 0x9e6316f8
16.32.18	正常	设备1 程序下载成功 
17.06.18	正常	设备1 CRC = 0x364a4198
17.06.30	正常	设备1 程序下载成功 
17.12.21	正常	设备1 CRC = 0x9e6316f8
17.12.33	正常	设备1 程序下载成功 
17.15.32	正常	设备1 CRC = 0x364a4198
17.15.44	正常	设备1 程序下载成功 
17.32.15	正常	设备1 CRC = 0x0f9b97f3
17.32.27	正常	设备1 程序下载成功 
17.41.21	正常	设备1 CRC = 0x0f9b97f3
17.41.33	正常	设备1 程序下载成功 
