10.40.28	正常	设备1 CRC = 0x8cfeb60b
10.40.51	正常	设备1 程序下载成功 
10.45.49	正常	设备1 CRC = 0x5e4d9359
10.46.12	正常	设备1 程序下载成功 
10.47.15	正常	设备1 CRC = 0xfbbfc1c1
10.47.38	正常	设备1 程序下载成功 
10.49.27	正常	设备1 CRC = 0xfbbfc1c1
10.49.50	正常	设备1 程序下载成功 
11.45.56	正常	设备1 CRC = 0xf9907fbd
11.46.18	正常	设备1 程序下载成功 
11.48.46	正常	设备1 CRC = 0xf9907fbd
11.49.09	正常	设备1 程序下载成功 
11.58.50	正常	设备1 CRC = 0xf9907fbd
11.59.13	正常	设备1 程序下载成功 
12.31.55	正常	设备1 读出成功!!
13.41.45	正常	设备1 CRC = 0xc73acba4
13.42.09	警告	设备1 程序下载失败 
13.42.42	正常	设备1 继续下载失败的bin文件！ 
13.43.06	警告	设备1 程序下载失败 
13.43.37	正常	设备1 继续下载失败的bin文件！ 
13.44.00	警告	设备1 程序下载失败 
13.44.07	正常	设备1 继续下载失败的bin文件！ 
13.44.30	正常	设备1 程序下载成功 
13.59.30	正常	设备1 CRC = 0x123fda2a
13.59.53	正常	设备1 程序下载成功 
14.09.34	正常	设备1 CRC = 0x1d5da279
14.09.57	正常	设备1 程序下载成功 
14.25.55	正常	设备1 CRC = 0xc35c0c01
14.26.18	正常	设备1 程序下载成功 
14.38.57	正常	设备1 CRC = 0xc35c0c01
14.39.20	正常	设备1 程序下载成功 
15.23.21	正常	设备1 CRC = 0xc35c0c01
15.23.21	错误	设备1 downImage复位失败!!
15.23.21	警告	设备1 程序下载失败 
15.34.53	正常	设备1 继续下载失败的bin文件！ 
15.35.16	正常	设备1 程序下载成功 
15.37.20	正常	设备1 CRC = 0xc01c1e42
15.37.43	正常	设备1 程序下载成功 
15.41.06	正常	设备1 CRC = 0x625ee3a2
15.41.29	正常	设备1 程序下载成功 
15.55.11	正常	设备1 CRC = 0x625ee3a2
15.55.33	正常	设备1 程序下载成功 
16.29.16	正常	设备1 CRC = 0x3772e4a7
16.29.39	正常	设备1 程序下载成功 
16.31.49	正常	设备1 CRC = 0xb5454567
16.32.12	正常	设备1 程序下载成功 
16.38.10	正常	设备1 CRC = 0xc1fc45f4
16.38.33	正常	设备1 程序下载成功 
16.42.51	正常	设备1 CRC = 0x51c78da9
16.43.14	正常	设备1 程序下载成功 
17.14.18	正常	设备1 CRC = 0x0249c02d
17.14.41	正常	设备1 程序下载成功 
17.49.18	正常	设备1 CRC = 0xd76883a3
17.49.41	正常	设备1 程序下载成功 
17.53.19	正常	设备1 CRC = 0x0aabb90c
17.53.42	正常	设备1 程序下载成功 
17.58.44	正常	设备1 CRC = 0xc659bdbb
17.59.07	正常	设备1 程序下载成功 
19.01.23	正常	设备1 CRC = 0xc659bdbb
19.01.46	正常	设备1 程序下载成功 
19.02.37	正常	设备1 CRC = 0xde6b4279
19.03.00	正常	设备1 程序下载成功 
19.49.47	正常	设备1 CRC = 0x6d64c727
19.50.11	正常	设备1 程序下载成功 
20.10.13	正常	设备1 CRC = 0xc4599ca2
20.10.36	正常	设备1 程序下载成功 
20.20.04	正常	设备1 CRC = 0xe1ac7c82
20.20.27	正常	设备1 程序下载成功 
20.21.38	正常	设备1 CRC = 0xe1ac7c82
20.22.01	正常	设备1 程序下载成功 
20.25.32	正常	设备1 CRC = 0xf5f67e27
20.25.54	正常	设备1 程序下载成功 
20.30.20	正常	设备1 CRC = 0xbc3528b4
20.30.21	错误	设备1 downImage复位失败!!
20.30.21	警告	设备1 程序下载失败 
20.30.32	正常	设备1 继续下载失败的bin文件！ 
20.30.55	正常	设备1 程序下载成功 
20.33.20	正常	设备1 CRC = 0x72f4c271
20.33.43	正常	设备1 程序下载成功 
