10.55.28	正常	设备1 CRC = 0xe361ae64
10.55.40	正常	设备1 程序下载成功 
11.09.20	正常	设备1 CRC = 0x231e3a44
11.09.32	正常	设备1 程序下载成功 
11.20.43	正常	设备1 CRC = 0x03ffe1b0
11.20.55	正常	设备1 程序下载成功 
11.27.35	正常	设备1 CRC = 0x6a725e16
11.27.47	正常	设备1 程序下载成功 
11.43.12	正常	设备1 CRC = 0x6c1fa971
11.43.24	正常	设备1 程序下载成功 
13.41.20	正常	设备1 CRC = 0x4ceb0916
13.41.32	正常	设备1 程序下载成功 
13.41.36	正常	设备1 CRC = 0x4ceb0916
13.41.48	正常	设备1 程序下载成功 
13.44.19	正常	设备1 CRC = 0xe7eaed97
13.44.31	正常	设备1 程序下载成功 
13.45.09	正常	设备1 CRC = 0x04bfaf1d
13.45.22	正常	设备1 程序下载成功 
13.52.54	正常	设备1 CRC = 0x796d7da9
13.53.06	正常	设备1 程序下载成功 
14.04.24	正常	设备1 CRC = 0xd1d1a710
14.04.36	正常	设备1 程序下载成功 
14.06.19	正常	设备1 CRC = 0xad1c4670
14.06.31	正常	设备1 程序下载成功 
14.10.06	正常	设备1 CRC = 0x24894598
14.10.18	正常	设备1 程序下载成功 
14.22.32	正常	设备1 CRC = 0x3c32138a
14.22.44	正常	设备1 程序下载成功 
14.27.17	正常	设备1 CRC = 0x5598c420
14.27.29	正常	设备1 程序下载成功 
14.48.19	正常	设备1 CRC = 0xf6799e93
14.48.31	正常	设备1 程序下载成功 
14.57.29	正常	设备1 CRC = 0xf6799e93
14.57.41	正常	设备1 程序下载成功 
16.25.33	正常	设备1 CRC = 0xf6799e93
16.25.45	正常	设备1 程序下载成功 
16.25.58	正常	设备1 CRC = 0x0c5b717b
16.26.10	正常	设备1 程序下载成功 
16.34.12	正常	设备1 CRC = 0x1ef68c66
16.34.22	警告	设备1 写入Bin文件超时-1！ 
16.34.22	警告	设备1 程序下载失败 
16.34.33	正常	设备1 继续下载失败的bin文件！ 
16.34.45	正常	设备1 程序下载成功 
16.39.18	正常	设备1 CRC = 0x19b2f9b8
16.39.30	正常	设备1 程序下载成功 
16.44.26	正常	设备1 CRC = 0xa285f4d5
16.44.38	正常	设备1 程序下载成功 
16.57.18	正常	设备1 CRC = 0x19b2f9b8
16.57.30	正常	设备1 程序下载成功 
16.57.34	正常	设备1 CRC = 0xa285f4d5
16.57.46	正常	设备1 程序下载成功 
