11.18.14	正常	设备1 CRC = 0x2dd6f69a
11.18.27	正常	设备1 程序下载成功 
11.21.39	正常	设备1 CRC = 0x6ae05d47
11.21.41	警告	设备1 写入Bin文件超时-1！ 
11.21.41	警告	设备1 程序下载失败 
11.21.50	正常	设备1 继续下载失败的bin文件！ 
11.22.03	正常	设备1 程序下载成功 
11.25.19	正常	设备1 CRC = 0xc3b185b3
11.25.21	警告	设备1 写入Bin文件超时-1！ 
11.25.21	警告	设备1 程序下载失败 
11.25.23	正常	设备1 继续下载失败的bin文件！ 
11.25.36	正常	设备1 程序下载成功 
11.40.43	正常	设备1 CRC = 0xb51f544d
11.40.44	警告	设备1 写入Bin文件超时-1！ 
11.40.44	警告	设备1 程序下载失败 
11.40.47	正常	设备1 继续下载失败的bin文件！ 
11.41.00	正常	设备1 程序下载成功 
11.51.44	正常	设备1 CRC = 0xc3b185b3
11.51.45	警告	设备1 写入Bin文件超时-1！ 
11.51.45	警告	设备1 程序下载失败 
11.51.47	正常	设备1 继续下载失败的bin文件！ 
11.52.00	正常	设备1 程序下载成功 
11.54.24	正常	设备1 CRC = 0xd074135b
11.54.25	警告	设备1 写入Bin文件超时-1！ 
11.54.25	警告	设备1 程序下载失败 
11.54.26	正常	设备1 继续下载失败的bin文件！ 
11.54.39	正常	设备1 程序下载成功 
15.17.04	正常	设备1 CRC = 0x665f3e29
15.17.06	警告	设备1 写入Bin文件超时-1！ 
15.17.06	警告	设备1 程序下载失败 
15.17.07	正常	设备1 继续下载失败的bin文件！ 
15.17.22	正常	设备1 程序下载成功 
