09.32.43	正常	设备1 CRC = 0x755a0681
09.32.55	正常	设备1 程序下载成功 
09.52.26	正常	设备1 CRC = 0xdc4fa9b2
09.52.38	正常	设备1 程序下载成功 
10.05.07	正常	设备1 CRC = 0x7468dd50
10.05.19	正常	设备1 程序下载成功 
11.36.45	正常	设备1 CRC = 0x7799e9c3
11.36.57	正常	设备1 程序下载成功 
11.53.11	正常	设备1 CRC = 0x20ce1a03
11.53.22	正常	设备1 程序下载成功 
14.08.14	正常	设备1 CRC = 0xe624dfa2
14.08.26	正常	设备1 程序下载成功 
16.36.23	正常	设备1 CRC = 0xb0d44a39
16.36.35	正常	设备1 程序下载成功 
16.41.17	正常	设备1 CRC = 0xa64a87e5
16.41.29	正常	设备1 程序下载成功 
17.13.27	正常	设备1 CRC = 0xcffcbb55
17.13.39	正常	设备1 程序下载成功 
17.41.15	正常	设备1 CRC = 0x9a7317f2
17.41.27	正常	设备1 程序下载成功 
17.57.14	正常	设备1 CRC = 0xfab22f71
17.57.26	正常	设备1 程序下载成功 
18.21.55	正常	设备1 CRC = 0x1f1ec544
18.22.07	正常	设备1 程序下载成功 
19.21.46	正常	设备1 CRC = 0x1f1ec544
19.21.58	正常	设备1 程序下载成功 
19.22.12	正常	设备1 CRC = 0xd8721f5e
19.22.24	正常	设备1 程序下载成功 
19.28.41	正常	设备1 CRC = 0x69898134
19.28.53	正常	设备1 程序下载成功 
19.58.43	正常	设备1 CRC = 0x69898134
19.58.57	正常	设备1 程序下载成功 
20.03.31	正常	设备1 CRC = 0x69898134
20.03.32	错误	设备1 downImage复位失败!!
20.03.32	警告	设备1 程序下载失败 
20.03.40	正常	设备1 继续下载失败的bin文件！ 
20.03.41	错误	设备1 downImage复位失败!!
20.03.41	警告	设备1 程序下载失败 
20.03.42	正常	设备1 继续下载失败的bin文件！ 
20.03.42	错误	设备1 downImage复位失败!!
20.03.42	警告	设备1 程序下载失败 
20.04.04	正常	设备1 继续下载失败的bin文件！ 
20.04.16	正常	设备1 程序下载成功 
