11.52.56	正常	设备1 CRC = 0x4680dffc
11.53.11	正常	设备1 程序下载成功 
11.55.28	正常	设备1 CRC = 0xe613087a
11.55.43	正常	设备1 程序下载成功 
11.57.32	正常	设备1 CRC = 0xd76a67d2
11.57.46	正常	设备1 程序下载成功 
13.43.57	正常	设备1 CRC = 0xbd0e2ddc
13.44.12	正常	设备1 程序下载成功 
13.54.40	正常	设备1 CRC = 0x49d6209f
13.54.55	正常	设备1 程序下载成功 
13.58.07	正常	设备1 CRC = 0x99617959
13.58.21	正常	设备1 程序下载成功 
14.03.29	正常	设备1 CRC = 0xd8ce1ed7
14.03.44	正常	设备1 程序下载成功 
14.16.37	正常	设备1 CRC = 0x26a2ea56
14.16.52	正常	设备1 程序下载成功 
14.17.56	正常	设备1 CRC = 0x1f439e49
14.18.10	正常	设备1 程序下载成功 
14.29.55	正常	设备1 CRC = 0x6b69492a
14.30.09	正常	设备1 程序下载成功 
14.31.17	正常	设备1 CRC = 0x6b69492a
14.31.32	正常	设备1 程序下载成功 
14.31.35	正常	设备1 CRC = 0xe6313fd4
14.31.49	正常	设备1 程序下载成功 
14.32.31	正常	设备1 CRC = 0xb4ca5232
14.32.31	错误	设备1 downImage复位失败!!
14.32.31	警告	设备1 程序下载失败 
14.32.38	正常	设备1 继续下载失败的bin文件！ 
14.32.38	错误	设备1 downImage复位失败!!
14.32.38	警告	设备1 程序下载失败 
14.32.45	正常	设备1 继续下载失败的bin文件！ 
14.32.58	正常	设备1 程序下载成功 
14.38.46	正常	设备1 CRC = 0xb4ca5232
14.38.59	正常	设备1 程序下载成功 
14.39.37	正常	设备1 CRC = 0x10b26761
14.39.51	正常	设备1 程序下载成功 
20.06.43	正常	设备1 CRC = 0x8025f06c
20.06.55	正常	设备1 程序下载成功 
