15.32.22	正常	设备1 CRC = 0x40bfafe7
15.32.23	错误	设备1 downImage复位失败!!
15.32.23	警告	设备1 程序下载失败 
15.32.33	正常	设备1 继续下载失败的bin文件！ 
15.32.33	错误	设备1 downImage复位失败!!
15.32.33	警告	设备1 程序下载失败 
15.32.48	正常	设备1 继续下载失败的bin文件！ 
15.33.05	正常	设备1 程序下载成功 
16.07.12	正常	设备1 CRC = 0xa1e4efc0
16.07.13	错误	设备1 downImage复位失败!!
16.07.13	警告	设备1 程序下载失败 
16.07.23	正常	设备1 继续下载失败的bin文件！ 
16.07.40	正常	设备1 程序下载成功 
16.20.40	正常	设备1 CRC = 0xa1e4efc0
16.20.57	正常	设备1 程序下载成功 
16.22.02	正常	设备1 CRC = 0xfa90d87d
16.22.19	正常	设备1 程序下载成功 
16.34.07	正常	设备1 CRC = 0xedbf1923
16.34.24	正常	设备1 程序下载成功 
16.50.22	正常	设备1 CRC = 0x46cdb98f
16.50.39	正常	设备1 程序下载成功 
16.57.54	正常	设备1 CRC = 0xff7b038e
16.58.11	正常	设备1 程序下载成功 
