10.10.17	正常	设备1 CRC = 0xab1e6014
10.10.40	正常	设备1 程序下载成功 
10.15.38	正常	设备1 CRC = 0x60a03719
10.16.00	正常	设备1 程序下载成功 
10.26.03	正常	设备1 CRC = 0x1c7c99e9
10.26.03	错误	设备1 downImage复位失败!!
10.26.03	警告	设备1 程序下载失败 
10.26.09	正常	设备1 继续下载失败的bin文件！ 
10.26.28	正常	设备1 程序下载成功 
10.40.24	正常	设备1 CRC = 0xe72c3f30
10.40.43	正常	设备1 程序下载成功 
10.55.34	正常	设备1 CRC = 0x60a03719
10.55.57	正常	设备1 程序下载成功 
11.43.47	正常	设备1 CRC = 0xf6d87d12
11.44.10	正常	设备1 程序下载成功 
11.47.49	正常	设备1 CRC = 0xf9db3d71
11.48.11	正常	设备1 程序下载成功 
14.16.50	正常	设备1 CRC = 0x6b97bcff
14.17.13	正常	设备1 程序下载成功 
14.23.00	正常	设备1 CRC = 0x7726a60b
14.23.22	正常	设备1 程序下载成功 
14.30.17	正常	设备1 CRC = 0x424c1948
14.30.40	正常	设备1 程序下载成功 
14.42.37	正常	设备1 CRC = 0xd301fcf2
14.42.59	正常	设备1 程序下载成功 
14.48.16	正常	设备1 CRC = 0xbe74106a
14.48.38	正常	设备1 程序下载成功 
16.11.30	正常	设备1 CRC = 0x58d63ec6
16.11.52	正常	设备1 程序下载成功 
16.18.31	正常	设备1 CRC = 0x54f2c018
16.18.54	正常	设备1 程序下载成功 
16.52.53	正常	设备1 CRC = 0x489c4aa1
16.53.16	正常	设备1 程序下载成功 
17.39.24	正常	设备1 CRC = 0x0fc3e476
17.39.47	正常	设备1 程序下载成功 
18.28.49	正常	设备1 CRC = 0xd1874503
18.29.11	正常	设备1 程序下载成功 
19.02.02	正常	设备1 CRC = 0xd1874503
19.02.24	正常	设备1 程序下载成功 
19.07.03	正常	设备1 CRC = 0xe01410cd
19.07.25	正常	设备1 程序下载成功 
19.08.19	正常	设备1 CRC = 0x4a1e1471
19.08.42	正常	设备1 程序下载成功 
20.36.52	正常	设备1 CRC = 0xd11ab733
20.37.14	正常	设备1 程序下载成功 
20.52.03	正常	设备1 CRC = 0x71019cb5
20.52.26	正常	设备1 程序下载成功 
