09.48.51	正常	设备1 CRC = 0xba88c284
09.48.52	错误	设备1 downImage复位失败!!
09.48.52	警告	设备1 程序下载失败 
09.49.40	正常	设备1 继续下载失败的bin文件！ 
09.49.52	正常	设备1 程序下载成功 
09.50.55	正常	设备1 CRC = 0xe8dffa57
09.51.06	正常	设备1 程序下载成功 
10.00.04	正常	设备1 CRC = 0x1505afe6
10.00.16	正常	设备1 程序下载成功 
10.13.29	正常	设备1 CRC = 0x5b25ac0b
10.13.41	正常	设备1 程序下载成功 
10.14.02	正常	设备1 CRC = 0xfd6b7303
10.14.14	正常	设备1 程序下载成功 
10.26.26	正常	设备1 CRC = 0xfc20815e
10.26.38	正常	设备1 程序下载成功 
10.28.21	正常	设备1 CRC = 0x1505afe6
10.28.33	正常	设备1 程序下载成功 
11.01.49	正常	设备1 CRC = 0xe93f48f4
11.02.01	正常	设备1 程序下载成功 
11.14.17	正常	设备1 CRC = 0x5340d948
11.14.29	正常	设备1 程序下载成功 
11.49.26	正常	设备1 CRC = 0xc6f58d9b
11.49.37	正常	设备1 程序下载成功 
14.06.11	正常	设备1 CRC = 0xfe8db0d6
14.06.23	正常	设备1 程序下载成功 
15.48.06	正常	设备1 CRC = 0x88c7fe34
15.48.18	正常	设备1 程序下载成功 
16.52.03	正常	设备1 CRC = 0x3d827578
16.52.14	正常	设备1 程序下载成功 
17.25.11	正常	设备1 CRC = 0x392e1bea
17.25.23	正常	设备1 程序下载成功 
17.30.10	正常	设备1 CRC = 0x1736998a
17.30.22	正常	设备1 程序下载成功 
17.52.39	正常	设备1 CRC = 0x895b8687
17.52.51	正常	设备1 程序下载成功 
18.07.10	正常	设备1 CRC = 0x8b7f35f9
18.07.22	正常	设备1 程序下载成功 
18.32.02	正常	设备1 CRC = 0xe3580e7b
18.32.14	正常	设备1 程序下载成功 
18.59.44	正常	设备1 CRC = 0x65fa04e4
18.59.56	正常	设备1 程序下载成功 
19.01.15	正常	设备1 CRC = 0x65fa04e4
19.01.27	正常	设备1 程序下载成功 
19.26.41	正常	设备1 CRC = 0x65fa04e4
19.26.53	正常	设备1 程序下载成功 
19.31.13	正常	设备1 CRC = 0xada49abc
19.31.25	正常	设备1 程序下载成功 
19.45.14	正常	设备1 CRC = 0xe50f6d45
19.45.26	正常	设备1 程序下载成功 
20.03.58	正常	设备1 CRC = 0xe50f6d45
20.03.59	错误	设备1 downImage复位失败!!
20.03.59	警告	设备1 程序下载失败 
20.04.07	正常	设备1 继续下载失败的bin文件！ 
20.04.07	错误	设备1 downImage复位失败!!
20.04.07	警告	设备1 程序下载失败 
