15.06.58	错误	设备1 dump复位失败!!
15.06.58	错误	设备1 读出失败!!
15.07.01	错误	设备1 dump复位失败!!
15.07.01	错误	设备1 读出失败!!
15.07.02	错误	设备1 dump复位失败!!
15.07.02	错误	设备1 读出失败!!
15.07.03	错误	设备1 dump复位失败!!
15.07.03	错误	设备1 读出失败!!
15.07.04	错误	设备1 dump复位失败!!
15.07.04	错误	设备1 读出失败!!
15.07.05	错误	设备1 dump复位失败!!
15.07.05	错误	设备1 读出失败!!
15.07.06	错误	设备1 dump复位失败!!
15.07.06	错误	设备1 读出失败!!
15.07.07	错误	设备1 dump复位失败!!
15.07.07	错误	设备1 读出失败!!
15.07.08	错误	设备1 dump复位失败!!
15.07.08	错误	设备1 读出失败!!
15.07.09	错误	设备1 dump复位失败!!
15.07.09	错误	设备1 读出失败!!
15.07.10	错误	设备1 dump复位失败!!
15.07.10	错误	设备1 读出失败!!
15.07.11	错误	设备1 dump复位失败!!
15.07.11	错误	设备1 读出失败!!
15.08.15	正常	设备1 读出成功!!
15.08.38	正常	设备1 CRC = 0x24fa296c
15.08.38	错误	设备1 downImage复位失败!!
15.08.38	警告	设备1 程序下载失败 
15.08.40	正常	设备1 继续下载失败的bin文件！ 
15.08.41	错误	设备1 downImage复位失败!!
15.08.41	警告	设备1 程序下载失败 
15.11.18	正常	设备1 读出成功!!
15.13.36	正常	设备1 读出成功!!
15.15.58	正常	设备1 CRC = 0x48d0eeec
15.16.23	正常	设备1 程序下载成功 
19.28.11	错误	设备1 dump复位失败!!
19.28.11	错误	设备1 读出失败!!
19.28.12	错误	设备1 dump复位失败!!
19.28.12	错误	设备1 读出失败!!
19.28.13	错误	设备1 dump复位失败!!
19.28.13	错误	设备1 读出失败!!
19.28.15	错误	设备1 dump复位失败!!
19.28.15	错误	设备1 读出失败!!
19.28.16	错误	设备1 dump复位失败!!
19.28.16	错误	设备1 读出失败!!
19.28.17	错误	设备1 dump复位失败!!
19.28.17	错误	设备1 读出失败!!
19.28.18	错误	设备1 dump复位失败!!
19.28.18	错误	设备1 读出失败!!
19.28.19	错误	设备1 dump复位失败!!
19.28.19	错误	设备1 读出失败!!
19.28.20	错误	设备1 dump复位失败!!
19.28.20	错误	设备1 读出失败!!
19.28.21	错误	设备1 dump复位失败!!
19.28.21	错误	设备1 读出失败!!
