16.05.10	正常	设备1 CRC = 0xea7d93ec
16.05.10	错误	设备1 downImage复位失败!!
16.05.10	警告	设备1 程序下载失败 
16.05.12	正常	设备1 继续下载失败的bin文件！ 
16.05.13	错误	设备1 downImage复位失败!!
16.05.13	警告	设备1 程序下载失败 
16.05.41	正常	设备1 继续下载失败的bin文件！ 
16.05.42	错误	设备1 downImage复位失败!!
16.05.42	警告	设备1 程序下载失败 
16.05.52	正常	设备1 继续下载失败的bin文件！ 
16.05.53	错误	设备1 downImage复位失败!!
16.05.53	警告	设备1 程序下载失败 
16.06.19	正常	设备1 继续下载失败的bin文件！ 
16.06.19	错误	设备1 downImage复位失败!!
16.06.19	警告	设备1 程序下载失败 
16.06.40	正常	设备1 继续下载失败的bin文件！ 
16.06.41	错误	设备1 downImage复位失败!!
16.06.41	警告	设备1 程序下载失败 
16.06.49	正常	设备1 继续下载失败的bin文件！ 
16.06.50	错误	设备1 downImage复位失败!!
16.06.50	警告	设备1 程序下载失败 
16.07.00	正常	设备1 继续下载失败的bin文件！ 
16.07.10	正常	设备1 程序下载成功 
