13.47.03	正常	设备1 CRC = 0x8b2ca607
13.47.13	正常	设备1 程序下载成功 
13.47.21	正常	设备1 读出成功!!
14.01.02	正常	设备1 读出成功!!
14.01.04	正常	设备1 CRC = 0x8b2ca607
14.01.14	正常	设备1 程序下载成功 
14.01.58	正常	设备1 CRC = 0x8b2ca607
14.02.08	正常	设备1 程序下载成功 
14.03.55	正常	设备1 CRC = 0x17c29184
14.03.56	错误	设备1 downImage复位失败!!
14.03.56	警告	设备1 程序下载失败 
14.03.58	正常	设备1 继续下载失败的bin文件！ 
14.03.59	警告	设备1 写入Bin文件超时-1！ 
14.03.59	警告	设备1 程序下载失败 
14.04.19	正常	设备1 CRC = 0xce8a8c49
14.04.19	错误	设备1 downImage复位失败!!
14.04.19	警告	设备1 程序下载失败 
14.04.49	正常	设备1 继续下载失败的bin文件！ 
14.05.15	正常	设备1 程序下载成功 
14.08.35	正常	设备1 CRC = 0xce8a8c49
14.08.35	错误	设备1 downImage复位失败!!
14.08.35	警告	设备1 程序下载失败 
14.08.37	正常	设备1 继续下载失败的bin文件！ 
14.08.38	警告	设备1 写入Bin文件超时-1！ 
14.08.38	警告	设备1 程序下载失败 
14.08.44	正常	设备1 继续下载失败的bin文件！ 
14.08.45	警告	设备1 写入Bin文件超时-1！ 
14.08.45	警告	设备1 程序下载失败 
14.08.51	正常	设备1 继续下载失败的bin文件！ 
14.09.17	正常	设备1 程序下载成功 
14.11.10	正常	设备1 CRC = 0xce8a8c49
14.11.36	正常	设备1 程序下载成功 
14.11.51	错误	设备1 eraseflash复位失败!!
14.12.42	正常	设备1 擦除成功!!
14.12.54	错误	设备1 dump复位失败!!
14.12.54	错误	设备1 读出失败!!
14.12.56	正常	设备1 读出成功!!
14.12.58	错误	设备1 dump复位失败!!
14.12.58	错误	设备1 读出失败!!
14.13.00	正常	设备1 擦除成功!!
14.13.02	错误	设备1 eraseflash复位失败!!
14.13.03	正常	设备1 擦除成功!!
14.13.05	错误	设备1 eraseflash复位失败!!
14.13.09	正常	设备1 CRC = 0xce8a8c49
14.13.11	警告	设备1 写入Bin文件超时-1！ 
14.13.11	警告	设备1 程序下载失败 
14.13.12	正常	设备1 继续下载失败的bin文件！ 
14.13.12	错误	设备1 downImage复位失败!!
14.13.12	警告	设备1 程序下载失败 
14.13.13	正常	设备1 继续下载失败的bin文件！ 
14.13.15	警告	设备1 写入Bin文件超时-1！ 
14.13.15	警告	设备1 程序下载失败 
14.13.15	正常	设备1 继续下载失败的bin文件！ 
14.13.16	错误	设备1 downImage复位失败!!
14.13.16	警告	设备1 程序下载失败 
14.13.21	正常	设备1 继续下载失败的bin文件！ 
14.13.47	正常	设备1 程序下载成功 
14.14.11	错误	设备1 dump复位失败!!
14.14.11	错误	设备1 读出失败!!
14.14.12	错误	设备1 dump复位失败!!
14.14.12	错误	设备1 读出失败!!
14.14.13	错误	设备1 dump复位失败!!
14.14.13	错误	设备1 读出失败!!
14.14.14	错误	设备1 dump复位失败!!
14.14.14	错误	设备1 读出失败!!
14.15.54	正常	设备1 读出成功!!
