Build target 'Target1'
assembling boot_vectors.s...
assembling boot_handlers.s...
compiling main.c...
app\src\main.c(259): warning:  #177-D: variable "cnt" was declared but never referenced      uint32_t cnt = 0;
app\src\main.c(260): warning:  #177-D: variable "current_time" was declared but never referenced      rwip_time_t current_time;
app\src\main.c(261): warning:  #550-D: variable "pre_time" was set but never used      rwip_time_t pre_time;  
app\src\main.c: 3 warnings, 0 errors
compiling intc.c...
compiling rwbt.c...
compiling rwble.c...
compiling rwip.c...
compiling flash.c...
compiling rf_xvr.c...
compiling gpio.c...
compiling spi.c...
..\..\Src\driver\spi\spi.c(278): warning:  #223-D: function "Delay_us" declared implicitly         Delay_us(10);
..\..\Src\driver\spi\spi.c: 1 warning, 0 errors
compiling icu.c...
compiling wdt.c...
compiling adc.c...
compiling uart2.c...
compiling uart.c...
compiling aon_rtc.c...
compiling dma.c...
linking...
Program Size: Code=122760 RO-data=7552 RW-data=960 ZI-data=14412  
FromELF: creating hex file...
After Build - User command #1: .\output\translate.bat

E:\work\BK3633\code\internal\BK3633_BLE\SDK\projects\app_controller>C:\Keil_v5\ARM\ARMCC\bin\fromelf .\obj\bk3633.axf --output .\output\bk3633.bin --bin 

E:\work\BK3633\code\internal\BK3633_BLE\SDK\projects\app_controller>.\output\encrypt.exe .\output\bk3633.bin 00000000 
/**< @author <luoyao@bekencorp.com> */
/**< @version v0.2 */
 Encrypt Seccessfully!
 -FileSize: 0x220ee
".\obj\bk3633.axf" - 0 Error(s), 4 Warning(s).
