09.58.17	正常	设备1 CRC = 0x9b7e1e62
09.58.18	错误	设备1 downImage复位失败!!
09.58.18	警告	设备1 程序下载失败 
09.58.28	正常	设备1 继续下载失败的bin文件！ 
09.58.44	正常	设备1 程序下载成功 
09.59.23	正常	设备1 CRC = 0x9b7e1e62
09.59.38	正常	设备1 程序下载成功 
10.00.31	正常	设备1 CRC = 0x9b979124
10.00.44	正常	设备1 程序下载成功 
10.00.55	正常	设备1 CRC = 0x9b979124
10.01.08	正常	设备1 程序下载成功 
10.01.42	正常	设备1 CRC = 0x9b979124
10.01.55	正常	设备1 程序下载成功 
10.02.10	正常	设备1 CRC = 0x9b7e1e62
10.02.25	正常	设备1 程序下载成功 
10.04.28	正常	设备1 CRC = 0x9b7e1e62
10.04.43	正常	设备1 程序下载成功 
10.44.31	正常	设备1 CRC = 0x7f39a63f
10.44.31	错误	设备1 downImage复位失败!!
10.44.31	警告	设备1 程序下载失败 
10.45.31	正常	设备1 继续下载失败的bin文件！ 
10.45.45	正常	设备1 程序下载成功 
10.51.46	正常	设备1 CRC = 0xd6287c68
10.51.59	正常	设备1 程序下载成功 
10.53.08	正常	设备1 CRC = 0xbfcb0ea2
10.53.22	正常	设备1 程序下载成功 
10.54.05	正常	设备1 CRC = 0x566c94e5
10.54.19	正常	设备1 程序下载成功 
11.09.49	正常	设备1 CRC = 0x5a9049c1
11.10.03	正常	设备1 程序下载成功 
11.12.22	正常	设备1 CRC = 0xe9eaf73a
11.12.35	正常	设备1 程序下载成功 
11.15.36	正常	设备1 CRC = 0xbaf6ab97
11.15.50	正常	设备1 程序下载成功 
11.20.28	正常	设备1 CRC = 0x559fdca5
11.20.42	正常	设备1 程序下载成功 
11.21.51	正常	设备1 CRC = 0x593c2e68
11.22.04	正常	设备1 程序下载成功 
11.26.16	正常	设备1 CRC = 0x66a135c9
11.26.30	正常	设备1 程序下载成功 
11.47.27	正常	设备1 CRC = 0x2a29b5ec
11.47.41	正常	设备1 程序下载成功 
16.10.10	正常	设备1 CRC = 0x561aa5b2
16.10.25	正常	设备1 程序下载成功 
16.12.01	正常	设备1 CRC = 0x1e0e7f6a
16.12.14	正常	设备1 程序下载成功 
16.29.06	正常	设备1 CRC = 0x0852946d
16.29.20	正常	设备1 程序下载成功 
16.31.02	正常	设备1 CRC = 0x4e474cd0
16.31.16	正常	设备1 程序下载成功 
16.34.36	正常	设备1 CRC = 0x65c48f9a
16.34.50	正常	设备1 程序下载成功 
16.40.38	正常	设备1 CRC = 0x1fc3c35a
16.40.52	正常	设备1 程序下载成功 
16.46.44	正常	设备1 CRC = 0xb216215f
16.46.59	正常	设备1 程序下载成功 
16.59.02	正常	设备1 CRC = 0x587a13d2
16.59.16	正常	设备1 程序下载成功 
17.00.38	正常	设备1 CRC = 0x0e5cf4a7
17.00.52	正常	设备1 程序下载成功 
17.15.09	正常	设备1 CRC = 0xb4164343
17.15.23	正常	设备1 程序下载成功 
17.27.41	正常	设备1 CRC = 0x9a35c17f
17.27.55	正常	设备1 程序下载成功 
17.42.11	正常	设备1 CRC = 0x1b390482
17.42.25	正常	设备1 程序下载成功 
18.03.56	正常	设备1 CRC = 0xca021458
18.04.11	正常	设备1 程序下载成功 
18.34.39	正常	设备1 CRC = 0x612bed1e
18.34.52	正常	设备1 程序下载成功 
18.36.20	正常	设备1 CRC = 0x0d00e541
18.36.34	正常	设备1 程序下载成功 
18.39.58	正常	设备1 CRC = 0x41a2a20b
18.40.12	正常	设备1 程序下载成功 
18.41.17	正常	设备1 CRC = 0x22bcc49d
18.41.30	正常	设备1 程序下载成功 
18.49.52	正常	设备1 CRC = 0xda517f51
18.50.06	正常	设备1 程序下载成功 
18.52.57	正常	设备1 CRC = 0x4578ba1e
18.53.11	正常	设备1 程序下载成功 
19.24.10	正常	设备1 CRC = 0x5c1241c2
19.24.24	正常	设备1 程序下载成功 
19.27.05	正常	设备1 CRC = 0xd61fdabc
19.27.19	正常	设备1 程序下载成功 
19.28.23	正常	设备1 CRC = 0x511a908c
19.28.37	正常	设备1 程序下载成功 
19.29.27	正常	设备1 CRC = 0x389b5539
19.29.41	正常	设备1 程序下载成功 
19.33.29	正常	设备1 CRC = 0x3be90df2
19.33.30	错误	设备1 downImage复位失败!!
19.33.30	警告	设备1 程序下载失败 
19.33.34	正常	设备1 继续下载失败的bin文件！ 
19.33.48	正常	设备1 程序下载成功 
19.35.13	正常	设备1 CRC = 0xa33ef8a8
19.35.14	错误	设备1 downImage复位失败!!
19.35.14	警告	设备1 程序下载失败 
19.35.17	正常	设备1 继续下载失败的bin文件！ 
19.35.31	正常	设备1 程序下载成功 
19.59.57	正常	设备1 CRC = 0x9661e10e
20.00.14	正常	设备1 程序下载成功 
20.01.44	正常	设备1 CRC = 0x6415f29c
20.01.58	正常	设备1 程序下载成功 
20.02.53	正常	设备1 CRC = 0x8171f434
20.03.07	正常	设备1 程序下载成功 
20.08.14	正常	设备1 CRC = 0x22d3b1e2
20.08.27	正常	设备1 程序下载成功 
20.10.40	正常	设备1 CRC = 0xffb9a47a
20.10.55	正常	设备1 程序下载成功 
20.26.40	正常	设备1 CRC = 0xd345d6fb
20.26.54	正常	设备1 程序下载成功 
20.28.12	正常	设备1 CRC = 0x9ff4d701
20.28.27	正常	设备1 程序下载成功 
20.31.31	正常	设备1 CRC = 0xcddc0406
20.31.45	正常	设备1 程序下载成功 
