10.42.09	正常	设备1 CRC = 0xd8bafc3a
10.42.23	正常	设备1 程序下载成功 
10.44.36	正常	设备1 CRC = 0xd8bafc3a
10.44.50	正常	设备1 程序下载成功 
10.46.25	正常	设备1 CRC = 0xd8bafc3a
10.46.39	正常	设备1 程序下载成功 
10.50.31	正常	设备1 CRC = 0xcfabd85e
10.50.44	正常	设备1 程序下载成功 
10.52.19	正常	设备1 CRC = 0xd2c60df9
10.52.32	正常	设备1 程序下载成功 
10.55.32	正常	设备1 CRC = 0x7217cf68
10.55.46	正常	设备1 程序下载成功 
10.56.48	正常	设备1 CRC = 0x519ddb88
10.57.02	正常	设备1 程序下载成功 
10.58.38	正常	设备1 CRC = 0xdae57283
10.58.51	正常	设备1 程序下载成功 
11.00.32	正常	设备1 CRC = 0xcb6caf2d
11.00.46	正常	设备1 程序下载成功 
11.11.28	正常	设备1 CRC = 0xef52e0e3
11.11.42	正常	设备1 程序下载成功 
11.14.32	正常	设备1 CRC = 0x7eb191e6
11.14.46	正常	设备1 程序下载成功 
11.15.41	正常	设备1 CRC = 0x72ad5811
11.15.55	正常	设备1 程序下载成功 
11.23.00	正常	设备1 CRC = 0xb526f96f
11.23.14	正常	设备1 程序下载成功 
11.25.57	正常	设备1 CRC = 0x64ed3839
11.26.11	正常	设备1 程序下载成功 
11.45.25	正常	设备1 CRC = 0xf662b91a
11.45.39	正常	设备1 程序下载成功 
13.34.04	正常	设备1 CRC = 0xfc2d5d68
13.34.17	正常	设备1 程序下载成功 
13.35.49	正常	设备1 CRC = 0xf662b91a
13.36.03	正常	设备1 程序下载成功 
13.38.41	正常	设备1 CRC = 0x44128b84
13.38.54	正常	设备1 程序下载成功 
13.38.58	正常	设备1 CRC = 0x44128b84
13.39.11	正常	设备1 程序下载成功 
13.43.18	正常	设备1 CRC = 0x62ed7aed
13.43.20	警告	设备1 写入Bin文件超时-1！ 
13.43.20	警告	设备1 程序下载失败 
13.43.22	正常	设备1 继续下载失败的bin文件！ 
13.43.36	正常	设备1 程序下载成功 
13.44.31	正常	设备1 CRC = 0xf662b91a
13.44.45	正常	设备1 程序下载成功 
13.46.04	正常	设备1 CRC = 0xf662b91a
13.46.18	正常	设备1 程序下载成功 
13.47.46	正常	设备1 CRC = 0xf662b91a
13.48.00	正常	设备1 程序下载成功 
13.48.07	正常	设备1 CRC = 0x62ed7aed
13.48.20	正常	设备1 程序下载成功 
13.49.12	正常	设备1 CRC = 0xf662b91a
13.49.25	正常	设备1 程序下载成功 
13.49.48	正常	设备1 CRC = 0xeb56db13
13.50.01	正常	设备1 程序下载成功 
13.50.35	正常	设备1 CRC = 0x5a2a29ee
13.50.49	正常	设备1 程序下载成功 
13.51.35	正常	设备1 CRC = 0x43a87227
13.51.49	正常	设备1 程序下载成功 
13.52.33	正常	设备1 CRC = 0x36462b39
13.52.47	正常	设备1 程序下载成功 
13.54.49	正常	设备1 CRC = 0x442b31e8
13.55.02	正常	设备1 程序下载成功 
13.55.49	正常	设备1 CRC = 0xb649d9e7
13.56.02	正常	设备1 程序下载成功 
13.57.10	正常	设备1 CRC = 0x66313263
13.57.26	正常	设备1 程序下载成功 
13.57.51	正常	设备1 CRC = 0x637c279e
13.58.05	正常	设备1 程序下载成功 
14.01.12	正常	设备1 CRC = 0xef48a5a8
14.01.26	正常	设备1 程序下载成功 
14.03.33	正常	设备1 CRC = 0xd77c0721
14.03.46	正常	设备1 程序下载成功 
14.05.28	正常	设备1 CRC = 0x6046c03b
14.05.42	正常	设备1 程序下载成功 
14.06.33	正常	设备1 CRC = 0x637c279e
14.06.47	正常	设备1 程序下载成功 
14.07.33	正常	设备1 CRC = 0x0005be5a
14.07.46	正常	设备1 程序下载成功 
14.10.06	正常	设备1 CRC = 0x31da56dc
14.10.20	正常	设备1 程序下载成功 
14.12.36	正常	设备1 CRC = 0x6341bc3a
14.12.50	正常	设备1 程序下载成功 
14.17.23	正常	设备1 CRC = 0xb97d625e
14.17.36	正常	设备1 程序下载成功 
14.31.23	正常	设备1 CRC = 0x6341bc3a
14.31.37	正常	设备1 程序下载成功 
15.50.00	正常	设备1 CRC = 0xe2e6bb1c
15.50.14	正常	设备1 程序下载成功 
15.56.46	正常	设备1 CRC = 0x9ef42850
15.57.00	正常	设备1 程序下载成功 
16.02.39	正常	设备1 CRC = 0x9ef42850
16.02.53	正常	设备1 程序下载成功 
16.03.29	正常	设备1 CRC = 0x9ef42850
16.03.43	正常	设备1 程序下载成功 
16.51.43	正常	设备1 CRC = 0x56c4fa59
16.51.57	正常	设备1 程序下载成功 
16.56.53	正常	设备1 CRC = 0xbb6f1917
16.57.07	正常	设备1 程序下载成功 
