11.03.23	正常	设备1 CRC = 0xb41f4f50
11.03.37	正常	设备1 程序下载成功 
11.08.12	正常	设备1 CRC = 0xb41f4f50
11.08.26	正常	设备1 程序下载成功 
11.24.36	正常	设备1 CRC = 0xb41f4f50
11.43.43	正常	设备1 CRC = 0x5f093f3b
11.43.57	正常	设备1 程序下载成功 
13.39.59	正常	设备1 CRC = 0x8c9bf702
13.39.59	错误	设备1 downImage复位失败!!
13.39.59	警告	设备1 程序下载失败 
13.40.06	正常	设备1 继续下载失败的bin文件！ 
13.40.19	正常	设备1 程序下载成功 
13.45.53	正常	设备1 CRC = 0x8c9bf702
13.46.07	正常	设备1 程序下载成功 
13.46.49	正常	设备1 CRC = 0x8c9bf702
13.47.02	正常	设备1 程序下载成功 
14.06.38	正常	设备1 CRC = 0x685a7290
14.06.52	正常	设备1 程序下载成功 
14.07.27	正常	设备1 CRC = 0x685a7290
14.07.41	正常	设备1 程序下载成功 
14.10.03	正常	设备1 CRC = 0xd9965550
14.10.16	正常	设备1 程序下载成功 
14.12.12	正常	设备1 CRC = 0xa0ca662b
14.12.25	正常	设备1 程序下载成功 
14.14.47	正常	设备1 CRC = 0x7630b6d8
14.15.00	正常	设备1 程序下载成功 
14.19.17	正常	设备1 CRC = 0xf07b79bd
14.19.31	正常	设备1 程序下载成功 
14.41.02	正常	设备1 CRC = 0xe22ae2ad
14.41.16	正常	设备1 程序下载成功 
14.47.30	正常	设备1 CRC = 0xc6195fa5
14.47.44	正常	设备1 程序下载成功 
15.37.26	正常	设备1 CRC = 0x8c9bf702
15.37.40	正常	设备1 程序下载成功 
16.05.18	正常	设备1 CRC = 0x8c9bf702
16.05.32	正常	设备1 程序下载成功 
16.19.28	正常	设备1 CRC = 0x5d131ae2
16.19.42	正常	设备1 程序下载成功 
16.22.45	正常	设备1 CRC = 0x41f3c233
16.22.59	正常	设备1 程序下载成功 
16.24.08	正常	设备1 CRC = 0x1ba4e69d
16.24.22	正常	设备1 程序下载成功 
16.30.06	正常	设备1 CRC = 0x5beb855d
16.30.19	正常	设备1 程序下载成功 
16.32.01	正常	设备1 CRC = 0xf48a0d18
16.32.14	正常	设备1 程序下载成功 
16.33.55	正常	设备1 CRC = 0x4ab46bd4
16.34.09	正常	设备1 程序下载成功 
17.04.30	正常	设备1 CRC = 0xb41f4f50
17.04.45	正常	设备1 程序下载成功 
17.17.26	正常	设备1 CRC = 0xb41f4f50
17.17.40	正常	设备1 程序下载成功 
17.18.10	正常	设备1 CRC = 0x39e1eaec
17.18.24	正常	设备1 程序下载成功 
18.49.41	正常	设备1 CRC = 0x39e1eaec
18.49.56	正常	设备1 程序下载成功 
