10.54.26	正常	设备1 CRC = 0x35276286
10.54.52	正常	设备1 程序下载成功 
11.00.02	正常	设备1 CRC = 0x6dde5fad
11.00.27	正常	设备1 程序下载成功 
11.25.30	正常	设备1 CRC = 0x4b451615
11.25.55	正常	设备1 程序下载成功 
11.30.35	正常	设备1 CRC = 0x643095c8
11.31.00	正常	设备1 程序下载成功 
11.33.26	正常	设备1 CRC = 0x643095c8
11.33.33	警告	设备1 写入Bin文件超时-1！ 
11.33.33	警告	设备1 程序下载失败 
11.33.35	错误	设备1 Vpp关闭操作超时！
11.33.38	正常	设备1 继续下载失败的bin文件！ 
11.34.04	正常	设备1 程序下载成功 
11.47.57	正常	设备1 CRC = 0xee56e967
11.48.22	正常	设备1 程序下载成功 
13.40.21	正常	设备1 CRC = 0x74b1766c
13.40.47	正常	设备1 程序下载成功 
13.41.14	正常	设备1 CRC = 0x74b1766c
13.41.39	正常	设备1 程序下载成功 
14.28.18	正常	设备1 CRC = 0x2219619f
14.28.43	正常	设备1 程序下载成功 
14.29.34	正常	设备1 CRC = 0x3ca90607
14.29.59	正常	设备1 程序下载成功 
14.30.28	正常	设备1 CRC = 0x3ca90607
14.30.53	正常	设备1 程序下载成功 
14.50.27	正常	设备1 CRC = 0xfadc9d6d
14.50.52	正常	设备1 程序下载成功 
14.53.28	正常	设备1 CRC = 0x7657faa6
14.53.54	正常	设备1 程序下载成功 
14.54.06	正常	设备1 CRC = 0x7657faa6
14.54.32	正常	设备1 程序下载成功 
15.05.37	正常	设备1 CRC = 0xc231ca5c
15.06.02	正常	设备1 程序下载成功 
15.06.41	正常	设备1 CRC = 0xdd42db97
15.07.06	正常	设备1 程序下载成功 
15.20.56	正常	设备1 CRC = 0xdd42db97
15.21.22	正常	设备1 程序下载成功 
15.21.36	正常	设备1 CRC = 0xdd42db97
15.22.01	正常	设备1 程序下载成功 
