08.54.59	正常	设备1 CRC = 0x19d67a2b
08.55.00	错误	设备1 downImage复位失败!!
08.55.00	警告	设备1 程序下载失败 
08.55.06	正常	设备1 继续下载失败的bin文件！ 
08.55.20	正常	设备1 程序下载成功 
08.57.11	正常	设备1 CRC = 0x19d67a2b
08.57.25	正常	设备1 程序下载成功 
08.57.55	正常	设备1 CRC = 0x19d67a2b
08.57.55	错误	设备1 downImage复位失败!!
08.57.56	警告	设备1 程序下载失败 
08.58.14	正常	设备1 继续下载失败的bin文件！ 
08.58.15	错误	设备1 downImage复位失败!!
08.58.15	警告	设备1 程序下载失败 
08.58.18	正常	设备1 继续下载失败的bin文件！ 
08.58.32	正常	设备1 程序下载成功 
09.00.06	正常	设备1 CRC = 0x19d67a2b
09.00.20	正常	设备1 程序下载成功 
09.01.04	正常	设备1 CRC = 0x19d67a2b
09.01.06	警告	设备1 写入Bin文件超时-1！ 
09.01.06	警告	设备1 程序下载失败 
09.01.08	正常	设备1 继续下载失败的bin文件！ 
09.01.11	警告	设备1 写入Bin文件超时-1！ 
09.01.11	警告	设备1 程序下载失败 
09.05.09	正常	设备1 继续下载失败的bin文件！ 
09.05.22	正常	设备1 程序下载成功 
09.13.59	正常	设备1 CRC = 0x49fa9be5
09.13.59	错误	设备1 downImage复位失败!!
09.13.59	警告	设备1 程序下载失败 
09.14.09	正常	设备1 继续下载失败的bin文件！ 
09.14.22	正常	设备1 程序下载成功 
09.20.03	正常	设备1 CRC = 0xcf5e1b60
09.20.17	正常	设备1 程序下载成功 
09.22.18	正常	设备1 CRC = 0x276a6730
09.22.31	正常	设备1 程序下载成功 
09.31.29	正常	设备1 CRC = 0x276a6730
09.31.42	正常	设备1 程序下载成功 
09.44.02	正常	设备1 CRC = 0x276a6730
09.44.15	正常	设备1 程序下载成功 
10.17.36	正常	设备1 CRC = 0x276a6730
10.17.37	错误	设备1 downImage复位失败!!
10.17.37	警告	设备1 程序下载失败 
10.17.43	正常	设备1 继续下载失败的bin文件！ 
10.17.45	警告	设备1 写入Bin文件超时-1！ 
10.17.45	警告	设备1 程序下载失败 
10.17.48	正常	设备1 继续下载失败的bin文件！ 
10.17.49	警告	设备1 写入Bin文件超时-1！ 
10.17.49	警告	设备1 程序下载失败 
10.17.59	正常	设备1 继续下载失败的bin文件！ 
10.17.59	错误	设备1 downImage复位失败!!
10.17.59	警告	设备1 程序下载失败 
10.18.06	正常	设备1 继续下载失败的bin文件！ 
10.18.19	正常	设备1 程序下载成功 
10.21.49	正常	设备1 CRC = 0x276a6730
10.22.04	正常	设备1 程序下载成功 
10.22.06	正常	设备1 CRC = 0x276a6730
10.22.20	正常	设备1 程序下载成功 
10.22.32	正常	设备1 CRC = 0x276a6730
10.22.33	错误	设备1 downImage复位失败!!
10.22.33	警告	设备1 程序下载失败 
10.22.34	正常	设备1 继续下载失败的bin文件！ 
10.22.34	错误	设备1 downImage复位失败!!
10.22.34	警告	设备1 程序下载失败 
10.25.20	正常	设备1 继续下载失败的bin文件！ 
10.25.21	错误	设备1 downImage复位失败!!
10.25.21	警告	设备1 程序下载失败 
10.25.24	正常	设备1 继续下载失败的bin文件！ 
10.25.38	正常	设备1 程序下载成功 
10.27.39	正常	设备1 CRC = 0x9b979124
10.27.40	错误	设备1 downImage复位失败!!
10.27.40	警告	设备1 程序下载失败 
10.27.45	正常	设备1 继续下载失败的bin文件！ 
10.27.46	错误	设备1 downImage复位失败!!
10.27.46	警告	设备1 程序下载失败 
10.27.54	正常	设备1 继续下载失败的bin文件！ 
10.28.08	正常	设备1 程序下载成功 
11.22.26	正常	设备1 CRC = 0x9b979124
11.22.26	错误	设备1 downImage复位失败!!
11.22.26	警告	设备1 程序下载失败 
11.22.28	正常	设备1 继续下载失败的bin文件！ 
11.22.28	错误	设备1 downImage复位失败!!
11.22.28	警告	设备1 程序下载失败 
11.40.17	正常	设备1 继续下载失败的bin文件！ 
11.40.18	错误	设备1 downImage复位失败!!
11.40.18	警告	设备1 程序下载失败 
11.42.31	正常	设备1 继续下载失败的bin文件！ 
11.42.32	错误	设备1 downImage复位失败!!
11.42.32	警告	设备1 程序下载失败 
11.50.20	正常	设备1 继续下载失败的bin文件！ 
11.50.34	正常	设备1 程序下载成功 
11.51.11	正常	设备1 CRC = 0x9b979124
11.51.12	错误	设备1 downImage复位失败!!
11.51.12	警告	设备1 程序下载失败 
11.51.30	正常	设备1 继续下载失败的bin文件！ 
11.51.44	正常	设备1 程序下载成功 
11.51.56	正常	设备1 CRC = 0x9b979124
11.52.10	正常	设备1 程序下载成功 
11.52.44	正常	设备1 CRC = 0x9b979124
11.52.58	正常	设备1 程序下载成功 
13.42.35	正常	设备1 CRC = 0x9b979124
13.42.49	正常	设备1 程序下载成功 
13.48.24	正常	设备1 CRC = 0x9b979124
13.48.25	错误	设备1 downImage复位失败!!
13.48.25	警告	设备1 程序下载失败 
13.50.20	正常	设备1 继续下载失败的bin文件！ 
13.50.34	正常	设备1 程序下载成功 
13.51.05	正常	设备1 CRC = 0x276a6730
13.51.19	正常	设备1 程序下载成功 
13.59.24	正常	设备1 CRC = 0x276a6730
13.59.24	错误	设备1 downImage复位失败!!
13.59.24	警告	设备1 程序下载失败 
14.00.54	正常	设备1 继续下载失败的bin文件！ 
14.00.54	错误	设备1 downImage复位失败!!
14.00.54	警告	设备1 程序下载失败 
14.00.58	正常	设备1 继续下载失败的bin文件！ 
14.00.58	错误	设备1 downImage复位失败!!
14.00.58	警告	设备1 程序下载失败 
14.01.03	正常	设备1 继续下载失败的bin文件！ 
14.01.17	正常	设备1 程序下载成功 
14.01.20	正常	设备1 CRC = 0x276a6730
14.01.21	错误	设备1 downImage复位失败!!
14.01.21	警告	设备1 程序下载失败 
14.01.22	正常	设备1 继续下载失败的bin文件！ 
14.01.22	错误	设备1 downImage复位失败!!
14.01.22	警告	设备1 程序下载失败 
14.01.26	正常	设备1 继续下载失败的bin文件！ 
14.01.40	正常	设备1 程序下载成功 
14.01.43	正常	设备1 CRC = 0x276a6730
14.01.44	错误	设备1 downImage复位失败!!
14.01.44	警告	设备1 程序下载失败 
14.01.46	正常	设备1 继续下载失败的bin文件！ 
14.01.47	错误	设备1 downImage复位失败!!
14.01.47	警告	设备1 程序下载失败 
14.01.48	正常	设备1 继续下载失败的bin文件！ 
14.01.49	错误	设备1 downImage复位失败!!
14.01.49	警告	设备1 程序下载失败 
14.01.54	正常	设备1 继续下载失败的bin文件！ 
14.02.08	正常	设备1 程序下载成功 
14.02.13	正常	设备1 CRC = 0x276a6730
14.02.13	错误	设备1 downImage复位失败!!
14.02.13	警告	设备1 程序下载失败 
14.02.14	正常	设备1 继续下载失败的bin文件！ 
14.02.15	错误	设备1 downImage复位失败!!
14.02.15	警告	设备1 程序下载失败 
14.31.20	正常	设备1 继续下载失败的bin文件！ 
14.31.20	错误	设备1 downImage复位失败!!
14.31.20	警告	设备1 程序下载失败 
14.31.21	正常	设备1 继续下载失败的bin文件！ 
14.31.22	错误	设备1 downImage复位失败!!
14.31.22	警告	设备1 程序下载失败 
14.33.12	正常	设备1 继续下载失败的bin文件！ 
14.33.26	正常	设备1 程序下载成功 
14.37.34	正常	设备1 CRC = 0x276a6730
14.37.34	错误	设备1 downImage复位失败!!
14.37.34	警告	设备1 程序下载失败 
14.40.43	正常	设备1 继续下载失败的bin文件！ 
14.40.44	错误	设备1 downImage复位失败!!
14.40.44	警告	设备1 程序下载失败 
14.41.33	正常	设备1 继续下载失败的bin文件！ 
14.41.48	正常	设备1 程序下载成功 
14.46.33	正常	设备1 CRC = 0x276a6730
14.46.34	错误	设备1 downImage复位失败!!
14.46.34	警告	设备1 程序下载失败 
14.54.40	正常	设备1 继续下载失败的bin文件！ 
14.54.40	错误	设备1 downImage复位失败!!
14.54.40	警告	设备1 程序下载失败 
15.05.28	正常	设备1 继续下载失败的bin文件！ 
15.05.29	错误	设备1 downImage复位失败!!
15.05.29	警告	设备1 程序下载失败 
15.39.23	正常	设备1 继续下载失败的bin文件！ 
15.39.37	正常	设备1 程序下载成功 
15.47.38	正常	设备1 CRC = 0xaccc48ac
15.47.52	正常	设备1 程序下载成功 
15.51.14	正常	设备1 CRC = 0x16b9d75f
15.51.27	正常	设备1 程序下载成功 
16.18.31	正常	设备1 CRC = 0x16b9d75f
16.18.44	正常	设备1 程序下载成功 
16.30.10	正常	设备1 CRC = 0x6def8f82
16.30.24	正常	设备1 程序下载成功 
17.42.14	正常	设备1 CRC = 0xef94e1cc
17.42.14	错误	设备1 downImage复位失败!!
17.42.14	警告	设备1 程序下载失败 
18.00.50	正常	设备1 CRC = 0x16b9d75f
18.01.04	正常	设备1 程序下载成功 
18.04.40	正常	设备1 CRC = 0x16b9d75f
18.04.54	正常	设备1 程序下载成功 
18.23.23	正常	设备1 CRC = 0xef94e1cc
18.23.36	正常	设备1 程序下载成功 
