09.47.19	正常	设备1 CRC = 0x5f1b4c90
09.47.44	正常	设备1 程序下载成功 
09.52.43	正常	设备1 CRC = 0x5f1b4c90
09.52.43	正常	设备1 继续下载失败的bin文件！ 
09.52.43	错误	设备1 downImage复位失败!!
09.52.43	警告	设备1 程序下载失败 
09.53.07	警告	设备1 写入Bin文件超时-1！ 
09.53.07	警告	设备1 程序下载失败 
09.53.09	错误	设备1 Vpp关闭操作超时！
09.53.22	正常	设备1 继续下载失败的bin文件！ 
09.53.46	正常	设备1 程序下载成功 
09.54.03	正常	设备1 CRC = 0x5f1b4c90
09.54.28	正常	设备1 程序下载成功 
09.55.58	正常	设备1 CRC = 0xdd42db97
09.56.23	正常	设备1 程序下载成功 
10.23.44	正常	设备1 CRC = 0x3119a394
10.24.08	正常	设备1 程序下载成功 
10.27.55	正常	设备1 CRC = 0x3119a394
10.28.20	正常	设备1 程序下载成功 
10.28.31	正常	设备1 CRC = 0x003ee741
10.28.56	正常	设备1 程序下载成功 
10.32.09	正常	设备1 CRC = 0x0308df6f
10.32.34	正常	设备1 程序下载成功 
10.40.35	正常	设备1 CRC = 0x0b877640
10.41.00	正常	设备1 程序下载成功 
11.22.44	正常	设备1 CRC = 0x118b8bc7
11.23.09	正常	设备1 程序下载成功 
11.25.43	正常	设备1 CRC = 0x398182ae
11.26.08	正常	设备1 程序下载成功 
11.28.34	正常	设备1 CRC = 0x5c488b89
11.28.48	警告	设备1 写入Bin文件超时-1！ 
11.28.48	警告	设备1 程序下载失败 
11.28.50	错误	设备1 Vpp关闭操作超时！
11.28.52	正常	设备1 继续下载失败的bin文件！ 
11.29.17	正常	设备1 程序下载成功 
13.41.02	正常	设备1 CRC = 0xfc4896d6
13.41.27	正常	设备1 程序下载成功 
13.41.34	正常	设备1 CRC = 0xfc4896d6
13.41.59	正常	设备1 程序下载成功 
13.50.54	正常	设备1 CRC = 0xc1c12f66
13.51.19	正常	设备1 程序下载成功 
13.56.32	正常	设备1 CRC = 0xc1c12f66
13.56.57	正常	设备1 程序下载成功 
13.58.05	正常	设备1 CRC = 0xc1c12f66
13.58.30	正常	设备1 程序下载成功 
14.14.13	正常	设备1 CRC = 0x4bee8670
14.14.16	错误	设备1 芯片烧录信息加载超时！
14.14.16	警告	设备1 程序下载失败 
14.14.18	错误	设备1 Vpp关闭操作超时！
14.15.07	正常	设备1 继续下载失败的bin文件！ 
14.15.31	正常	设备1 程序下载成功 
14.18.05	正常	设备1 CRC = 0x7d918d10
14.18.30	正常	设备1 程序下载成功 
14.18.59	正常	设备1 CRC = 0x7d918d10
14.19.24	正常	设备1 程序下载成功 
14.25.56	正常	设备1 CRC = 0xc07137cf
14.26.20	正常	设备1 程序下载成功 
14.37.47	正常	设备1 CRC = 0xc07137cf
14.38.12	正常	设备1 程序下载成功 
14.44.37	正常	设备1 CRC = 0xc07137cf
14.45.01	正常	设备1 程序下载成功 
14.45.14	正常	设备1 CRC = 0xc07137cf
14.45.39	正常	设备1 程序下载成功 
14.46.07	正常	设备1 CRC = 0xc07137cf
14.46.32	正常	设备1 程序下载成功 
14.46.42	正常	设备1 CRC = 0xc07137cf
14.47.06	正常	设备1 程序下载成功 
14.50.58	正常	设备1 CRC = 0x7d918d10
14.51.23	正常	设备1 程序下载成功 
15.09.30	正常	设备1 CRC = 0x618a3912
15.09.55	正常	设备1 程序下载成功 
15.10.27	正常	设备1 CRC = 0x618a3912
15.10.52	正常	设备1 程序下载成功 
15.29.44	正常	设备1 CRC = 0x9ce8e682
15.30.09	正常	设备1 程序下载成功 
15.35.56	正常	设备1 CRC = 0xfd5c6d1c
15.36.21	正常	设备1 程序下载成功 
15.43.59	正常	设备1 CRC = 0xfd5c6d1c
15.44.24	正常	设备1 程序下载成功 
16.13.23	正常	设备1 CRC = 0x9e779833
16.13.48	正常	设备1 程序下载成功 
16.15.50	正常	设备1 CRC = 0xfd5c6d1c
16.16.15	正常	设备1 程序下载成功 
16.17.16	正常	设备1 CRC = 0xeac1aec2
16.17.41	正常	设备1 程序下载成功 
16.19.44	正常	设备1 CRC = 0xfd5c6d1c
16.20.09	正常	设备1 程序下载成功 
16.25.58	正常	设备1 CRC = 0xfd5c6d1c
16.26.23	正常	设备1 程序下载成功 
16.40.02	正常	设备1 CRC = 0xfd5c6d1c
16.40.27	正常	设备1 程序下载成功 
16.42.57	正常	设备1 CRC = 0xfd5c6d1c
16.43.22	正常	设备1 程序下载成功 
16.43.34	正常	设备1 CRC = 0xfd5c6d1c
16.43.59	正常	设备1 程序下载成功 
16.52.31	正常	设备1 CRC = 0xfd5c6d1c
16.52.56	正常	设备1 程序下载成功 
16.53.03	正常	设备1 CRC = 0xfd5c6d1c
16.53.28	正常	设备1 程序下载成功 
17.57.49	正常	设备1 CRC = 0xdec1c381
17.58.14	正常	设备1 程序下载成功 
