09.25.18	正常	设备1 CRC = 0x61f0d569
09.25.31	正常	设备1 程序下载成功 
09.25.41	正常	设备1 CRC = 0x0edfb476
09.25.54	正常	设备1 程序下载成功 
09.43.43	正常	设备1 CRC = 0x190c99ad
09.43.43	错误	设备1 downImage复位失败!!
09.43.43	警告	设备1 程序下载失败 
09.43.53	正常	设备1 继续下载失败的bin文件！ 
09.44.06	正常	设备1 程序下载成功 
09.44.25	正常	设备1 CRC = 0x190c99ad
09.44.39	正常	设备1 程序下载成功 
10.10.54	正常	设备1 CRC = 0x0bdcbce1
10.11.09	正常	设备1 程序下载成功 
10.14.10	正常	设备1 CRC = 0x1ad3c811
10.14.24	正常	设备1 程序下载成功 
10.26.48	正常	设备1 CRC = 0x5b45c119
10.27.02	正常	设备1 程序下载成功 
10.46.03	正常	设备1 CRC = 0xc587f0fe
10.46.17	正常	设备1 程序下载成功 
10.51.26	正常	设备1 CRC = 0x7e5461e6
10.51.40	正常	设备1 程序下载成功 
10.52.38	正常	设备1 CRC = 0x91920ecf
10.52.52	正常	设备1 程序下载成功 
11.07.57	正常	设备1 CRC = 0x4723d94d
11.08.11	正常	设备1 程序下载成功 
11.12.44	正常	设备1 CRC = 0x2f86f94a
11.12.57	正常	设备1 程序下载成功 
11.15.05	正常	设备1 CRC = 0xf5b567e7
11.15.18	正常	设备1 程序下载成功 
11.18.15	正常	设备1 CRC = 0x08c01954
11.18.29	正常	设备1 程序下载成功 
11.21.30	正常	设备1 CRC = 0x98f951d0
11.21.44	正常	设备1 程序下载成功 
11.27.50	正常	设备1 CRC = 0xac322d3d
11.28.04	正常	设备1 程序下载成功 
11.31.16	正常	设备1 CRC = 0xe5acf60d
11.31.30	正常	设备1 程序下载成功 
11.36.04	正常	设备1 CRC = 0x34e67dce
11.36.18	正常	设备1 程序下载成功 
11.36.46	正常	设备1 CRC = 0xe1885d1d
11.36.59	正常	设备1 程序下载成功 
11.44.05	正常	设备1 CRC = 0x29563d24
11.44.18	正常	设备1 程序下载成功 
11.50.53	正常	设备1 CRC = 0xbe611338
11.51.06	正常	设备1 程序下载成功 
13.32.34	正常	设备1 CRC = 0xe11d5b5c
13.32.48	正常	设备1 程序下载成功 
13.53.57	正常	设备1 CRC = 0xf615dd2d
13.54.10	正常	设备1 程序下载成功 
14.09.20	正常	设备1 CRC = 0x37de29c3
14.09.33	正常	设备1 程序下载成功 
14.15.48	正常	设备1 CRC = 0x7500d1df
14.16.01	正常	设备1 程序下载成功 
