09.36.49	正常	设备1 CRC = 0xb7a39af7
09.36.51	警告	设备1 写入Bin文件超时-1！ 
09.36.51	警告	设备1 程序下载失败 
09.36.57	正常	设备1 继续下载失败的bin文件！ 
09.36.59	警告	设备1 写入Bin文件超时-1！ 
09.36.59	警告	设备1 程序下载失败 
09.46.46	正常	设备1 继续下载失败的bin文件！ 
09.46.59	正常	设备1 程序下载成功 
15.15.24	正常	设备1 CRC = 0xa96c53e3
15.15.24	错误	设备1 downImage复位失败!!
15.15.24	警告	设备1 程序下载失败 
15.15.34	正常	设备1 继续下载失败的bin文件！ 
15.15.34	错误	设备1 downImage复位失败!!
15.15.34	警告	设备1 程序下载失败 
15.16.28	正常	设备1 继续下载失败的bin文件！ 
15.16.28	错误	设备1 downImage复位失败!!
15.16.28	警告	设备1 程序下载失败 
15.16.45	正常	设备1 继续下载失败的bin文件！ 
15.16.45	错误	设备1 downImage复位失败!!
15.16.45	警告	设备1 程序下载失败 
15.26.37	正常	设备1 继续下载失败的bin文件！ 
15.26.38	正常	设备1 程序下载成功 
