14.19.59	正常	设备1 CRC = 0xf53fa957
14.20.12	正常	设备1 程序下载成功 
14.30.00	正常	设备1 CRC = 0x9a56d693
14.30.14	正常	设备1 程序下载成功 
14.35.30	正常	设备1 CRC = 0xb7595a2a
14.35.48	正常	设备1 程序下载成功 
14.36.16	正常	设备1 CRC = 0xcf0cbc3f
14.36.30	正常	设备1 程序下载成功 
14.38.15	正常	设备1 CRC = 0x441df5df
14.38.29	正常	设备1 程序下载成功 
14.39.58	正常	设备1 CRC = 0xf974651a
14.40.11	正常	设备1 程序下载成功 
14.40.45	正常	设备1 CRC = 0x97d53098
14.40.58	正常	设备1 程序下载成功 
14.48.01	正常	设备1 CRC = 0xcbed2d32
14.48.14	正常	设备1 程序下载成功 
14.53.57	正常	设备1 CRC = 0xb683e61f
14.54.11	正常	设备1 程序下载成功 
14.58.45	正常	设备1 CRC = 0x577f2ab7
14.58.59	正常	设备1 程序下载成功 
15.19.05	正常	设备1 CRC = 0x431f92e0
15.19.21	正常	设备1 程序下载成功 
15.21.27	正常	设备1 CRC = 0x577f2ab7
15.21.41	正常	设备1 程序下载成功 
15.49.24	正常	设备1 CRC = 0xaae9e348
15.49.37	正常	设备1 程序下载成功 
15.52.50	正常	设备1 CRC = 0xa63d14fc
15.53.04	正常	设备1 程序下载成功 
15.54.19	正常	设备1 CRC = 0xe740dc21
15.54.32	正常	设备1 程序下载成功 
16.06.39	正常	设备1 CRC = 0xfdcea3f1
16.06.54	正常	设备1 程序下载成功 
16.08.15	正常	设备1 CRC = 0xfdcea3f1
16.08.15	错误	设备1 downImage复位失败!!
16.08.15	警告	设备1 程序下载失败 
16.08.19	正常	设备1 继续下载失败的bin文件！ 
16.08.20	错误	设备1 downImage复位失败!!
16.08.20	警告	设备1 程序下载失败 
18.26.43	正常	设备1 CRC = 0x0f5905c4
18.26.57	正常	设备1 程序下载成功 
18.28.38	正常	设备1 CRC = 0x0f5905c4
18.28.52	正常	设备1 程序下载成功 
18.31.53	正常	设备1 CRC = 0x312674a7
18.32.08	正常	设备1 程序下载成功 
18.33.47	正常	设备1 CRC = 0x16526ee1
18.34.01	正常	设备1 程序下载成功 
18.35.56	正常	设备1 CRC = 0x312674a7
18.36.10	正常	设备1 程序下载成功 
18.37.56	正常	设备1 CRC = 0xa3bdaa01
18.38.10	正常	设备1 程序下载成功 
18.53.00	正常	设备1 CRC = 0xa3bdaa01
18.53.14	正常	设备1 程序下载成功 
