09.38.50	正常	设备1 CRC = 0xc4460fcd
09.39.04	正常	设备1 程序下载成功 
10.20.12	正常	设备1 CRC = 0x051f7dad
10.20.12	错误	设备1 downImage复位失败!!
10.20.13	警告	设备1 程序下载失败 
10.20.18	正常	设备1 继续下载失败的bin文件！ 
10.20.18	错误	设备1 downImage复位失败!!
10.20.18	警告	设备1 程序下载失败 
10.20.47	正常	设备1 继续下载失败的bin文件！ 
10.20.48	错误	设备1 downImage复位失败!!
10.20.48	警告	设备1 程序下载失败 
10.23.01	正常	设备1 继续下载失败的bin文件！ 
10.23.02	错误	设备1 downImage复位失败!!
10.23.02	警告	设备1 程序下载失败 
10.23.46	正常	设备1 继续下载失败的bin文件！ 
10.24.00	正常	设备1 程序下载成功 
11.24.27	正常	设备1 CRC = 0x875d92f1
11.24.41	正常	设备1 程序下载成功 
11.40.54	正常	设备1 CRC = 0x875d92f1
11.41.07	正常	设备1 程序下载成功 
13.34.38	正常	设备1 CRC = 0xf17289c5
13.34.52	正常	设备1 程序下载成功 
13.40.18	正常	设备1 CRC = 0xb417253d
13.40.32	正常	设备1 程序下载成功 
13.42.05	正常	设备1 CRC = 0x4a77816a
13.42.19	正常	设备1 程序下载成功 
13.44.05	正常	设备1 CRC = 0x1da35553
13.44.19	正常	设备1 程序下载成功 
13.45.31	正常	设备1 CRC = 0xe64cd720
13.45.45	正常	设备1 程序下载成功 
13.48.37	正常	设备1 CRC = 0x9b9bca1e
13.48.51	正常	设备1 程序下载成功 
14.17.16	正常	设备1 CRC = 0x9b9bca1e
14.17.16	错误	设备1 downImage复位失败!!
14.17.16	警告	设备1 程序下载失败 
14.35.57	正常	设备1 继续下载失败的bin文件！ 
14.35.58	错误	设备1 downImage复位失败!!
14.35.58	警告	设备1 程序下载失败 
14.37.15	正常	设备1 CRC = 0x9b9bca1e
14.37.29	正常	设备1 程序下载成功 
14.45.41	正常	设备1 CRC = 0x713a5f80
14.45.55	正常	设备1 程序下载成功 
14.48.58	正常	设备1 CRC = 0xfac1187d
14.49.12	正常	设备1 程序下载成功 
14.51.25	正常	设备1 CRC = 0xfac1187d
14.51.39	正常	设备1 程序下载成功 
14.56.15	正常	设备1 CRC = 0xfd3ced63
14.56.29	正常	设备1 程序下载成功 
14.57.18	正常	设备1 CRC = 0xfd3ced63
14.57.32	正常	设备1 程序下载成功 
15.03.34	正常	设备1 CRC = 0xfd3ced63
15.03.34	错误	设备1 downImage复位失败!!
15.03.34	警告	设备1 程序下载失败 
15.11.58	正常	设备1 继续下载失败的bin文件！ 
15.11.58	错误	设备1 downImage复位失败!!
15.11.59	警告	设备1 程序下载失败 
16.03.23	正常	设备1 继续下载失败的bin文件！ 
16.03.36	正常	设备1 程序下载成功 
16.05.51	正常	设备1 CRC = 0x16eab077
16.06.05	正常	设备1 程序下载成功 
16.41.01	正常	设备1 CRC = 0x171d3c98
16.41.15	正常	设备1 程序下载成功 
16.46.00	正常	设备1 CRC = 0xb2bd2218
16.46.14	正常	设备1 程序下载成功 
16.57.15	正常	设备1 CRC = 0xdf809bc6
16.57.29	正常	设备1 程序下载成功 
17.00.03	正常	设备1 CRC = 0x5761c429
17.00.17	正常	设备1 程序下载成功 
17.02.34	正常	设备1 CRC = 0xf67bc11b
17.02.48	正常	设备1 程序下载成功 
17.07.15	正常	设备1 CRC = 0x276d20b0
17.07.29	正常	设备1 程序下载成功 
17.13.31	正常	设备1 CRC = 0x15e49191
17.13.45	正常	设备1 程序下载成功 
17.15.44	正常	设备1 CRC = 0x15e49191
17.15.45	错误	设备1 downImage复位失败!!
17.15.45	警告	设备1 程序下载失败 
17.43.23	正常	设备1 继续下载失败的bin文件！ 
17.43.37	正常	设备1 程序下载成功 
17.47.12	正常	设备1 CRC = 0x6bc65d4a
17.47.26	正常	设备1 程序下载成功 
17.49.35	正常	设备1 CRC = 0x6bc65d4a
17.49.49	正常	设备1 程序下载成功 
17.54.57	正常	设备1 CRC = 0x3f8c8f0b
17.55.10	正常	设备1 程序下载成功 
17.56.59	正常	设备1 CRC = 0x455ae3aa
17.57.13	正常	设备1 程序下载成功 
18.02.56	正常	设备1 CRC = 0xf49c3fd2
18.03.10	正常	设备1 程序下载成功 
19.09.57	正常	设备1 CRC = 0x2ee41f3e
19.10.11	正常	设备1 程序下载成功 
19.28.26	正常	设备1 CRC = 0xcc37dc9b
19.28.39	正常	设备1 程序下载成功 
19.52.52	正常	设备1 CRC = 0x56c9ed8b
19.53.06	正常	设备1 程序下载成功 
19.57.21	正常	设备1 CRC = 0x56c9ed8b
19.57.35	正常	设备1 程序下载成功 
19.57.46	正常	设备1 CRC = 0x09bbc38b
19.57.59	正常	设备1 程序下载成功 
20.14.03	正常	设备1 CRC = 0xf4f0232c
20.14.17	正常	设备1 程序下载成功 
20.20.24	正常	设备1 CRC = 0xd0868602
20.20.37	正常	设备1 程序下载成功 
