09.26.51	正常	设备1 读出成功!!
09.27.04	正常	设备1 CRC = 0xa79f26af
09.27.21	正常	设备1 程序下载成功 
09.28.32	正常	设备1 CRC = 0x73d9939c
09.28.50	正常	设备1 程序下载成功 
09.42.40	正常	设备1 CRC = 0xe04560d7
09.42.58	正常	设备1 程序下载成功 
09.49.39	正常	设备1 CRC = 0xc2d4ee30
09.49.54	正常	设备1 程序下载成功 
10.08.15	正常	设备1 CRC = 0xfe9d0502
10.08.30	正常	设备1 程序下载成功 
10.16.08	正常	设备1 CRC = 0x1156cb4a
10.16.23	正常	设备1 程序下载成功 
11.21.01	正常	设备1 CRC = 0xbb58b0a1
11.21.16	正常	设备1 程序下载成功 
11.40.01	正常	设备1 CRC = 0x50953919
11.40.17	正常	设备1 程序下载成功 
11.46.54	正常	设备1 CRC = 0x67e4ec28
11.47.10	正常	设备1 程序下载成功 
11.50.32	正常	设备1 CRC = 0x82d0e302
11.50.47	正常	设备1 程序下载成功 
13.59.16	正常	设备1 CRC = 0x001240b1
13.59.17	错误	设备1 downImage复位失败!!
13.59.17	警告	设备1 程序下载失败 
13.59.24	正常	设备1 继续下载失败的bin文件！ 
13.59.40	正常	设备1 程序下载成功 
14.02.39	正常	设备1 CRC = 0x56506e24
14.02.55	正常	设备1 程序下载成功 
14.04.55	正常	设备1 CRC = 0xb364610e
14.05.10	正常	设备1 程序下载成功 
14.29.32	正常	设备1 CRC = 0xc9016d14
14.29.33	错误	设备1 downImage复位失败!!
14.29.33	警告	设备1 程序下载失败 
14.29.39	正常	设备1 继续下载失败的bin文件！ 
14.29.55	正常	设备1 程序下载成功 
14.37.06	正常	设备1 CRC = 0x39c782b0
14.37.22	正常	设备1 程序下载成功 
14.47.45	正常	设备1 CRC = 0x39c782b0
14.48.01	正常	设备1 程序下载成功 
15.16.21	正常	设备1 CRC = 0x4acf729f
15.16.36	正常	设备1 程序下载成功 
15.17.55	正常	设备1 CRC = 0x9196a024
15.18.10	正常	设备1 程序下载成功 
15.22.53	正常	设备1 CRC = 0x9196a024
15.23.08	正常	设备1 程序下载成功 
15.23.22	正常	设备1 CRC = 0x09bef4ed
15.23.37	正常	设备1 程序下载成功 
15.26.30	正常	设备1 CRC = 0x72060a60
15.26.46	正常	设备1 程序下载成功 
15.27.47	正常	设备1 CRC = 0x83cb9aeb
15.28.03	正常	设备1 程序下载成功 
15.33.54	正常	设备1 CRC = 0xa3219ac4
15.34.09	正常	设备1 程序下载成功 
15.53.59	正常	设备1 CRC = 0x48868d3c
15.54.14	正常	设备1 程序下载成功 
16.30.27	正常	设备1 CRC = 0x48868d3c
16.30.27	错误	设备1 downImage复位失败!!
16.30.27	警告	设备1 程序下载失败 
16.35.15	正常	设备1 CRC = 0x023a93f9
16.35.29	正常	设备1 程序下载成功 
16.38.25	正常	设备1 CRC = 0x5cf91b4a
16.38.42	正常	设备1 程序下载成功 
16.44.41	正常	设备1 CRC = 0x279c3183
16.44.57	正常	设备1 程序下载成功 
16.59.12	正常	设备1 CRC = 0xe39f8fad
16.59.28	正常	设备1 程序下载成功 
17.01.37	正常	设备1 CRC = 0x38c65d16
17.01.53	正常	设备1 程序下载成功 
17.02.29	正常	设备1 CRC = 0x023a93f9
17.02.43	正常	设备1 程序下载成功 
17.03.04	正常	设备1 CRC = 0x38c65d16
17.03.19	正常	设备1 程序下载成功 
17.18.48	正常	设备1 CRC = 0x5cf91b4a
17.19.04	正常	设备1 程序下载成功 
17.46.32	正常	设备1 CRC = 0x50aed50f
17.46.47	正常	设备1 程序下载成功 
17.52.07	正常	设备1 CRC = 0x4c9d03ea
17.52.22	正常	设备1 程序下载成功 
18.05.22	正常	设备1 CRC = 0x5cf91b4a
18.05.39	正常	设备1 程序下载成功 
18.06.52	正常	设备1 CRC = 0x4c9d03ea
18.07.07	正常	设备1 程序下载成功 
18.08.51	正常	设备1 CRC = 0x41a64b01
18.09.08	正常	设备1 程序下载成功 
18.09.53	正常	设备1 CRC = 0x37f82923
18.10.11	正常	设备1 程序下载成功 
18.10.26	正常	设备1 CRC = 0x37f82923
18.10.42	正常	设备1 程序下载成功 
18.14.05	正常	设备1 CRC = 0xdc8282d1
18.14.21	正常	设备1 程序下载成功 
18.18.54	正常	设备1 CRC = 0x86ed939c
18.19.09	正常	设备1 程序下载成功 
18.33.57	正常	设备1 CRC = 0xdc8282d1
18.34.12	正常	设备1 程序下载成功 
19.04.22	正常	设备1 CRC = 0x86ed939c
19.04.38	正常	设备1 程序下载成功 
19.06.57	正常	设备1 CRC = 0xa7e7a818
19.07.14	正常	设备1 程序下载成功 
19.08.02	正常	设备1 CRC = 0xdc8282d1
19.08.18	正常	设备1 程序下载成功 
19.17.38	正常	设备1 CRC = 0xcce69a71
19.17.54	正常	设备1 程序下载成功 
19.50.06	正常	设备1 CRC = 0x67e84346
19.50.22	正常	设备1 程序下载成功 
