09.26.52	正常	设备1 CRC = 0x124ac798
09.27.06	正常	设备1 程序下载成功 
09.33.20	正常	设备1 CRC = 0xdb2f91af
09.33.34	正常	设备1 程序下载成功 
09.37.20	正常	设备1 读出成功!!
09.42.31	正常	设备1 CRC = 0xe675c4ee
09.42.45	正常	设备1 程序下载成功 
09.50.41	正常	设备1 读出成功!!
09.57.07	正常	设备1 CRC = 0xed746cb6
09.57.21	正常	设备1 程序下载成功 
10.13.41	正常	设备1 CRC = 0x92a5f32b
10.13.55	正常	设备1 程序下载成功 
10.27.41	正常	设备1 CRC = 0x63907f45
10.27.56	正常	设备1 程序下载成功 
13.43.27	正常	设备1 CRC = 0x782c12b2
13.43.41	正常	设备1 程序下载成功 
14.00.51	正常	设备1 CRC = 0xe5535374
14.01.06	正常	设备1 程序下载成功 
14.21.06	正常	设备1 CRC = 0xfd075e63
14.21.21	正常	设备1 程序下载成功 
14.23.33	正常	设备1 CRC = 0xf689a07c
14.23.47	正常	设备1 程序下载成功 
14.32.12	正常	设备1 读出成功!!
14.36.58	正常	设备1 CRC = 0x153dd8b3
14.37.12	正常	设备1 程序下载成功 
14.42.43	正常	设备1 读出成功!!
14.57.17	正常	设备1 CRC = 0xe78e2de9
14.57.31	正常	设备1 程序下载成功 
15.00.08	错误	设备1 dump复位失败!!
15.00.08	错误	设备1 读出失败!!
15.03.43	正常	设备1 CRC = 0x76ad2f38
15.03.57	正常	设备1 程序下载成功 
15.27.37	正常	设备1 CRC = 0xb49e6d93
15.27.51	正常	设备1 程序下载成功 
15.34.02	正常	设备1 CRC = 0xfc5813d2
15.34.17	正常	设备1 程序下载成功 
15.35.51	正常	设备1 CRC = 0xfc5813d2
15.36.05	正常	设备1 程序下载成功 
15.38.02	正常	设备1 CRC = 0xf12dec61
15.38.16	正常	设备1 程序下载成功 
16.18.20	正常	设备1 CRC = 0x12ba7eea
16.18.34	正常	设备1 程序下载成功 
16.24.58	正常	设备1 CRC = 0x44445263
16.25.12	正常	设备1 程序下载成功 
17.48.24	正常	设备1 CRC = 0x833b17b5
17.48.38	正常	设备1 程序下载成功 
18.01.14	正常	设备1 CRC = 0xdd913a25
18.01.29	正常	设备1 程序下载成功 
19.24.15	正常	设备1 CRC = 0xfa37f2be
19.24.29	正常	设备1 程序下载成功 
19.31.49	正常	设备1 CRC = 0x4b8c042a
19.32.04	正常	设备1 程序下载成功 
19.39.56	正常	设备1 CRC = 0x4b8c042a
19.40.10	正常	设备1 程序下载成功 
19.47.41	正常	设备1 CRC = 0x4190cfaa
19.47.55	正常	设备1 程序下载成功 
19.52.26	正常	设备1 CRC = 0xf103761a
19.52.40	正常	设备1 程序下载成功 
19.53.53	正常	设备1 CRC = 0x533b8b70
19.54.07	正常	设备1 程序下载成功 
