09.49.35	正常	设备1 CRC = 0xcffdd58e
09.49.48	正常	设备1 程序下载成功 
09.50.49	正常	设备1 CRC = 0x78632108
09.51.03	正常	设备1 程序下载成功 
09.55.31	正常	设备1 CRC = 0xb61db711
09.55.44	正常	设备1 程序下载成功 
11.17.19	正常	设备1 CRC = 0x201ea86b
11.17.32	正常	设备1 程序下载成功 
14.13.47	正常	设备1 CRC = 0x16288da2
14.14.00	正常	设备1 程序下载成功 
14.23.52	正常	设备1 CRC = 0xd859b83d
14.24.05	正常	设备1 程序下载成功 
14.25.56	正常	设备1 CRC = 0x2fe43b8c
14.26.09	正常	设备1 程序下载成功 
14.30.34	正常	设备1 CRC = 0xae65b005
14.30.47	正常	设备1 程序下载成功 
14.33.07	正常	设备1 CRC = 0x32482e1e
14.33.20	正常	设备1 程序下载成功 
14.38.47	正常	设备1 CRC = 0xf8cb8d94
14.39.00	正常	设备1 程序下载成功 
14.40.49	正常	设备1 CRC = 0x4696dcca
14.41.03	正常	设备1 程序下载成功 
14.46.10	正常	设备1 CRC = 0x7ff333cb
14.46.24	正常	设备1 程序下载成功 
14.52.08	正常	设备1 CRC = 0xdb2a1d62
14.52.09	错误	设备1 downImage复位失败!!
14.52.09	警告	设备1 程序下载失败 
14.52.14	正常	设备1 继续下载失败的bin文件！ 
14.52.27	正常	设备1 程序下载成功 
15.11.39	正常	设备1 CRC = 0xa3888022
15.11.52	正常	设备1 程序下载成功 
15.17.33	正常	设备1 CRC = 0xa3888022
15.17.46	正常	设备1 程序下载成功 
15.19.55	正常	设备1 CRC = 0x2fd5ee89
15.20.09	正常	设备1 程序下载成功 
15.20.21	正常	设备1 CRC = 0x2fd5ee89
15.20.34	正常	设备1 程序下载成功 
15.24.27	正常	设备1 CRC = 0x2fd5ee89
15.24.41	正常	设备1 程序下载成功 
15.24.49	正常	设备1 CRC = 0x2fd5ee89
15.25.02	正常	设备1 程序下载成功 
15.31.03	正常	设备1 CRC = 0xf1901110
15.31.16	正常	设备1 程序下载成功 
15.59.15	正常	设备1 CRC = 0xd8d0fd70
15.59.28	正常	设备1 程序下载成功 
16.12.51	正常	设备1 CRC = 0xe3fc1aae
16.13.04	正常	设备1 程序下载成功 
16.54.42	正常	设备1 CRC = 0xdb26ee5b
16.54.55	正常	设备1 程序下载成功 
16.59.52	正常	设备1 CRC = 0xdb26ee5b
17.00.05	正常	设备1 程序下载成功 
17.00.09	正常	设备1 CRC = 0xd29e42b6
17.00.22	正常	设备1 程序下载成功 
17.05.20	正常	设备1 CRC = 0x25ba7363
17.05.33	正常	设备1 程序下载成功 
17.08.29	正常	设备1 CRC = 0xe9cd0d24
17.08.30	错误	设备1 downImage复位失败!!
17.08.30	警告	设备1 程序下载失败 
17.08.34	正常	设备1 继续下载失败的bin文件！ 
17.08.48	正常	设备1 程序下载成功 
17.11.30	正常	设备1 CRC = 0x9037b163
17.11.43	正常	设备1 程序下载成功 
17.19.11	正常	设备1 CRC = 0xa55ba80c
17.19.24	正常	设备1 程序下载成功 
17.45.50	正常	设备1 CRC = 0xecc8e9d1
17.46.03	正常	设备1 程序下载成功 
17.48.46	正常	设备1 CRC = 0x07b15ca9
17.48.59	正常	设备1 程序下载成功 
17.54.31	正常	设备1 CRC = 0xa55ba80c
17.54.45	正常	设备1 程序下载成功 
17.55.53	正常	设备1 CRC = 0x414aa3ed
17.56.06	正常	设备1 程序下载成功 
17.58.16	正常	设备1 CRC = 0xbec27a3f
17.58.29	正常	设备1 程序下载成功 
