10.00.24	正常	设备1 CRC = 0x6f60b64b
10.00.36	正常	设备1 程序下载成功 
10.01.59	正常	设备1 CRC = 0x6f60b64b
10.02.10	正常	设备1 程序下载成功 
10.11.33	正常	设备1 读出成功!!
10.12.51	正常	设备1 CRC = 0x6f60b64b
10.13.02	正常	设备1 程序下载成功 
10.29.32	正常	设备1 CRC = 0x9379bf45
10.29.43	正常	设备1 程序下载成功 
10.35.44	正常	设备1 CRC = 0x9379bf45
10.35.55	正常	设备1 程序下载成功 
10.35.57	正常	设备1 CRC = 0x6f60b64b
10.36.09	正常	设备1 程序下载成功 
10.41.02	正常	设备1 CRC = 0x9379bf45
10.41.13	正常	设备1 程序下载成功 
10.44.32	正常	设备1 CRC = 0xc77147bf
10.44.44	正常	设备1 程序下载成功 
10.58.35	正常	设备1 CRC = 0x6147598e
10.58.46	正常	设备1 程序下载成功 
11.07.45	正常	设备1 CRC = 0x8e2e4b04
11.07.57	正常	设备1 程序下载成功 
11.21.18	正常	设备1 读出成功!!
11.26.56	正常	设备1 读出成功!!
12.29.16	正常	设备1 CRC = 0xa46623ce
12.29.17	错误	设备1 所给偏移超出芯片限制！
12.29.17	警告	设备1 程序下载失败 
12.29.23	正常	设备1 继续下载失败的bin文件！ 
12.29.35	正常	设备1 程序下载成功 
13.37.23	正常	设备1 CRC = 0x2bfdf1e8
13.37.35	正常	设备1 程序下载成功 
13.46.00	正常	设备1 CRC = 0xdf659f82
13.46.12	正常	设备1 程序下载成功 
14.20.30	正常	设备1 CRC = 0xc1d8a334
14.20.41	正常	设备1 程序下载成功 
14.28.17	正常	设备1 CRC = 0xa7d6aaa8
14.28.29	正常	设备1 程序下载成功 
14.34.04	正常	设备1 CRC = 0xa1998ae1
14.34.16	正常	设备1 程序下载成功 
14.55.56	正常	设备1 CRC = 0x570e42e1
14.56.09	正常	设备1 程序下载成功 
15.05.43	正常	设备1 CRC = 0x1e51b6bc
15.05.55	正常	设备1 程序下载成功 
15.35.45	正常	设备1 CRC = 0x40990c78
15.35.56	正常	设备1 程序下载成功 
15.37.49	正常	设备1 CRC = 0x1e51b6bc
15.38.00	正常	设备1 程序下载成功 
15.49.06	正常	设备1 CRC = 0xe71f3541
15.49.18	正常	设备1 程序下载成功 
15.52.17	正常	设备1 CRC = 0xe71f3541
15.52.28	正常	设备1 程序下载成功 
16.04.49	正常	设备1 CRC = 0x9d15a8d9
16.05.01	正常	设备1 程序下载成功 
16.40.52	正常	设备1 CRC = 0x1f9d11d2
16.41.04	正常	设备1 程序下载成功 
17.19.40	正常	设备1 CRC = 0x48dd8495
17.19.51	正常	设备1 程序下载成功 
17.23.39	正常	设备1 CRC = 0x48dd8495
17.23.50	正常	设备1 程序下载成功 
17.40.09	正常	设备1 CRC = 0x090fae6d
17.40.20	正常	设备1 程序下载成功 
17.44.49	正常	设备1 CRC = 0xc32aae21
17.45.01	正常	设备1 程序下载成功 
