09.36.36	正常	设备1 CRC = 0xbebbaabc
09.36.49	正常	设备1 程序下载成功 
09.43.16	正常	设备1 CRC = 0xbebbaabc
09.43.18	警告	设备1 写入Bin文件超时-1！ 
09.43.18	警告	设备1 程序下载失败 
09.43.19	正常	设备1 继续下载失败的bin文件！ 
09.43.32	正常	设备1 程序下载成功 
10.03.15	正常	设备1 CRC = 0x5f24b1a1
10.03.28	正常	设备1 程序下载成功 
10.07.22	正常	设备1 CRC = 0xbebbaabc
10.07.34	正常	设备1 程序下载成功 
10.17.46	正常	设备1 CRC = 0x13e47a66
10.17.59	正常	设备1 程序下载成功 
10.53.33	正常	设备1 CRC = 0x8ee4f6b4
10.53.46	正常	设备1 程序下载成功 
10.55.18	正常	设备1 CRC = 0xe812731e
10.55.31	正常	设备1 程序下载成功 
10.58.15	正常	设备1 CRC = 0x42a6ff89
10.58.28	正常	设备1 程序下载成功 
11.00.30	正常	设备1 CRC = 0xdb9caef0
11.00.43	正常	设备1 程序下载成功 
11.03.33	正常	设备1 CRC = 0xd8776b59
11.03.46	正常	设备1 程序下载成功 
11.18.35	正常	设备1 CRC = 0xfbd6bd89
11.18.48	正常	设备1 程序下载成功 
11.26.18	正常	设备1 CRC = 0xfbd6bd89
11.26.31	正常	设备1 程序下载成功 
11.29.43	正常	设备1 CRC = 0x29794745
11.29.56	正常	设备1 程序下载成功 
11.31.34	正常	设备1 CRC = 0x7cdeef18
11.31.47	正常	设备1 程序下载成功 
11.35.07	正常	设备1 CRC = 0x5115b3b2
11.35.20	正常	设备1 程序下载成功 
13.40.17	正常	设备1 CRC = 0xc23c20af
13.40.30	正常	设备1 程序下载成功 
13.43.49	正常	设备1 CRC = 0xc23c20af
13.44.02	正常	设备1 程序下载成功 
13.44.03	正常	设备1 CRC = 0xa22b6bbb
13.44.16	正常	设备1 程序下载成功 
14.01.13	正常	设备1 CRC = 0xcd153210
14.01.26	正常	设备1 程序下载成功 
14.44.12	正常	设备1 CRC = 0x742d8bd5
14.44.25	正常	设备1 程序下载成功 
15.11.31	正常	设备1 CRC = 0xfe549b75
15.11.42	正常	设备1 程序下载成功 
15.27.29	正常	设备1 CRC = 0x52190337
15.27.42	正常	设备1 程序下载成功 
16.27.47	正常	设备1 CRC = 0x52190337
16.28.00	正常	设备1 程序下载成功 
16.35.26	正常	设备1 CRC = 0x5115b3b2
16.35.39	正常	设备1 程序下载成功 
17.33.22	正常	设备1 CRC = 0xcd153210
17.33.35	正常	设备1 程序下载成功 
