11.30.20	正常	设备1 CRC = 0x160bc1c7
11.30.33	正常	设备1 程序下载成功 
12.02.13	正常	设备1 CRC = 0xd672ae29
12.02.26	正常	设备1 程序下载成功 
13.49.02	正常	设备1 CRC = 0x412806a9
13.49.14	正常	设备1 程序下载成功 
13.51.42	正常	设备1 CRC = 0x412806a9
13.51.43	错误	设备1 downImage复位失败!!
13.51.43	警告	设备1 程序下载失败 
13.51.49	正常	设备1 继续下载失败的bin文件！ 
13.52.01	正常	设备1 程序下载成功 
13.54.43	正常	设备1 CRC = 0x811c5b28
13.54.55	正常	设备1 程序下载成功 
13.58.30	正常	设备1 CRC = 0x8cd7a22f
13.58.43	正常	设备1 程序下载成功 
14.38.06	正常	设备1 CRC = 0x03fdad57
14.38.19	正常	设备1 程序下载成功 
14.40.59	正常	设备1 CRC = 0x09ea9bd9
14.41.12	正常	设备1 程序下载成功 
14.57.25	正常	设备1 CRC = 0x561c7831
14.57.38	正常	设备1 程序下载成功 
15.01.41	正常	设备1 CRC = 0x44aa2a1a
15.01.54	正常	设备1 程序下载成功 
15.06.23	正常	设备1 CRC = 0xda85b7de
15.06.36	正常	设备1 程序下载成功 
15.59.51	正常	设备1 CRC = 0x512e1f10
16.00.03	正常	设备1 程序下载成功 
16.19.27	正常	设备1 CRC = 0x1d4af242
16.19.40	正常	设备1 程序下载成功 
16.50.03	正常	设备1 CRC = 0xcfe55595
16.50.16	正常	设备1 程序下载成功 
16.54.40	正常	设备1 CRC = 0x8bc0263d
16.54.53	正常	设备1 程序下载成功 
