09.19.31	正常	设备1 CRC = 0x32427f51
09.19.32	警告	设备1 写入Bin文件超时-1！ 
09.19.32	警告	设备1 程序下载失败 
09.19.50	正常	设备1 继续下载失败的bin文件！ 
09.20.05	正常	设备1 程序下载成功 
09.24.14	正常	设备1 CRC = 0x86a2f154
09.24.15	警告	设备1 写入Bin文件超时-1！ 
09.24.15	警告	设备1 程序下载失败 
09.24.17	正常	设备1 继续下载失败的bin文件！ 
09.24.33	正常	设备1 程序下载成功 
09.25.09	正常	设备1 CRC = 0x6d1ec4f8
09.25.11	警告	设备1 写入Bin文件超时-1！ 
09.25.11	警告	设备1 程序下载失败 
09.25.36	正常	设备1 继续下载失败的bin文件！ 
09.25.51	正常	设备1 程序下载成功 
09.28.00	正常	设备1 CRC = 0x5cc5ce05
09.28.02	警告	设备1 写入Bin文件超时-1！ 
09.28.02	警告	设备1 程序下载失败 
09.28.03	正常	设备1 继续下载失败的bin文件！ 
09.28.18	正常	设备1 程序下载成功 
09.33.41	正常	设备1 CRC = 0xd2337751
09.33.42	警告	设备1 写入Bin文件超时-1！ 
09.33.43	警告	设备1 程序下载失败 
09.33.43	正常	设备1 继续下载失败的bin文件！ 
09.33.58	正常	设备1 程序下载成功 
09.38.41	正常	设备1 CRC = 0x8dd6847e
09.38.42	警告	设备1 写入Bin文件超时-1！ 
09.38.42	警告	设备1 程序下载失败 
09.38.43	正常	设备1 继续下载失败的bin文件！ 
09.38.59	正常	设备1 程序下载成功 
09.56.09	正常	设备1 CRC = 0x8dd6847e
09.56.24	正常	设备1 程序下载成功 
10.07.37	正常	设备1 CRC = 0x8dd6847e
10.07.52	正常	设备1 程序下载成功 
10.10.30	正常	设备1 CRC = 0x8dd6847e
10.10.45	正常	设备1 程序下载成功 
14.23.37	正常	设备1 CRC = 0x89340f67
14.23.53	正常	设备1 程序下载成功 
14.32.27	正常	设备1 CRC = 0x89340f67
14.32.42	正常	设备1 程序下载成功 
14.34.27	正常	设备1 CRC = 0xb9f83289
14.34.33	错误	设备1 芯片校验读取超时！
14.34.33	警告	设备1 程序下载失败 
14.35.00	正常	设备1 CRC = 0xb9f83289
14.35.15	正常	设备1 程序下载成功 
14.40.54	正常	设备1 CRC = 0xb9f83289
14.41.10	正常	设备1 程序下载成功 
15.02.44	正常	设备1 CRC = 0xb9f83289
15.02.59	正常	设备1 程序下载成功 
15.04.32	正常	设备1 CRC = 0xb9f83289
15.04.39	错误	设备1 芯片校验读取超时！
15.04.39	警告	设备1 程序下载失败 
15.04.39	错误	设备1 Vpp关闭失败！
15.10.30	正常	设备1 继续下载失败的bin文件！ 
15.10.32	警告	设备1 写入Bin文件超时-1！ 
15.10.32	警告	设备1 程序下载失败 
15.10.34	正常	设备1 继续下载失败的bin文件！ 
15.10.48	错误	设备1 芯片校验读取超时！
15.10.48	警告	设备1 程序下载失败 
15.11.02	正常	设备1 CRC = 0x89340f67
15.11.17	正常	设备1 程序下载成功 
17.06.28	正常	设备1 CRC = 0x3e0a6f8f
17.06.40	错误	设备1 芯片校验读取超时！
17.06.40	警告	设备1 程序下载失败 
17.06.41	错误	设备1 Vpp关闭失败！
17.12.01	正常	设备1 继续下载失败的bin文件！ 
17.12.14	正常	设备1 程序下载成功 
17.20.11	正常	设备1 CRC = 0x3e0a6f8f
17.20.12	警告	设备1 写入Bin文件超时-1！ 
17.20.12	警告	设备1 程序下载失败 
17.20.13	正常	设备1 继续下载失败的bin文件！ 
17.20.27	正常	设备1 程序下载成功 
17.38.44	正常	设备1 CRC = 0x89340f67
17.38.46	警告	设备1 写入Bin文件超时-1！ 
17.38.46	警告	设备1 程序下载失败 
17.38.50	正常	设备1 继续下载失败的bin文件！ 
17.39.06	正常	设备1 程序下载成功 
19.53.21	正常	设备1 CRC = 0x30e13879
19.53.23	警告	设备1 写入Bin文件超时-1！ 
19.53.23	警告	设备1 程序下载失败 
19.53.29	正常	设备1 继续下载失败的bin文件！ 
19.53.44	正常	设备1 程序下载成功 
20.23.34	正常	设备1 CRC = 0xe782cb81
20.23.36	警告	设备1 写入Bin文件超时-1！ 
20.23.36	警告	设备1 程序下载失败 
20.23.38	正常	设备1 继续下载失败的bin文件！ 
20.23.53	正常	设备1 程序下载成功 
