13.47.19	正常	设备1 CRC = 0xcdc8622f
13.47.20	警告	设备1 写入Bin文件超时-1！ 
13.47.20	警告	设备1 程序下载失败 
13.47.22	正常	设备1 继续下载失败的bin文件！ 
13.47.36	正常	设备1 程序下载成功 
13.47.44	正常	设备1 CRC = 0xcdc8622f
13.47.58	正常	设备1 程序下载成功 
17.48.53	正常	设备1 CRC = 0xf1298032
17.48.55	警告	设备1 写入Bin文件超时-1！ 
17.48.55	警告	设备1 程序下载失败 
17.48.56	正常	设备1 继续下载失败的bin文件！ 
17.49.11	正常	设备1 程序下载成功 
17.55.37	正常	设备1 CRC = 0xd8b9eb1d
17.55.39	警告	设备1 写入Bin文件超时-1！ 
17.55.39	警告	设备1 程序下载失败 
17.55.40	正常	设备1 继续下载失败的bin文件！ 
17.55.54	正常	设备1 程序下载成功 
18.03.21	正常	设备1 CRC = 0xe4a25273
18.03.35	正常	设备1 程序下载成功 
18.03.45	正常	设备1 CRC = 0xe4a25273
18.03.47	警告	设备1 写入Bin文件超时-1！ 
18.03.47	警告	设备1 程序下载失败 
18.03.49	正常	设备1 继续下载失败的bin文件！ 
18.04.06	正常	设备1 程序下载成功 
18.04.10	正常	设备1 CRC = 0xe4a25273
18.04.25	正常	设备1 程序下载成功 
