09.29.42	正常	设备1 CRC = 0x273633a2
09.29.56	正常	设备1 程序下载成功 
09.30.37	正常	设备1 读出成功!!
09.33.03	正常	设备1 CRC = 0x62a6e8a7
09.33.17	正常	设备1 程序下载成功 
09.35.38	正常	设备1 读出成功!!
09.36.51	正常	设备1 CRC = 0x737ae986
09.37.06	正常	设备1 程序下载成功 
09.37.44	正常	设备1 读出成功!!
09.39.32	正常	设备1 读出成功!!
09.40.19	正常	设备1 CRC = 0x737ae986
09.40.35	正常	设备1 程序下载成功 
09.41.37	正常	设备1 读出成功!!
09.49.00	正常	设备1 读出成功!!
09.50.39	正常	设备1 CRC = 0x0f568534
09.50.40	警告	设备1 写入Bin文件超时-1！ 
09.50.40	警告	设备1 程序下载失败 
09.50.44	正常	设备1 继续下载失败的bin文件！ 
09.50.58	正常	设备1 程序下载成功 
09.51.47	正常	设备1 读出成功!!
09.54.31	正常	设备1 CRC = 0x9c993282
09.54.45	正常	设备1 程序下载成功 
09.55.20	正常	设备1 读出成功!!
09.56.50	正常	设备1 CRC = 0xab40d514
09.57.04	正常	设备1 程序下载成功 
09.58.12	正常	设备1 读出成功!!
09.59.31	正常	设备1 读出成功!!
10.03.18	正常	设备1 CRC = 0xab40d514
10.03.32	正常	设备1 程序下载成功 
10.04.27	正常	设备1 读出成功!!
10.05.26	正常	设备1 CRC = 0xc79e595e
10.05.40	正常	设备1 程序下载成功 
10.07.58	正常	设备1 读出成功!!
10.19.39	正常	设备1 CRC = 0x2f2bea98
10.19.41	警告	设备1 写入Bin文件超时-1！ 
10.19.41	警告	设备1 程序下载失败 
10.19.43	正常	设备1 继续下载失败的bin文件！ 
10.19.57	正常	设备1 程序下载成功 
10.20.44	正常	设备1 读出成功!!
10.24.02	正常	设备1 CRC = 0xecce7a25
10.24.16	正常	设备1 程序下载成功 
10.24.52	正常	设备1 读出成功!!
10.26.34	正常	设备1 读出成功!!
16.24.27	正常	设备1 CRC = 0x30c885e1
16.24.29	警告	设备1 写入Bin文件超时-1！ 
16.24.29	警告	设备1 程序下载失败 
16.24.32	正常	设备1 继续下载失败的bin文件！ 
16.24.46	正常	设备1 程序下载成功 
16.25.36	正常	设备1 读出成功!!
16.29.50	正常	设备1 CRC = 0x30c885e1
16.30.05	正常	设备1 程序下载成功 
16.30.46	正常	设备1 读出成功!!
16.32.13	正常	设备1 CRC = 0x30c885e1
16.32.15	警告	设备1 写入Bin文件超时-1！ 
16.32.15	警告	设备1 程序下载失败 
16.32.18	正常	设备1 继续下载失败的bin文件！ 
16.32.32	正常	设备1 程序下载成功 
16.33.06	正常	设备1 读出成功!!
16.51.44	正常	设备1 CRC = 0x4f0d3573
16.51.58	正常	设备1 程序下载成功 
16.52.37	正常	设备1 读出成功!!
16.54.07	正常	设备1 CRC = 0xb71531d1
16.54.09	警告	设备1 写入Bin文件超时-1！ 
16.54.09	警告	设备1 程序下载失败 
16.54.18	正常	设备1 继续下载失败的bin文件！ 
16.54.32	正常	设备1 程序下载成功 
16.54.59	正常	设备1 读出成功!!
16.56.07	正常	设备1 CRC = 0x30c885e1
16.56.08	警告	设备1 写入Bin文件超时-1！ 
16.56.08	警告	设备1 程序下载失败 
16.56.10	正常	设备1 继续下载失败的bin文件！ 
16.56.24	正常	设备1 程序下载成功 
16.57.19	正常	设备1 读出成功!!
16.58.33	正常	设备1 CRC = 0x30c885e1
16.58.35	警告	设备1 写入Bin文件超时-1！ 
16.58.35	警告	设备1 程序下载失败 
16.58.37	正常	设备1 继续下载失败的bin文件！ 
16.58.53	正常	设备1 程序下载成功 
16.59.20	正常	设备1 读出成功!!
17.00.36	正常	设备1 CRC = 0xb71531d1
17.00.37	警告	设备1 写入Bin文件超时-1！ 
17.00.37	警告	设备1 程序下载失败 
17.00.39	正常	设备1 继续下载失败的bin文件！ 
17.00.53	正常	设备1 程序下载成功 
17.01.14	正常	设备1 读出成功!!
17.01.48	正常	设备1 读出成功!!
17.02.37	正常	设备1 CRC = 0xe32c2d47
17.02.38	警告	设备1 写入Bin文件超时-1！ 
17.02.38	警告	设备1 程序下载失败 
17.02.41	正常	设备1 继续下载失败的bin文件！ 
17.02.55	正常	设备1 程序下载成功 
17.03.21	正常	设备1 读出成功!!
17.04.05	正常	设备1 CRC = 0xe32c2d47
17.04.07	警告	设备1 写入Bin文件超时-1！ 
17.04.07	警告	设备1 程序下载失败 
17.04.08	正常	设备1 继续下载失败的bin文件！ 
17.04.22	正常	设备1 程序下载成功 
17.04.44	正常	设备1 读出成功!!
18.24.37	正常	设备1 CRC = 0xe32c2d47
18.24.51	正常	设备1 程序下载成功 
