09.55.51	正常	设备1 CRC = 0xd70a4fa2
09.55.52	错误	设备1 downImage复位失败!!
09.55.52	警告	设备1 程序下载失败 
09.56.00	正常	设备1 继续下载失败的bin文件！ 
09.56.02	警告	设备1 写入Bin文件超时-1！ 
09.56.02	警告	设备1 程序下载失败 
09.56.11	正常	设备1 继续下载失败的bin文件！ 
09.56.23	正常	设备1 程序下载成功 
10.03.56	正常	设备1 CRC = 0x6754fe58
10.04.07	正常	设备1 程序下载成功 
10.07.19	正常	设备1 CRC = 0x6754fe58
10.07.30	正常	设备1 程序下载成功 
10.10.18	正常	设备1 CRC = 0xafef6459
10.10.29	正常	设备1 程序下载成功 
10.13.57	正常	设备1 CRC = 0xe7291f77
10.14.08	正常	设备1 程序下载成功 
10.16.13	正常	设备1 CRC = 0xfdd4feeb
10.16.24	正常	设备1 程序下载成功 
10.17.09	正常	设备1 CRC = 0xb5ccc8f2
10.17.20	正常	设备1 程序下载成功 
10.34.10	正常	设备1 CRC = 0xb2050ca7
10.34.22	正常	设备1 程序下载成功 
11.23.43	正常	设备1 CRC = 0x6ee3ca77
11.23.54	正常	设备1 程序下载成功 
11.35.15	正常	设备1 CRC = 0x0e4fb76a
11.35.27	正常	设备1 程序下载成功 
11.37.27	正常	设备1 CRC = 0x6ce668b2
11.37.38	正常	设备1 程序下载成功 
11.38.51	正常	设备1 CRC = 0x1fb06d3c
11.39.02	正常	设备1 程序下载成功 
11.48.48	正常	设备1 CRC = 0x719f1075
11.49.00	正常	设备1 程序下载成功 
11.52.25	正常	设备1 CRC = 0x719f1075
11.52.36	正常	设备1 程序下载成功 
11.56.13	正常	设备1 CRC = 0x5cb3a3ca
11.56.24	正常	设备1 程序下载成功 
12.24.35	正常	设备1 CRC = 0xa8445a23
12.24.47	正常	设备1 程序下载成功 
13.38.31	正常	设备1 CRC = 0xdd1d19f9
13.38.43	正常	设备1 程序下载成功 
13.40.34	正常	设备1 CRC = 0x6460aa26
13.40.35	错误	设备1 downImage复位失败!!
13.40.35	警告	设备1 程序下载失败 
13.40.39	正常	设备1 继续下载失败的bin文件！ 
13.40.51	正常	设备1 程序下载成功 
13.47.36	正常	设备1 CRC = 0x4b3487e5
13.47.47	正常	设备1 程序下载成功 
14.04.57	正常	设备1 CRC = 0xe377c800
14.05.08	正常	设备1 程序下载成功 
14.06.18	正常	设备1 CRC = 0x9d7cc515
14.06.29	正常	设备1 程序下载成功 
14.07.52	正常	设备1 CRC = 0x9cb798df
14.08.03	正常	设备1 程序下载成功 
14.20.08	正常	设备1 CRC = 0x67a3d7a7
14.20.20	正常	设备1 程序下载成功 
14.35.26	正常	设备1 CRC = 0xbc97bbd2
14.35.37	正常	设备1 程序下载成功 
14.48.37	正常	设备1 CRC = 0xa3d6e1df
14.48.49	正常	设备1 程序下载成功 
14.49.48	正常	设备1 CRC = 0x304efccc
14.50.00	正常	设备1 程序下载成功 
15.54.28	正常	设备1 CRC = 0x5c58d1dd
15.54.39	正常	设备1 程序下载成功 
15.56.18	正常	设备1 CRC = 0xd98cb577
15.56.29	正常	设备1 程序下载成功 
16.07.23	正常	设备1 CRC = 0x87b5429f
16.07.35	正常	设备1 程序下载成功 
16.08.42	正常	设备1 CRC = 0xe8b9dbf4
16.08.54	正常	设备1 程序下载成功 
16.10.38	正常	设备1 CRC = 0xd98cb577
16.10.49	正常	设备1 程序下载成功 
16.11.42	正常	设备1 CRC = 0xd98cb577
16.11.54	正常	设备1 程序下载成功 
16.15.03	正常	设备1 CRC = 0xf3d12b7e
16.15.15	正常	设备1 程序下载成功 
16.31.48	正常	设备1 CRC = 0x94070390
16.32.00	正常	设备1 程序下载成功 
17.01.40	正常	设备1 CRC = 0x9a028de6
17.01.52	正常	设备1 程序下载成功 
17.18.54	正常	设备1 CRC = 0x8cbaf3a0
17.19.05	正常	设备1 程序下载成功 
17.19.34	正常	设备1 CRC = 0xc2cb699d
17.19.46	正常	设备1 程序下载成功 
17.24.30	正常	设备1 CRC = 0x27f631d2
17.24.42	正常	设备1 程序下载成功 
17.28.26	正常	设备1 CRC = 0x21aa33b5
17.28.38	正常	设备1 程序下载成功 
17.28.54	正常	设备1 CRC = 0x21aa33b5
17.29.06	正常	设备1 程序下载成功 
17.31.36	正常	设备1 CRC = 0xba7dd823
17.31.48	正常	设备1 程序下载成功 
17.33.04	正常	设备1 CRC = 0xba7dd823
17.33.16	正常	设备1 程序下载成功 
17.33.18	正常	设备1 CRC = 0xba7dd823
17.33.29	正常	设备1 程序下载成功 
17.34.25	正常	设备1 CRC = 0x2c6cded2
17.34.36	正常	设备1 程序下载成功 
17.34.56	正常	设备1 CRC = 0xb7bb3544
17.35.08	正常	设备1 程序下载成功 
17.39.25	正常	设备1 CRC = 0xdf9ed9b2
17.39.37	正常	设备1 程序下载成功 
17.41.07	正常	设备1 CRC = 0xf54c8b17
17.41.19	正常	设备1 程序下载成功 
17.42.08	正常	设备1 CRC = 0x3e718eac
17.42.20	正常	设备1 程序下载成功 
17.43.17	正常	设备1 CRC = 0x3f352b78
17.43.28	正常	设备1 程序下载成功 
