09.53.31	正常	设备1 CRC = 0x3a7419d7
09.53.31	错误	设备1 downImage复位失败!!
09.53.31	警告	设备1 程序下载失败 
09.53.33	正常	设备1 继续下载失败的bin文件！ 
09.53.33	错误	设备1 downImage复位失败!!
09.53.33	警告	设备1 程序下载失败 
09.53.40	正常	设备1 继续下载失败的bin文件！ 
09.53.44	警告	设备1 写入Bin文件超时-1！ 
09.53.44	警告	设备1 程序下载失败 
09.53.46	错误	设备1 Vpp关闭操作超时！
09.54.00	正常	设备1 继续下载失败的bin文件！ 
09.54.16	正常	设备1 CRC = 0x3a7419d7
09.54.32	正常	设备1 程序下载成功 
10.10.09	正常	设备1 CRC = 0x75c34b00
10.10.11	警告	设备1 写入Bin文件超时-1！ 
10.10.11	警告	设备1 程序下载失败 
10.10.12	正常	设备1 继续下载失败的bin文件！ 
10.10.12	错误	设备1 downImage复位失败!!
10.10.12	警告	设备1 程序下载失败 
10.10.15	正常	设备1 继续下载失败的bin文件！ 
10.10.25	错误	设备1 擦除失败!!
10.10.25	警告	设备1 程序下载失败 
10.11.09	正常	设备1 CRC = 0x75c34b00
10.11.26	正常	设备1 程序下载成功 
10.15.12	正常	设备1 CRC = 0xa3b24355
10.15.25	错误	设备1 擦除失败!!
10.15.25	警告	设备1 程序下载失败 
10.15.35	正常	设备1 CRC = 0xa3b24355
10.15.35	警告	设备1 配置起始地址超出给出Bin文件的最大值！ 
10.15.58	正常	设备1 程序下载成功 
10.28.30	正常	设备1 CRC = 0xbabc35c3
10.28.30	警告	设备1 配置起始地址超出给出Bin文件的最大值！ 
10.28.52	正常	设备1 程序下载成功 
10.54.24	正常	设备1 CRC = 0x9746ab11
10.54.24	警告	设备1 配置起始地址超出给出Bin文件的最大值！ 
10.54.46	正常	设备1 程序下载成功 
10.59.59	正常	设备1 CRC = 0x0011a35c
11.00.15	正常	设备1 程序下载成功 
11.15.19	正常	设备1 CRC = 0x3a7419d7
11.15.35	正常	设备1 程序下载成功 
11.44.26	正常	设备1 CRC = 0x982ea76d
11.44.41	正常	设备1 程序下载成功 
13.43.48	正常	设备1 CRC = 0x3a7419d7
13.43.48	错误	设备1 downImage复位失败!!
13.43.48	警告	设备1 程序下载失败 
13.43.50	正常	设备1 继续下载失败的bin文件！ 
13.43.50	错误	设备1 downImage复位失败!!
13.43.50	警告	设备1 程序下载失败 
13.43.59	正常	设备1 继续下载失败的bin文件！ 
13.43.59	错误	设备1 downImage复位失败!!
13.43.59	警告	设备1 程序下载失败 
13.44.13	正常	设备1 继续下载失败的bin文件！ 
13.44.24	错误	设备1 擦除失败!!
13.44.24	警告	设备1 程序下载失败 
13.44.37	正常	设备1 CRC = 0x3a7419d7
13.44.53	正常	设备1 程序下载成功 
13.52.12	正常	设备1 CRC = 0x3a7419d7
13.52.27	正常	设备1 程序下载成功 
13.54.39	正常	设备1 CRC = 0xedba0dd7
13.54.55	正常	设备1 程序下载成功 
13.57.10	正常	设备1 CRC = 0xe875c436
13.57.26	正常	设备1 程序下载成功 
13.59.20	正常	设备1 CRC = 0x7594c9a8
13.59.36	正常	设备1 程序下载成功 
14.05.54	正常	设备1 CRC = 0x7594c9a8
14.05.54	警告	设备1 配置起始地址超出给出Bin文件的最大值！ 
14.06.16	正常	设备1 程序下载成功 
14.07.36	正常	设备1 读出成功!!
14.19.12	正常	设备1 CRC = 0x7b403a9e
14.19.12	警告	设备1 配置起始地址超出给出Bin文件的最大值！ 
14.19.34	正常	设备1 程序下载成功 
14.22.19	正常	设备1 CRC = 0x7b403a9e
14.22.19	警告	设备1 配置起始地址超出给出Bin文件的最大值！ 
14.22.41	正常	设备1 程序下载成功 
14.24.06	正常	设备1 读出成功!!
14.25.17	正常	设备1 CRC = 0x7b403a9e
14.25.17	警告	设备1 配置起始地址超出给出Bin文件的最大值！ 
14.25.39	正常	设备1 程序下载成功 
14.27.27	正常	设备1 CRC = 0xeeb28328
14.27.27	警告	设备1 配置起始地址超出给出Bin文件的最大值！ 
14.27.50	正常	设备1 程序下载成功 
14.28.41	正常	设备1 CRC = 0x61c38470
14.28.41	警告	设备1 配置起始地址超出给出Bin文件的最大值！ 
14.29.03	正常	设备1 程序下载成功 
14.34.12	正常	设备1 CRC = 0x95d6e06f
14.34.12	警告	设备1 配置起始地址超出给出Bin文件的最大值！ 
14.34.34	正常	设备1 程序下载成功 
14.40.55	正常	设备1 CRC = 0xda8eadb8
14.40.55	警告	设备1 配置起始地址超出给出Bin文件的最大值！ 
14.41.17	正常	设备1 程序下载成功 
14.45.24	正常	设备1 CRC = 0x9f27ca83
14.45.24	警告	设备1 配置起始地址超出给出Bin文件的最大值！ 
14.45.46	正常	设备1 程序下载成功 
14.46.43	正常	设备1 CRC = 0x9f27ca83
14.46.43	警告	设备1 配置起始地址超出给出Bin文件的最大值！ 
14.47.05	正常	设备1 程序下载成功 
14.48.28	正常	设备1 CRC = 0xfe30ee7f
14.48.28	警告	设备1 配置起始地址超出给出Bin文件的最大值！ 
14.48.50	正常	设备1 程序下载成功 
17.26.29	正常	设备1 CRC = 0xfe30ee7f
17.26.29	警告	设备1 配置起始地址超出给出Bin文件的最大值！ 
17.26.48	警告	设备1 写入Bin文件超时-1！ 
17.26.48	警告	设备1 程序下载失败 
17.26.50	错误	设备1 Vpp关闭操作超时！
17.26.52	正常	设备1 继续下载失败的bin文件！ 
17.27.03	错误	设备1 擦除失败!!
17.27.03	警告	设备1 程序下载失败 
17.27.13	正常	设备1 CRC = 0xfe30ee7f
17.27.13	警告	设备1 配置起始地址超出给出Bin文件的最大值！ 
17.27.38	正常	设备1 程序下载成功 
17.30.15	正常	设备1 CRC = 0x982ea76d
17.30.15	警告	设备1 配置起始地址超出给出Bin文件的最大值！ 
17.30.39	正常	设备1 程序下载成功 
17.31.18	正常	设备1 CRC = 0xfe30ee7f
17.31.18	警告	设备1 配置起始地址超出给出Bin文件的最大值！ 
17.31.43	正常	设备1 程序下载成功 
17.36.29	正常	设备1 CRC = 0xfe30ee7f
17.36.29	警告	设备1 配置起始地址超出给出Bin文件的最大值！ 
17.36.53	正常	设备1 程序下载成功 
17.45.06	正常	设备1 CRC = 0xfe30ee7f
17.45.06	警告	设备1 配置起始地址超出给出Bin文件的最大值！ 
17.45.30	正常	设备1 程序下载成功 
18.20.00	正常	设备2 CRC = 0xfe30ee7f
18.20.00	警告	设备2 配置起始地址超出给出Bin文件的最大值！ 
18.20.02	错误	设备2 Vpp打开操作超时！
18.20.10	正常	设备1 CRC = 0xfe30ee7f
18.20.10	警告	设备1 配置起始地址超出给出Bin文件的最大值！ 
18.20.34	正常	设备1 程序下载成功 
19.25.50	正常	设备1 CRC = 0xfe30ee7f
19.25.50	警告	设备1 配置起始地址超出给出Bin文件的最大值！ 
19.25.51	警告	设备1 写入Bin文件超时-1！ 
19.25.51	警告	设备1 程序下载失败 
