17.35.44	错误	设备1 dump复位失败!!
17.35.44	错误	设备1 读出失败!!
17.36.16	正常	设备1 读出成功!!
18.41.26	正常	设备1 CRC = 0xeec11030
18.41.50	正常	设备1 程序下载成功 
18.42.57	错误	设备1 dump复位失败!!
18.42.57	错误	设备1 读出失败!!
18.43.45	正常	设备1 读出成功!!
18.48.39	正常	设备1 CRC = 0x15ad6516
18.49.03	正常	设备1 程序下载成功 
18.49.55	正常	设备1 读出成功!!
18.52.42	正常	设备1 CRC = 0x6de61f88
18.53.06	正常	设备1 程序下载成功 
18.53.59	正常	设备1 读出成功!!
18.55.36	正常	设备1 CRC = 0x6de61f88
18.56.01	正常	设备1 程序下载成功 
18.57.06	正常	设备1 读出成功!!
18.58.14	正常	设备1 CRC = 0x6de61f88
18.58.38	正常	设备1 程序下载成功 
18.59.54	正常	设备1 读出成功!!
19.00.44	正常	设备1 读出成功!!
19.09.03	正常	设备1 CRC = 0x2d96a0fd
19.09.27	正常	设备1 程序下载成功 
19.10.33	正常	设备1 读出成功!!
19.20.52	正常	设备1 读出成功!!
