17.03.47	正常	设备1 CRC = 0xec233c0d
17.04.01	正常	设备1 程序下载成功 
17.06.05	正常	设备1 CRC = 0xec233c0d
17.06.19	正常	设备1 程序下载成功 
17.16.23	正常	设备1 CRC = 0xb99d813e
17.16.37	正常	设备1 程序下载成功 
17.19.49	正常	设备1 CRC = 0xb35a8330
17.20.02	正常	设备1 程序下载成功 
17.25.35	正常	设备1 CRC = 0x528fdce5
17.25.49	正常	设备1 程序下载成功 
17.55.07	正常	设备1 CRC = 0xc3834a39
17.55.21	正常	设备1 程序下载成功 
19.13.29	正常	设备1 CRC = 0x910d88c7
19.13.43	正常	设备1 程序下载成功 
19.18.56	正常	设备1 CRC = 0x46c8cda3
19.19.09	正常	设备1 程序下载成功 
19.27.33	正常	设备1 CRC = 0xe2169f2f
19.27.47	正常	设备1 程序下载成功 
19.29.53	正常	设备1 CRC = 0xc4430ced
19.29.53	错误	设备1 downImage复位失败!!
19.29.53	警告	设备1 程序下载失败 
19.30.09	正常	设备1 继续下载失败的bin文件！ 
19.30.10	错误	设备1 downImage复位失败!!
19.30.10	警告	设备1 程序下载失败 
19.30.16	正常	设备1 继续下载失败的bin文件！ 
19.30.30	正常	设备1 程序下载成功 
19.47.01	正常	设备1 CRC = 0x1dc9cbc2
19.47.15	正常	设备1 程序下载成功 
19.52.21	正常	设备1 CRC = 0x1dc9cbc2
19.52.35	正常	设备1 程序下载成功 
20.06.44	正常	设备1 CRC = 0x19288f39
20.06.57	正常	设备1 程序下载成功 
20.08.33	正常	设备1 CRC = 0x19288f39
20.08.47	正常	设备1 程序下载成功 
20.14.07	正常	设备1 CRC = 0xb9af9290
20.14.21	正常	设备1 程序下载成功 
20.17.04	正常	设备1 CRC = 0x72c9af13
20.17.18	正常	设备1 程序下载成功 
20.39.38	正常	设备1 CRC = 0xe99e28db
20.39.52	正常	设备1 程序下载成功 
