09.16.34	正常	设备1 CRC = 0x7f652519
09.16.36	警告	设备1 写入Bin文件超时-1！ 
09.16.36	警告	设备1 程序下载失败 
09.16.36	正常	设备1 继续下载失败的bin文件！ 
09.16.50	正常	设备1 程序下载成功 
09.34.05	正常	设备1 CRC = 0xa2021499
09.34.07	警告	设备1 写入Bin文件超时-1！ 
09.34.07	警告	设备1 程序下载失败 
09.34.07	正常	设备1 继续下载失败的bin文件！ 
09.34.21	正常	设备1 程序下载成功 
10.42.07	正常	设备1 CRC = 0x52a8c86f
10.42.21	正常	设备1 程序下载成功 
14.12.09	正常	设备1 CRC = 0x3c61692b
14.12.23	正常	设备1 程序下载成功 
14.14.42	正常	设备1 CRC = 0xc1ad57ef
14.14.44	警告	设备1 写入Bin文件超时-1！ 
14.14.44	警告	设备1 程序下载失败 
14.14.45	正常	设备1 继续下载失败的bin文件！ 
14.14.58	正常	设备1 程序下载成功 
14.19.25	正常	设备1 CRC = 0x843c3b5e
14.19.26	警告	设备1 写入Bin文件超时-1！ 
14.19.26	警告	设备1 程序下载失败 
14.19.30	正常	设备1 继续下载失败的bin文件！ 
14.19.43	正常	设备1 程序下载成功 
14.24.25	正常	设备1 CRC = 0x6aa24fc5
14.24.27	警告	设备1 写入Bin文件超时-1！ 
14.24.27	警告	设备1 程序下载失败 
14.24.28	正常	设备1 继续下载失败的bin文件！ 
14.24.41	正常	设备1 程序下载成功 
14.25.41	正常	设备1 CRC = 0xfa4a0035
14.25.43	警告	设备1 写入Bin文件超时-1！ 
14.25.43	警告	设备1 程序下载失败 
14.25.43	正常	设备1 继续下载失败的bin文件！ 
14.25.57	正常	设备1 程序下载成功 
14.37.19	正常	设备1 CRC = 0xa866d3cd
14.37.33	正常	设备1 程序下载成功 
14.39.46	正常	设备1 CRC = 0x518454b1
14.39.48	警告	设备1 写入Bin文件超时-1！ 
14.39.48	警告	设备1 程序下载失败 
14.39.48	正常	设备1 继续下载失败的bin文件！ 
14.40.02	正常	设备1 程序下载成功 
14.45.31	正常	设备1 CRC = 0xcf8bc891
14.45.33	警告	设备1 写入Bin文件超时-1！ 
14.45.33	警告	设备1 程序下载失败 
14.45.33	正常	设备1 继续下载失败的bin文件！ 
14.45.47	正常	设备1 程序下载成功 
15.11.06	正常	设备1 CRC = 0x971a7909
15.11.07	警告	设备1 写入Bin文件超时-1！ 
15.11.07	警告	设备1 程序下载失败 
15.11.08	正常	设备1 继续下载失败的bin文件！ 
15.11.21	正常	设备1 程序下载成功 
16.14.15	正常	设备1 CRC = 0xc546e8c9
16.14.17	警告	设备1 写入Bin文件超时-1！ 
16.14.17	警告	设备1 程序下载失败 
16.14.18	正常	设备1 继续下载失败的bin文件！ 
16.14.31	正常	设备1 程序下载成功 
16.19.18	正常	设备1 CRC = 0x2a51d376
16.19.19	警告	设备1 写入Bin文件超时-1！ 
16.19.20	警告	设备1 程序下载失败 
16.19.20	正常	设备1 继续下载失败的bin文件！ 
16.19.34	正常	设备1 程序下载成功 
16.28.05	正常	设备1 CRC = 0x9463775f
16.28.07	警告	设备1 写入Bin文件超时-1！ 
16.28.07	警告	设备1 程序下载失败 
16.28.08	正常	设备1 继续下载失败的bin文件！ 
16.28.22	正常	设备1 程序下载成功 
16.31.03	正常	设备1 CRC = 0xeb069e6f
16.31.05	警告	设备1 写入Bin文件超时-1！ 
16.31.05	警告	设备1 程序下载失败 
16.31.06	正常	设备1 继续下载失败的bin文件！ 
16.31.20	正常	设备1 程序下载成功 
16.33.08	正常	设备1 CRC = 0x6e77cd7d
16.33.10	警告	设备1 写入Bin文件超时-1！ 
16.33.10	警告	设备1 程序下载失败 
16.33.10	正常	设备1 继续下载失败的bin文件！ 
16.33.23	正常	设备1 程序下载成功 
16.37.53	正常	设备1 CRC = 0xae01a6ad
16.37.54	警告	设备1 写入Bin文件超时-1！ 
16.37.54	警告	设备1 程序下载失败 
16.37.55	正常	设备1 继续下载失败的bin文件！ 
16.38.08	正常	设备1 程序下载成功 
16.39.13	正常	设备1 CRC = 0xa752a1a4
16.39.15	警告	设备1 写入Bin文件超时-1！ 
16.39.15	警告	设备1 程序下载失败 
16.39.16	正常	设备1 继续下载失败的bin文件！ 
16.39.29	正常	设备1 程序下载成功 
16.46.27	正常	设备1 CRC = 0xe9d8a826
16.46.29	警告	设备1 写入Bin文件超时-1！ 
16.46.29	警告	设备1 程序下载失败 
16.46.30	正常	设备1 继续下载失败的bin文件！ 
16.46.43	正常	设备1 程序下载成功 
16.49.34	正常	设备1 CRC = 0x262ebbb4
16.49.36	警告	设备1 写入Bin文件超时-1！ 
16.49.36	警告	设备1 程序下载失败 
16.49.39	正常	设备1 继续下载失败的bin文件！ 
16.49.52	正常	设备1 程序下载成功 
16.51.28	正常	设备1 CRC = 0x334263d6
16.51.30	警告	设备1 写入Bin文件超时-1！ 
16.51.30	警告	设备1 程序下载失败 
16.51.37	正常	设备1 继续下载失败的bin文件！ 
16.51.51	正常	设备1 程序下载成功 
16.53.18	正常	设备1 CRC = 0x0aa5e261
16.53.20	警告	设备1 写入Bin文件超时-1！ 
16.53.20	警告	设备1 程序下载失败 
16.53.21	正常	设备1 继续下载失败的bin文件！ 
16.53.35	正常	设备1 程序下载成功 
16.55.21	正常	设备1 CRC = 0x17d4fc0c
16.55.23	警告	设备1 写入Bin文件超时-1！ 
16.55.23	警告	设备1 程序下载失败 
16.55.23	正常	设备1 继续下载失败的bin文件！ 
16.55.37	正常	设备1 程序下载成功 
16.57.41	正常	设备1 CRC = 0xab052e9e
16.57.43	警告	设备1 写入Bin文件超时-1！ 
16.57.43	警告	设备1 程序下载失败 
16.57.43	正常	设备1 继续下载失败的bin文件！ 
16.57.57	正常	设备1 程序下载成功 
17.00.39	正常	设备1 CRC = 0x0ddb6cfa
17.00.41	警告	设备1 写入Bin文件超时-1！ 
17.00.41	警告	设备1 程序下载失败 
17.00.41	正常	设备1 继续下载失败的bin文件！ 
17.00.55	正常	设备1 程序下载成功 
17.01.59	正常	设备1 CRC = 0xa3e331cb
17.02.01	警告	设备1 写入Bin文件超时-1！ 
17.02.01	警告	设备1 程序下载失败 
17.02.11	正常	设备1 继续下载失败的bin文件！ 
17.02.25	正常	设备1 程序下载成功 
17.27.39	正常	设备1 CRC = 0x349ba2a2
17.27.41	警告	设备1 写入Bin文件超时-1！ 
17.27.41	警告	设备1 程序下载失败 
17.27.50	正常	设备1 继续下载失败的bin文件！ 
17.28.04	正常	设备1 程序下载成功 
17.34.51	正常	设备1 CRC = 0x05346f91
17.34.52	警告	设备1 写入Bin文件超时-1！ 
17.34.52	警告	设备1 程序下载失败 
17.34.53	正常	设备1 继续下载失败的bin文件！ 
17.35.07	正常	设备1 程序下载成功 
17.36.46	正常	设备1 CRC = 0x9ede7733
17.36.47	警告	设备1 写入Bin文件超时-1！ 
17.36.47	警告	设备1 程序下载失败 
17.36.48	正常	设备1 继续下载失败的bin文件！ 
17.37.01	正常	设备1 程序下载成功 
17.44.40	正常	设备1 CRC = 0x31451423
17.44.42	警告	设备1 写入Bin文件超时-1！ 
17.44.42	警告	设备1 程序下载失败 
17.44.42	正常	设备1 继续下载失败的bin文件！ 
17.44.56	正常	设备1 程序下载成功 
18.39.43	正常	设备1 CRC = 0x2a7d3bff
18.39.44	警告	设备1 写入Bin文件超时-1！ 
18.39.44	警告	设备1 程序下载失败 
18.39.45	正常	设备1 继续下载失败的bin文件！ 
18.39.58	正常	设备1 程序下载成功 
18.41.23	正常	设备1 CRC = 0x027eeebd
18.41.25	警告	设备1 写入Bin文件超时-1！ 
18.41.25	警告	设备1 程序下载失败 
18.41.25	正常	设备1 继续下载失败的bin文件！ 
18.41.39	正常	设备1 程序下载成功 
19.03.49	正常	设备1 CRC = 0x31fd7797
19.03.50	警告	设备1 写入Bin文件超时-1！ 
19.03.50	警告	设备1 程序下载失败 
19.03.51	正常	设备1 继续下载失败的bin文件！ 
19.04.05	正常	设备1 程序下载成功 
19.06.22	正常	设备1 CRC = 0x31fd7797
19.06.23	警告	设备1 写入Bin文件超时-1！ 
19.06.23	警告	设备1 程序下载失败 
19.06.24	正常	设备1 继续下载失败的bin文件！ 
19.06.38	正常	设备1 程序下载成功 
19.08.39	正常	设备1 CRC = 0x25c981bc
19.08.40	警告	设备1 写入Bin文件超时-1！ 
19.08.40	警告	设备1 程序下载失败 
19.08.58	正常	设备1 继续下载失败的bin文件！ 
19.09.11	正常	设备1 程序下载成功 
19.16.57	正常	设备1 CRC = 0x0bae1375
19.16.59	警告	设备1 写入Bin文件超时-1！ 
19.16.59	警告	设备1 程序下载失败 
19.17.00	正常	设备1 继续下载失败的bin文件！ 
19.17.13	正常	设备1 程序下载成功 
19.19.29	正常	设备1 CRC = 0xba6418dd
19.19.30	警告	设备1 写入Bin文件超时-1！ 
19.19.30	警告	设备1 程序下载失败 
19.19.44	正常	设备1 继续下载失败的bin文件！ 
19.19.58	正常	设备1 程序下载成功 
19.30.05	正常	设备1 CRC = 0x6370554f
19.30.07	警告	设备1 写入Bin文件超时-1！ 
19.30.07	警告	设备1 程序下载失败 
19.31.03	正常	设备1 继续下载失败的bin文件！ 
19.31.17	错误	设备1 芯片校验读取超时！
19.31.17	警告	设备1 程序下载失败 
19.31.30	正常	设备1 CRC = 0x0cc51073
19.31.44	正常	设备1 程序下载成功 
19.40.02	正常	设备1 CRC = 0x977a41d5
19.40.03	警告	设备1 写入Bin文件超时-1！ 
19.40.03	警告	设备1 程序下载失败 
19.40.09	正常	设备1 继续下载失败的bin文件！ 
19.40.22	正常	设备1 程序下载成功 
19.41.41	正常	设备1 CRC = 0x981953aa
19.41.42	警告	设备1 写入Bin文件超时-1！ 
19.41.42	警告	设备1 程序下载失败 
19.41.50	正常	设备1 继续下载失败的bin文件！ 
19.42.04	正常	设备1 程序下载成功 
20.03.59	正常	设备1 CRC = 0x68bac037
20.04.00	警告	设备1 写入Bin文件超时-1！ 
20.04.00	警告	设备1 程序下载失败 
20.04.01	正常	设备1 继续下载失败的bin文件！ 
20.04.15	正常	设备1 程序下载成功 
20.06.40	正常	设备1 CRC = 0xe996260a
20.06.42	警告	设备1 写入Bin文件超时-1！ 
20.06.42	警告	设备1 程序下载失败 
20.06.43	正常	设备1 继续下载失败的bin文件！ 
20.06.56	正常	设备1 程序下载成功 
20.13.02	正常	设备1 CRC = 0x0bf7024f
20.13.04	警告	设备1 写入Bin文件超时-1！ 
20.13.04	警告	设备1 程序下载失败 
20.13.04	正常	设备1 继续下载失败的bin文件！ 
20.13.18	正常	设备1 程序下载成功 
20.14.02	正常	设备1 CRC = 0xec751b3d
20.14.16	正常	设备1 程序下载成功 
20.20.03	正常	设备1 CRC = 0x06d52aeb
20.20.05	警告	设备1 写入Bin文件超时-1！ 
20.20.05	警告	设备1 程序下载失败 
20.20.24	正常	设备1 继续下载失败的bin文件！ 
20.20.38	正常	设备1 程序下载成功 
20.24.17	正常	设备1 CRC = 0xf1ae92a6
20.24.18	警告	设备1 写入Bin文件超时-1！ 
20.24.18	警告	设备1 程序下载失败 
20.24.27	正常	设备1 继续下载失败的bin文件！ 
20.24.41	正常	设备1 程序下载成功 
20.28.04	正常	设备1 CRC = 0xea465780
20.28.05	警告	设备1 写入Bin文件超时-1！ 
20.28.05	警告	设备1 程序下载失败 
20.28.06	正常	设备1 继续下载失败的bin文件！ 
20.28.20	正常	设备1 程序下载成功 
20.35.08	正常	设备1 CRC = 0xa5a0210d
20.35.09	警告	设备1 写入Bin文件超时-1！ 
20.35.09	警告	设备1 程序下载失败 
20.35.10	正常	设备1 继续下载失败的bin文件！ 
20.35.24	正常	设备1 程序下载成功 
20.36.43	正常	设备1 CRC = 0x21d578bc
20.36.45	警告	设备1 写入Bin文件超时-1！ 
20.36.45	警告	设备1 程序下载失败 
20.37.00	正常	设备1 继续下载失败的bin文件！ 
20.37.14	正常	设备1 程序下载成功 
20.55.11	正常	设备1 CRC = 0x302f504a
20.55.12	警告	设备1 写入Bin文件超时-1！ 
20.55.12	警告	设备1 程序下载失败 
20.55.13	正常	设备1 继续下载失败的bin文件！ 
20.55.27	正常	设备1 程序下载成功 
