09.54.20	正常	设备1 CRC = 0x27c7d38c
09.54.34	正常	设备1 程序下载成功 
10.02.57	正常	设备1 CRC = 0x27c7d38c
10.03.10	正常	设备1 程序下载成功 
10.03.22	正常	设备1 CRC = 0x27c7d38c
10.03.36	正常	设备1 程序下载成功 
10.06.25	正常	设备1 CRC = 0xc8b88c1d
10.06.38	正常	设备1 程序下载成功 
10.07.48	正常	设备1 CRC = 0xc8b88c1d
10.08.02	正常	设备1 程序下载成功 
10.18.43	正常	设备1 CRC = 0xc8b88c1d
10.18.45	警告	设备1 写入Bin文件超时-1！ 
10.18.45	警告	设备1 程序下载失败 
10.18.55	正常	设备1 继续下载失败的bin文件！ 
10.19.09	正常	设备1 程序下载成功 
10.22.51	正常	设备1 CRC = 0x348a8d9a
10.23.05	正常	设备1 程序下载成功 
10.28.19	正常	设备1 CRC = 0x31c51af1
10.28.32	正常	设备1 程序下载成功 
10.33.59	正常	设备1 CRC = 0x3471b675
10.34.13	正常	设备1 程序下载成功 
10.36.28	正常	设备1 CRC = 0xa37ea2d0
10.36.42	正常	设备1 程序下载成功 
10.38.22	正常	设备1 CRC = 0xd1a7f063
10.38.36	正常	设备1 程序下载成功 
10.42.29	正常	设备1 CRC = 0xfce7dff0
10.42.42	正常	设备1 程序下载成功 
11.01.39	正常	设备1 CRC = 0x6e68ca82
11.01.53	正常	设备1 程序下载成功 
11.19.45	正常	设备1 CRC = 0x6e68ca82
11.19.59	正常	设备1 程序下载成功 
11.20.21	正常	设备1 CRC = 0x6e68ca82
11.20.35	正常	设备1 程序下载成功 
11.20.49	正常	设备1 CRC = 0x6e68ca82
11.21.03	正常	设备1 程序下载成功 
11.21.09	正常	设备1 CRC = 0x6e68ca82
11.21.23	正常	设备1 程序下载成功 
11.22.39	正常	设备1 CRC = 0x6e68ca82
11.22.54	正常	设备1 程序下载成功 
11.23.57	正常	设备1 CRC = 0x3853ae49
11.24.11	正常	设备1 程序下载成功 
11.26.24	正常	设备1 CRC = 0xa47055fb
11.26.38	正常	设备1 程序下载成功 
11.29.32	正常	设备1 CRC = 0x491f63e5
11.29.46	正常	设备1 程序下载成功 
11.31.55	正常	设备1 CRC = 0xb435e477
11.32.08	正常	设备1 程序下载成功 
11.55.46	正常	设备1 CRC = 0x4bddd5b7
11.56.00	正常	设备1 程序下载成功 
12.00.15	正常	设备1 CRC = 0x18a72609
12.00.28	正常	设备1 程序下载成功 
13.44.53	正常	设备1 CRC = 0xe95383e9
13.44.53	错误	设备1 downImage复位失败!!
13.44.53	警告	设备1 程序下载失败 
13.44.58	正常	设备1 继续下载失败的bin文件！ 
13.45.12	正常	设备1 程序下载成功 
13.58.31	正常	设备1 CRC = 0xe47c7e5d
13.58.45	正常	设备1 程序下载成功 
13.59.42	正常	设备1 CRC = 0xe47c7e5d
13.59.56	正常	设备1 程序下载成功 
14.04.09	正常	设备1 CRC = 0xe47c7e5d
14.04.22	正常	设备1 程序下载成功 
14.14.57	正常	设备1 CRC = 0xe47c7e5d
14.15.11	正常	设备1 程序下载成功 
14.30.11	正常	设备1 CRC = 0x8e912598
14.30.25	正常	设备1 程序下载成功 
14.34.17	正常	设备1 CRC = 0x26ef621c
14.34.31	正常	设备1 程序下载成功 
14.59.56	正常	设备1 CRC = 0x70d4331f
15.00.10	正常	设备1 程序下载成功 
15.07.05	正常	设备1 CRC = 0xcd602f70
15.07.19	正常	设备1 程序下载成功 
15.11.08	正常	设备1 CRC = 0xbc1b523f
15.11.22	正常	设备1 程序下载成功 
15.23.10	正常	设备1 CRC = 0x34ccb99d
15.23.24	正常	设备1 程序下载成功 
15.23.33	正常	设备1 CRC = 0x6587db92
15.23.47	正常	设备1 程序下载成功 
15.38.04	正常	设备1 CRC = 0xa6195874
15.38.18	正常	设备1 程序下载成功 
15.50.45	正常	设备1 CRC = 0xeff9e9e5
15.50.59	正常	设备1 程序下载成功 
15.52.39	正常	设备1 CRC = 0x4d563e7a
15.52.53	正常	设备1 程序下载成功 
16.00.26	正常	设备1 CRC = 0x443e411d
16.00.40	正常	设备1 程序下载成功 
16.21.40	正常	设备1 CRC = 0x23610bfb
16.21.53	正常	设备1 程序下载成功 
16.36.07	正常	设备1 CRC = 0x8de4283e
16.36.21	正常	设备1 程序下载成功 
16.45.35	正常	设备1 CRC = 0x0a5e2826
16.45.49	正常	设备1 程序下载成功 
17.05.51	正常	设备1 CRC = 0xbba933c0
17.05.53	警告	设备1 写入Bin文件超时-1！ 
17.05.53	警告	设备1 程序下载失败 
17.05.54	正常	设备1 继续下载失败的bin文件！ 
17.06.08	正常	设备1 程序下载成功 
17.06.34	正常	设备1 CRC = 0xbb9d3ef8
17.06.48	正常	设备1 程序下载成功 
17.18.27	正常	设备1 CRC = 0xd8332728
17.18.29	警告	设备1 写入Bin文件超时-1！ 
17.18.29	警告	设备1 程序下载失败 
17.18.29	正常	设备1 继续下载失败的bin文件！ 
17.18.43	正常	设备1 程序下载成功 
17.27.41	正常	设备1 CRC = 0x5c4c6e31
17.27.42	警告	设备1 写入Bin文件超时-1！ 
17.27.42	警告	设备1 程序下载失败 
17.27.43	正常	设备1 继续下载失败的bin文件！ 
17.27.57	正常	设备1 程序下载成功 
17.36.15	正常	设备1 CRC = 0x4e0b06d8
17.36.17	警告	设备1 写入Bin文件超时-1！ 
17.36.17	警告	设备1 程序下载失败 
17.36.17	正常	设备1 继续下载失败的bin文件！ 
17.36.31	正常	设备1 程序下载成功 
17.37.30	正常	设备1 CRC = 0xd2f0bd0d
17.37.32	警告	设备1 写入Bin文件超时-1！ 
17.37.32	警告	设备1 程序下载失败 
17.37.32	正常	设备1 继续下载失败的bin文件！ 
17.37.46	正常	设备1 程序下载成功 
17.41.50	正常	设备1 CRC = 0x52756479
17.41.52	警告	设备1 写入Bin文件超时-1！ 
17.41.52	警告	设备1 程序下载失败 
17.41.53	正常	设备1 继续下载失败的bin文件！ 
17.42.06	正常	设备1 程序下载成功 
17.47.34	正常	设备1 CRC = 0x6779fe1d
17.47.36	警告	设备1 写入Bin文件超时-1！ 
17.47.36	警告	设备1 程序下载失败 
17.47.37	正常	设备1 继续下载失败的bin文件！ 
17.47.51	正常	设备1 程序下载成功 
17.51.36	正常	设备1 CRC = 0x9a645093
17.51.50	正常	设备1 程序下载成功 
17.54.23	正常	设备1 CRC = 0x9a645093
17.54.25	警告	设备1 写入Bin文件超时-1！ 
17.54.25	警告	设备1 程序下载失败 
17.54.26	正常	设备1 继续下载失败的bin文件！ 
17.54.40	正常	设备1 程序下载成功 
18.17.22	正常	设备1 CRC = 0x9a645093
18.17.22	错误	设备1 downImage复位失败!!
18.17.22	警告	设备1 程序下载失败 
18.17.23	正常	设备1 继续下载失败的bin文件！ 
18.17.24	错误	设备1 downImage复位失败!!
18.17.24	警告	设备1 程序下载失败 
18.17.35	正常	设备1 继续下载失败的bin文件！ 
18.17.36	错误	设备1 downImage复位失败!!
18.17.36	警告	设备1 程序下载失败 
18.23.23	正常	设备1 继续下载失败的bin文件！ 
18.23.24	警告	设备1 写入Bin文件超时-1！ 
18.23.24	警告	设备1 程序下载失败 
18.23.25	正常	设备1 继续下载失败的bin文件！ 
18.23.39	正常	设备1 程序下载成功 
18.43.53	正常	设备1 CRC = 0xff2ca130
18.43.55	警告	设备1 写入Bin文件超时-1！ 
18.43.55	警告	设备1 程序下载失败 
18.43.55	正常	设备1 继续下载失败的bin文件！ 
18.44.09	正常	设备1 程序下载成功 
18.49.21	正常	设备1 CRC = 0xff2ca130
18.49.22	警告	设备1 写入Bin文件超时-1！ 
18.49.22	警告	设备1 程序下载失败 
18.49.39	正常	设备1 继续下载失败的bin文件！ 
18.49.54	正常	设备1 程序下载成功 
18.54.08	正常	设备1 CRC = 0xd847980a
18.54.09	警告	设备1 写入Bin文件超时-1！ 
18.54.09	警告	设备1 程序下载失败 
18.54.11	正常	设备1 继续下载失败的bin文件！ 
18.54.25	正常	设备1 程序下载成功 
