09.29.00	正常	设备1 CRC = 0x52a306ae
09.29.14	正常	设备1 程序下载成功 
09.41.22	正常	设备1 CRC = 0x4897aad7
09.41.36	正常	设备1 程序下载成功 
10.37.51	正常	设备1 CRC = 0x1c5a4e4a
10.37.53	警告	设备1 写入Bin文件超时-1！ 
10.37.53	警告	设备1 程序下载失败 
10.37.55	正常	设备1 继续下载失败的bin文件！ 
10.38.08	正常	设备1 程序下载成功 
15.42.05	正常	设备1 CRC = 0x4897aad7
15.42.18	正常	设备1 程序下载成功 
16.12.57	正常	设备1 CRC = 0x22ea7366
16.13.11	正常	设备1 程序下载成功 
16.20.33	正常	设备1 CRC = 0x12ddd69e
16.20.46	正常	设备1 程序下载成功 
16.24.22	正常	设备1 CRC = 0x38e9c2e4
16.24.36	正常	设备1 程序下载成功 
16.25.39	正常	设备1 CRC = 0x8316a698
16.25.52	正常	设备1 程序下载成功 
16.29.18	正常	设备1 CRC = 0x36c88bc9
16.29.31	正常	设备1 程序下载成功 
16.42.38	正常	设备1 CRC = 0x36c88bc9
16.42.39	错误	设备1 downImage复位失败!!
16.42.39	警告	设备1 程序下载失败 
16.42.57	正常	设备1 继续下载失败的bin文件！ 
16.43.10	正常	设备1 程序下载成功 
16.48.35	正常	设备1 CRC = 0xd542c3d9
16.48.49	正常	设备1 程序下载成功 
16.54.19	正常	设备1 CRC = 0x8664a908
16.54.32	正常	设备1 程序下载成功 
16.57.59	正常	设备1 CRC = 0x9c738c7a
16.58.12	正常	设备1 程序下载成功 
17.06.01	正常	设备1 CRC = 0x8664a908
17.06.15	正常	设备1 程序下载成功 
17.21.34	正常	设备1 CRC = 0x496acc58
17.21.47	正常	设备1 程序下载成功 
17.21.58	正常	设备1 CRC = 0x496acc58
17.22.12	正常	设备1 程序下载成功 
19.13.26	正常	设备1 CRC = 0x81bcfc85
19.13.40	正常	设备1 程序下载成功 
19.26.09	正常	设备1 CRC = 0xfff66092
19.26.22	正常	设备1 程序下载成功 
19.31.56	正常	设备1 CRC = 0xe7e8df5b
19.32.10	正常	设备1 程序下载成功 
19.35.39	正常	设备1 CRC = 0xe7e8df5b
19.35.53	正常	设备1 程序下载成功 
19.35.54	正常	设备1 CRC = 0x743235e1
19.36.07	正常	设备1 程序下载成功 
19.39.16	正常	设备1 CRC = 0x2a0148ec
19.39.29	正常	设备1 程序下载成功 
19.50.09	正常	设备1 CRC = 0x6c977f84
19.50.23	正常	设备1 程序下载成功 
