13.37.58	正常	设备1 CRC = 0xabc94ca5
13.38.00	警告	设备1 写入Bin文件超时-1！ 
13.38.00	警告	设备1 程序下载失败 
13.38.01	正常	设备1 继续下载失败的bin文件！ 
13.38.13	正常	设备1 程序下载成功 
13.40.49	正常	设备1 CRC = 0x1a72f38b
13.40.51	警告	设备1 写入Bin文件超时-1！ 
13.40.51	警告	设备1 程序下载失败 
13.40.52	正常	设备1 继续下载失败的bin文件！ 
13.41.03	正常	设备1 程序下载成功 
13.49.39	正常	设备1 CRC = 0x6c82fea3
13.49.41	警告	设备1 写入Bin文件超时-1！ 
13.49.41	警告	设备1 程序下载失败 
13.49.42	正常	设备1 继续下载失败的bin文件！ 
13.49.53	正常	设备1 程序下载成功 
13.54.19	正常	设备1 CRC = 0x6614bba4
13.54.20	警告	设备1 写入Bin文件超时-1！ 
13.54.20	警告	设备1 程序下载失败 
13.54.21	正常	设备1 继续下载失败的bin文件！ 
13.54.33	正常	设备1 程序下载成功 
13.59.57	正常	设备1 CRC = 0x4ed4c258
13.59.58	警告	设备1 写入Bin文件超时-1！ 
13.59.58	警告	设备1 程序下载失败 
13.59.59	正常	设备1 继续下载失败的bin文件！ 
14.00.10	正常	设备1 程序下载成功 
14.06.37	正常	设备1 CRC = 0x969b0b3c
14.06.51	正常	设备1 程序下载成功 
14.07.36	正常	设备1 CRC = 0x4ed4c258
14.07.37	警告	设备1 写入Bin文件超时-1！ 
14.07.37	警告	设备1 程序下载失败 
14.07.39	正常	设备1 继续下载失败的bin文件！ 
14.07.51	正常	设备1 程序下载成功 
14.09.41	正常	设备1 CRC = 0x0ca46820
14.09.42	警告	设备1 写入Bin文件超时-1！ 
14.09.42	警告	设备1 程序下载失败 
14.09.43	正常	设备1 继续下载失败的bin文件！ 
14.09.54	正常	设备1 程序下载成功 
14.39.42	正常	设备1 CRC = 0x9c25ca49
14.39.53	正常	设备1 程序下载成功 
14.48.54	正常	设备1 CRC = 0x9c25ca49
14.49.06	正常	设备1 程序下载成功 
14.51.03	正常	设备1 CRC = 0x0ca46820
14.51.05	警告	设备1 写入Bin文件超时-1！ 
14.51.05	警告	设备1 程序下载失败 
14.51.11	正常	设备1 继续下载失败的bin文件！ 
14.51.23	正常	设备1 程序下载成功 
14.53.15	正常	设备1 CRC = 0x9c25ca49
14.53.17	警告	设备1 写入Bin文件超时-1！ 
14.53.17	警告	设备1 程序下载失败 
14.53.26	正常	设备1 继续下载失败的bin文件！ 
14.53.38	正常	设备1 程序下载成功 
17.12.17	正常	设备1 CRC = 0xb7a225a1
17.12.19	警告	设备1 写入Bin文件超时-1！ 
17.12.19	警告	设备1 程序下载失败 
17.12.20	正常	设备1 继续下载失败的bin文件！ 
17.12.32	正常	设备1 程序下载成功 
17.40.01	正常	设备1 CRC = 0x609e8050
17.40.03	警告	设备1 写入Bin文件超时-1！ 
17.40.03	警告	设备1 程序下载失败 
17.40.03	正常	设备1 继续下载失败的bin文件！ 
17.40.15	正常	设备1 程序下载成功 
19.29.03	正常	设备1 CRC = 0x9e52c617
19.29.19	正常	设备1 程序下载成功 
19.36.27	正常	设备1 CRC = 0x9e52c617
19.36.42	正常	设备1 程序下载成功 
19.39.48	正常	设备1 CRC = 0xd4503b4a
19.40.03	正常	设备1 程序下载成功 
19.42.27	正常	设备1 CRC = 0x9e52c617
19.42.43	正常	设备1 程序下载成功 
19.56.50	正常	设备1 CRC = 0xd4503b4a
19.57.05	正常	设备1 程序下载成功 
20.06.14	正常	设备1 CRC = 0xa73ba726
20.06.29	正常	设备1 程序下载成功 
20.12.56	正常	设备1 CRC = 0xa73ba726
20.12.57	错误	设备1 downImage复位失败!!
20.12.57	警告	设备1 程序下载失败 
20.13.01	正常	设备1 继续下载失败的bin文件！ 
20.13.02	错误	设备1 downImage复位失败!!
20.13.02	警告	设备1 程序下载失败 
20.13.04	正常	设备1 继续下载失败的bin文件！ 
20.13.19	正常	设备1 程序下载成功 
20.13.48	正常	设备1 CRC = 0xa73ba726
20.14.03	正常	设备1 程序下载成功 
20.18.21	正常	设备1 CRC = 0xf4b529f6
20.18.22	错误	设备1 downImage复位失败!!
20.18.22	警告	设备1 程序下载失败 
20.18.25	正常	设备1 继续下载失败的bin文件！ 
20.18.41	正常	设备1 程序下载成功 
20.21.17	正常	设备1 CRC = 0xa73ba726
20.21.18	错误	设备1 downImage复位失败!!
20.21.18	警告	设备1 程序下载失败 
20.21.26	正常	设备1 继续下载失败的bin文件！ 
20.21.41	正常	设备1 程序下载成功 
20.25.38	正常	设备1 CRC = 0xa73ba726
20.25.54	正常	设备1 程序下载成功 
20.26.54	正常	设备1 CRC = 0xf4b529f6
20.27.11	正常	设备1 程序下载成功 
