09.33.00	正常	设备1 CRC = 0x914d2d74
09.33.01	错误	设备1 downImage复位失败!!
09.33.01	警告	设备1 程序下载失败 
09.33.47	正常	设备1 继续下载失败的bin文件！ 
09.34.02	正常	设备1 程序下载成功 
09.39.57	正常	设备1 CRC = 0xe3191f7f
09.40.12	正常	设备1 程序下载成功 
09.41.39	正常	设备1 CRC = 0xe3191f7f
09.41.54	正常	设备1 程序下载成功 
09.42.17	正常	设备1 CRC = 0xe3191f7f
09.42.32	正常	设备1 程序下载成功 
09.42.46	正常	设备1 CRC = 0xe3191f7f
09.43.01	正常	设备1 程序下载成功 
09.43.47	正常	设备1 CRC = 0xe3191f7f
09.44.02	正常	设备1 程序下载成功 
09.44.25	正常	设备1 CRC = 0xe3191f7f
09.44.40	正常	设备1 程序下载成功 
09.44.51	正常	设备1 CRC = 0xe3191f7f
09.45.06	正常	设备1 程序下载成功 
09.45.18	正常	设备1 CRC = 0xe3191f7f
09.45.33	正常	设备1 程序下载成功 
09.45.44	正常	设备1 CRC = 0xe3191f7f
09.45.59	正常	设备1 程序下载成功 
11.14.05	警告	设备1 文件打开失败!路径:C:\Users\Lenovo\Desktop\新项目列表\UAE002-SB-HFY-A0\BK3432_0F0B_UAE002-SB-HFY-A0_V1.0.1\projects\ble_app_gatt_scan_adv\output\app\bk3432_ble_app_merge.bin!
14.55.14	正常	设备1 CRC = 0x332b2c6e
14.55.32	正常	设备1 程序下载成功 
15.10.41	正常	设备1 CRC = 0x8d0df394
15.11.00	正常	设备1 程序下载成功 
15.23.44	正常	设备1 CRC = 0x8d0df394
15.24.03	正常	设备1 程序下载成功 
15.58.03	正常	设备1 CRC = 0x8d0df394
15.58.21	正常	设备1 程序下载成功 
17.37.23	正常	设备1 CRC = 0x4f9f28ed
17.37.24	错误	设备1 downImage复位失败!!
17.37.24	警告	设备1 程序下载失败 
17.37.30	正常	设备1 继续下载失败的bin文件！ 
17.37.45	正常	设备1 程序下载成功 
19.50.58	正常	设备1 CRC = 0x4f9f28ed
19.50.59	错误	设备1 downImage复位失败!!
19.50.59	警告	设备1 程序下载失败 
19.51.04	正常	设备1 继续下载失败的bin文件！ 
19.51.06	警告	设备1 写入Bin文件超时-1！ 
19.51.06	警告	设备1 程序下载失败 
19.51.09	正常	设备1 继续下载失败的bin文件！ 
19.51.11	警告	设备1 写入Bin文件超时-1！ 
19.51.11	警告	设备1 程序下载失败 
19.51.13	正常	设备1 继续下载失败的bin文件！ 
19.51.15	警告	设备1 写入Bin文件超时-1！ 
19.51.15	警告	设备1 程序下载失败 
19.51.23	正常	设备1 继续下载失败的bin文件！ 
19.51.37	正常	设备1 程序下载成功 
