11.19.48	正常	设备1 CRC = 0xd17c7b69
11.19.50	警告	设备1 写入Bin文件超时-1！ 
11.19.50	警告	设备1 程序下载失败 
11.21.34	正常	设备1 CRC = 0xd17c7b69
11.21.48	正常	设备1 程序下载成功 
11.23.22	正常	设备1 CRC = 0x28b5d1fd
11.23.36	正常	设备1 程序下载成功 
15.52.35	正常	设备1 CRC = 0x4f83e470
15.52.37	警告	设备1 写入Bin文件超时-1！ 
15.52.37	警告	设备1 程序下载失败 
15.52.38	正常	设备1 继续下载失败的bin文件！ 
15.52.52	正常	设备1 程序下载成功 
16.19.04	正常	设备1 CRC = 0x7b31b536
16.19.18	正常	设备1 程序下载成功 
18.55.40	正常	设备1 CRC = 0x77c3d127
18.55.42	警告	设备1 写入Bin文件超时-1！ 
18.55.42	警告	设备1 程序下载失败 
18.55.43	正常	设备1 继续下载失败的bin文件！ 
18.55.58	正常	设备1 程序下载成功 
18.58.43	正常	设备1 CRC = 0xc1bc6358
18.58.57	正常	设备1 程序下载成功 
19.59.57	正常	设备1 CRC = 0xcdc8622f
19.59.59	警告	设备1 写入Bin文件超时-1！ 
19.59.59	警告	设备1 程序下载失败 
20.00.00	正常	设备1 继续下载失败的bin文件！ 
20.00.14	正常	设备1 程序下载成功 
