09.31.47	正常	设备1 CRC = 0x3bbba73b
09.31.47	错误	设备1 downImage复位失败!!
09.31.47	警告	设备1 程序下载失败 
09.32.01	正常	设备1 继续下载失败的bin文件！ 
09.32.24	正常	设备1 程序下载成功 
09.44.09	正常	设备1 CRC = 0x3bbba73b
09.44.09	错误	设备1 downImage复位失败!!
09.44.09	警告	设备1 程序下载失败 
09.44.14	正常	设备1 继续下载失败的bin文件！ 
09.44.37	正常	设备1 程序下载成功 
09.46.21	正常	设备1 CRC = 0x2b368aad
09.46.37	正常	设备1 程序下载成功 
09.48.05	正常	设备1 CRC = 0x2b368aad
09.48.21	正常	设备1 程序下载成功 
09.49.03	正常	设备1 CRC = 0x2b368aad
09.49.20	正常	设备1 程序下载成功 
09.49.42	正常	设备1 CRC = 0x2b368aad
09.49.59	正常	设备1 程序下载成功 
09.51.31	正常	设备1 CRC = 0x3bbba73b
09.51.31	错误	设备1 downImage复位失败!!
09.51.31	警告	设备1 程序下载失败 
09.51.41	正常	设备1 继续下载失败的bin文件！ 
09.52.05	正常	设备1 程序下载成功 
10.05.30	正常	设备1 CRC = 0x3bbba73b
10.05.54	正常	设备1 程序下载成功 
10.06.04	正常	设备1 CRC = 0x3bbba73b
10.06.28	正常	设备1 程序下载成功 
10.07.19	正常	设备1 CRC = 0x2b368aad
10.07.36	正常	设备1 程序下载成功 
10.07.52	正常	设备1 CRC = 0x2b368aad
10.08.08	正常	设备1 程序下载成功 
10.18.03	正常	设备1 CRC = 0x2b368aad
10.18.19	正常	设备1 程序下载成功 
10.31.54	正常	设备1 CRC = 0xe6e2d846
10.32.11	正常	设备1 程序下载成功 
10.34.43	正常	设备1 CRC = 0xa46b654b
10.35.00	正常	设备1 程序下载成功 
10.35.47	正常	设备1 CRC = 0xa46b654b
10.36.04	正常	设备1 程序下载成功 
10.36.35	正常	设备1 CRC = 0xe6e2d846
10.36.52	正常	设备1 程序下载成功 
10.41.31	正常	设备1 CRC = 0xe6e2d846
10.41.48	正常	设备1 程序下载成功 
10.43.05	正常	设备1 CRC = 0xa46b654b
10.43.22	正常	设备1 程序下载成功 
10.49.56	正常	设备1 CRC = 0xe6e2d846
10.50.12	正常	设备1 程序下载成功 
10.51.27	正常	设备1 CRC = 0xa46b654b
10.51.44	正常	设备1 程序下载成功 
11.40.30	正常	设备1 CRC = 0x448c2350
11.40.47	正常	设备1 程序下载成功 
11.41.52	正常	设备1 CRC = 0x2ccd887e
11.42.09	正常	设备1 程序下载成功 
13.35.27	正常	设备1 CRC = 0xcdad848c
13.35.44	正常	设备1 程序下载成功 
13.48.52	正常	设备1 CRC = 0x44d7a46f
13.49.10	正常	设备1 程序下载成功 
14.02.22	正常	设备1 CRC = 0x44d7a46f
14.02.40	正常	设备1 程序下载成功 
14.04.01	正常	设备1 CRC = 0x44d7a46f
14.04.18	正常	设备1 程序下载成功 
15.19.22	正常	设备1 CRC = 0x3eb8ed76
15.19.40	正常	设备1 程序下载成功 
15.42.03	正常	设备1 CRC = 0x8c9a5335
15.42.03	错误	设备1 downImage复位失败!!
15.42.03	警告	设备1 程序下载失败 
15.42.10	正常	设备1 继续下载失败的bin文件！ 
15.42.27	正常	设备1 程序下载成功 
16.13.42	正常	设备1 CRC = 0x4ce248c0
16.14.00	正常	设备1 程序下载成功 
16.19.28	正常	设备1 CRC = 0x2ecf83ee
16.19.45	正常	设备1 程序下载成功 
16.28.36	正常	设备1 CRC = 0x9b05998b
16.28.54	正常	设备1 程序下载成功 
16.30.38	正常	设备1 CRC = 0x9b05998b
16.30.39	错误	设备1 downImage复位失败!!
16.30.39	警告	设备1 程序下载失败 
16.31.02	正常	设备1 继续下载失败的bin文件！ 
16.31.19	正常	设备1 程序下载成功 
16.32.38	正常	设备1 CRC = 0x4b0aece6
16.32.55	正常	设备1 程序下载成功 
16.36.33	正常	设备1 CRC = 0x6bb26fd1
16.36.51	正常	设备1 程序下载成功 
16.37.51	正常	设备1 CRC = 0x4b0aece6
16.38.08	正常	设备1 程序下载成功 
16.42.28	正常	设备1 CRC = 0xbd6db8b1
16.42.46	正常	设备1 程序下载成功 
16.44.50	正常	设备1 CRC = 0x091b2bbd
16.45.07	正常	设备1 程序下载成功 
17.03.17	正常	设备1 CRC = 0x091b2bbd
17.03.18	错误	设备1 downImage复位失败!!
17.03.18	警告	设备1 程序下载失败 
17.08.54	正常	设备1 继续下载失败的bin文件！ 
17.09.11	正常	设备1 程序下载成功 
17.44.10	正常	设备1 CRC = 0xcd577b11
17.44.27	正常	设备1 程序下载成功 
17.51.39	正常	设备1 CRC = 0xcd577b11
17.51.57	正常	设备1 程序下载成功 
18.06.06	正常	设备1 CRC = 0xf0172555
18.06.24	正常	设备1 程序下载成功 
19.16.57	正常	设备1 CRC = 0x3ac45b59
19.17.14	正常	设备1 程序下载成功 
19.18.34	正常	设备1 CRC = 0xad782770
19.18.51	正常	设备1 程序下载成功 
19.22.36	正常	设备1 CRC = 0xad782770
19.22.53	正常	设备1 程序下载成功 
19.35.04	正常	设备1 CRC = 0x318766cf
19.35.22	正常	设备1 程序下载成功 
19.38.42	正常	设备1 CRC = 0xf8f45b25
19.38.59	正常	设备1 程序下载成功 
19.41.03	正常	设备1 CRC = 0xdad3e648
19.41.21	正常	设备1 程序下载成功 
19.43.44	正常	设备1 CRC = 0x1024e887
19.44.01	正常	设备1 程序下载成功 
19.45.25	正常	设备1 CRC = 0x32ccede7
19.45.43	正常	设备1 程序下载成功 
