09.06.19	正常	设备1 CRC = 0xe57d4183
09.06.33	正常	设备1 程序下载成功 
09.09.24	正常	设备1 CRC = 0x5bcbc4ac
09.09.38	正常	设备1 程序下载成功 
09.23.50	正常	设备1 CRC = 0x821e171a
09.24.05	正常	设备1 程序下载成功 
09.44.34	正常	设备1 CRC = 0xe4e183c7
09.44.48	正常	设备1 程序下载成功 
09.46.56	正常	设备1 CRC = 0x0babf6fe
09.47.10	正常	设备1 程序下载成功 
09.53.48	正常	设备1 CRC = 0x62fecd5b
09.54.03	正常	设备1 程序下载成功 
09.55.25	正常	设备1 CRC = 0x7aa43e4b
09.55.40	正常	设备1 程序下载成功 
09.56.47	正常	设备1 CRC = 0x1e76b862
09.57.01	正常	设备1 程序下载成功 
10.07.31	正常	设备1 CRC = 0x0f112e43
10.07.45	正常	设备1 程序下载成功 
10.12.54	正常	设备1 CRC = 0x8e3b7341
10.13.08	正常	设备1 程序下载成功 
10.19.20	正常	设备1 CRC = 0x85d676f1
10.19.35	正常	设备1 程序下载成功 
10.28.45	正常	设备1 CRC = 0x917dbd58
10.28.59	正常	设备1 程序下载成功 
10.38.56	正常	设备1 CRC = 0xb8a57e62
10.38.56	错误	设备1 downImage复位失败!!
10.38.56	警告	设备1 程序下载失败 
10.39.05	正常	设备1 继续下载失败的bin文件！ 
10.39.19	正常	设备1 程序下载成功 
10.39.32	正常	设备1 CRC = 0xb8a57e62
10.39.46	正常	设备1 程序下载成功 
11.35.58	正常	设备1 CRC = 0x76ba9bb1
11.35.59	错误	设备1 downImage复位失败!!
11.35.59	警告	设备1 程序下载失败 
11.36.18	正常	设备1 继续下载失败的bin文件！ 
11.36.32	正常	设备1 程序下载成功 
11.40.12	正常	设备1 CRC = 0x76ba9bb1
11.40.26	正常	设备1 程序下载成功 
11.40.42	正常	设备1 CRC = 0x76ba9bb1
11.40.56	正常	设备1 程序下载成功 
