09.26.54	正常	设备1 CRC = 0x792a6244
09.27.08	正常	设备1 程序下载成功 
10.07.30	正常	设备1 CRC = 0xf6c872cd
10.07.43	正常	设备1 程序下载成功 
10.37.17	正常	设备1 CRC = 0xda2bcf09
10.37.31	正常	设备1 程序下载成功 
10.38.16	正常	设备1 CRC = 0x7c06e20b
10.38.29	正常	设备1 程序下载成功 
10.45.33	正常	设备1 CRC = 0xe3021ef9
10.45.47	正常	设备1 程序下载成功 
10.49.16	正常	设备1 CRC = 0xe3021ef9
10.49.29	正常	设备1 程序下载成功 
10.50.09	正常	设备1 CRC = 0xc73496cc
10.50.22	正常	设备1 程序下载成功 
11.01.32	正常	设备1 CRC = 0x9c129391
11.01.46	正常	设备1 程序下载成功 
11.04.22	正常	设备1 CRC = 0xe3021ef9
11.04.35	正常	设备1 程序下载成功 
11.18.29	正常	设备1 CRC = 0x314aa2f1
11.18.42	正常	设备1 程序下载成功 
11.23.57	正常	设备1 CRC = 0xac2fbf66
11.24.10	正常	设备1 程序下载成功 
11.26.49	正常	设备1 CRC = 0x25c52a5f
11.27.03	正常	设备1 程序下载成功 
11.45.02	正常	设备1 CRC = 0x25c52a5f
11.45.16	正常	设备1 程序下载成功 
11.45.18	正常	设备1 CRC = 0x25c52a5f
11.45.32	正常	设备1 程序下载成功 
11.45.39	正常	设备1 CRC = 0xf6456495
11.45.53	正常	设备1 程序下载成功 
11.47.29	正常	设备1 CRC = 0x6077c615
11.47.43	正常	设备1 程序下载成功 
11.57.39	正常	设备1 CRC = 0xa0d21e37
11.57.53	正常	设备1 程序下载成功 
12.03.06	正常	设备1 CRC = 0x27d8d565
12.03.20	正常	设备1 程序下载成功 
12.04.22	正常	设备1 CRC = 0x96ceafd4
12.04.36	正常	设备1 程序下载成功 
13.41.25	正常	设备1 CRC = 0x653935c8
13.41.39	正常	设备1 程序下载成功 
13.42.12	正常	设备1 CRC = 0x4fe263bf
13.42.25	正常	设备1 程序下载成功 
13.42.51	正常	设备1 CRC = 0xdcba0fca
13.43.05	正常	设备1 程序下载成功 
13.45.25	正常	设备1 CRC = 0x03d75c01
13.45.39	正常	设备1 程序下载成功 
13.46.37	正常	设备1 CRC = 0x313198f7
13.46.37	错误	设备1 downImage复位失败!!
13.46.37	警告	设备1 程序下载失败 
13.47.27	正常	设备1 继续下载失败的bin文件！ 
13.47.41	正常	设备1 程序下载成功 
13.51.03	正常	设备1 CRC = 0x29713aa0
13.51.17	正常	设备1 程序下载成功 
13.52.52	正常	设备1 CRC = 0xd3688cd5
13.53.06	正常	设备1 程序下载成功 
13.54.31	正常	设备1 CRC = 0xe91fbf41
13.54.45	正常	设备1 程序下载成功 
13.57.27	正常	设备1 CRC = 0xc30e7a3b
13.57.41	正常	设备1 程序下载成功 
14.01.43	正常	设备1 CRC = 0x1bdfa2c9
14.01.57	正常	设备1 程序下载成功 
14.03.11	正常	设备1 CRC = 0x70a17c60
14.03.25	正常	设备1 程序下载成功 
14.43.43	正常	设备1 CRC = 0x8d7a8e04
14.43.57	正常	设备1 程序下载成功 
15.01.19	正常	设备1 CRC = 0xaa6eb5a7
15.01.32	正常	设备1 程序下载成功 
15.04.28	正常	设备1 CRC = 0xd1e97068
15.04.42	正常	设备1 程序下载成功 
15.10.45	正常	设备1 CRC = 0x5719bc8a
15.10.59	正常	设备1 程序下载成功 
15.11.44	正常	设备1 CRC = 0xe83ed7e2
15.11.58	正常	设备1 程序下载成功 
15.33.55	正常	设备1 CRC = 0xd7921569
15.34.09	正常	设备1 程序下载成功 
15.35.50	正常	设备1 CRC = 0x60f8a744
15.36.04	正常	设备1 程序下载成功 
15.39.26	正常	设备1 CRC = 0xc8daf13c
15.39.40	正常	设备1 程序下载成功 
15.41.47	正常	设备1 CRC = 0x0e8440a0
15.42.01	正常	设备1 程序下载成功 
15.48.17	正常	设备1 CRC = 0x839bcc99
15.48.30	正常	设备1 程序下载成功 
16.11.57	正常	设备1 CRC = 0x75468123
16.12.10	正常	设备1 程序下载成功 
16.14.16	正常	设备1 CRC = 0x580f436d
16.14.29	正常	设备1 程序下载成功 
16.16.01	正常	设备1 CRC = 0x50a842c8
16.16.14	正常	设备1 程序下载成功 
16.18.48	正常	设备1 CRC = 0xd4a182d4
16.19.01	正常	设备1 程序下载成功 
16.24.08	正常	设备1 CRC = 0x724b0405
16.24.22	正常	设备1 程序下载成功 
16.26.27	正常	设备1 CRC = 0xa3740f53
16.26.41	正常	设备1 程序下载成功 
16.55.43	正常	设备1 CRC = 0xd1a982e7
16.55.57	正常	设备1 程序下载成功 
17.19.35	正常	设备1 CRC = 0x03e78b04
17.19.48	正常	设备1 程序下载成功 
17.40.09	正常	设备1 CRC = 0x03e78b04
17.40.22	正常	设备1 程序下载成功 
17.40.24	正常	设备1 CRC = 0xb09a580e
17.40.37	正常	设备1 程序下载成功 
17.47.21	正常	设备1 CRC = 0xfb0546ed
17.47.35	正常	设备1 程序下载成功 
18.16.23	正常	设备1 CRC = 0x8a1e1c2e
18.16.37	正常	设备1 程序下载成功 
