09.59.33	正常	设备1 CRC = 0x2a700fce
09.59.49	正常	设备1 程序下载成功 
10.01.14	正常	设备1 CRC = 0x25fa371d
10.01.30	正常	设备1 程序下载成功 
10.06.24	正常	设备1 CRC = 0x25fa371d
10.06.40	正常	设备1 程序下载成功 
10.16.43	正常	设备1 CRC = 0x87edc475
10.16.59	正常	设备1 程序下载成功 
10.31.19	正常	设备1 CRC = 0x93e5b174
10.31.35	正常	设备1 程序下载成功 
11.23.28	正常	设备1 CRC = 0xce66820c
11.23.45	正常	设备1 程序下载成功 
11.24.08	正常	设备1 CRC = 0x3e853937
11.24.21	警告	设备1 写入Bin文件超时-1！ 
11.24.21	警告	设备1 程序下载失败 
11.24.31	正常	设备1 继续下载失败的bin文件！ 
11.24.47	正常	设备1 程序下载成功 
16.36.18	正常	设备1 CRC = 0x01f8ed61
16.36.34	正常	设备1 程序下载成功 
17.58.49	正常	设备1 CRC = 0x53b918de
17.59.05	正常	设备1 程序下载成功 
18.06.38	正常	设备1 CRC = 0x2ec7a51f
18.06.54	正常	设备1 程序下载成功 
18.09.23	正常	设备1 CRC = 0x2ec7a51f
18.09.39	正常	设备1 程序下载成功 
19.20.47	正常	设备1 CRC = 0x36184851
19.21.03	正常	设备1 程序下载成功 
19.22.01	正常	设备1 CRC = 0xbce6e5ff
19.22.17	正常	设备1 程序下载成功 
19.23.34	正常	设备1 CRC = 0xc92fb3a7
19.23.50	正常	设备1 程序下载成功 
19.27.09	正常	设备1 CRC = 0x3d3d86a8
19.27.25	正常	设备1 程序下载成功 
19.34.47	正常	设备1 CRC = 0x2e53f06e
19.35.03	正常	设备1 程序下载成功 
19.36.18	正常	设备1 CRC = 0xbf23eee9
19.36.34	正常	设备1 程序下载成功 
19.43.01	正常	设备1 CRC = 0xb7d9f239
19.43.17	正常	设备1 程序下载成功 
20.07.58	正常	设备1 CRC = 0x1a3fec0b
20.08.14	正常	设备1 程序下载成功 
20.12.10	正常	设备1 CRC = 0xfd53b416
20.12.26	正常	设备1 程序下载成功 
20.16.11	正常	设备1 CRC = 0xb234d773
20.16.27	正常	设备1 程序下载成功 
20.22.10	正常	设备1 CRC = 0x4058df9e
20.22.26	正常	设备1 程序下载成功 
20.23.57	正常	设备1 CRC = 0xa1d8dded
20.24.13	正常	设备1 程序下载成功 
20.24.15	正常	设备1 CRC = 0xd8d8f9d1
20.24.31	正常	设备1 程序下载成功 
20.26.46	正常	设备1 CRC = 0xc2bf0841
20.27.02	正常	设备1 程序下载成功 
20.32.22	正常	设备1 CRC = 0xf5207ec8
20.32.38	正常	设备1 程序下载成功 
20.33.22	正常	设备1 CRC = 0xf5207ec8
20.33.39	正常	设备1 程序下载成功 
20.33.39	正常	设备1 CRC = 0x87dfccaf
20.33.56	正常	设备1 程序下载成功 
20.35.34	正常	设备1 CRC = 0xef074457
20.35.50	正常	设备1 程序下载成功 
20.57.17	正常	设备1 CRC = 0xf2d563ef
20.57.33	正常	设备1 程序下载成功 
20.58.33	正常	设备1 CRC = 0x6834e899
20.58.49	正常	设备1 程序下载成功 
