11.19.17	正常	设备1 CRC = 0xca15017d
11.19.18	错误	设备1 downImage复位失败!!
11.19.18	警告	设备1 程序下载失败 
11.19.24	正常	设备1 继续下载失败的bin文件！ 
11.19.24	错误	设备1 downImage复位失败!!
11.19.24	警告	设备1 程序下载失败 
11.19.41	正常	设备1 继续下载失败的bin文件！ 
11.19.41	错误	设备1 downImage复位失败!!
11.19.41	警告	设备1 程序下载失败 
11.19.59	正常	设备1 继续下载失败的bin文件！ 
11.20.00	错误	设备1 downImage复位失败!!
11.20.00	警告	设备1 程序下载失败 
11.22.11	正常	设备1 继续下载失败的bin文件！ 
11.22.32	正常	设备1 程序下载成功 
11.45.38	正常	设备1 CRC = 0xca15017d
11.45.38	错误	设备1 downImage复位失败!!
11.45.38	警告	设备1 程序下载失败 
11.55.10	正常	设备2 CRC = 0xca15017d
11.55.12	错误	设备2 Vpp打开操作超时！
11.56.17	正常	设备1 继续下载失败的bin文件！ 
11.56.17	错误	设备1 downImage复位失败!!
11.56.17	警告	设备1 程序下载失败 
13.34.26	正常	设备1 CRC = 0xc6b1365e
13.34.40	正常	设备1 程序下载成功 
13.36.09	正常	设备1 CRC = 0xc6b1365e
13.36.20	警告	设备1 写入Bin文件超时-1！ 
13.36.20	警告	设备1 程序下载失败 
13.36.22	错误	设备1 Vpp关闭操作超时！
13.36.24	正常	设备1 继续下载失败的bin文件！ 
13.36.37	正常	设备1 程序下载成功 
13.37.25	正常	设备1 CRC = 0xca15017d
13.37.31	警告	设备1 写入Bin文件超时-1！ 
13.37.31	警告	设备1 程序下载失败 
13.37.33	错误	设备1 Vpp关闭操作超时！
13.38.00	正常	设备1 继续下载失败的bin文件！ 
13.38.21	正常	设备1 程序下载成功 
13.44.45	正常	设备1 CRC = 0xca15017d
13.45.07	正常	设备1 程序下载成功 
14.15.20	正常	设备1 CRC = 0x6f17012f
14.15.22	警告	设备1 写入Bin文件超时-1！ 
14.15.22	警告	设备1 程序下载失败 
14.15.23	正常	设备1 继续下载失败的bin文件！ 
14.15.24	错误	设备1 downImage复位失败!!
14.15.24	警告	设备1 程序下载失败 
14.15.31	正常	设备1 继续下载失败的bin文件！ 
14.15.32	错误	设备1 downImage复位失败!!
14.15.32	警告	设备1 程序下载失败 
14.15.41	正常	设备1 继续下载失败的bin文件！ 
14.16.02	正常	设备1 程序下载成功 
