19.46.17	正常	设备1 CRC = 0x92ffe070
19.46.31	正常	设备1 程序下载成功 
19.57.08	正常	设备1 CRC = 0x8b2507db
19.57.08	错误	设备1 downImage复位失败!!
19.57.08	警告	设备1 程序下载失败 
19.57.12	正常	设备1 继续下载失败的bin文件！ 
19.57.12	错误	设备1 downImage复位失败!!
19.57.12	警告	设备1 程序下载失败 
19.57.14	正常	设备1 继续下载失败的bin文件！ 
19.57.15	错误	设备1 downImage复位失败!!
19.57.15	警告	设备1 程序下载失败 
19.58.16	正常	设备1 继续下载失败的bin文件！ 
19.58.29	正常	设备1 程序下载成功 
19.58.58	正常	设备1 CRC = 0x8b2507db
19.59.11	正常	设备1 程序下载成功 
20.02.00	正常	设备1 CRC = 0x8b2507db
20.02.01	错误	设备1 downImage复位失败!!
20.02.01	警告	设备1 程序下载失败 
20.02.05	正常	设备1 继续下载失败的bin文件！ 
20.02.18	正常	设备1 程序下载成功 
20.08.02	正常	设备1 CRC = 0x8b2507db
20.08.15	正常	设备1 程序下载成功 
20.10.55	正常	设备1 CRC = 0x12c940fc
20.11.08	正常	设备1 程序下载成功 
