09.54.57	正常	设备1 CRC = 0x188e3de7
09.55.08	正常	设备1 程序下载成功 
09.57.12	正常	设备1 CRC = 0x188e3de7
09.57.24	正常	设备1 程序下载成功 
10.00.09	正常	设备1 CRC = 0x41f9aea2
10.00.21	正常	设备1 程序下载成功 
10.02.28	正常	设备1 CRC = 0x56db4dab
10.02.40	正常	设备1 程序下载成功 
10.03.14	正常	设备1 CRC = 0xd37864f3
10.03.25	正常	设备1 程序下载成功 
10.06.47	正常	设备1 CRC = 0x0a88caf8
10.06.58	正常	设备1 程序下载成功 
10.08.58	正常	设备1 CRC = 0x6fc0c6fd
10.09.09	正常	设备1 程序下载成功 
10.14.50	正常	设备1 CRC = 0x8b7a8959
10.15.01	正常	设备1 程序下载成功 
10.15.53	正常	设备1 CRC = 0x6facad34
10.16.04	正常	设备1 程序下载成功 
10.22.11	正常	设备1 CRC = 0x86bcc9f7
10.22.23	正常	设备1 程序下载成功 
10.23.00	正常	设备1 CRC = 0x753e9eef
10.23.11	警告	设备1 写入Bin文件超时-1！ 
10.23.11	警告	设备1 程序下载失败 
10.23.13	错误	设备1 Vpp关闭操作超时！
10.23.18	正常	设备1 继续下载失败的bin文件！ 
10.23.30	正常	设备1 程序下载成功 
10.26.40	正常	设备1 CRC = 0x3d8828de
10.26.51	正常	设备1 程序下载成功 
10.30.58	正常	设备1 CRC = 0x50fda652
10.31.01	错误	设备1 芯片校验读取超时！
10.31.01	警告	设备1 程序下载失败 
10.31.20	正常	设备1 CRC = 0x50fda652
10.31.22	错误	设备1 芯片校验读取超时！
10.31.22	警告	设备1 程序下载失败 
10.31.41	正常	设备1 CRC = 0x50fda652
10.31.52	正常	设备1 程序下载成功 
10.34.01	正常	设备1 CRC = 0xd8afc7cc
10.34.12	正常	设备1 程序下载成功 
10.35.18	正常	设备1 CRC = 0x5ee0f57c
10.35.29	正常	设备1 程序下载成功 
10.44.16	正常	设备1 CRC = 0xf55ae585
10.44.28	正常	设备1 程序下载成功 
11.25.55	正常	设备1 CRC = 0xff576702
11.26.06	正常	设备1 程序下载成功 
11.28.55	正常	设备1 CRC = 0xad960d9e
11.29.06	正常	设备1 程序下载成功 
11.31.17	正常	设备1 CRC = 0xad960d9e
11.31.28	正常	设备1 程序下载成功 
11.33.07	正常	设备2 CRC = 0x1aadc4f4
11.33.09	错误	设备2 Vpp打开操作超时！
11.33.26	正常	设备1 CRC = 0x1aadc4f4
11.33.38	正常	设备1 程序下载成功 
11.34.56	正常	设备1 CRC = 0x1aadc4f4
11.35.07	正常	设备1 程序下载成功 
11.38.30	正常	设备1 CRC = 0x56932520
11.38.41	正常	设备1 程序下载成功 
11.39.10	正常	设备1 CRC = 0x3c2d82d3
11.39.22	正常	设备1 程序下载成功 
11.39.53	正常	设备1 CRC = 0x9df5d7ca
11.40.05	正常	设备1 程序下载成功 
11.40.33	正常	设备1 CRC = 0x8c390a9f
11.40.44	正常	设备1 程序下载成功 
11.46.48	正常	设备1 CRC = 0x209a2c25
11.47.00	正常	设备1 程序下载成功 
11.50.20	正常	设备1 CRC = 0xbac2c583
11.50.32	正常	设备1 程序下载成功 
11.51.53	正常	设备1 CRC = 0xbac2c583
11.52.04	正常	设备1 程序下载成功 
11.56.29	正常	设备1 CRC = 0xbac2c583
11.56.41	正常	设备1 程序下载成功 
12.20.50	正常	设备1 CRC = 0xbac2c583
12.21.02	正常	设备1 程序下载成功 
13.41.42	正常	设备1 CRC = 0xbeee4572
13.41.54	正常	设备1 程序下载成功 
13.42.40	正常	设备1 CRC = 0x7d4e540c
13.42.51	正常	设备1 程序下载成功 
13.45.54	正常	设备1 CRC = 0x2311b22d
13.46.05	正常	设备1 程序下载成功 
13.47.25	正常	设备1 CRC = 0x29d613e5
13.47.37	正常	设备1 程序下载成功 
13.52.38	正常	设备1 CRC = 0x63758c69
13.52.49	正常	设备1 程序下载成功 
13.56.13	正常	设备1 CRC = 0xeb3d9203
13.56.24	正常	设备1 程序下载成功 
13.57.14	正常	设备1 CRC = 0xc475d066
13.57.25	正常	设备1 程序下载成功 
13.58.42	正常	设备1 CRC = 0xed76be3e
13.58.54	正常	设备1 程序下载成功 
13.59.24	正常	设备1 CRC = 0x17b0988c
13.59.35	正常	设备1 程序下载成功 
14.00.08	正常	设备1 CRC = 0xfcf42cd5
14.00.20	正常	设备1 程序下载成功 
14.04.35	正常	设备1 CRC = 0x9afff135
14.04.47	正常	设备1 程序下载成功 
14.07.13	正常	设备1 CRC = 0xb854200c
14.07.24	正常	设备1 程序下载成功 
14.15.29	正常	设备1 CRC = 0x61b8c10a
14.15.31	警告	设备1 写入Bin文件超时-1！ 
14.15.31	警告	设备1 程序下载失败 
14.15.33	错误	设备1 Vpp关闭操作超时！
14.15.52	正常	设备1 继续下载失败的bin文件！ 
14.16.04	正常	设备1 程序下载成功 
14.16.42	正常	设备1 CRC = 0x92ddf58c
14.16.53	正常	设备1 程序下载成功 
14.23.04	正常	设备1 CRC = 0x61b8c10a
14.23.16	正常	设备1 程序下载成功 
14.42.01	正常	设备1 CRC = 0x7b928761
14.42.13	正常	设备1 程序下载成功 
14.54.42	正常	设备1 CRC = 0x692bce74
14.54.54	正常	设备1 程序下载成功 
14.58.58	正常	设备1 CRC = 0x0bdaac29
14.59.09	正常	设备1 程序下载成功 
15.26.59	正常	设备1 CRC = 0xccaa6118
15.27.10	正常	设备1 程序下载成功 
15.33.42	正常	设备1 CRC = 0xccaa6118
15.33.54	正常	设备1 程序下载成功 
15.33.55	正常	设备1 CRC = 0x80293dc2
15.34.06	正常	设备1 程序下载成功 
15.36.51	正常	设备1 CRC = 0x8da0f7d6
15.37.00	错误	设备1 芯片校验读取超时！
15.37.00	警告	设备1 程序下载失败 
15.37.19	正常	设备1 CRC = 0x8da0f7d6
15.37.30	正常	设备1 程序下载成功 
15.38.44	正常	设备1 CRC = 0x07248158
15.38.56	正常	设备1 程序下载成功 
15.43.53	正常	设备1 CRC = 0x905a6c1a
15.44.05	正常	设备1 程序下载成功 
15.49.25	正常	设备1 CRC = 0xabe4b18c
15.49.37	正常	设备1 程序下载成功 
15.50.42	正常	设备1 CRC = 0x72f637b7
15.50.54	正常	设备1 程序下载成功 
15.58.50	正常	设备1 CRC = 0x018359f8
15.59.02	正常	设备1 程序下载成功 
16.00.38	正常	设备1 CRC = 0xbb097580
16.00.50	正常	设备1 程序下载成功 
16.02.11	正常	设备1 CRC = 0xc34b7414
16.02.22	正常	设备1 程序下载成功 
16.03.38	正常	设备1 CRC = 0x48377f7a
16.03.50	正常	设备1 程序下载成功 
16.08.05	正常	设备1 CRC = 0x1104a306
16.08.17	正常	设备1 程序下载成功 
16.10.22	正常	设备1 CRC = 0xd0209398
16.10.34	正常	设备1 程序下载成功 
16.14.45	正常	设备1 CRC = 0x5885f571
16.14.56	正常	设备1 程序下载成功 
16.16.51	正常	设备1 CRC = 0xabd9f870
16.17.03	正常	设备1 程序下载成功 
16.18.36	正常	设备1 CRC = 0x995b4480
16.18.48	正常	设备1 程序下载成功 
16.19.18	正常	设备1 CRC = 0x6a074981
16.19.29	正常	设备1 程序下载成功 
16.21.51	正常	设备1 CRC = 0xc58b6253
16.22.03	正常	设备1 程序下载成功 
16.34.46	正常	设备1 CRC = 0xcdf4f501
16.34.57	正常	设备1 程序下载成功 
17.23.57	正常	设备1 CRC = 0xe28d582a
17.24.08	正常	设备1 程序下载成功 
17.25.07	正常	设备1 CRC = 0xc08b0237
17.25.18	正常	设备1 程序下载成功 
17.58.07	正常	设备1 CRC = 0x26dcdc5d
17.58.19	正常	设备1 程序下载成功 
18.05.08	正常	设备1 CRC = 0x6a865915
18.05.19	正常	设备1 程序下载成功 
18.07.36	正常	设备1 CRC = 0x08f51f96
18.07.48	正常	设备1 程序下载成功 
18.55.26	正常	设备1 CRC = 0xd8f7967b
18.55.38	正常	设备1 程序下载成功 
18.57.42	正常	设备1 CRC = 0x6b4690e0
18.57.54	正常	设备1 程序下载成功 
19.09.06	正常	设备1 CRC = 0x7bdff337
19.09.18	正常	设备1 程序下载成功 
19.09.52	正常	设备1 CRC = 0xa9d540bd
19.10.04	正常	设备1 程序下载成功 
19.20.15	正常	设备1 CRC = 0x714c1e6d
19.20.26	正常	设备1 程序下载成功 
19.22.32	正常	设备1 CRC = 0xfed55e63
19.22.44	正常	设备1 程序下载成功 
19.33.01	正常	设备1 CRC = 0x422325fd
19.33.12	正常	设备1 程序下载成功 
19.36.11	正常	设备1 CRC = 0xe256a1b6
19.36.22	正常	设备1 程序下载成功 
19.38.13	正常	设备1 CRC = 0x35ecc6e2
19.38.25	错误	设备1 芯片校验读取超时！
19.38.25	警告	设备1 程序下载失败 
19.38.52	正常	设备1 CRC = 0x02cb9b26
19.39.04	正常	设备1 程序下载成功 
19.42.25	正常	设备1 CRC = 0x11f1681e
19.42.29	警告	设备1 写入Bin文件超时-1！ 
19.42.29	警告	设备1 程序下载失败 
19.42.31	错误	设备1 Vpp关闭操作超时！
19.42.50	正常	设备1 继续下载失败的bin文件！ 
19.43.02	正常	设备1 程序下载成功 
19.44.08	正常	设备1 CRC = 0x326cc949
19.44.19	正常	设备1 程序下载成功 
19.48.48	正常	设备1 CRC = 0x086bf7d6
19.49.00	正常	设备1 程序下载成功 
19.51.37	正常	设备1 CRC = 0xecc355ce
19.51.48	正常	设备1 程序下载成功 
20.06.50	正常	设备1 CRC = 0xf554664f
20.07.01	正常	设备1 程序下载成功 
20.13.00	正常	设备1 CRC = 0x09979cb9
20.13.12	正常	设备1 程序下载成功 
20.16.04	正常	设备1 CRC = 0x6cd1556e
20.16.15	正常	设备1 程序下载成功 
20.30.11	正常	设备1 CRC = 0x2272b32b
20.30.22	正常	设备1 程序下载成功 
20.32.40	正常	设备1 CRC = 0xe112ff9f
20.32.52	正常	设备1 程序下载成功 
20.35.08	正常	设备1 CRC = 0xbdbb5904
20.35.19	正常	设备1 程序下载成功 
