11.43.48	正常	设备1 CRC = 0x738a9b8b
11.44.04	正常	设备1 程序下载成功 
11.48.43	正常	设备1 CRC = 0xa4b3a882
11.49.00	正常	设备1 程序下载成功 
13.33.39	正常	设备1 CRC = 0x49e97a2e
13.33.55	正常	设备1 程序下载成功 
13.37.53	正常	设备1 CRC = 0x3fd8fd98
13.38.10	正常	设备1 程序下载成功 
13.53.00	正常	设备1 CRC = 0x5dcb7977
13.53.16	正常	设备1 程序下载成功 
13.54.20	正常	设备1 CRC = 0x2353dcc8
13.54.36	正常	设备1 程序下载成功 
13.59.07	正常	设备1 CRC = 0x242efabf
13.59.23	正常	设备1 程序下载成功 
14.07.46	正常	设备1 CRC = 0xe6548991
14.08.02	正常	设备1 程序下载成功 
14.08.55	正常	设备1 CRC = 0xe9204245
14.09.11	正常	设备1 程序下载成功 
15.25.30	正常	设备1 CRC = 0xaefc878f
15.25.46	正常	设备1 程序下载成功 
15.32.15	正常	设备1 CRC = 0xb7d8d8d5
15.32.31	正常	设备1 程序下载成功 
15.45.44	正常	设备1 CRC = 0x56d3e8ea
15.46.01	正常	设备1 程序下载成功 
16.10.30	正常	设备1 CRC = 0x18cda13e
16.10.31	错误	设备1 downImage复位失败!!
16.10.31	警告	设备1 程序下载失败 
16.10.37	正常	设备1 继续下载失败的bin文件！ 
16.10.53	正常	设备1 程序下载成功 
16.14.02	正常	设备1 CRC = 0x75adfb84
16.14.18	正常	设备1 程序下载成功 
16.15.55	正常	设备1 CRC = 0x75adfb84
16.16.12	正常	设备1 程序下载成功 
16.21.22	正常	设备1 CRC = 0x2c2cbdf9
16.21.38	正常	设备1 程序下载成功 
16.23.56	正常	设备1 CRC = 0x2db86a63
16.24.13	正常	设备1 程序下载成功 
16.32.51	正常	设备1 CRC = 0x3960942c
16.33.07	正常	设备1 程序下载成功 
16.33.51	正常	设备1 CRC = 0x3960942c
16.34.07	正常	设备1 程序下载成功 
16.42.09	正常	设备1 CRC = 0x2b9e85f6
16.42.25	正常	设备1 程序下载成功 
17.16.50	正常	设备1 CRC = 0x5fff0ed4
17.17.06	正常	设备1 程序下载成功 
17.17.17	正常	设备1 CRC = 0x5fff0ed4
17.17.33	正常	设备1 程序下载成功 
17.23.53	正常	设备1 CRC = 0x733e747a
17.24.09	正常	设备1 程序下载成功 
17.41.22	正常	设备1 CRC = 0x733e747a
17.41.39	正常	设备1 程序下载成功 
