09.49.50	正常	设备1 CRC = 0x9280ad46
09.49.50	警告	设备1 配置起始地址超出给出Bin文件的最大值！ 
09.49.50	错误	设备1 downImage复位失败!!
09.49.50	警告	设备1 程序下载失败 
09.49.52	正常	设备1 继续下载失败的bin文件！ 
09.49.52	错误	设备1 downImage复位失败!!
09.49.52	警告	设备1 程序下载失败 
09.50.07	正常	设备1 继续下载失败的bin文件！ 
09.50.09	警告	设备1 写入Bin文件超时-1！ 
09.50.09	警告	设备1 程序下载失败 
09.50.15	正常	设备1 继续下载失败的bin文件！ 
09.50.39	正常	设备1 程序下载成功 
10.06.11	正常	设备1 CRC = 0xc2a1ba80
10.06.11	警告	设备1 配置起始地址超出给出Bin文件的最大值！ 
10.06.36	正常	设备1 程序下载成功 
10.08.25	正常	设备1 CRC = 0x31e342cc
10.08.25	警告	设备1 配置起始地址超出给出Bin文件的最大值！ 
10.08.50	正常	设备1 程序下载成功 
10.27.17	正常	设备1 CRC = 0x25cae1dd
10.27.17	警告	设备1 配置起始地址超出给出Bin文件的最大值！ 
10.27.42	正常	设备1 程序下载成功 
10.28.59	正常	设备1 CRC = 0x9c7c024a
10.28.59	警告	设备1 配置起始地址超出给出Bin文件的最大值！ 
10.29.23	正常	设备1 程序下载成功 
14.12.07	正常	设备1 CRC = 0x2b1c0a7c
14.12.07	警告	设备1 配置起始地址超出给出Bin文件的最大值！ 
14.12.08	警告	设备1 写入Bin文件超时-1！ 
14.12.08	警告	设备1 程序下载失败 
16.51.25	正常	设备1 CRC = 0x6f17012f
16.51.46	正常	设备1 程序下载成功 
19.18.15	正常	设备1 CRC = 0x6f17012f
19.18.16	错误	设备1 downImage复位失败!!
19.18.16	警告	设备1 程序下载失败 
19.34.40	正常	设备1 CRC = 0x6f17012f
19.35.00	正常	设备1 程序下载成功 
