10.06.56	正常	设备1 CRC = 0x2a3ad6ab
10.07.18	正常	设备1 程序下载成功 
10.28.54	正常	设备1 CRC = 0x5c637227
10.29.15	正常	设备1 程序下载成功 
10.41.50	正常	设备1 CRC = 0x9b81ec80
10.42.10	正常	设备1 程序下载成功 
11.40.38	正常	设备1 CRC = 0xfaa79a8d
11.40.59	正常	设备1 程序下载成功 
11.54.30	正常	设备1 CRC = 0x43b3b096
11.54.51	正常	设备1 程序下载成功 
13.40.04	正常	设备1 CRC = 0xcf188cde
13.40.25	正常	设备1 程序下载成功 
13.47.02	正常	设备1 CRC = 0x0617e292
13.47.24	正常	设备1 程序下载成功 
14.29.33	正常	设备1 CRC = 0xf3590dd9
14.29.54	正常	设备1 程序下载成功 
14.33.46	正常	设备1 CRC = 0x3b34c308
14.34.07	正常	设备1 程序下载成功 
14.44.25	正常	设备1 CRC = 0x6a8097c7
14.44.46	正常	设备1 程序下载成功 
14.54.48	正常	设备1 CRC = 0xbaf3bf3a
14.55.09	正常	设备1 程序下载成功 
15.32.11	正常	设备1 CRC = 0x25160ee9
15.32.32	正常	设备1 程序下载成功 
15.42.35	正常	设备1 CRC = 0xbd6ff2c2
15.42.51	警告	设备1 写入Bin文件超时-1！ 
15.42.51	警告	设备1 程序下载失败 
15.42.53	错误	设备1 Vpp关闭操作超时！
15.43.01	正常	设备1 继续下载失败的bin文件！ 
15.43.22	正常	设备1 程序下载成功 
15.59.01	正常	设备1 CRC = 0x8fdb5638
15.59.22	正常	设备1 程序下载成功 
16.02.31	正常	设备1 CRC = 0x62a3098a
16.02.52	正常	设备1 程序下载成功 
16.35.57	正常	设备1 CRC = 0x7f0867a2
16.36.18	正常	设备1 程序下载成功 
16.38.14	正常	设备1 CRC = 0xbe661332
16.38.35	正常	设备1 程序下载成功 
16.47.58	正常	设备1 CRC = 0x404b3856
16.48.19	正常	设备1 程序下载成功 
16.54.47	正常	设备1 CRC = 0xb489e337
16.55.08	正常	设备1 程序下载成功 
16.59.43	正常	设备1 CRC = 0xd55f4f84
17.00.04	正常	设备1 程序下载成功 
17.02.03	正常	设备1 CRC = 0xe1322419
17.02.24	正常	设备1 程序下载成功 
17.34.50	正常	设备2 CRC = 0xd008915a
17.34.52	错误	设备2 Vpp打开操作超时！
17.35.05	正常	设备2 CRC = 0xd008915a
17.35.07	错误	设备2 Vpp打开操作超时！
17.35.14	正常	设备1 CRC = 0xd008915a
17.35.35	正常	设备1 程序下载成功 
18.02.17	正常	设备1 CRC = 0x2f979b05
18.02.38	正常	设备1 程序下载成功 
18.04.29	正常	设备1 CRC = 0x92a6d6af
18.04.50	正常	设备1 程序下载成功 
18.06.24	正常	设备1 CRC = 0xca15017d
18.06.45	警告	设备1 写入Bin文件超时-1！ 
18.06.45	警告	设备1 程序下载失败 
18.06.47	错误	设备1 Vpp关闭操作超时！
18.06.51	正常	设备1 继续下载失败的bin文件！ 
18.07.12	正常	设备1 程序下载成功 
