10.10.50	正常	设备1 CRC = 0xf2ee4437
10.11.02	正常	设备1 程序下载成功 
10.15.17	正常	设备1 CRC = 0xb9e9fbbc
10.15.29	正常	设备1 程序下载成功 
11.07.28	正常	设备1 CRC = 0x51a864e0
11.07.39	正常	设备1 程序下载成功 
11.26.58	正常	设备1 CRC = 0x0f60dd0a
11.27.10	正常	设备1 程序下载成功 
11.29.03	正常	设备1 CRC = 0x438c4f0e
11.29.15	正常	设备1 程序下载成功 
13.51.55	正常	设备1 CRC = 0x438c4f0e
13.52.06	正常	设备1 程序下载成功 
14.39.52	正常	设备1 CRC = 0x01ee0576
14.40.04	正常	设备1 程序下载成功 
14.44.12	正常	设备1 CRC = 0xf9a2b301
14.44.24	正常	设备1 程序下载成功 
14.58.38	正常	设备1 CRC = 0xf9a2b301
14.58.49	正常	设备1 程序下载成功 
15.53.29	正常	设备1 CRC = 0x246b8da8
15.53.39	错误	设备1 downImage复位失败!!
15.53.39	警告	设备1 程序下载失败 
15.53.57	正常	设备1 CRC = 0x246b8da8
15.54.09	正常	设备1 程序下载成功 
16.00.46	正常	设备1 CRC = 0x36a71986
16.00.57	正常	设备1 程序下载成功 
16.32.57	正常	设备1 CRC = 0x20e39eec
16.33.09	正常	设备1 程序下载成功 
17.24.37	正常	设备1 读出成功!!
17.25.41	正常	设备1 读出成功!!
17.26.03	正常	设备1 CRC = 0x261cd82d
17.26.14	正常	设备1 程序下载成功 
17.26.54	正常	设备1 读出成功!!
19.24.01	正常	设备1 CRC = 0xf0c56f1e
19.24.13	正常	设备1 程序下载成功 
19.27.41	正常	设备1 CRC = 0xbd8da1ff
19.27.53	正常	设备1 程序下载成功 
19.29.45	正常	设备1 CRC = 0x3590af18
19.29.56	正常	设备1 程序下载成功 
19.39.19	正常	设备1 CRC = 0x003324b5
19.39.31	正常	设备1 程序下载成功 
19.54.58	正常	设备1 CRC = 0xe15397b7
19.55.09	正常	设备1 程序下载成功 
20.06.42	正常	设备1 CRC = 0x5c79379f
20.06.47	正常	设备1 程序下载成功 
20.07.41	正常	设备1 CRC = 0x5c79379f
20.07.46	正常	设备1 程序下载成功 
20.08.54	正常	设备1 CRC = 0x5c79379f
20.08.59	正常	设备1 程序下载成功 
20.09.35	正常	设备1 CRC = 0x003324b5
20.09.46	正常	设备1 程序下载成功 
20.18.18	正常	设备1 CRC = 0xdbe8a398
20.18.30	正常	设备1 程序下载成功 
20.26.59	正常	设备1 CRC = 0xfab3e66f
20.27.11	正常	设备1 程序下载成功 
20.31.06	正常	设备1 CRC = 0x64f7156e
20.31.18	正常	设备1 程序下载成功 
