11.25.42	正常	设备1 CRC = 0xc3e84fb1
11.25.54	正常	设备1 程序下载成功 
11.32.16	正常	设备1 CRC = 0xde6940a2
11.32.27	正常	设备1 程序下载成功 
11.36.13	正常	设备1 CRC = 0x59b39c4e
11.36.24	正常	设备1 程序下载成功 
11.39.36	正常	设备1 CRC = 0x95d62c7a
11.39.48	正常	设备1 程序下载成功 
11.42.11	正常	设备1 CRC = 0xff5ae7a3
11.42.23	正常	设备1 程序下载成功 
11.44.19	正常	设备1 CRC = 0xff5ae7a3
11.44.30	正常	设备1 程序下载成功 
11.44.32	正常	设备1 CRC = 0xdb71d667
11.44.43	正常	设备1 程序下载成功 
11.45.54	正常	设备1 CRC = 0xd186d789
11.46.05	正常	设备1 程序下载成功 
11.50.45	正常	设备1 CRC = 0x4f8bbea1
11.50.56	正常	设备1 程序下载成功 
11.51.31	正常	设备1 CRC = 0x67593d41
11.51.43	正常	设备1 程序下载成功 
11.54.26	正常	设备1 CRC = 0x5b1b15c9
11.54.37	正常	设备1 程序下载成功 
11.55.07	正常	设备1 CRC = 0x5b1b15c9
11.55.19	正常	设备1 程序下载成功 
12.23.19	正常	设备1 CRC = 0x7251822d
12.23.30	正常	设备1 程序下载成功 
14.37.17	错误	设备1 读取BIN文件超时!
14.37.17	错误	设备1 读出失败!!
14.37.19	错误	设备1 Vpp关闭操作超时！
14.38.38	正常	设备1 CRC = 0xbdfd88d4
14.38.52	正常	设备1 程序下载成功 
15.49.02	正常	设备1 CRC = 0x81932ffa
15.49.14	正常	设备1 程序下载成功 
15.53.45	正常	设备1 CRC = 0xfc89a24a
15.53.53	警告	设备1 写入Bin文件超时-1！ 
15.53.53	警告	设备1 程序下载失败 
15.53.53	错误	设备1 Vpp关闭失败！
15.54.22	正常	设备1 继续下载失败的bin文件！ 
15.54.35	正常	设备1 程序下载成功 
15.55.53	正常	设备1 CRC = 0xfc89a24a
15.56.05	正常	设备1 程序下载成功 
16.35.45	错误	设备1 dump复位失败!!
16.35.45	错误	设备1 读出失败!!
16.35.56	错误	设备1 dump复位失败!!
16.35.56	错误	设备1 读出失败!!
16.36.17	正常	设备1 读出成功!!
17.52.07	正常	设备1 CRC = 0x0ca72128
17.52.19	正常	设备1 程序下载成功 
18.12.43	正常	设备1 CRC = 0x0ca72128
18.12.46	错误	设备1 芯片校验读取超时！
18.12.46	警告	设备1 程序下载失败 
18.13.07	正常	设备1 CRC = 0x0ca72128
18.13.19	正常	设备1 程序下载成功 
18.17.31	正常	设备1 CRC = 0x8358fa7d
18.17.43	正常	设备1 程序下载成功 
18.20.32	正常	设备1 CRC = 0xf591d472
18.20.44	正常	设备1 程序下载成功 
18.21.46	正常	设备1 CRC = 0xf591d472
18.21.58	正常	设备1 程序下载成功 
18.50.10	正常	设备1 CRC = 0xf591d472
18.50.21	正常	设备1 程序下载成功 
19.05.14	正常	设备1 CRC = 0xf591d472
19.05.26	正常	设备1 程序下载成功 
19.10.36	正常	设备1 CRC = 0xf591d472
19.10.38	警告	设备1 写入Bin文件超时-1！ 
19.10.38	警告	设备1 程序下载失败 
19.10.42	正常	设备1 继续下载失败的bin文件！ 
19.10.54	正常	设备1 程序下载成功 
19.58.49	正常	设备1 CRC = 0x05cb4bf0
19.59.01	正常	设备1 程序下载成功 
20.02.37	正常	设备1 CRC = 0x05cb4bf0
20.02.49	正常	设备1 程序下载成功 
