09.43.36	正常	设备1 CRC = 0x05cb4bf0
09.43.48	正常	设备1 程序下载成功 
10.49.07	正常	设备1 CRC = 0x5338a718
10.49.19	正常	设备1 程序下载成功 
11.25.35	正常	设备1 CRC = 0x63a85a82
11.25.48	正常	设备1 程序下载成功 
15.56.33	正常	设备1 CRC = 0xafe435ea
15.56.49	正常	设备1 程序下载成功 
15.59.25	正常	设备1 CRC = 0x9025068b
15.59.42	正常	设备1 程序下载成功 
16.20.53	正常	设备1 CRC = 0x2bbc5127
16.21.09	正常	设备1 程序下载成功 
16.47.10	正常	设备1 CRC = 0x2bbc5127
16.47.26	正常	设备1 程序下载成功 
16.49.14	正常	设备1 CRC = 0xcfa0744b
16.49.29	正常	设备1 程序下载成功 
16.51.51	正常	设备1 CRC = 0xcaa6995a
16.52.07	正常	设备1 程序下载成功 
16.57.19	正常	设备1 CRC = 0x39b305ed
16.57.35	正常	设备1 程序下载成功 
16.59.40	正常	设备1 CRC = 0x8e0f96b2
16.59.57	正常	设备1 程序下载成功 
17.02.32	正常	设备1 CRC = 0x6c1de66f
17.02.48	正常	设备1 程序下载成功 
17.12.13	正常	设备1 CRC = 0x63a5ce2c
17.12.29	正常	设备1 程序下载成功 
17.55.49	正常	设备1 CRC = 0xf30b3022
17.56.05	正常	设备1 程序下载成功 
17.57.51	正常	设备1 CRC = 0x9f57bc1d
17.58.07	正常	设备1 程序下载成功 
18.00.40	正常	设备1 CRC = 0x96e2202d
18.00.56	正常	设备1 程序下载成功 
18.02.34	正常	设备1 CRC = 0xd2854295
18.02.50	正常	设备1 程序下载成功 
18.16.52	正常	设备1 CRC = 0x16f9e312
18.17.08	正常	设备1 程序下载成功 
19.12.13	正常	设备1 CRC = 0xfe568b5d
19.12.29	正常	设备1 程序下载成功 
19.14.51	正常	设备1 CRC = 0xe5e4724e
19.15.07	正常	设备1 程序下载成功 
19.24.11	正常	设备1 CRC = 0xe47040f1
19.24.27	正常	设备1 程序下载成功 
19.30.23	正常	设备1 CRC = 0x033452d7
19.30.40	正常	设备1 程序下载成功 
19.33.01	正常	设备1 CRC = 0x99e164f4
19.33.17	正常	设备1 程序下载成功 
19.33.53	正常	设备1 CRC = 0x99e164f4
19.34.10	正常	设备1 程序下载成功 
19.34.11	正常	设备1 CRC = 0x8d4e1d70
19.34.28	正常	设备1 程序下载成功 
19.40.28	正常	设备1 CRC = 0x44c8f9f6
19.40.44	正常	设备1 程序下载成功 
20.13.09	正常	设备1 CRC = 0x63a526f7
20.13.10	警告	设备1 写入Bin文件超时-1！ 
20.13.10	警告	设备1 程序下载失败 
20.13.15	正常	设备1 继续下载失败的bin文件！ 
20.13.17	警告	设备1 写入Bin文件超时-1！ 
20.13.17	警告	设备1 程序下载失败 
20.14.48	正常	设备1 继续下载失败的bin文件！ 
20.15.04	正常	设备1 程序下载成功 
20.41.33	正常	设备1 CRC = 0x9f3fdf17
20.41.49	正常	设备1 程序下载成功 
