09.39.19	正常	设备1 CRC = 0x8f621369
09.39.35	正常	设备1 程序下载成功 
10.41.39	正常	设备1 CRC = 0xe69006d7
10.41.55	正常	设备1 程序下载成功 
10.46.50	正常	设备1 CRC = 0x8c989d71
10.47.06	正常	设备1 程序下载成功 
10.50.54	正常	设备1 CRC = 0x11d0f97a
10.51.10	正常	设备1 程序下载成功 
10.57.56	正常	设备1 CRC = 0x8c989d71
10.57.57	错误	设备1 downImage复位失败!!
10.57.57	警告	设备1 程序下载失败 
10.58.31	正常	设备1 继续下载失败的bin文件！ 
10.58.47	正常	设备1 程序下载成功 
11.01.09	正常	设备1 CRC = 0xb4b6bd4d
11.01.25	正常	设备1 程序下载成功 
11.28.46	正常	设备1 CRC = 0x4fd1a61f
11.29.02	正常	设备1 程序下载成功 
13.37.22	正常	设备1 CRC = 0x67314b03
13.37.38	正常	设备1 程序下载成功 
14.00.59	正常	设备1 CRC = 0x943e6bd4
14.01.16	正常	设备1 程序下载成功 
14.26.31	正常	设备1 CRC = 0x9c1694a9
14.26.47	正常	设备1 程序下载成功 
14.35.50	正常	设备1 CRC = 0x8f83c204
14.36.06	正常	设备1 程序下载成功 
14.39.45	正常	设备1 CRC = 0xb66b3693
14.40.01	正常	设备1 程序下载成功 
15.59.07	正常	设备1 CRC = 0xb66b3693
15.59.08	警告	设备1 写入Bin文件超时-1！ 
15.59.08	警告	设备1 程序下载失败 
15.59.10	正常	设备1 继续下载失败的bin文件！ 
15.59.26	正常	设备1 程序下载成功 
16.13.01	正常	设备1 CRC = 0xcdc39bf6
16.13.17	正常	设备1 程序下载成功 
16.15.07	正常	设备1 CRC = 0x00d226bf
16.15.23	正常	设备1 程序下载成功 
