09.42.50	正常	设备1 CRC = 0x3247bb5c
09.43.03	正常	设备1 程序下载成功 
09.50.08	正常	设备1 CRC = 0x28228232
09.50.21	正常	设备1 程序下载成功 
09.54.22	正常	设备1 CRC = 0x3c72885d
09.54.35	正常	设备1 程序下载成功 
10.14.36	正常	设备1 CRC = 0x038e236d
10.14.49	正常	设备1 程序下载成功 
10.17.50	正常	设备1 CRC = 0xb018801a
10.18.03	正常	设备1 程序下载成功 
10.20.07	正常	设备1 CRC = 0x241c357a
10.20.20	正常	设备1 程序下载成功 
11.14.09	正常	设备1 CRC = 0x7d0048b2
11.14.22	正常	设备1 程序下载成功 
11.14.56	正常	设备1 CRC = 0xb515a051
11.15.09	正常	设备1 程序下载成功 
11.20.49	正常	设备1 CRC = 0xdef79dc2
11.21.02	正常	设备1 程序下载成功 
11.22.10	正常	设备1 CRC = 0xdef79dc2
11.22.24	正常	设备1 程序下载成功 
11.23.47	正常	设备1 CRC = 0x6464a509
11.24.01	正常	设备1 程序下载成功 
11.26.27	正常	设备1 CRC = 0x1ec46953
11.26.40	正常	设备1 程序下载成功 
11.31.27	正常	设备1 CRC = 0xe97825ec
11.31.40	正常	设备1 程序下载成功 
11.32.47	正常	设备1 CRC = 0xeb07b90a
11.33.00	正常	设备1 程序下载成功 
11.35.43	正常	设备1 CRC = 0x1a613b53
11.35.56	正常	设备1 程序下载成功 
13.37.22	正常	设备1 CRC = 0x80ae9ff9
13.37.35	正常	设备1 程序下载成功 
13.55.47	正常	设备1 CRC = 0x76a68297
13.56.00	正常	设备1 程序下载成功 
13.56.55	正常	设备1 CRC = 0x30629bb4
13.57.08	正常	设备1 程序下载成功 
14.00.37	正常	设备1 CRC = 0x7840c58f
14.00.50	正常	设备1 程序下载成功 
14.02.52	正常	设备1 CRC = 0xddb210ac
14.03.05	正常	设备1 程序下载成功 
14.04.37	正常	设备1 CRC = 0xbc3b4c60
14.04.50	正常	设备1 程序下载成功 
14.05.56	正常	设备1 CRC = 0xd7bc8699
14.06.09	正常	设备1 程序下载成功 
14.10.22	正常	设备1 CRC = 0x8b5c89b8
14.10.35	正常	设备1 程序下载成功 
14.13.06	正常	设备1 CRC = 0xce7fab8a
14.13.20	正常	设备1 程序下载成功 
14.14.47	正常	设备1 CRC = 0xbca17783
14.15.00	正常	设备1 程序下载成功 
14.16.15	正常	设备1 CRC = 0x67cac589
14.16.28	正常	设备1 程序下载成功 
14.18.41	正常	设备1 CRC = 0xc836869f
14.18.54	正常	设备1 程序下载成功 
14.24.46	正常	设备1 CRC = 0xdb33a757
14.24.59	正常	设备1 程序下载成功 
14.25.57	正常	设备1 CRC = 0x908c279a
14.26.10	正常	设备1 程序下载成功 
14.27.29	正常	设备1 CRC = 0x1b85ce64
14.27.43	正常	设备1 程序下载成功 
14.29.50	正常	设备1 CRC = 0x1fec3036
14.30.03	正常	设备1 程序下载成功 
14.31.42	正常	设备1 CRC = 0xf9ec5f8f
14.31.55	正常	设备1 程序下载成功 
14.32.44	正常	设备1 CRC = 0xb07eef66
14.32.57	正常	设备1 程序下载成功 
14.35.11	正常	设备1 CRC = 0xc1a1ef6c
14.35.24	正常	设备1 程序下载成功 
14.36.41	正常	设备1 CRC = 0x43c86c8e
14.36.54	正常	设备1 程序下载成功 
14.42.56	正常	设备1 CRC = 0xe61e3790
14.43.09	正常	设备1 程序下载成功 
14.49.56	正常	设备1 CRC = 0xb419c4bc
14.50.09	正常	设备1 程序下载成功 
14.53.18	正常	设备1 CRC = 0xe61e3790
14.53.31	正常	设备1 程序下载成功 
14.57.47	正常	设备1 CRC = 0x78f6e766
14.58.00	正常	设备1 程序下载成功 
15.02.28	正常	设备1 CRC = 0xe5331229
15.02.42	正常	设备1 程序下载成功 
15.06.28	正常	设备1 CRC = 0x847aa86c
15.06.41	正常	设备1 程序下载成功 
15.16.12	正常	设备1 CRC = 0x847aa86c
15.16.25	正常	设备1 程序下载成功 
15.16.46	正常	设备1 CRC = 0x61f51bd8
15.16.59	正常	设备1 程序下载成功 
15.24.58	正常	设备1 CRC = 0x61f51bd8
15.25.11	正常	设备1 程序下载成功 
15.25.57	正常	设备1 CRC = 0x5fca40dc
15.25.58	错误	设备1 downImage复位失败!!
15.25.58	警告	设备1 程序下载失败 
15.26.02	正常	设备1 继续下载失败的bin文件！ 
15.26.03	错误	设备1 downImage复位失败!!
15.26.03	警告	设备1 程序下载失败 
15.26.13	正常	设备1 继续下载失败的bin文件！ 
15.26.26	正常	设备1 程序下载成功 
15.31.50	正常	设备1 CRC = 0x92ffe070
15.32.03	正常	设备1 程序下载成功 
15.33.29	正常	设备1 CRC = 0x5fca40dc
15.33.42	正常	设备1 程序下载成功 
15.39.44	正常	设备1 CRC = 0x5fca40dc
15.39.57	正常	设备1 程序下载成功 
