14.57.02	错误	设备1 dump复位失败!!
14.57.02	错误	设备1 读出失败!!
14.57.05	错误	设备1 dump复位失败!!
14.57.05	错误	设备1 读出失败!!
14.57.31	正常	设备1 读出成功!!
15.42.41	正常	设备1 CRC = 0x8f0df747
15.42.54	正常	设备1 程序下载成功 
15.49.44	正常	设备1 CRC = 0xc7748a4a
15.49.57	正常	设备1 程序下载成功 
16.02.15	正常	设备1 CRC = 0xd7b1ad2a
16.02.29	正常	设备1 程序下载成功 
16.25.35	正常	设备1 CRC = 0xb3942c21
16.25.48	正常	设备1 程序下载成功 
16.28.01	正常	设备1 CRC = 0xdbde9fcb
16.28.15	正常	设备1 程序下载成功 
16.30.24	正常	设备1 CRC = 0x202ebffa
16.30.25	错误	设备1 downImage复位失败!!
16.30.25	警告	设备1 程序下载失败 
16.30.30	正常	设备1 继续下载失败的bin文件！ 
16.30.44	正常	设备1 程序下载成功 
16.39.56	正常	设备1 CRC = 0xe54eb734
16.40.10	正常	设备1 程序下载成功 
17.01.31	正常	设备1 CRC = 0x54a82fa3
17.01.44	正常	设备1 程序下载成功 
17.05.37	正常	设备1 读出成功!!
17.10.32	正常	设备1 CRC = 0x98022c37
17.10.45	正常	设备1 程序下载成功 
17.13.18	正常	设备1 读出成功!!
17.16.28	正常	设备1 CRC = 0x97684ecc
17.16.42	正常	设备1 程序下载成功 
17.23.13	正常	设备1 CRC = 0x96a1fd59
17.23.27	正常	设备1 程序下载成功 
17.31.47	正常	设备1 CRC = 0x70283646
17.32.01	正常	设备1 程序下载成功 
17.49.55	正常	设备1 CRC = 0x091c265f
17.50.09	正常	设备1 程序下载成功 
18.00.19	正常	设备1 CRC = 0x9bc39c57
18.00.20	错误	设备1 downImage复位失败!!
18.00.20	警告	设备1 程序下载失败 
18.00.28	正常	设备1 继续下载失败的bin文件！ 
18.00.42	正常	设备1 程序下载成功 
18.11.59	正常	设备1 CRC = 0x2211ba4f
18.12.13	正常	设备1 程序下载成功 
18.21.52	正常	设备1 CRC = 0xf6d4084c
18.22.05	正常	设备1 程序下载成功 
18.50.55	正常	设备1 CRC = 0x653e6bbd
18.51.08	正常	设备1 程序下载成功 
20.05.40	正常	设备1 CRC = 0xab5fa35a
20.05.54	正常	设备1 程序下载成功 
20.13.37	正常	设备1 CRC = 0x7449233b
20.13.50	正常	设备1 程序下载成功 
20.14.28	正常	设备1 CRC = 0x7449233b
20.14.41	正常	设备1 程序下载成功 
20.18.57	正常	设备1 CRC = 0xa8cdc4bd
20.19.11	正常	设备1 程序下载成功 
