10.06.57	正常	设备1 CRC = 0x0091bbd5
10.06.59	警告	设备1 写入Bin文件超时-1！ 
10.06.59	警告	设备1 程序下载失败 
10.07.00	正常	设备1 继续下载失败的bin文件！ 
10.07.13	正常	设备1 程序下载成功 
10.12.40	正常	设备1 CRC = 0xc7b64e24
10.12.41	警告	设备1 写入Bin文件超时-1！ 
10.12.41	警告	设备1 程序下载失败 
10.12.43	正常	设备1 继续下载失败的bin文件！ 
10.12.56	正常	设备1 程序下载成功 
11.17.32	正常	设备1 CRC = 0x101ecd92
11.17.34	警告	设备1 写入Bin文件超时-1！ 
11.17.34	警告	设备1 程序下载失败 
11.17.35	正常	设备1 继续下载失败的bin文件！ 
11.17.48	正常	设备1 程序下载成功 
11.19.41	正常	设备1 CRC = 0x8730f024
11.19.42	警告	设备1 写入Bin文件超时-1！ 
11.19.42	警告	设备1 程序下载失败 
11.19.43	正常	设备1 继续下载失败的bin文件！ 
11.19.57	正常	设备1 程序下载成功 
11.22.42	正常	设备1 CRC = 0x0ab86603
11.22.44	警告	设备1 写入Bin文件超时-1！ 
11.22.44	警告	设备1 程序下载失败 
11.22.46	正常	设备1 继续下载失败的bin文件！ 
11.22.59	正常	设备1 程序下载成功 
11.25.07	正常	设备1 CRC = 0x4920ca79
11.25.09	警告	设备1 写入Bin文件超时-1！ 
11.25.09	警告	设备1 程序下载失败 
11.25.12	正常	设备1 继续下载失败的bin文件！ 
11.25.25	正常	设备1 程序下载成功 
11.27.44	正常	设备1 CRC = 0x3b16d5f5
11.27.46	警告	设备1 写入Bin文件超时-1！ 
11.27.46	警告	设备1 程序下载失败 
11.27.47	正常	设备1 继续下载失败的bin文件！ 
11.28.00	正常	设备1 程序下载成功 
11.30.28	正常	设备1 CRC = 0xf0eef6fa
11.30.29	警告	设备1 写入Bin文件超时-1！ 
11.30.29	警告	设备1 程序下载失败 
11.30.47	正常	设备1 继续下载失败的bin文件！ 
11.31.00	正常	设备1 程序下载成功 
11.32.09	正常	设备1 CRC = 0x105a105e
11.32.11	警告	设备1 写入Bin文件超时-1！ 
11.32.11	警告	设备1 程序下载失败 
11.32.12	正常	设备1 继续下载失败的bin文件！ 
11.32.25	正常	设备1 程序下载成功 
11.33.20	正常	设备1 CRC = 0x417cc0c1
11.33.21	警告	设备1 写入Bin文件超时-1！ 
11.33.21	警告	设备1 程序下载失败 
11.33.22	正常	设备1 继续下载失败的bin文件！ 
11.33.35	正常	设备1 程序下载成功 
11.34.49	正常	设备1 CRC = 0xead4067f
11.34.51	警告	设备1 写入Bin文件超时-1！ 
11.34.51	警告	设备1 程序下载失败 
11.34.54	正常	设备1 继续下载失败的bin文件！ 
11.35.07	正常	设备1 程序下载成功 
11.35.42	正常	设备1 CRC = 0x67f48120
11.35.43	警告	设备1 写入Bin文件超时-1！ 
11.35.43	警告	设备1 程序下载失败 
11.35.44	正常	设备1 继续下载失败的bin文件！ 
11.35.57	正常	设备1 程序下载成功 
11.51.34	正常	设备1 CRC = 0x2b9b39c5
11.51.35	警告	设备1 写入Bin文件超时-1！ 
11.51.35	警告	设备1 程序下载失败 
11.51.37	正常	设备1 继续下载失败的bin文件！ 
11.51.50	正常	设备1 程序下载成功 
11.53.31	正常	设备1 CRC = 0x8a859aa5
11.53.33	警告	设备1 写入Bin文件超时-1！ 
11.53.33	警告	设备1 程序下载失败 
11.53.34	正常	设备1 继续下载失败的bin文件！ 
11.53.47	正常	设备1 程序下载成功 
11.57.57	正常	设备1 CRC = 0xd62a2858
11.57.59	警告	设备1 写入Bin文件超时-1！ 
11.57.59	警告	设备1 程序下载失败 
11.58.00	正常	设备1 继续下载失败的bin文件！ 
11.58.13	正常	设备1 程序下载成功 
11.59.30	正常	设备1 CRC = 0xde256926
11.59.43	正常	设备1 程序下载成功 
12.00.46	正常	设备1 CRC = 0x35aabf49
12.00.59	正常	设备1 程序下载成功 
19.05.19	正常	设备1 CRC = 0x0f1f10ee
19.05.32	正常	设备1 程序下载成功 
19.06.51	正常	设备1 CRC = 0xd6e86f4b
19.07.04	正常	设备1 程序下载成功 
19.08.26	正常	设备1 CRC = 0xdee72e35
19.08.39	正常	设备1 程序下载成功 
