15.01.59	正常	设备1 CRC = 0x61e0ccdc
15.02.00	警告	设备1 写入Bin文件超时-1！ 
15.02.00	警告	设备1 程序下载失败 
15.02.02	正常	设备1 继续下载失败的bin文件！ 
15.02.18	正常	设备1 程序下载成功 
15.09.48	正常	设备1 CRC = 0x8bfa1368
15.10.05	正常	设备1 程序下载成功 
16.46.15	正常	设备1 CRC = 0x9d95a535
16.46.32	正常	设备1 程序下载成功 
16.50.59	正常	设备1 CRC = 0x272e5979
16.51.16	正常	设备1 程序下载成功 
16.57.37	正常	设备1 CRC = 0x3bf1566a
16.57.53	正常	设备1 程序下载成功 
17.07.17	正常	设备1 CRC = 0x7419ed51
17.07.33	正常	设备1 程序下载成功 
17.20.45	正常	设备1 CRC = 0x8bb895d3
17.21.01	正常	设备1 程序下载成功 
17.26.32	正常	设备1 CRC = 0xc6002d2e
17.26.49	正常	设备1 程序下载成功 
18.01.29	正常	设备1 CRC = 0x2909b4db
18.01.46	正常	设备1 程序下载成功 
18.14.26	正常	设备1 CRC = 0x6971bb5f
18.14.42	正常	设备1 程序下载成功 
