14.26.20	正常	设备1 CRC = 0xbfbac4e9
14.26.21	警告	设备1 写入Bin文件超时-1！ 
14.26.21	警告	设备1 程序下载失败 
14.26.23	正常	设备1 继续下载失败的bin文件！ 
14.26.37	正常	设备1 程序下载成功 
14.30.44	正常	设备1 CRC = 0xd4de52eb
14.30.58	正常	设备1 程序下载成功 
15.42.23	正常	设备1 CRC = 0xb7f34708
15.42.37	正常	设备1 程序下载成功 
15.53.11	正常	设备1 CRC = 0x721d45ec
15.53.25	正常	设备1 程序下载成功 
16.09.29	正常	设备1 CRC = 0xd1eda5f2
16.09.43	正常	设备1 程序下载成功 
16.22.22	正常	设备1 CRC = 0x6444b177
16.22.36	正常	设备1 程序下载成功 
16.22.57	正常	设备1 CRC = 0x17fe9017
16.23.11	正常	设备1 程序下载成功 
19.07.46	正常	设备1 CRC = 0x00789af5
19.08.00	正常	设备1 程序下载成功 
20.10.16	正常	设备1 CRC = 0x6444b177
20.10.30	正常	设备1 程序下载成功 
20.33.46	正常	设备1 CRC = 0x6444b177
20.34.00	正常	设备1 程序下载成功 
