14.58.44	正常	设备1 CRC = 0x65a54c78
14.58.46	警告	设备1 写入Bin文件超时-1！ 
14.58.46	警告	设备1 程序下载失败 
14.58.48	正常	设备1 继续下载失败的bin文件！ 
14.59.01	正常	设备1 程序下载成功 
15.46.15	正常	设备1 CRC = 0xaf2630a8
15.46.17	警告	设备1 写入Bin文件超时-1！ 
15.46.17	警告	设备1 程序下载失败 
15.46.19	正常	设备1 继续下载失败的bin文件！ 
15.46.32	正常	设备1 程序下载成功 
16.45.22	正常	设备1 CRC = 0xaf2630a8
16.45.36	正常	设备1 程序下载成功 
16.50.26	正常	设备1 读出成功!!
16.50.34	正常	设备1 CRC = 0xa014c604
16.50.47	正常	设备1 程序下载成功 
17.26.52	正常	设备1 CRC = 0x33ab05ae
17.27.11	正常	设备1 程序下载成功 
18.20.01	正常	设备1 CRC = 0x94010d68
18.20.20	正常	设备1 程序下载成功 
18.26.34	正常	设备1 CRC = 0x64c74566
18.26.52	正常	设备1 程序下载成功 
18.33.41	正常	设备1 CRC = 0x4b1ff1db
18.33.59	正常	设备1 程序下载成功 
