10.18.53	正常	设备1 CRC = 0xe9a9030f
10.19.05	正常	设备1 程序下载成功 
10.21.30	正常	设备1 CRC = 0xc953ad13
10.21.43	正常	设备1 程序下载成功 
10.31.11	正常	设备1 CRC = 0xc0efb350
10.31.24	正常	设备1 程序下载成功 
10.51.02	正常	设备1 CRC = 0xc0efb350
10.51.15	正常	设备1 程序下载成功 
11.06.03	正常	设备1 CRC = 0xeadab30a
11.06.05	警告	设备1 写入Bin文件超时-1！ 
11.06.05	警告	设备1 程序下载失败 
11.06.09	正常	设备1 继续下载失败的bin文件！ 
11.06.21	正常	设备1 程序下载成功 
11.25.41	正常	设备1 读出成功!!
11.30.10	正常	设备1 CRC = 0xeadab30a
11.30.12	警告	设备1 写入Bin文件超时-1！ 
11.30.12	警告	设备1 程序下载失败 
11.30.15	正常	设备1 继续下载失败的bin文件！ 
11.30.27	正常	设备1 程序下载成功 
11.46.29	正常	设备1 CRC = 0x06d6e513
11.46.31	警告	设备1 写入Bin文件超时-1！ 
11.46.31	警告	设备1 程序下载失败 
11.46.33	正常	设备1 继续下载失败的bin文件！ 
11.46.45	正常	设备1 程序下载成功 
11.48.17	正常	设备1 读出成功!!
11.53.58	正常	设备1 读出成功!!
13.37.35	正常	设备1 CRC = 0x06d6e513
13.37.48	正常	设备1 程序下载成功 
13.54.27	正常	设备1 CRC = 0xeadab30a
13.54.40	正常	设备1 程序下载成功 
14.03.54	正常	设备1 读出成功!!
14.08.25	正常	设备1 CRC = 0x06d6e513
14.08.27	警告	设备1 写入Bin文件超时-1！ 
14.08.27	警告	设备1 程序下载失败 
14.08.28	正常	设备1 继续下载失败的bin文件！ 
14.08.41	正常	设备1 程序下载成功 
14.13.18	正常	设备1 读出成功!!
14.13.37	正常	设备1 读出成功!!
14.19.24	正常	设备1 CRC = 0xeadab30a
14.19.36	正常	设备1 程序下载成功 
14.57.03	正常	设备1 CRC = 0xeadab30a
14.57.04	警告	设备1 写入Bin文件超时-1！ 
14.57.04	警告	设备1 程序下载失败 
14.57.07	正常	设备1 继续下载失败的bin文件！ 
14.57.19	正常	设备1 程序下载成功 
15.02.01	正常	设备1 CRC = 0xeadab30a
15.02.02	警告	设备1 写入Bin文件超时-1！ 
15.02.02	警告	设备1 程序下载失败 
15.02.21	正常	设备1 继续下载失败的bin文件！ 
15.02.33	正常	设备1 程序下载成功 
