09.39.38	正常	设备1 CRC = 0x638fa24c
09.39.39	错误	设备1 downImage复位失败!!
09.39.39	警告	设备1 程序下载失败 
09.39.40	正常	设备1 继续下载失败的bin文件！ 
09.39.41	错误	设备1 downImage复位失败!!
09.39.41	警告	设备1 程序下载失败 
09.39.46	正常	设备1 继续下载失败的bin文件！ 
09.39.46	错误	设备1 downImage复位失败!!
09.39.46	警告	设备1 程序下载失败 
09.40.05	正常	设备1 继续下载失败的bin文件！ 
09.40.05	错误	设备1 downImage复位失败!!
09.40.05	警告	设备1 程序下载失败 
09.40.06	正常	设备1 继续下载失败的bin文件！ 
09.40.07	错误	设备1 downImage复位失败!!
09.40.07	警告	设备1 程序下载失败 
09.40.43	正常	设备1 继续下载失败的bin文件！ 
09.40.44	错误	设备1 downImage复位失败!!
09.40.44	警告	设备1 程序下载失败 
09.40.45	正常	设备1 继续下载失败的bin文件！ 
09.40.45	错误	设备1 downImage复位失败!!
09.40.45	警告	设备1 程序下载失败 
09.41.22	正常	设备1 继续下载失败的bin文件！ 
09.41.23	错误	设备1 downImage复位失败!!
09.41.23	警告	设备1 程序下载失败 
09.41.24	正常	设备1 继续下载失败的bin文件！ 
09.41.24	错误	设备1 downImage复位失败!!
09.41.24	警告	设备1 程序下载失败 
09.41.26	正常	设备1 继续下载失败的bin文件！ 
09.41.26	错误	设备1 downImage复位失败!!
09.41.26	警告	设备1 程序下载失败 
09.41.49	正常	设备1 继续下载失败的bin文件！ 
09.41.50	错误	设备1 downImage复位失败!!
09.41.50	警告	设备1 程序下载失败 
09.41.51	正常	设备1 继续下载失败的bin文件！ 
09.41.52	错误	设备1 downImage复位失败!!
09.41.52	警告	设备1 程序下载失败 
09.42.01	正常	设备1 继续下载失败的bin文件！ 
09.42.02	警告	设备1 写入Bin文件超时-1！ 
09.42.03	警告	设备1 程序下载失败 
09.42.04	正常	设备1 继续下载失败的bin文件！ 
09.42.16	正常	设备1 程序下载成功 
10.01.08	正常	设备1 CRC = 0x2d3ed65f
10.01.10	警告	设备1 写入Bin文件超时-1！ 
10.01.10	警告	设备1 程序下载失败 
10.01.11	正常	设备1 继续下载失败的bin文件！ 
10.01.23	正常	设备1 程序下载成功 
10.03.07	正常	设备1 CRC = 0x92ce28f1
10.03.09	警告	设备1 写入Bin文件超时-1！ 
10.03.09	警告	设备1 程序下载失败 
10.03.11	正常	设备1 继续下载失败的bin文件！ 
10.03.23	正常	设备1 程序下载成功 
10.05.14	正常	设备1 CRC = 0x92ce28f1
10.05.16	警告	设备1 写入Bin文件超时-1！ 
10.05.16	警告	设备1 程序下载失败 
10.05.17	正常	设备1 继续下载失败的bin文件！ 
10.05.30	正常	设备1 程序下载成功 
10.55.50	正常	设备1 CRC = 0x5e5cb128
10.55.52	警告	设备1 写入Bin文件超时-1！ 
10.55.52	警告	设备1 程序下载失败 
10.55.53	正常	设备1 继续下载失败的bin文件！ 
10.56.08	正常	设备1 程序下载成功 
10.56.22	正常	设备1 CRC = 0x5e5cb128
10.56.37	正常	设备1 程序下载成功 
11.02.28	正常	设备1 CRC = 0xeb316bc8
11.02.44	正常	设备1 程序下载成功 
11.03.47	正常	设备1 CRC = 0xeb316bc8
11.04.03	正常	设备1 程序下载成功 
11.11.59	正常	设备1 CRC = 0xac984e08
11.12.15	正常	设备1 程序下载成功 
11.22.37	正常	设备1 CRC = 0x0ea40d1e
11.22.53	正常	设备1 程序下载成功 
11.31.22	正常	设备1 CRC = 0xc506e8c8
11.31.23	错误	设备1 downImage复位失败!!
11.31.23	警告	设备1 程序下载失败 
11.31.24	正常	设备1 继续下载失败的bin文件！ 
11.31.25	错误	设备1 downImage复位失败!!
11.31.25	警告	设备1 程序下载失败 
11.31.32	正常	设备1 继续下载失败的bin文件！ 
11.31.49	正常	设备1 程序下载成功 
11.34.53	正常	设备1 CRC = 0xb582110c
11.34.55	警告	设备1 写入Bin文件超时-1！ 
11.34.55	警告	设备1 程序下载失败 
11.34.56	正常	设备1 继续下载失败的bin文件！ 
11.35.13	正常	设备1 程序下载成功 
11.46.50	正常	设备1 CRC = 0x3f68dc08
11.46.51	警告	设备1 写入Bin文件超时-1！ 
11.46.51	警告	设备1 程序下载失败 
11.46.52	正常	设备1 继续下载失败的bin文件！ 
11.47.05	正常	设备1 程序下载成功 
13.57.55	正常	设备1 CRC = 0x0e043ef9
13.57.57	警告	设备1 写入Bin文件超时-1！ 
13.57.57	警告	设备1 程序下载失败 
13.57.58	正常	设备1 继续下载失败的bin文件！ 
13.58.10	正常	设备1 程序下载成功 
14.18.33	正常	设备1 CRC = 0x0d3d0b8b
14.18.35	警告	设备1 写入Bin文件超时-1！ 
14.18.35	警告	设备1 程序下载失败 
14.18.36	正常	设备1 继续下载失败的bin文件！ 
14.18.49	正常	设备1 程序下载成功 
14.34.52	正常	设备1 CRC = 0xb9beae91
14.35.04	正常	设备1 程序下载成功 
