10.40.36	正常	设备1 CRC = 0x89406b30
10.40.48	正常	设备1 程序下载成功 
10.48.10	正常	设备1 CRC = 0xd49c4cd9
10.48.23	正常	设备1 程序下载成功 
11.19.00	正常	设备1 CRC = 0xdd1bb4d8
11.19.12	正常	设备1 程序下载成功 
11.46.17	正常	设备1 CRC = 0x23f2518c
11.46.29	正常	设备1 程序下载成功 
11.49.03	正常	设备1 CRC = 0xe90b5497
11.49.15	正常	设备1 程序下载成功 
13.44.19	正常	设备1 CRC = 0x6f419711
13.44.31	正常	设备1 程序下载成功 
14.08.14	正常	设备1 CRC = 0x172395a1
14.08.26	正常	设备1 程序下载成功 
14.21.51	正常	设备1 CRC = 0x61ecd9cf
14.22.03	正常	设备1 程序下载成功 
14.30.20	正常	设备1 CRC = 0xa374662f
14.30.32	正常	设备1 程序下载成功 
15.26.33	正常	设备1 CRC = 0x5249dfb9
15.26.35	警告	设备1 写入Bin文件超时-1！ 
15.26.35	警告	设备1 程序下载失败 
15.26.37	正常	设备1 继续下载失败的bin文件！ 
15.26.49	正常	设备1 程序下载成功 
15.28.19	正常	设备1 CRC = 0x5756706e
15.28.31	正常	设备1 程序下载成功 
15.48.50	正常	设备1 CRC = 0x66d317f1
15.49.03	正常	设备1 程序下载成功 
15.52.14	正常	设备1 CRC = 0x66d317f1
15.52.26	正常	设备1 程序下载成功 
15.53.09	正常	设备1 CRC = 0x1d69c87a
15.53.21	正常	设备1 程序下载成功 
16.47.49	正常	设备1 CRC = 0xb1574805
16.48.01	正常	设备1 程序下载成功 
16.48.51	正常	设备1 CRC = 0x8dd0ff12
16.49.03	正常	设备1 程序下载成功 
16.55.44	正常	设备1 CRC = 0x2eddc26a
16.55.57	正常	设备1 程序下载成功 
17.03.44	正常	设备1 CRC = 0x85e8e6b0
17.03.56	正常	设备1 程序下载成功 
17.10.53	正常	设备1 CRC = 0x88e3dedc
17.11.06	正常	设备1 程序下载成功 
17.22.29	正常	设备1 CRC = 0x24d3f0fd
17.22.42	正常	设备1 程序下载成功 
17.33.14	正常	设备1 CRC = 0x74d8cd51
17.33.27	正常	设备1 程序下载成功 
17.45.05	正常	设备1 CRC = 0xf115f123
17.45.17	正常	设备1 程序下载成功 
17.48.50	正常	设备1 CRC = 0x8630b79e
17.49.03	正常	设备1 程序下载成功 
17.49.03	正常	设备1 CRC = 0x8630b79e
17.49.16	正常	设备1 程序下载成功 
19.13.26	正常	设备1 CRC = 0x31d1e708
19.13.39	正常	设备1 程序下载成功 
19.20.06	正常	设备1 CRC = 0xf1d1a0c5
19.20.18	正常	设备1 程序下载成功 
19.25.32	正常	设备1 CRC = 0x93185227
19.25.44	正常	设备1 程序下载成功 
19.50.39	正常	设备1 CRC = 0x28c2cc26
19.50.51	正常	设备1 程序下载成功 
