15.19.17	正常	设备1 CRC = 0x4535cf5d
15.19.19	警告	设备1 写入Bin文件超时-1！ 
15.19.19	警告	设备1 程序下载失败 
15.19.20	正常	设备1 继续下载失败的bin文件！ 
15.19.32	正常	设备1 程序下载成功 
15.22.36	正常	设备1 CRC = 0x1f2692ef
15.22.38	警告	设备1 写入Bin文件超时-1！ 
15.22.38	警告	设备1 程序下载失败 
15.22.39	正常	设备1 继续下载失败的bin文件！ 
15.22.51	正常	设备1 程序下载成功 
17.38.38	正常	设备1 CRC = 0xad44c133
17.38.39	警告	设备1 写入Bin文件超时-1！ 
17.38.39	警告	设备1 程序下载失败 
17.38.40	正常	设备1 继续下载失败的bin文件！ 
17.38.52	正常	设备1 程序下载成功 
17.59.30	正常	设备1 CRC = 0x6e5842e5
17.59.32	警告	设备1 写入Bin文件超时-1！ 
17.59.32	警告	设备1 程序下载失败 
17.59.33	正常	设备1 继续下载失败的bin文件！ 
17.59.45	正常	设备1 程序下载成功 
18.22.32	正常	设备1 CRC = 0x2172dbd9
18.22.33	警告	设备1 写入Bin文件超时-1！ 
18.22.33	警告	设备1 程序下载失败 
18.22.35	正常	设备1 继续下载失败的bin文件！ 
18.22.48	正常	设备1 程序下载成功 
18.34.05	正常	设备1 CRC = 0x95a8e6ab
18.34.07	警告	设备1 写入Bin文件超时-1！ 
18.34.07	警告	设备1 程序下载失败 
18.34.07	正常	设备1 继续下载失败的bin文件！ 
18.34.20	正常	设备1 程序下载成功 
