13.47.29	正常	设备1 CRC = 0x9f07a6f5
13.47.30	错误	设备1 downImage复位失败!!
13.47.30	警告	设备1 程序下载失败 
13.47.30	正常	设备1 继续下载失败的bin文件！ 
13.47.31	错误	设备1 downImage复位失败!!
13.47.31	警告	设备1 程序下载失败 
13.49.54	正常	设备1 继续下载失败的bin文件！ 
13.49.56	警告	设备1 写入Bin文件超时-1！ 
13.49.56	警告	设备1 程序下载失败 
13.49.57	正常	设备1 继续下载失败的bin文件！ 
13.50.11	正常	设备1 程序下载成功 
14.02.22	正常	设备1 CRC = 0xbd5d3fb9
14.02.23	警告	设备1 写入Bin文件超时-1！ 
14.02.23	警告	设备1 程序下载失败 
14.02.24	正常	设备1 继续下载失败的bin文件！ 
14.02.37	正常	设备1 程序下载成功 
14.03.19	正常	设备1 CRC = 0xbd5d3fb9
14.03.20	警告	设备1 写入Bin文件超时-1！ 
14.03.20	警告	设备1 程序下载失败 
14.03.22	正常	设备1 继续下载失败的bin文件！ 
14.03.35	正常	设备1 程序下载成功 
14.04.31	正常	设备1 CRC = 0x9f07a6f5
14.04.32	警告	设备1 写入Bin文件超时-1！ 
14.04.32	警告	设备1 程序下载失败 
14.04.41	正常	设备1 继续下载失败的bin文件！ 
14.04.57	正常	设备1 程序下载成功 
14.06.18	正常	设备1 CRC = 0x9f07a6f5
14.06.20	警告	设备1 写入Bin文件超时-1！ 
14.06.20	警告	设备1 程序下载失败 
14.06.21	正常	设备1 继续下载失败的bin文件！ 
14.06.35	正常	设备1 程序下载成功 
14.18.19	正常	设备1 CRC = 0x9f07a6f5
14.18.20	警告	设备1 写入Bin文件超时-1！ 
14.18.20	警告	设备1 程序下载失败 
14.18.22	正常	设备1 继续下载失败的bin文件！ 
14.18.35	正常	设备1 程序下载成功 
14.19.24	正常	设备1 CRC = 0x696ab32e
14.19.36	正常	设备1 程序下载成功 
14.23.14	正常	设备1 CRC = 0x696ab32e
14.23.15	错误	设备1 downImage复位失败!!
14.23.15	警告	设备1 程序下载失败 
14.23.16	正常	设备1 继续下载失败的bin文件！ 
14.23.16	错误	设备1 downImage复位失败!!
14.23.16	警告	设备1 程序下载失败 
14.23.21	正常	设备1 继续下载失败的bin文件！ 
14.23.23	警告	设备1 写入Bin文件超时-1！ 
14.23.23	警告	设备1 程序下载失败 
14.23.24	正常	设备1 继续下载失败的bin文件！ 
14.23.36	正常	设备1 程序下载成功 
14.40.03	正常	设备1 CRC = 0x696ab32e
14.40.05	警告	设备1 写入Bin文件超时-1！ 
14.40.05	警告	设备1 程序下载失败 
14.40.06	正常	设备1 继续下载失败的bin文件！ 
14.40.18	正常	设备1 程序下载成功 
16.42.47	正常	设备1 CRC = 0xce7f9e0f
16.42.49	警告	设备1 写入Bin文件超时-1！ 
16.42.49	警告	设备1 程序下载失败 
16.42.54	正常	设备1 继续下载失败的bin文件！ 
16.43.08	正常	设备1 程序下载成功 
16.50.57	正常	设备1 CRC = 0x34c94097
16.50.59	警告	设备1 写入Bin文件超时-1！ 
16.50.59	警告	设备1 程序下载失败 
16.51.00	正常	设备1 继续下载失败的bin文件！ 
16.51.14	正常	设备1 程序下载成功 
16.58.46	错误	设备1 dump复位失败!!
16.58.46	错误	设备1 读出失败!!
16.58.47	正常	设备1 CRC = 0x34808084
16.58.48	错误	设备1 downImage复位失败!!
16.58.48	警告	设备1 程序下载失败 
16.58.48	正常	设备1 继续下载失败的bin文件！ 
16.58.49	错误	设备1 downImage复位失败!!
16.58.49	警告	设备1 程序下载失败 
16.58.57	正常	设备1 继续下载失败的bin文件！ 
16.58.59	警告	设备1 写入Bin文件超时-1！ 
16.58.59	警告	设备1 程序下载失败 
16.59.00	正常	设备1 继续下载失败的bin文件！ 
16.59.17	正常	设备1 程序下载成功 
