16.44.39	正常	设备1 CRC = 0xafc5d025
16.44.41	警告	设备1 写入Bin文件超时-1！ 
16.44.41	警告	设备1 程序下载失败 
16.44.43	正常	设备1 继续下载失败的bin文件！ 
16.44.56	正常	设备1 程序下载成功 
16.46.20	正常	设备1 CRC = 0xc5a2df63
16.46.32	正常	设备1 程序下载成功 
16.54.16	正常	设备1 CRC = 0x9c22e8cd
16.54.18	警告	设备1 写入Bin文件超时-1！ 
16.54.18	警告	设备1 程序下载失败 
16.54.20	正常	设备1 继续下载失败的bin文件！ 
16.54.32	正常	设备1 程序下载成功 
17.05.32	正常	设备1 CRC = 0xdae96d91
17.05.34	警告	设备1 写入Bin文件超时-1！ 
17.05.34	警告	设备1 程序下载失败 
17.05.35	正常	设备1 继续下载失败的bin文件！ 
17.05.47	正常	设备1 程序下载成功 
17.26.05	正常	设备1 CRC = 0xd975743b
17.26.06	错误	设备1 downImage复位失败!!
17.26.06	警告	设备1 程序下载失败 
17.26.06	正常	设备1 继续下载失败的bin文件！ 
17.26.07	错误	设备1 downImage复位失败!!
17.26.07	警告	设备1 程序下载失败 
17.26.20	正常	设备1 继续下载失败的bin文件！ 
17.26.21	警告	设备1 写入Bin文件超时-1！ 
17.26.21	警告	设备1 程序下载失败 
17.26.24	正常	设备1 继续下载失败的bin文件！ 
17.26.36	正常	设备1 程序下载成功 
