09.46.17	正常	设备1 读出成功!!
09.53.47	正常	设备1 读出成功!!
09.54.02	正常	设备1 CRC = 0x001fe640
09.54.14	正常	设备1 程序下载成功 
09.56.00	正常	设备1 CRC = 0x04a2364c
09.56.01	错误	设备1 downImage复位失败!!
09.56.01	警告	设备1 程序下载失败 
09.56.07	正常	设备1 继续下载失败的bin文件！ 
09.56.20	正常	设备1 程序下载成功 
10.00.55	正常	设备1 CRC = 0xce4028f9
10.01.08	正常	设备1 程序下载成功 
10.06.37	正常	设备1 CRC = 0x6b3fad1f
10.06.50	正常	设备1 程序下载成功 
10.10.01	正常	设备1 CRC = 0xac01fad8
10.10.14	正常	设备1 程序下载成功 
10.14.22	正常	设备1 CRC = 0x279e6f66
10.14.35	正常	设备1 程序下载成功 
10.31.46	正常	设备1 CRC = 0x3dc7ef85
10.31.47	警告	设备1 写入Bin文件超时-1！ 
10.31.47	警告	设备1 程序下载失败 
10.31.49	正常	设备1 继续下载失败的bin文件！ 
10.32.02	正常	设备1 程序下载成功 
10.34.06	正常	设备1 CRC = 0x3dc7ef85
10.34.07	错误	设备1 downImage复位失败!!
10.34.07	警告	设备1 程序下载失败 
10.34.08	正常	设备1 继续下载失败的bin文件！ 
10.34.09	错误	设备1 downImage复位失败!!
10.34.09	警告	设备1 程序下载失败 
10.34.18	正常	设备1 继续下载失败的bin文件！ 
10.34.31	正常	设备1 程序下载成功 
10.47.11	正常	设备1 CRC = 0x3dc7ef85
10.47.24	正常	设备1 程序下载成功 
10.52.13	正常	设备1 CRC = 0x3dc7ef85
10.52.26	正常	设备1 程序下载成功 
10.56.11	正常	设备1 CRC = 0x7dd703de
10.56.24	正常	设备1 程序下载成功 
10.57.46	正常	设备1 CRC = 0xde164264
10.57.59	正常	设备1 程序下载成功 
11.02.12	正常	设备1 CRC = 0x1c9f22d9
11.02.25	正常	设备1 程序下载成功 
11.07.55	正常	设备1 CRC = 0x1c9f22d9
11.08.08	警告	设备1 写入Bin文件超时-1！ 
11.08.08	警告	设备1 程序下载失败 
11.08.13	正常	设备1 继续下载失败的bin文件！ 
11.08.26	正常	设备1 程序下载成功 
11.11.37	正常	设备1 CRC = 0xcaae8e77
11.11.50	正常	设备1 程序下载成功 
11.14.11	正常	设备1 CRC = 0xafe1ab9d
11.14.24	正常	设备1 程序下载成功 
11.18.49	正常	设备1 CRC = 0xa374662f
11.18.51	警告	设备1 写入Bin文件超时-1！ 
11.18.51	警告	设备1 程序下载失败 
11.18.57	正常	设备1 继续下载失败的bin文件！ 
11.19.09	正常	设备1 程序下载成功 
11.26.10	正常	设备1 CRC = 0x27449ff3
11.26.12	警告	设备1 写入Bin文件超时-1！ 
11.26.12	警告	设备1 程序下载失败 
11.26.13	正常	设备1 继续下载失败的bin文件！ 
11.26.26	正常	设备1 程序下载成功 
11.35.28	正常	设备1 CRC = 0x003b5726
11.35.29	警告	设备1 写入Bin文件超时-1！ 
11.35.29	警告	设备1 程序下载失败 
11.36.00	正常	设备1 继续下载失败的bin文件！ 
11.36.13	正常	设备1 程序下载成功 
11.43.58	正常	设备1 CRC = 0xf60c039c
11.44.00	警告	设备1 写入Bin文件超时-1！ 
11.44.00	警告	设备1 程序下载失败 
11.44.02	正常	设备1 继续下载失败的bin文件！ 
11.44.15	正常	设备1 程序下载成功 
11.49.45	正常	设备1 CRC = 0xa374662f
11.49.46	警告	设备1 写入Bin文件超时-1！ 
11.49.46	警告	设备1 程序下载失败 
11.49.48	正常	设备1 继续下载失败的bin文件！ 
11.50.00	正常	设备1 程序下载成功 
11.50.29	正常	设备1 CRC = 0x5cace319
11.50.30	警告	设备1 写入Bin文件超时-1！ 
11.50.30	警告	设备1 程序下载失败 
11.50.32	正常	设备1 继续下载失败的bin文件！ 
11.50.45	正常	设备1 程序下载成功 
11.54.20	正常	设备1 CRC = 0x3fd49db2
11.54.33	正常	设备1 程序下载成功 
13.42.50	正常	设备1 CRC = 0xc916be50
13.42.52	警告	设备1 写入Bin文件超时-1！ 
13.42.52	警告	设备1 程序下载失败 
13.42.53	正常	设备1 继续下载失败的bin文件！ 
13.43.06	正常	设备1 程序下载成功 
13.51.58	正常	设备1 CRC = 0xa58a1de6
13.52.00	警告	设备1 写入Bin文件超时-1！ 
13.52.00	警告	设备1 程序下载失败 
13.52.02	正常	设备1 继续下载失败的bin文件！ 
13.52.15	正常	设备1 程序下载成功 
13.55.14	正常	设备1 CRC = 0xa2d5b45b
13.55.16	警告	设备1 写入Bin文件超时-1！ 
13.55.16	警告	设备1 程序下载失败 
13.55.16	正常	设备1 继续下载失败的bin文件！ 
13.55.29	正常	设备1 程序下载成功 
13.58.18	正常	设备1 CRC = 0x187b335e
13.58.20	警告	设备1 写入Bin文件超时-1！ 
13.58.20	警告	设备1 程序下载失败 
13.58.21	正常	设备1 继续下载失败的bin文件！ 
13.58.34	正常	设备1 程序下载成功 
14.02.30	正常	设备1 CRC = 0xa374662f
14.02.42	正常	设备1 程序下载成功 
16.35.34	正常	设备1 读出成功!!
16.35.49	正常	设备1 CRC = 0x4e6d4dc1
16.36.01	正常	设备1 程序下载成功 
16.36.56	正常	设备1 CRC = 0x3bc3daa4
16.36.58	警告	设备1 写入Bin文件超时-1！ 
16.36.58	警告	设备1 程序下载失败 
16.37.00	正常	设备1 继续下载失败的bin文件！ 
16.37.13	正常	设备1 程序下载成功 
17.10.38	正常	设备1 CRC = 0x047f675a
17.10.40	警告	设备1 写入Bin文件超时-1！ 
17.10.40	警告	设备1 程序下载失败 
17.10.40	正常	设备1 继续下载失败的bin文件！ 
17.10.54	正常	设备1 程序下载成功 
17.11.01	正常	设备1 CRC = 0x187b335e
17.11.14	正常	设备1 程序下载成功 
