10.20.24	正常	设备1 CRC = 0x3b288b61
10.20.25	警告	设备1 写入Bin文件超时-1！ 
10.20.25	警告	设备1 程序下载失败 
10.20.27	正常	设备1 继续下载失败的bin文件！ 
10.20.39	正常	设备1 程序下载成功 
10.24.23	正常	设备1 CRC = 0x7903b53e
10.24.24	警告	设备1 写入Bin文件超时-1！ 
10.24.24	警告	设备1 程序下载失败 
10.24.25	正常	设备1 继续下载失败的bin文件！ 
10.24.37	正常	设备1 程序下载成功 
10.25.48	正常	设备1 CRC = 0xf9a1add2
10.25.49	警告	设备1 写入Bin文件超时-1！ 
10.25.49	警告	设备1 程序下载失败 
10.25.50	正常	设备1 继续下载失败的bin文件！ 
10.26.03	正常	设备1 程序下载成功 
15.49.41	正常	设备1 CRC = 0x9a117b06
15.49.43	警告	设备1 写入Bin文件超时-1！ 
15.49.43	警告	设备1 程序下载失败 
15.49.44	正常	设备1 继续下载失败的bin文件！ 
15.49.57	正常	设备1 程序下载成功 
16.40.36	正常	设备1 CRC = 0x9a117b06
16.40.38	警告	设备1 写入Bin文件超时-1！ 
16.40.38	警告	设备1 程序下载失败 
16.40.40	正常	设备1 继续下载失败的bin文件！ 
16.40.52	正常	设备1 程序下载成功 
