10.04.28	正常	设备1 CRC = 0x77984bef
10.04.29	警告	设备1 写入Bin文件超时-1！ 
10.04.29	警告	设备1 程序下载失败 
10.04.31	正常	设备1 继续下载失败的bin文件！ 
10.04.44	正常	设备1 程序下载成功 
10.35.24	正常	设备1 CRC = 0x0447420d
10.35.25	警告	设备1 写入Bin文件超时-1！ 
10.35.25	警告	设备1 程序下载失败 
10.35.26	正常	设备1 继续下载失败的bin文件！ 
10.35.39	正常	设备1 程序下载成功 
10.50.19	正常	设备1 CRC = 0x77984bef
10.50.21	警告	设备1 写入Bin文件超时-1！ 
10.50.21	警告	设备1 程序下载失败 
10.50.22	正常	设备1 继续下载失败的bin文件！ 
10.50.35	正常	设备1 程序下载成功 
15.41.32	正常	设备1 CRC = 0x0f6dade6
15.41.33	警告	设备1 写入Bin文件超时-1！ 
15.41.33	警告	设备1 程序下载失败 
15.41.34	正常	设备1 继续下载失败的bin文件！ 
15.41.47	正常	设备1 程序下载成功 
15.49.44	正常	设备1 CRC = 0x53ab7593
15.49.46	警告	设备1 写入Bin文件超时-1！ 
15.49.46	警告	设备1 程序下载失败 
15.49.47	正常	设备1 继续下载失败的bin文件！ 
15.50.01	正常	设备1 程序下载成功 
15.58.02	正常	设备1 CRC = 0x53ab7593
15.58.03	错误	设备1 downImage复位失败!!
15.58.03	警告	设备1 程序下载失败 
15.58.04	正常	设备1 继续下载失败的bin文件！ 
15.58.04	错误	设备1 downImage复位失败!!
15.58.04	警告	设备1 程序下载失败 
15.58.05	正常	设备1 继续下载失败的bin文件！ 
15.58.06	错误	设备1 downImage复位失败!!
15.58.06	警告	设备1 程序下载失败 
15.59.21	正常	设备1 继续下载失败的bin文件！ 
15.59.22	错误	设备1 downImage复位失败!!
15.59.22	警告	设备1 程序下载失败 
15.59.35	正常	设备1 继续下载失败的bin文件！ 
15.59.36	错误	设备1 downImage复位失败!!
15.59.36	警告	设备1 程序下载失败 
16.02.00	正常	设备1 继续下载失败的bin文件！ 
16.02.02	警告	设备1 写入Bin文件超时-1！ 
16.02.02	警告	设备1 程序下载失败 
16.02.03	正常	设备1 继续下载失败的bin文件！ 
16.02.17	正常	设备1 程序下载成功 
16.10.26	正常	设备1 CRC = 0x53ab7593
16.10.40	正常	设备1 程序下载成功 
16.20.31	正常	设备1 CRC = 0xbbdea561
16.20.33	警告	设备1 写入Bin文件超时-1！ 
16.20.33	警告	设备1 程序下载失败 
16.20.33	正常	设备1 继续下载失败的bin文件！ 
16.20.47	正常	设备1 程序下载成功 
16.24.42	正常	设备1 CRC = 0x5d5bcd76
16.24.43	警告	设备1 写入Bin文件超时-1！ 
16.24.43	警告	设备1 程序下载失败 
16.24.49	正常	设备1 继续下载失败的bin文件！ 
16.25.02	正常	设备1 程序下载成功 
16.43.06	正常	设备1 CRC = 0x5d5bcd76
16.43.07	错误	设备1 downImage复位失败!!
16.43.07	警告	设备1 程序下载失败 
16.43.08	正常	设备1 继续下载失败的bin文件！ 
16.43.08	错误	设备1 downImage复位失败!!
16.43.08	警告	设备1 程序下载失败 
16.45.17	正常	设备1 继续下载失败的bin文件！ 
16.45.19	警告	设备1 写入Bin文件超时-1！ 
16.45.19	警告	设备1 程序下载失败 
16.45.20	正常	设备1 继续下载失败的bin文件！ 
16.45.22	警告	设备1 写入Bin文件超时-1！ 
16.45.22	警告	设备1 程序下载失败 
16.45.24	正常	设备1 继续下载失败的bin文件！ 
16.45.26	警告	设备1 写入Bin文件超时-1！ 
16.45.26	警告	设备1 程序下载失败 
16.45.46	正常	设备1 继续下载失败的bin文件！ 
16.45.47	警告	设备1 写入Bin文件超时-1！ 
16.45.47	警告	设备1 程序下载失败 
16.45.54	正常	设备1 继续下载失败的bin文件！ 
16.45.56	警告	设备1 写入Bin文件超时-1！ 
16.45.56	警告	设备1 程序下载失败 
16.45.57	正常	设备1 继续下载失败的bin文件！ 
16.46.10	正常	设备1 程序下载成功 
16.47.58	正常	设备1 CRC = 0x5d5bcd76
16.47.59	警告	设备1 写入Bin文件超时-1！ 
16.47.59	警告	设备1 程序下载失败 
16.48.01	正常	设备1 继续下载失败的bin文件！ 
16.48.03	警告	设备1 写入Bin文件超时-1！ 
16.48.03	警告	设备1 程序下载失败 
16.57.18	正常	设备1 继续下载失败的bin文件！ 
16.57.20	警告	设备1 写入Bin文件超时-1！ 
16.57.20	警告	设备1 程序下载失败 
16.57.21	正常	设备1 继续下载失败的bin文件！ 
16.57.34	正常	设备1 程序下载成功 
17.18.49	正常	设备1 CRC = 0xb0a3cf04
17.18.50	警告	设备1 写入Bin文件超时-1！ 
17.18.50	警告	设备1 程序下载失败 
17.18.53	正常	设备1 继续下载失败的bin文件！ 
17.19.06	正常	设备1 程序下载成功 
17.20.11	正常	设备1 CRC = 0xb0a3cf04
17.20.17	错误	设备1 芯片校验读取超时！
17.20.17	警告	设备1 程序下载失败 
17.20.18	错误	设备1 Vpp关闭操作超时！
17.20.28	正常	设备1 继续下载失败的bin文件！ 
17.20.41	正常	设备1 程序下载成功 
17.21.16	正常	设备1 CRC = 0xafcf2176
17.21.29	正常	设备1 程序下载成功 
17.25.46	正常	设备1 CRC = 0x27f1c850
17.25.47	警告	设备1 写入Bin文件超时-1！ 
17.25.47	警告	设备1 程序下载失败 
17.25.48	正常	设备1 继续下载失败的bin文件！ 
17.26.01	正常	设备1 程序下载成功 
17.29.33	正常	设备1 CRC = 0x925f3a6b
17.29.35	警告	设备1 写入Bin文件超时-1！ 
17.29.35	警告	设备1 程序下载失败 
17.29.35	正常	设备1 继续下载失败的bin文件！ 
17.29.49	正常	设备1 程序下载成功 
17.31.08	正常	设备1 CRC = 0x943469c2
17.31.22	正常	设备1 程序下载成功 
17.32.29	正常	设备1 CRC = 0x9c4f4e22
17.32.42	正常	设备1 程序下载成功 
17.34.23	正常	设备1 CRC = 0x9c4f4e22
17.34.24	警告	设备1 写入Bin文件超时-1！ 
17.34.24	警告	设备1 程序下载失败 
17.34.26	正常	设备1 继续下载失败的bin文件！ 
17.34.39	正常	设备1 程序下载成功 
17.36.29	正常	设备1 CRC = 0x48df2dc4
17.36.30	警告	设备1 写入Bin文件超时-1！ 
17.36.30	警告	设备1 程序下载失败 
17.36.32	正常	设备1 继续下载失败的bin文件！ 
17.36.46	正常	设备1 程序下载成功 
17.39.13	正常	设备1 CRC = 0x91fcf78b
17.39.15	警告	设备1 写入Bin文件超时-1！ 
17.39.15	警告	设备1 程序下载失败 
17.39.17	正常	设备1 继续下载失败的bin文件！ 
17.39.31	正常	设备1 程序下载成功 
17.43.35	正常	设备1 CRC = 0x7d5b53d4
17.43.36	警告	设备1 写入Bin文件超时-1！ 
17.43.36	警告	设备1 程序下载失败 
17.43.37	正常	设备1 继续下载失败的bin文件！ 
17.43.50	正常	设备1 程序下载成功 
17.47.22	正常	设备1 CRC = 0x58f5e186
17.47.24	警告	设备1 写入Bin文件超时-1！ 
17.47.24	警告	设备1 程序下载失败 
17.47.24	正常	设备1 继续下载失败的bin文件！ 
17.47.38	正常	设备1 程序下载成功 
17.51.35	正常	设备1 CRC = 0xbb60b493
17.51.37	警告	设备1 写入Bin文件超时-1！ 
17.51.37	警告	设备1 程序下载失败 
17.51.38	正常	设备1 继续下载失败的bin文件！ 
17.51.52	正常	设备1 程序下载成功 
18.03.38	正常	设备1 CRC = 0x2b7d5675
18.03.40	警告	设备1 写入Bin文件超时-1！ 
18.03.40	警告	设备1 程序下载失败 
18.03.41	正常	设备1 继续下载失败的bin文件！ 
18.03.55	正常	设备1 程序下载成功 
18.14.01	正常	设备1 CRC = 0xfbd15f04
18.14.02	警告	设备1 写入Bin文件超时-1！ 
18.14.02	警告	设备1 程序下载失败 
18.14.03	正常	设备1 继续下载失败的bin文件！ 
18.14.17	正常	设备1 程序下载成功 
18.16.09	正常	设备1 CRC = 0xe8bc3ea4
18.16.10	警告	设备1 写入Bin文件超时-1！ 
18.16.10	警告	设备1 程序下载失败 
18.16.11	正常	设备1 继续下载失败的bin文件！ 
18.16.24	正常	设备1 程序下载成功 
18.18.21	正常	设备1 CRC = 0xe8bc3ea4
18.18.23	警告	设备1 写入Bin文件超时-1！ 
18.18.23	警告	设备1 程序下载失败 
18.18.24	正常	设备1 继续下载失败的bin文件！ 
18.18.36	正常	设备1 程序下载成功 
18.19.39	正常	设备1 CRC = 0xb7df4dca
18.19.40	警告	设备1 写入Bin文件超时-1！ 
18.19.40	警告	设备1 程序下载失败 
18.19.42	正常	设备1 继续下载失败的bin文件！ 
18.19.54	正常	设备1 程序下载成功 
18.22.35	正常	设备1 CRC = 0xec6f5f74
18.22.37	警告	设备1 写入Bin文件超时-1！ 
18.22.37	警告	设备1 程序下载失败 
18.22.39	正常	设备1 继续下载失败的bin文件！ 
18.22.51	正常	设备1 程序下载成功 
18.25.38	正常	设备1 CRC = 0x6b87a928
18.25.40	警告	设备1 写入Bin文件超时-1！ 
18.25.40	警告	设备1 程序下载失败 
18.25.41	正常	设备1 继续下载失败的bin文件！ 
18.25.53	正常	设备1 程序下载成功 
18.28.21	正常	设备1 CRC = 0x229b5517
18.28.34	正常	设备1 程序下载成功 
