09.56.17	正常	设备1 CRC = 0x8bb895d3
09.56.33	正常	设备1 程序下载成功 
10.04.48	正常	设备1 CRC = 0x8bb895d3
10.05.05	正常	设备1 程序下载成功 
10.05.32	正常	设备1 CRC = 0xe3fb38b5
10.05.49	正常	设备1 程序下载成功 
10.19.02	正常	设备1 CRC = 0xcabfd3b1
10.19.19	正常	设备1 程序下载成功 
10.27.00	正常	设备1 CRC = 0xcabfd3b1
10.27.17	正常	设备1 程序下载成功 
10.27.17	正常	设备1 CRC = 0x3b39a0f3
10.27.34	正常	设备1 程序下载成功 
10.32.14	正常	设备1 CRC = 0x0e652f7c
10.32.31	正常	设备1 程序下载成功 
10.34.55	正常	设备1 CRC = 0x2be3739f
10.35.12	正常	设备1 程序下载成功 
10.38.26	正常	设备1 CRC = 0xe0c20ae7
10.38.43	正常	设备1 程序下载成功 
10.51.00	正常	设备1 CRC = 0x8bb895d3
10.51.17	正常	设备1 程序下载成功 
10.54.56	正常	设备1 CRC = 0x21841173
10.55.12	正常	设备1 程序下载成功 
15.21.44	正常	设备1 CRC = 0xff1e1fe1
15.21.57	正常	设备1 程序下载成功 
16.02.04	正常	设备1 CRC = 0xf1b13c5e
16.02.06	警告	设备1 写入Bin文件超时-1！ 
16.02.06	警告	设备1 程序下载失败 
16.02.19	正常	设备1 继续下载失败的bin文件！ 
16.02.31	正常	设备1 程序下载成功 
16.13.42	正常	设备1 CRC = 0xeadab30a
16.13.43	警告	设备1 写入Bin文件超时-1！ 
16.13.43	警告	设备1 程序下载失败 
16.13.45	正常	设备1 继续下载失败的bin文件！ 
16.13.58	正常	设备1 程序下载成功 
16.15.37	正常	设备1 CRC = 0xf1b13c5e
16.15.38	警告	设备1 写入Bin文件超时-1！ 
16.15.38	警告	设备1 程序下载失败 
16.15.40	正常	设备1 继续下载失败的bin文件！ 
16.15.52	正常	设备1 程序下载成功 
