09.33.13	正常	设备1 读出成功!!
09.34.35	正常	设备1 读出成功!!
10.25.20	错误	设备1 dump复位失败!!
10.25.20	错误	设备1 读出失败!!
10.25.22	错误	设备1 dump复位失败!!
10.25.22	错误	设备1 读出失败!!
10.30.10	正常	设备1 读出成功!!
10.38.21	正常	设备1 CRC = 0x93013f68
10.38.35	正常	设备1 程序下载成功 
10.50.43	正常	设备1 CRC = 0x0a5ca63e
10.50.57	正常	设备1 程序下载成功 
11.25.42	正常	设备1 CRC = 0xd7efcffb
11.25.56	正常	设备1 程序下载成功 
14.01.53	正常	设备1 CRC = 0xac8ade35
14.02.06	正常	设备1 程序下载成功 
14.10.50	正常	设备1 CRC = 0x742e52f9
14.11.04	正常	设备1 程序下载成功 
14.13.11	正常	设备1 CRC = 0x252556e6
14.13.25	正常	设备1 程序下载成功 
14.25.33	正常	设备1 CRC = 0x19e4b4dc
14.25.47	正常	设备1 程序下载成功 
14.29.03	正常	设备1 CRC = 0x298c577c
14.29.17	正常	设备1 程序下载成功 
14.40.02	正常	设备1 CRC = 0x1b5751f9
14.40.16	正常	设备1 程序下载成功 
14.41.00	正常	设备1 CRC = 0x4314f8dd
14.41.14	正常	设备1 程序下载成功 
15.17.11	正常	设备1 CRC = 0x6965520e
15.17.25	正常	设备1 程序下载成功 
15.40.58	正常	设备1 CRC = 0x8934df08
15.41.12	正常	设备1 程序下载成功 
15.44.31	正常	设备1 CRC = 0xb8af1210
15.44.45	正常	设备1 程序下载成功 
15.51.00	正常	设备1 CRC = 0x36a0f1e0
15.51.14	正常	设备1 程序下载成功 
15.54.31	正常	设备1 CRC = 0x01127a39
15.54.45	正常	设备1 程序下载成功 
16.20.06	正常	设备1 CRC = 0xcf626c36
16.20.20	正常	设备1 程序下载成功 
16.24.12	正常	设备1 CRC = 0x84a707e6
16.24.26	正常	设备1 程序下载成功 
16.28.27	正常	设备1 CRC = 0x06c2433e
16.28.41	正常	设备1 程序下载成功 
16.32.48	正常	设备1 CRC = 0xa8bfce6a
16.33.02	正常	设备1 程序下载成功 
16.33.52	正常	设备1 CRC = 0xa8bfce6a
16.34.07	正常	设备1 程序下载成功 
16.37.03	正常	设备1 CRC = 0x796ff9d3
16.37.17	正常	设备1 程序下载成功 
16.41.12	正常	设备1 CRC = 0xb5735de7
16.41.26	正常	设备1 程序下载成功 
16.47.49	正常	设备1 CRC = 0xc9d8a76f
16.48.03	正常	设备1 程序下载成功 
16.50.09	正常	设备1 CRC = 0x347f578d
16.50.23	正常	设备1 程序下载成功 
16.57.38	正常	设备1 CRC = 0x432288c1
16.57.52	正常	设备1 程序下载成功 
16.59.32	正常	设备1 CRC = 0x50e3bad5
16.59.47	正常	设备1 程序下载成功 
17.06.32	正常	设备1 CRC = 0x16b214d4
17.06.46	正常	设备1 程序下载成功 
17.31.47	正常	设备1 CRC = 0x92cda2b1
17.32.01	正常	设备1 程序下载成功 
17.36.04	正常	设备1 CRC = 0x87f74edc
17.36.18	正常	设备1 程序下载成功 
17.40.55	正常	设备1 CRC = 0x8f4225d7
17.41.10	正常	设备1 程序下载成功 
17.43.14	正常	设备1 CRC = 0x2baf8c64
17.43.28	正常	设备1 程序下载成功 
17.44.22	正常	设备1 CRC = 0x9404052d
17.44.36	正常	设备1 程序下载成功 
