16.33.06	正常	设备1 CRC = 0x7f324f00
16.33.19	正常	设备1 程序下载成功 
16.34.17	正常	设备1 CRC = 0x3b8368de
16.34.19	警告	设备1 写入Bin文件超时-1！ 
16.34.19	警告	设备1 程序下载失败 
16.34.31	正常	设备1 继续下载失败的bin文件！ 
16.34.44	正常	设备1 程序下载成功 
16.38.42	正常	设备1 CRC = 0xf8c0fd23
16.38.44	警告	设备1 写入Bin文件超时-1！ 
16.38.44	警告	设备1 程序下载失败 
16.38.46	正常	设备1 继续下载失败的bin文件！ 
16.38.58	正常	设备1 程序下载成功 
16.57.28	正常	设备1 CRC = 0xa374662f
16.57.30	错误	设备1 downImage复位失败!!
16.57.30	警告	设备1 程序下载失败 
16.57.32	正常	设备1 继续下载失败的bin文件！ 
16.57.34	错误	设备1 downImage复位失败!!
16.57.34	警告	设备1 程序下载失败 
16.57.35	正常	设备1 继续下载失败的bin文件！ 
16.57.37	错误	设备1 downImage复位失败!!
16.57.37	警告	设备1 程序下载失败 
16.58.28	正常	设备1 继续下载失败的bin文件！ 
16.58.30	警告	设备1 写入Bin文件超时-1！ 
16.58.30	警告	设备1 程序下载失败 
16.58.55	正常	设备1 继续下载失败的bin文件！ 
16.59.07	正常	设备1 程序下载成功 
17.01.45	正常	设备1 CRC = 0x1e2828c0
17.01.47	警告	设备1 写入Bin文件超时-1！ 
17.01.47	警告	设备1 程序下载失败 
17.01.49	正常	设备1 继续下载失败的bin文件！ 
17.02.01	正常	设备1 程序下载成功 
17.12.39	正常	设备1 CRC = 0xded04049
17.12.41	警告	设备1 写入Bin文件超时-1！ 
17.12.41	警告	设备1 程序下载失败 
17.12.41	正常	设备1 继续下载失败的bin文件！ 
17.12.53	正常	设备1 程序下载成功 
17.15.29	正常	设备1 CRC = 0xeb520369
17.15.30	警告	设备1 写入Bin文件超时-1！ 
17.15.30	警告	设备1 程序下载失败 
17.15.31	正常	设备1 继续下载失败的bin文件！ 
17.15.43	正常	设备1 程序下载成功 
17.33.09	正常	设备1 CRC = 0x2b7e3e58
17.33.10	警告	设备1 写入Bin文件超时-1！ 
17.33.10	警告	设备1 程序下载失败 
17.33.11	正常	设备1 继续下载失败的bin文件！ 
17.33.24	正常	设备1 程序下载成功 
18.04.54	正常	设备1 CRC = 0x7449233b
18.04.56	警告	设备1 写入Bin文件超时-1！ 
18.04.56	警告	设备1 程序下载失败 
18.04.57	正常	设备1 继续下载失败的bin文件！ 
18.05.11	正常	设备1 程序下载成功 
