16.18.44	正常	设备1 CRC = 0x466c8d84
16.18.57	正常	设备1 程序下载成功 
16.51.02	正常	设备1 CRC = 0x197c167a
16.51.16	正常	设备1 程序下载成功 
16.51.32	正常	设备1 CRC = 0x197c167a
16.51.45	正常	设备1 程序下载成功 
16.53.55	正常	设备1 CRC = 0x3ea690e8
16.53.57	警告	设备1 写入Bin文件超时-1！ 
16.53.57	警告	设备1 程序下载失败 
16.53.58	正常	设备1 继续下载失败的bin文件！ 
16.54.12	正常	设备1 程序下载成功 
16.55.33	正常	设备1 CRC = 0xbcd30b05
16.55.34	警告	设备1 写入Bin文件超时-1！ 
16.55.34	警告	设备1 程序下载失败 
16.55.35	正常	设备1 继续下载失败的bin文件！ 
16.55.49	正常	设备1 程序下载成功 
17.00.35	正常	设备1 CRC = 0x9316957f
17.00.37	警告	设备1 写入Bin文件超时-1！ 
17.00.37	警告	设备1 程序下载失败 
17.00.38	正常	设备1 继续下载失败的bin文件！ 
17.00.51	正常	设备1 程序下载成功 
17.03.09	正常	设备1 CRC = 0x9316957f
17.03.10	警告	设备1 写入Bin文件超时-1！ 
17.03.10	警告	设备1 程序下载失败 
17.03.12	正常	设备1 继续下载失败的bin文件！ 
17.03.26	正常	设备1 程序下载成功 
17.04.08	正常	设备1 CRC = 0x9316957f
17.04.10	警告	设备1 写入Bin文件超时-1！ 
17.04.10	警告	设备1 程序下载失败 
17.04.10	正常	设备1 继续下载失败的bin文件！ 
17.04.24	正常	设备1 程序下载成功 
