15.41.36	正常	设备1 CRC = 0x29bf1fdb
15.41.38	警告	设备1 写入Bin文件超时-1！ 
15.41.38	警告	设备1 程序下载失败 
15.41.39	正常	设备1 继续下载失败的bin文件！ 
15.41.53	正常	设备1 程序下载成功 
15.47.55	正常	设备1 CRC = 0xb75d4b8b
15.47.57	警告	设备1 写入Bin文件超时-1！ 
15.47.57	警告	设备1 程序下载失败 
15.47.58	正常	设备1 继续下载失败的bin文件！ 
15.48.12	正常	设备1 程序下载成功 
15.49.14	正常	设备1 CRC = 0xb75d4b8b
15.49.15	警告	设备1 写入Bin文件超时-1！ 
15.49.15	警告	设备1 程序下载失败 
15.49.18	正常	设备1 继续下载失败的bin文件！ 
15.49.32	正常	设备1 程序下载成功 
15.50.10	正常	设备1 CRC = 0xb75d4b8b
15.50.11	警告	设备1 写入Bin文件超时-1！ 
15.50.11	警告	设备1 程序下载失败 
15.50.13	正常	设备1 继续下载失败的bin文件！ 
15.50.26	正常	设备1 程序下载成功 
15.51.02	正常	设备1 CRC = 0xb75d4b8b
15.51.04	警告	设备1 写入Bin文件超时-1！ 
15.51.04	警告	设备1 程序下载失败 
15.51.05	正常	设备1 继续下载失败的bin文件！ 
15.51.19	正常	设备1 程序下载成功 
15.51.51	正常	设备1 CRC = 0xb75d4b8b
15.51.53	警告	设备1 写入Bin文件超时-1！ 
15.51.53	警告	设备1 程序下载失败 
15.51.55	正常	设备1 继续下载失败的bin文件！ 
15.52.09	正常	设备1 程序下载成功 
15.56.47	正常	设备1 CRC = 0xb75d4b8b
15.56.48	警告	设备1 写入Bin文件超时-1！ 
15.56.48	警告	设备1 程序下载失败 
15.56.50	正常	设备1 继续下载失败的bin文件！ 
15.57.03	正常	设备1 程序下载成功 
15.57.19	正常	设备1 CRC = 0xb75d4b8b
15.57.21	警告	设备1 写入Bin文件超时-1！ 
15.57.21	警告	设备1 程序下载失败 
15.57.24	正常	设备1 继续下载失败的bin文件！ 
15.57.38	正常	设备1 程序下载成功 
