10.03.02	正常	设备1 CRC = 0x04a5f0ee
10.03.15	正常	设备1 程序下载成功 
10.11.03	正常	设备1 CRC = 0x93f8e1ed
10.11.05	警告	设备1 写入Bin文件超时-1！ 
10.11.05	警告	设备1 程序下载失败 
10.11.05	正常	设备1 继续下载失败的bin文件！ 
10.11.19	正常	设备1 程序下载成功 
15.33.19	正常	设备1 CRC = 0x6e9c6185
15.33.21	警告	设备1 写入Bin文件超时-1！ 
15.33.21	警告	设备1 程序下载失败 
15.33.22	正常	设备1 继续下载失败的bin文件！ 
15.33.39	正常	设备1 程序下载成功 
15.42.39	正常	设备1 CRC = 0x6e9c6185
15.42.55	正常	设备1 程序下载成功 
15.52.56	正常	设备1 CRC = 0x2c203ce4
15.53.12	正常	设备1 程序下载成功 
15.54.50	正常	设备1 CRC = 0xe3b5c284
15.55.07	正常	设备1 程序下载成功 
16.12.48	正常	设备1 CRC = 0xa73045ee
16.13.02	正常	设备1 程序下载成功 
16.52.01	正常	设备1 CRC = 0xea841dd0
16.52.02	警告	设备1 写入Bin文件超时-1！ 
16.52.02	警告	设备1 程序下载失败 
16.52.04	正常	设备1 继续下载失败的bin文件！ 
16.52.18	正常	设备1 程序下载成功 
16.59.29	正常	设备1 CRC = 0xccd97f7a
16.59.31	警告	设备1 写入Bin文件超时-1！ 
16.59.31	警告	设备1 程序下载失败 
16.59.31	正常	设备1 继续下载失败的bin文件！ 
16.59.45	正常	设备1 程序下载成功 
17.01.00	正常	设备1 CRC = 0x145aae1d
17.01.01	警告	设备1 写入Bin文件超时-1！ 
17.01.01	警告	设备1 程序下载失败 
17.01.03	正常	设备1 继续下载失败的bin文件！ 
17.01.17	正常	设备1 程序下载成功 
