09.31.53	正常	设备1 CRC = 0x321c81ef
09.32.07	正常	设备1 程序下载成功 
09.45.22	正常	设备1 CRC = 0xa756ad16
09.45.36	正常	设备1 程序下载成功 
09.53.31	正常	设备1 CRC = 0x1e5e7d79
09.53.45	正常	设备1 程序下载成功 
10.02.05	正常	设备1 CRC = 0x3be5b4e5
10.02.18	正常	设备1 程序下载成功 
11.19.58	正常	设备1 CRC = 0x4c50919f
11.20.10	正常	设备1 程序下载成功 
11.25.32	正常	设备1 CRC = 0x1e77de2c
11.25.44	正常	设备1 程序下载成功 
12.26.20	正常	设备1 CRC = 0x8f2d21e3
12.26.32	正常	设备1 程序下载成功 
14.11.11	正常	设备1 CRC = 0x8f2d21e3
14.11.11	错误	设备1 downImage复位失败!!
14.11.11	警告	设备1 程序下载失败 
14.11.16	正常	设备1 继续下载失败的bin文件！ 
14.11.16	错误	设备1 downImage复位失败!!
14.11.16	警告	设备1 程序下载失败 
14.12.38	正常	设备1 继续下载失败的bin文件！ 
14.12.38	错误	设备1 downImage复位失败!!
14.12.38	警告	设备1 程序下载失败 
14.20.51	正常	设备1 继续下载失败的bin文件！ 
14.20.51	错误	设备1 downImage复位失败!!
14.20.51	警告	设备1 程序下载失败 
14.21.01	正常	设备1 继续下载失败的bin文件！ 
14.21.01	错误	设备1 downImage复位失败!!
14.21.01	警告	设备1 程序下载失败 
14.24.58	正常	设备1 继续下载失败的bin文件！ 
14.25.10	正常	设备1 程序下载成功 
14.28.27	正常	设备1 CRC = 0x8f2d21e3
14.28.40	正常	设备1 程序下载成功 
14.28.46	正常	设备1 CRC = 0x8f2d21e3
14.28.59	正常	设备1 程序下载成功 
14.29.39	正常	设备1 CRC = 0x5c895d67
14.29.53	正常	设备1 程序下载成功 
14.44.20	正常	设备1 CRC = 0x5c895d67
14.44.34	正常	设备1 程序下载成功 
14.56.21	正常	设备1 CRC = 0x5c895d67
14.56.22	错误	设备1 downImage复位失败!!
14.56.22	警告	设备1 程序下载失败 
14.56.23	正常	设备1 继续下载失败的bin文件！ 
14.56.24	错误	设备1 downImage复位失败!!
14.56.24	警告	设备1 程序下载失败 
15.15.55	正常	设备1 继续下载失败的bin文件！ 
15.16.09	正常	设备1 程序下载成功 
15.20.40	正常	设备1 CRC = 0x71f0b485
15.20.54	正常	设备1 程序下载成功 
15.34.27	正常	设备1 CRC = 0x5e6f9549
15.34.41	正常	设备1 程序下载成功 
15.44.12	正常	设备1 CRC = 0x3075f2f3
15.44.26	正常	设备1 程序下载成功 
15.51.50	正常	设备1 CRC = 0x2d5835c6
15.52.05	正常	设备1 程序下载成功 
15.54.09	正常	设备1 CRC = 0x749d0877
15.54.15	警告	设备1 写入Bin文件超时-1！ 
15.54.15	警告	设备1 程序下载失败 
15.54.22	正常	设备1 继续下载失败的bin文件！ 
15.54.36	正常	设备1 程序下载成功 
16.05.14	正常	设备1 CRC = 0xcfc47dd4
16.05.29	正常	设备1 程序下载成功 
16.34.41	正常	设备1 CRC = 0x28c4c007
16.34.55	正常	设备1 程序下载成功 
16.40.53	正常	设备1 CRC = 0xcd5110d3
16.41.07	正常	设备1 程序下载成功 
16.44.30	正常	设备1 CRC = 0xdb9d2522
16.44.44	正常	设备1 程序下载成功 
16.44.52	正常	设备1 CRC = 0xdb9d2522
16.45.06	正常	设备1 程序下载成功 
16.52.30	正常	设备1 CRC = 0x9753ee56
16.52.45	正常	设备1 程序下载成功 
16.55.51	正常	设备1 CRC = 0x90f234f2
16.56.05	正常	设备1 程序下载成功 
16.56.46	正常	设备1 CRC = 0x90f234f2
16.57.01	正常	设备1 程序下载成功 
17.02.17	正常	设备1 CRC = 0x306ca117
17.02.31	正常	设备1 程序下载成功 
17.14.40	正常	设备1 CRC = 0xbf796fbb
17.14.54	正常	设备1 程序下载成功 
17.18.19	正常	设备1 CRC = 0x531d232d
17.18.34	正常	设备1 程序下载成功 
17.18.44	正常	设备1 CRC = 0x531d232d
17.18.58	正常	设备1 程序下载成功 
17.19.32	正常	设备1 CRC = 0x531d232d
17.19.46	正常	设备1 程序下载成功 
