08.56.58	正常	设备1 CRC = 0x229b5517
08.56.59	警告	设备1 写入Bin文件超时-1！ 
08.56.59	警告	设备1 程序下载失败 
08.58.20	正常	设备1 继续下载失败的bin文件！ 
08.58.22	警告	设备1 写入Bin文件超时-1！ 
08.58.22	警告	设备1 程序下载失败 
09.14.45	正常	设备1 CRC = 0x3f01e1aa
09.14.46	警告	设备1 写入Bin文件超时-1！ 
09.14.46	警告	设备1 程序下载失败 
09.14.48	正常	设备1 继续下载失败的bin文件！ 
09.15.01	正常	设备1 程序下载成功 
09.18.11	正常	设备1 CRC = 0x38753fbf
09.18.12	错误	设备1 downImage复位失败!!
09.18.12	警告	设备1 程序下载失败 
09.18.12	正常	设备1 继续下载失败的bin文件！ 
09.18.13	错误	设备1 downImage复位失败!!
09.18.13	警告	设备1 程序下载失败 
09.18.20	正常	设备1 继续下载失败的bin文件！ 
09.18.22	警告	设备1 写入Bin文件超时-1！ 
09.18.22	警告	设备1 程序下载失败 
09.18.23	正常	设备1 继续下载失败的bin文件！ 
09.18.36	正常	设备1 程序下载成功 
09.46.08	正常	设备1 CRC = 0x5a432c8b
09.46.09	错误	设备1 downImage复位失败!!
09.46.09	警告	设备1 程序下载失败 
09.46.10	正常	设备1 继续下载失败的bin文件！ 
09.46.10	错误	设备1 downImage复位失败!!
09.46.10	警告	设备1 程序下载失败 
09.46.17	正常	设备1 继续下载失败的bin文件！ 
09.46.18	警告	设备1 写入Bin文件超时-1！ 
09.46.18	警告	设备1 程序下载失败 
09.46.20	正常	设备1 继续下载失败的bin文件！ 
09.46.32	正常	设备1 程序下载成功 
11.37.55	正常	设备1 CRC = 0x38753fbf
11.37.57	警告	设备1 写入Bin文件超时-1！ 
11.37.57	警告	设备1 程序下载失败 
11.37.58	正常	设备1 继续下载失败的bin文件！ 
11.38.12	正常	设备1 程序下载成功 
14.06.16	正常	设备1 CRC = 0xe1aeb81c
14.06.18	警告	设备1 写入Bin文件超时-1！ 
14.06.18	警告	设备1 程序下载失败 
14.06.19	正常	设备1 继续下载失败的bin文件！ 
14.06.31	正常	设备1 程序下载成功 
16.05.14	正常	设备1 CRC = 0xe1aeb81c
16.05.26	正常	设备1 程序下载成功 
