14.14.29	正常	设备1 CRC = 0xb3c298ea
14.14.31	警告	设备1 写入Bin文件超时-1！ 
14.14.31	警告	设备1 程序下载失败 
14.14.32	正常	设备1 继续下载失败的bin文件！ 
14.14.45	正常	设备1 程序下载成功 
14.20.07	正常	设备1 CRC = 0x43911562
14.20.09	警告	设备1 写入Bin文件超时-1！ 
14.20.09	警告	设备1 程序下载失败 
14.20.10	正常	设备1 继续下载失败的bin文件！ 
14.20.23	正常	设备1 程序下载成功 
14.23.36	正常	设备1 CRC = 0x6c4e2bfd
14.23.38	警告	设备1 写入Bin文件超时-1！ 
14.23.38	警告	设备1 程序下载失败 
14.23.39	正常	设备1 继续下载失败的bin文件！ 
14.23.52	正常	设备1 程序下载成功 
14.33.55	正常	设备1 CRC = 0xb7ea0e1c
14.33.57	警告	设备1 写入Bin文件超时-1！ 
14.33.57	警告	设备1 程序下载失败 
14.34.01	正常	设备1 继续下载失败的bin文件！ 
14.34.14	正常	设备1 程序下载成功 
15.17.32	正常	设备1 CRC = 0x0b33093c
15.17.34	警告	设备1 写入Bin文件超时-1！ 
15.17.34	警告	设备1 程序下载失败 
15.17.35	正常	设备1 继续下载失败的bin文件！ 
15.17.48	正常	设备1 程序下载成功 
