09.31.09	正常	设备1 CRC = 0x04f4732a
09.31.10	警告	设备1 写入Bin文件超时-1！ 
09.31.10	警告	设备1 程序下载失败 
09.31.13	正常	设备1 继续下载失败的bin文件！ 
09.31.27	正常	设备1 程序下载成功 
09.37.39	正常	设备1 CRC = 0xa4b749cc
09.37.53	正常	设备1 程序下载成功 
09.47.03	正常	设备1 CRC = 0xa4b749cc
09.47.17	正常	设备1 程序下载成功 
09.47.40	正常	设备1 CRC = 0xb948fb66
09.47.54	正常	设备1 程序下载成功 
10.03.35	正常	设备1 CRC = 0xae090f04
10.03.49	正常	设备1 程序下载成功 
10.07.40	正常	设备1 CRC = 0xef8a40cb
10.07.54	正常	设备1 程序下载成功 
10.11.52	正常	设备1 CRC = 0xefb33572
10.12.06	正常	设备1 程序下载成功 
10.17.18	正常	设备1 CRC = 0xf5f37f37
10.17.33	正常	设备1 程序下载成功 
10.20.18	正常	设备1 CRC = 0xb43a95d9
10.20.32	正常	设备1 程序下载成功 
10.30.12	正常	设备1 CRC = 0x4e89843d
10.30.26	正常	设备1 程序下载成功 
10.34.10	正常	设备1 CRC = 0xf2419f7a
10.34.24	正常	设备1 程序下载成功 
11.10.01	正常	设备1 CRC = 0x922c7388
11.10.15	正常	设备1 程序下载成功 
11.19.48	正常	设备1 CRC = 0x066e39e5
11.20.02	正常	设备1 程序下载成功 
