14.49.06	正常	设备1 CRC = 0x5d848394
14.49.06	错误	设备1 downImage复位失败!!
14.49.06	警告	设备1 程序下载失败 
14.49.07	正常	设备1 继续下载失败的bin文件！ 
14.49.08	错误	设备1 downImage复位失败!!
14.49.08	警告	设备1 程序下载失败 
14.49.14	正常	设备1 继续下载失败的bin文件！ 
14.49.28	正常	设备1 程序下载成功 
14.51.36	正常	设备1 CRC = 0xc7d1c2af
14.51.36	错误	设备1 downImage复位失败!!
14.51.36	警告	设备1 程序下载失败 
14.51.45	正常	设备1 继续下载失败的bin文件！ 
14.52.00	正常	设备1 程序下载成功 
14.57.04	正常	设备1 CRC = 0x5ee26334
14.57.18	正常	设备1 程序下载成功 
15.00.22	正常	设备1 CRC = 0xf6ddcde2
15.00.36	正常	设备1 程序下载成功 
15.04.51	正常	设备1 CRC = 0xea241163
15.05.05	正常	设备1 程序下载成功 
15.38.52	正常	设备1 CRC = 0xc41bab80
15.39.06	正常	设备1 程序下载成功 
15.39.41	正常	设备1 CRC = 0x71f2943e
15.40.00	警告	设备1 程序下载失败 
15.41.55	正常	设备1 继续下载失败的bin文件！ 
15.42.15	警告	设备1 程序下载失败 
15.42.21	正常	设备1 CRC = 0x0d7ded84
15.42.35	正常	设备1 程序下载成功 
15.43.31	正常	设备1 CRC = 0x71f2943e
15.43.50	警告	设备1 写入Bin文件超时-2！ 
15.43.50	警告	设备1 配置信息修改失败-4！ 
15.43.50	警告	设备1 程序下载失败 
15.43.58	正常	设备1 继续下载失败的bin文件！ 
15.43.58	错误	设备1 downImage复位失败!!
15.43.58	警告	设备1 程序下载失败 
15.44.05	正常	设备1 继续下载失败的bin文件！ 
15.44.24	警告	设备1 程序下载失败 
15.46.52	正常	设备1 继续下载失败的bin文件！ 
15.47.11	警告	设备1 程序下载失败 
15.47.26	正常	设备1 CRC = 0xe2927a58
15.47.40	正常	设备1 程序下载成功 
15.49.12	正常	设备1 CRC = 0xafa1506c
15.49.26	正常	设备1 程序下载成功 
15.53.29	正常	设备1 CRC = 0xb129395e
15.53.43	正常	设备1 程序下载成功 
15.58.36	正常	设备1 CRC = 0xd9504a73
15.58.50	正常	设备1 程序下载成功 
16.03.54	正常	设备1 CRC = 0x10aef0ed
16.03.54	错误	设备1 downImage复位失败!!
16.03.54	警告	设备1 程序下载失败 
16.04.05	正常	设备1 继续下载失败的bin文件！ 
16.04.19	正常	设备1 程序下载成功 
16.13.25	正常	设备1 CRC = 0xf4e6a125
16.13.39	正常	设备1 程序下载成功 
16.13.56	正常	设备1 CRC = 0xed469856
16.14.10	正常	设备1 程序下载成功 
16.14.54	正常	设备1 CRC = 0x5f06b1b3
16.15.08	正常	设备1 程序下载成功 
16.16.32	正常	设备1 CRC = 0x992a123a
16.16.46	正常	设备1 程序下载成功 
16.23.22	正常	设备1 CRC = 0x446ed060
16.23.36	正常	设备1 程序下载成功 
16.25.01	正常	设备1 CRC = 0x9833ee46
16.25.15	正常	设备1 程序下载成功 
16.32.15	正常	设备1 CRC = 0x43c8d193
16.32.29	正常	设备1 程序下载成功 
16.39.22	正常	设备1 CRC = 0x5457e086
16.39.36	正常	设备1 程序下载成功 
16.44.15	正常	设备1 CRC = 0x3678349c
16.44.29	正常	设备1 程序下载成功 
16.48.54	正常	设备1 CRC = 0xd96a1b94
16.49.08	正常	设备1 程序下载成功 
16.59.17	正常	设备1 CRC = 0xa15325f5
16.59.31	正常	设备1 程序下载成功 
17.04.58	正常	设备1 CRC = 0xdb2f4543
17.05.12	正常	设备1 程序下载成功 
17.08.39	正常	设备1 CRC = 0x9415093a
17.08.53	正常	设备1 程序下载成功 
17.10.05	正常	设备1 CRC = 0xd011d990
17.10.19	正常	设备1 程序下载成功 
17.16.47	正常	设备1 CRC = 0xe72410a7
17.17.01	正常	设备1 程序下载成功 
17.30.30	正常	设备1 CRC = 0xe0746155
17.30.44	正常	设备1 程序下载成功 
17.34.35	正常	设备1 CRC = 0x85684764
17.34.49	正常	设备1 程序下载成功 
17.35.55	正常	设备1 CRC = 0xce287d9b
17.36.09	正常	设备1 程序下载成功 
17.36.27	正常	设备1 CRC = 0xce287d9b
17.36.42	正常	设备1 程序下载成功 
17.38.32	正常	设备1 CRC = 0xae750160
17.38.46	正常	设备1 程序下载成功 
17.41.10	正常	设备1 CRC = 0xded12170
17.41.24	正常	设备1 程序下载成功 
17.45.48	正常	设备1 CRC = 0xfcefcd29
17.46.02	正常	设备1 程序下载成功 
17.48.45	正常	设备1 CRC = 0x93de17c6
17.48.59	正常	设备1 程序下载成功 
17.51.33	正常	设备1 CRC = 0x5f94ecf0
17.51.48	正常	设备1 程序下载成功 
17.55.22	正常	设备1 CRC = 0xae5d58cd
17.55.36	正常	设备1 程序下载成功 
17.57.28	正常	设备1 CRC = 0x09299928
17.57.42	正常	设备1 程序下载成功 
18.03.44	正常	设备1 CRC = 0x56fcb9e9
18.03.58	正常	设备1 程序下载成功 
18.07.38	正常	设备1 CRC = 0xafcce20e
18.07.52	正常	设备1 程序下载成功 
18.11.27	正常	设备1 CRC = 0xd9ff89b8
18.11.42	正常	设备1 程序下载成功 
18.14.20	正常	设备1 CRC = 0x4bc4b224
18.14.34	正常	设备1 程序下载成功 
18.18.31	正常	设备1 CRC = 0x0571275d
18.18.45	正常	设备1 程序下载成功 
18.23.21	正常	设备1 CRC = 0x3ae08983
18.23.35	正常	设备1 程序下载成功 
18.25.29	正常	设备1 CRC = 0xa4760144
18.25.43	正常	设备1 程序下载成功 
18.30.47	正常	设备1 CRC = 0x3403943d
18.31.01	正常	设备1 程序下载成功 
18.42.11	正常	设备1 CRC = 0xcde83fee
18.42.25	正常	设备1 程序下载成功 
18.48.40	正常	设备1 CRC = 0x9dec99ff
18.48.54	正常	设备1 程序下载成功 
18.49.08	正常	设备1 CRC = 0x9dec99ff
18.49.22	正常	设备1 程序下载成功 
18.50.32	正常	设备1 CRC = 0x68e5a3df
18.50.46	正常	设备1 程序下载成功 
18.55.46	正常	设备1 CRC = 0xfac9fe30
18.56.00	正常	设备1 程序下载成功 
18.57.19	正常	设备1 CRC = 0xb3b71f13
18.57.33	正常	设备1 程序下载成功 
18.58.28	正常	设备1 CRC = 0xfe07e7d2
18.58.42	正常	设备1 程序下载成功 
19.03.53	正常	设备1 CRC = 0x176341a3
19.04.07	正常	设备1 程序下载成功 
