10.16.05	正常	设备1 CRC = 0x15f771d7
10.16.18	正常	设备1 程序下载成功 
10.17.15	正常	设备1 CRC = 0x15f771d7
10.17.17	警告	设备1 写入Bin文件超时-1！ 
10.17.17	警告	设备1 程序下载失败 
10.17.18	正常	设备1 继续下载失败的bin文件！ 
10.17.32	正常	设备1 程序下载成功 
17.32.50	正常	设备1 CRC = 0x9b7aaf76
17.32.50	错误	设备1 downImage复位失败!!
17.32.50	警告	设备1 程序下载失败 
17.33.19	正常	设备1 继续下载失败的bin文件！ 
17.33.19	错误	设备1 downImage复位失败!!
17.33.19	警告	设备1 程序下载失败 
17.34.40	正常	设备1 CRC = 0x26bf2891
17.34.42	警告	设备1 写入Bin文件超时-1！ 
17.34.42	警告	设备1 程序下载失败 
17.34.43	正常	设备1 继续下载失败的bin文件！ 
17.34.58	正常	设备1 程序下载成功 
18.06.45	正常	设备1 CRC = 0x8e1ad1b9
18.07.01	正常	设备1 程序下载成功 
