09.57.11	正常	设备1 CRC = 0xa2dce72d
09.57.13	警告	设备1 写入Bin文件超时-1！ 
09.57.13	警告	设备1 程序下载失败 
09.57.14	正常	设备1 继续下载失败的bin文件！ 
09.57.27	正常	设备1 程序下载成功 
10.00.39	正常	设备1 CRC = 0xa2dce72d
10.00.41	警告	设备1 写入Bin文件超时-1！ 
10.00.41	警告	设备1 程序下载失败 
10.00.46	正常	设备1 继续下载失败的bin文件！ 
10.00.59	正常	设备1 程序下载成功 
10.02.55	正常	设备1 CRC = 0xb769ab43
10.02.57	警告	设备1 写入Bin文件超时-1！ 
10.02.57	警告	设备1 程序下载失败 
10.03.04	正常	设备1 继续下载失败的bin文件！ 
10.03.17	正常	设备1 程序下载成功 
10.07.25	正常	设备1 CRC = 0x1faa7a04
10.07.27	警告	设备1 写入Bin文件超时-1！ 
10.07.27	警告	设备1 程序下载失败 
10.07.27	正常	设备1 继续下载失败的bin文件！ 
10.07.40	正常	设备1 程序下载成功 
10.15.25	正常	设备1 读出成功!!
10.15.27	正常	设备1 CRC = 0x5005391e
10.15.29	警告	设备1 写入Bin文件超时-1！ 
10.15.29	警告	设备1 程序下载失败 
10.15.29	正常	设备1 继续下载失败的bin文件！ 
10.15.42	正常	设备1 程序下载成功 
10.19.35	正常	设备1 CRC = 0x5555fa12
10.19.36	警告	设备1 写入Bin文件超时-1！ 
10.19.36	警告	设备1 程序下载失败 
10.19.38	正常	设备1 继续下载失败的bin文件！ 
10.19.51	正常	设备1 程序下载成功 
10.35.08	正常	设备1 CRC = 0x69d3563c
10.35.10	警告	设备1 写入Bin文件超时-1！ 
10.35.10	警告	设备1 程序下载失败 
10.35.11	正常	设备1 继续下载失败的bin文件！ 
10.35.24	正常	设备1 程序下载成功 
10.39.27	正常	设备1 CRC = 0x58f9f174
10.39.29	警告	设备1 写入Bin文件超时-1！ 
10.39.29	警告	设备1 程序下载失败 
10.39.31	正常	设备1 继续下载失败的bin文件！ 
10.39.44	正常	设备1 程序下载成功 
10.41.42	正常	设备1 CRC = 0x58f9f174
10.41.55	正常	设备1 程序下载成功 
10.41.57	正常	设备1 CRC = 0x58f9f174
10.42.10	正常	设备1 程序下载成功 
10.42.18	正常	设备1 CRC = 0x58f9f174
10.42.31	正常	设备1 程序下载成功 
10.59.44	正常	设备1 CRC = 0xd766b69c
10.59.46	警告	设备1 写入Bin文件超时-1！ 
10.59.46	警告	设备1 程序下载失败 
10.59.47	正常	设备1 继续下载失败的bin文件！ 
11.00.00	正常	设备1 程序下载成功 
11.00.26	正常	设备1 CRC = 0xa374662f
11.00.27	警告	设备1 写入Bin文件超时-1！ 
11.00.27	警告	设备1 程序下载失败 
11.00.29	正常	设备1 继续下载失败的bin文件！ 
11.00.41	正常	设备1 程序下载成功 
11.09.25	正常	设备1 CRC = 0x9f40348d
11.09.27	警告	设备1 写入Bin文件超时-1！ 
11.09.27	警告	设备1 程序下载失败 
11.09.28	正常	设备1 继续下载失败的bin文件！ 
11.09.41	正常	设备1 程序下载成功 
11.11.16	正常	设备1 CRC = 0x9f40348d
11.11.28	正常	设备1 程序下载成功 
11.24.38	正常	设备1 CRC = 0x5a58b382
11.24.39	警告	设备1 写入Bin文件超时-1！ 
11.24.39	警告	设备1 程序下载失败 
11.24.40	正常	设备1 继续下载失败的bin文件！ 
11.24.52	正常	设备1 程序下载成功 
15.01.56	正常	设备1 CRC = 0x446793a6
15.01.57	警告	设备1 写入Bin文件超时-1！ 
15.01.58	警告	设备1 程序下载失败 
15.02.07	正常	设备1 读出成功!!
15.02.25	正常	设备1 继续下载失败的bin文件！ 
15.02.39	正常	设备1 程序下载成功 
15.10.21	正常	设备1 CRC = 0x7744ce95
15.10.22	警告	设备1 写入Bin文件超时-1！ 
15.10.22	警告	设备1 程序下载失败 
15.10.24	正常	设备1 继续下载失败的bin文件！ 
15.10.37	正常	设备1 程序下载成功 
15.11.18	正常	设备1 CRC = 0x7744ce95
15.11.19	警告	设备1 写入Bin文件超时-1！ 
15.11.19	警告	设备1 程序下载失败 
15.11.21	正常	设备1 继续下载失败的bin文件！ 
15.11.34	正常	设备1 程序下载成功 
15.35.44	正常	设备1 CRC = 0xa374662f
15.35.46	警告	设备1 写入Bin文件超时-1！ 
15.35.46	警告	设备1 程序下载失败 
15.35.48	正常	设备1 继续下载失败的bin文件！ 
15.36.00	正常	设备1 程序下载成功 
15.40.34	正常	设备1 CRC = 0xba0e9d56
15.40.36	警告	设备1 写入Bin文件超时-1！ 
15.40.36	警告	设备1 程序下载失败 
15.40.37	正常	设备1 继续下载失败的bin文件！ 
15.40.51	正常	设备1 程序下载成功 
17.21.14	正常	设备1 CRC = 0x79738cc4
17.21.16	警告	设备1 写入Bin文件超时-1！ 
17.21.16	警告	设备1 程序下载失败 
17.21.16	正常	设备1 继续下载失败的bin文件！ 
17.21.29	正常	设备1 程序下载成功 
17.21.34	正常	设备1 CRC = 0x79738cc4
17.21.47	正常	设备1 程序下载成功 
17.33.49	正常	设备1 CRC = 0x2172dbd9
17.33.51	警告	设备1 写入Bin文件超时-1！ 
17.33.51	警告	设备1 程序下载失败 
17.33.53	正常	设备1 继续下载失败的bin文件！ 
17.34.06	正常	设备1 程序下载成功 
