11.10.35	正常	设备1 CRC = 0xeb4038b8
11.10.49	正常	设备1 程序下载成功 
11.11.41	正常	设备1 CRC = 0xfe996e82
11.11.54	正常	设备1 程序下载成功 
11.12.56	正常	设备1 CRC = 0xfe996e82
11.13.10	正常	设备1 程序下载成功 
11.14.59	正常	设备1 CRC = 0x7449233b
11.14.59	错误	设备1 downImage复位失败!!
11.14.59	警告	设备1 程序下载失败 
11.15.03	正常	设备1 继续下载失败的bin文件！ 
11.15.16	正常	设备1 程序下载成功 
11.18.44	正常	设备1 CRC = 0x3512b30e
11.18.58	正常	设备1 程序下载成功 
11.21.56	正常	设备1 CRC = 0xc7a71cbe
11.22.10	正常	设备1 程序下载成功 
11.24.57	正常	设备1 CRC = 0x2ebc513a
11.25.11	正常	设备1 程序下载成功 
11.30.15	正常	设备1 CRC = 0xfcf86fdb
11.30.29	正常	设备1 程序下载成功 
11.36.04	正常	设备1 CRC = 0xcf07a43d
11.36.18	正常	设备1 程序下载成功 
11.47.26	正常	设备1 CRC = 0xb24d061a
11.47.40	正常	设备1 程序下载成功 
11.52.02	正常	设备1 CRC = 0x3df149a8
11.52.16	正常	设备1 程序下载成功 
11.56.25	正常	设备1 CRC = 0x3df149a8
11.56.38	正常	设备1 程序下载成功 
11.59.13	正常	设备1 CRC = 0xb24d061a
11.59.26	正常	设备1 程序下载成功 
14.58.39	正常	设备1 CRC = 0xde1940e1
14.58.53	正常	设备1 程序下载成功 
15.08.48	正常	设备1 CRC = 0x9c7bb684
15.09.02	正常	设备1 程序下载成功 
15.10.39	正常	设备1 CRC = 0xd3670b3f
15.10.53	正常	设备1 程序下载成功 
15.14.24	正常	设备1 CRC = 0x26a971c4
15.14.38	正常	设备1 程序下载成功 
15.16.11	正常	设备1 CRC = 0xf529ccb5
15.16.25	正常	设备1 程序下载成功 
15.24.20	正常	设备1 CRC = 0xb2acc483
15.24.34	正常	设备1 程序下载成功 
16.04.26	正常	设备1 CRC = 0x801e81f4
16.04.40	正常	设备1 程序下载成功 
16.11.03	正常	设备1 CRC = 0x9638d664
16.11.17	正常	设备1 程序下载成功 
16.20.35	正常	设备1 CRC = 0x91f9b58f
16.20.49	正常	设备1 程序下载成功 
16.22.59	正常	设备1 CRC = 0xe9ce25c4
16.23.13	正常	设备1 程序下载成功 
16.52.00	正常	设备1 CRC = 0x6adf79d8
16.52.14	正常	设备1 程序下载成功 
16.55.33	正常	设备1 CRC = 0xc70f61bc
16.55.47	正常	设备1 程序下载成功 
17.06.35	正常	设备1 CRC = 0x0866b131
17.06.49	正常	设备1 程序下载成功 
18.14.03	正常	设备1 CRC = 0x47e20b18
18.14.17	正常	设备1 程序下载成功 
18.49.55	正常	设备1 CRC = 0x1aa2c895
18.50.09	正常	设备1 程序下载成功 
19.15.44	正常	设备1 读出成功!!
20.19.41	正常	设备1 CRC = 0x35970c38
20.19.55	正常	设备1 程序下载成功 
20.22.14	正常	设备1 CRC = 0xcc9f8573
20.22.28	正常	设备1 程序下载成功 
20.32.09	正常	设备1 CRC = 0x65f253c9
20.32.23	正常	设备1 程序下载成功 
20.33.51	正常	设备1 CRC = 0x92e25d8e
20.34.05	正常	设备1 程序下载成功 
20.35.37	正常	设备1 CRC = 0x9f6d6896
20.35.51	正常	设备1 程序下载成功 
