15.35.05	正常	设备1 CRC = 0x480120f1
15.35.07	警告	设备1 写入Bin文件超时-1！ 
15.35.07	警告	设备1 程序下载失败 
15.35.15	正常	设备1 继续下载失败的bin文件！ 
15.35.28	正常	设备1 程序下载成功 
15.42.41	正常	设备1 CRC = 0xf4dfe2e7
15.42.43	警告	设备1 写入Bin文件超时-1！ 
15.42.43	警告	设备1 程序下载失败 
15.42.44	正常	设备1 继续下载失败的bin文件！ 
15.42.57	正常	设备1 程序下载成功 
15.55.15	正常	设备1 CRC = 0xb9971070
15.55.17	警告	设备1 写入Bin文件超时-1！ 
15.55.17	警告	设备1 程序下载失败 
15.55.19	正常	设备1 继续下载失败的bin文件！ 
15.55.32	正常	设备1 程序下载成功 
16.01.37	正常	设备1 CRC = 0x5c143356
16.01.39	警告	设备1 写入Bin文件超时-1！ 
16.01.39	警告	设备1 程序下载失败 
16.01.39	正常	设备1 继续下载失败的bin文件！ 
16.01.53	正常	设备1 程序下载成功 
16.11.10	正常	设备1 CRC = 0x65aec77a
16.11.12	警告	设备1 写入Bin文件超时-1！ 
16.11.12	警告	设备1 程序下载失败 
16.11.13	正常	设备1 继续下载失败的bin文件！ 
16.11.26	正常	设备1 程序下载成功 
16.20.40	正常	设备1 CRC = 0x7a839c9c
16.20.41	警告	设备1 写入Bin文件超时-1！ 
16.20.41	警告	设备1 程序下载失败 
16.20.42	正常	设备1 继续下载失败的bin文件！ 
16.20.55	正常	设备1 程序下载成功 
16.37.53	正常	设备1 CRC = 0xa374662f
16.37.55	警告	设备1 写入Bin文件超时-1！ 
16.37.55	警告	设备1 程序下载失败 
16.37.56	正常	设备1 继续下载失败的bin文件！ 
16.38.09	正常	设备1 程序下载成功 
16.48.37	正常	设备1 CRC = 0xbd67ce17
16.48.39	警告	设备1 写入Bin文件超时-1！ 
16.48.39	警告	设备1 程序下载失败 
16.48.41	正常	设备1 继续下载失败的bin文件！ 
16.48.54	正常	设备1 程序下载成功 
17.01.18	正常	设备1 CRC = 0xc4ca183a
17.01.20	警告	设备1 写入Bin文件超时-1！ 
17.01.20	警告	设备1 程序下载失败 
17.01.21	正常	设备1 继续下载失败的bin文件！ 
17.01.34	正常	设备1 程序下载成功 
