14.08.41	正常	设备1 CRC = 0x770dfd4b
14.08.42	警告	设备1 写入Bin文件超时-1！ 
14.08.42	警告	设备1 程序下载失败 
14.08.56	正常	设备1 继续下载失败的bin文件！ 
14.09.08	正常	设备1 程序下载成功 
14.22.19	正常	设备1 CRC = 0xff942e1d
14.22.21	警告	设备1 写入Bin文件超时-1！ 
14.22.21	警告	设备1 程序下载失败 
14.22.22	正常	设备1 继续下载失败的bin文件！ 
14.22.35	正常	设备1 程序下载成功 
14.27.26	正常	设备1 CRC = 0x66e11c16
14.27.27	警告	设备1 写入Bin文件超时-1！ 
14.27.27	警告	设备1 程序下载失败 
14.27.29	正常	设备1 继续下载失败的bin文件！ 
14.27.42	正常	设备1 程序下载成功 
14.29.26	正常	设备1 CRC = 0x36689a87
14.29.28	警告	设备1 写入Bin文件超时-1！ 
14.29.28	警告	设备1 程序下载失败 
14.29.30	正常	设备1 继续下载失败的bin文件！ 
14.29.42	正常	设备1 程序下载成功 
14.33.18	正常	设备1 CRC = 0x0c8b508c
14.33.19	警告	设备1 写入Bin文件超时-1！ 
14.33.19	警告	设备1 程序下载失败 
14.33.22	正常	设备1 继续下载失败的bin文件！ 
14.33.34	正常	设备1 程序下载成功 
14.34.42	正常	设备1 CRC = 0xbb29345d
14.34.44	警告	设备1 写入Bin文件超时-1！ 
14.34.44	警告	设备1 程序下载失败 
14.34.44	正常	设备1 继续下载失败的bin文件！ 
14.34.57	正常	设备1 程序下载成功 
14.36.20	正常	设备1 CRC = 0x48c090ce
14.36.22	警告	设备1 写入Bin文件超时-1！ 
14.36.22	警告	设备1 程序下载失败 
14.36.22	正常	设备1 继续下载失败的bin文件！ 
14.36.35	正常	设备1 程序下载成功 
14.38.01	正常	设备1 CRC = 0xab7977cc
14.38.03	警告	设备1 写入Bin文件超时-1！ 
14.38.03	警告	设备1 程序下载失败 
14.38.03	正常	设备1 继续下载失败的bin文件！ 
14.38.16	正常	设备1 程序下载成功 
14.41.14	正常	设备1 CRC = 0xab7977cc
14.41.15	警告	设备1 写入Bin文件超时-1！ 
14.41.15	警告	设备1 程序下载失败 
14.41.17	正常	设备1 继续下载失败的bin文件！ 
14.41.29	正常	设备1 程序下载成功 
14.48.07	正常	设备1 CRC = 0xab7977cc
14.48.09	警告	设备1 写入Bin文件超时-1！ 
14.48.09	警告	设备1 程序下载失败 
14.48.10	正常	设备1 继续下载失败的bin文件！ 
14.48.23	正常	设备1 程序下载成功 
14.52.44	正常	设备1 CRC = 0xabcac6bd
14.52.45	警告	设备1 写入Bin文件超时-1！ 
14.52.45	警告	设备1 程序下载失败 
14.52.47	正常	设备1 继续下载失败的bin文件！ 
14.52.59	正常	设备1 程序下载成功 
14.53.49	正常	设备1 CRC = 0x7cad117b
14.53.51	警告	设备1 写入Bin文件超时-1！ 
14.53.51	警告	设备1 程序下载失败 
14.53.57	正常	设备1 继续下载失败的bin文件！ 
14.54.09	正常	设备1 程序下载成功 
15.06.32	正常	设备1 CRC = 0xab7977cc
15.06.34	警告	设备1 写入Bin文件超时-1！ 
15.06.34	警告	设备1 程序下载失败 
15.06.36	正常	设备1 继续下载失败的bin文件！ 
15.06.49	正常	设备1 程序下载成功 
15.55.51	正常	设备1 CRC = 0x81f7a848
15.55.53	警告	设备1 写入Bin文件超时-1！ 
15.55.53	警告	设备1 程序下载失败 
15.55.55	正常	设备1 继续下载失败的bin文件！ 
15.56.07	正常	设备1 程序下载成功 
15.59.55	正常	设备1 读出成功!!
16.00.37	正常	设备1 CRC = 0x26071a08
16.00.39	警告	设备1 写入Bin文件超时-1！ 
16.00.39	警告	设备1 程序下载失败 
16.00.40	正常	设备1 继续下载失败的bin文件！ 
16.00.53	正常	设备1 程序下载成功 
16.02.41	正常	设备1 读出成功!!
16.05.12	错误	设备1 dump复位失败!!
16.05.12	错误	设备1 读出失败!!
16.05.41	正常	设备1 读出成功!!
16.09.39	正常	设备1 读出成功!!
16.14.02	正常	设备1 读出成功!!
16.43.29	正常	设备1 CRC = 0xe85c467e
16.43.42	正常	设备1 程序下载成功 
17.01.46	正常	设备1 CRC = 0x0ab32936
17.01.59	正常	设备1 程序下载成功 
17.06.44	正常	设备1 CRC = 0xb17bd8ca
17.06.57	正常	设备1 程序下载成功 
17.17.13	正常	设备1 读出成功!!
17.24.04	正常	设备1 CRC = 0xa374662f
17.24.16	正常	设备1 程序下载成功 
