10.52.28	正常	设备1 CRC = 0x6bce7fbb
10.52.41	正常	设备1 程序下载成功 
11.03.37	正常	设备1 CRC = 0xd3dc53fe
11.03.51	正常	设备1 程序下载成功 
11.08.13	正常	设备1 CRC = 0xe3a14bf0
11.08.26	正常	设备1 程序下载成功 
11.21.41	正常	设备1 CRC = 0x0447420d
11.21.42	警告	设备1 写入Bin文件超时-1！ 
11.21.42	警告	设备1 程序下载失败 
11.21.43	正常	设备1 继续下载失败的bin文件！ 
11.21.57	正常	设备1 程序下载成功 
11.27.46	正常	设备1 CRC = 0x40aeff18
11.27.47	警告	设备1 写入Bin文件超时-1！ 
11.27.47	警告	设备1 程序下载失败 
11.27.49	正常	设备1 继续下载失败的bin文件！ 
11.28.02	正常	设备1 程序下载成功 
11.36.20	正常	设备1 CRC = 0x5fcc1419
11.36.21	警告	设备1 写入Bin文件超时-1！ 
11.36.21	警告	设备1 程序下载失败 
11.36.23	正常	设备1 继续下载失败的bin文件！ 
11.36.37	正常	设备1 程序下载成功 
11.41.11	正常	设备1 CRC = 0xeadab30a
11.41.13	警告	设备1 写入Bin文件超时-1！ 
11.41.13	警告	设备1 程序下载失败 
11.41.14	正常	设备1 继续下载失败的bin文件！ 
11.41.26	正常	设备1 程序下载成功 
13.51.48	正常	设备1 CRC = 0xeadab30a
13.51.49	警告	设备1 写入Bin文件超时-1！ 
13.51.49	警告	设备1 程序下载失败 
13.51.57	正常	设备1 CRC = 0x0447420d
13.52.10	正常	设备1 程序下载成功 
