10.04.05	正常	设备1 CRC = 0x3e0c6dc8
10.04.20	正常	设备1 程序下载成功 
10.10.56	正常	设备1 CRC = 0x3e0c6dc8
10.11.11	正常	设备1 程序下载成功 
10.46.10	正常	设备1 CRC = 0x89616874
10.46.24	正常	设备1 程序下载成功 
10.55.10	正常	设备1 CRC = 0x8e1ad1b9
10.55.26	正常	设备1 程序下载成功 
10.57.43	正常	设备1 CRC = 0x26bf2891
10.57.59	正常	设备1 程序下载成功 
11.02.27	正常	设备1 CRC = 0x519d0935
11.02.40	正常	设备1 程序下载成功 
11.09.29	正常	设备1 CRC = 0x7d3d6866
11.09.43	正常	设备1 程序下载成功 
11.11.19	正常	设备1 CRC = 0x924f3c5e
11.11.33	正常	设备1 程序下载成功 
11.12.33	正常	设备1 CRC = 0x3d6d0fc2
11.12.35	警告	设备1 写入Bin文件超时-1！ 
11.12.35	警告	设备1 程序下载失败 
11.12.36	正常	设备1 继续下载失败的bin文件！ 
11.12.50	正常	设备1 程序下载成功 
11.18.31	正常	设备1 CRC = 0xe65cb730
11.18.32	警告	设备1 写入Bin文件超时-1！ 
11.18.32	警告	设备1 程序下载失败 
11.18.34	正常	设备1 继续下载失败的bin文件！ 
11.18.49	正常	设备1 程序下载成功 
11.21.04	正常	设备1 CRC = 0x1d68c72e
11.21.19	正常	设备1 程序下载成功 
11.22.14	正常	设备1 CRC = 0x1aa6ca46
11.22.16	警告	设备1 写入Bin文件超时-1！ 
11.22.16	警告	设备1 程序下载失败 
11.22.17	正常	设备1 继续下载失败的bin文件！ 
11.22.33	正常	设备1 程序下载成功 
11.24.14	正常	设备1 CRC = 0x26bf2891
11.24.15	警告	设备1 写入Bin文件超时-1！ 
11.24.15	警告	设备1 程序下载失败 
11.24.16	正常	设备1 继续下载失败的bin文件！ 
11.24.31	正常	设备1 程序下载成功 
11.26.30	正常	设备1 CRC = 0x60fde454
11.26.46	正常	设备1 程序下载成功 
11.31.26	正常	设备1 CRC = 0xa46578a9
11.31.27	警告	设备1 写入Bin文件超时-1！ 
11.31.27	警告	设备1 程序下载失败 
11.31.29	正常	设备1 继续下载失败的bin文件！ 
11.31.43	正常	设备1 程序下载成功 
14.45.58	正常	设备1 CRC = 0x4e178fa0
14.46.00	警告	设备1 写入Bin文件超时-1！ 
14.46.00	警告	设备1 程序下载失败 
14.46.01	正常	设备1 继续下载失败的bin文件！ 
14.46.16	正常	设备1 程序下载成功 
15.09.52	正常	设备1 CRC = 0xe69cf2cb
15.10.08	正常	设备1 程序下载成功 
16.10.02	正常	设备1 CRC = 0xa0db27da
16.10.04	警告	设备1 写入Bin文件超时-1！ 
16.10.04	警告	设备1 程序下载失败 
16.10.05	正常	设备1 继续下载失败的bin文件！ 
16.10.19	正常	设备1 程序下载成功 
16.12.35	正常	设备1 CRC = 0xd1f82787
16.12.37	警告	设备1 写入Bin文件超时-1！ 
16.12.37	警告	设备1 程序下载失败 
16.12.37	正常	设备1 继续下载失败的bin文件！ 
16.12.52	正常	设备1 程序下载成功 
16.14.04	正常	设备1 CRC = 0xd75ac9e0
16.14.06	警告	设备1 写入Bin文件超时-1！ 
16.14.06	警告	设备1 程序下载失败 
16.14.22	正常	设备1 继续下载失败的bin文件！ 
16.14.38	正常	设备1 程序下载成功 
