09.52.57	正常	设备1 CRC = 0xdb8ce36b
09.53.12	正常	设备1 程序下载成功 
10.05.17	正常	设备1 CRC = 0x5d885877
10.05.18	警告	设备1 写入Bin文件超时-1！ 
10.05.18	警告	设备1 程序下载失败 
10.05.21	正常	设备1 继续下载失败的bin文件！ 
10.05.36	正常	设备1 程序下载成功 
10.08.57	正常	设备1 CRC = 0x5d885877
10.08.59	警告	设备1 写入Bin文件超时-1！ 
10.08.59	警告	设备1 程序下载失败 
10.09.08	正常	设备1 继续下载失败的bin文件！ 
10.09.23	正常	设备1 程序下载成功 
10.57.15	正常	设备1 CRC = 0x52be525d
10.57.17	警告	设备1 写入Bin文件超时-1！ 
10.57.17	警告	设备1 程序下载失败 
10.57.17	正常	设备1 继续下载失败的bin文件！ 
10.57.32	正常	设备1 程序下载成功 
11.03.50	正常	设备1 CRC = 0x5d885877
11.03.52	警告	设备1 写入Bin文件超时-1！ 
11.03.52	警告	设备1 程序下载失败 
11.03.53	正常	设备1 继续下载失败的bin文件！ 
11.04.09	正常	设备1 程序下载成功 
11.06.31	正常	设备1 CRC = 0x52be525d
11.06.32	警告	设备1 写入Bin文件超时-1！ 
11.06.32	警告	设备1 程序下载失败 
11.06.33	正常	设备1 继续下载失败的bin文件！ 
11.06.48	正常	设备1 程序下载成功 
11.07.07	正常	设备1 CRC = 0x52be525d
11.07.08	错误	设备1 downImage复位失败!!
11.07.08	警告	设备1 程序下载失败 
14.00.43	正常	设备1 CRC = 0x26373b17
14.00.45	警告	设备1 写入Bin文件超时-1！ 
14.00.45	警告	设备1 程序下载失败 
14.00.45	正常	设备1 继续下载失败的bin文件！ 
14.01.00	正常	设备1 程序下载成功 
14.05.20	正常	设备1 CRC = 0x6b8ad919
14.05.22	警告	设备1 写入Bin文件超时-1！ 
14.05.22	警告	设备1 程序下载失败 
14.05.23	正常	设备1 继续下载失败的bin文件！ 
14.05.37	正常	设备1 程序下载成功 
14.12.09	正常	设备1 CRC = 0x29cfcc24
14.12.11	警告	设备1 写入Bin文件超时-1！ 
14.12.11	警告	设备1 程序下载失败 
14.12.12	正常	设备1 继续下载失败的bin文件！ 
14.12.27	正常	设备1 程序下载成功 
14.14.05	正常	设备1 CRC = 0x8b59f4f6
14.14.07	警告	设备1 写入Bin文件超时-1！ 
14.14.07	警告	设备1 程序下载失败 
14.14.14	正常	设备1 继续下载失败的bin文件！ 
14.14.29	正常	设备1 程序下载成功 
14.20.59	正常	设备1 CRC = 0xcbff0068
14.21.01	警告	设备1 写入Bin文件超时-1！ 
14.21.01	警告	设备1 程序下载失败 
14.21.01	正常	设备1 继续下载失败的bin文件！ 
14.21.16	正常	设备1 程序下载成功 
14.26.34	正常	设备1 CRC = 0xfcaa8bd4
14.26.35	警告	设备1 写入Bin文件超时-1！ 
14.26.35	警告	设备1 程序下载失败 
14.26.37	正常	设备1 继续下载失败的bin文件！ 
14.26.51	正常	设备1 程序下载成功 
