09.47.56	正常	设备1 CRC = 0x942fd4fd
09.47.58	警告	设备1 写入Bin文件超时-1！ 
09.47.58	警告	设备1 程序下载失败 
09.47.59	正常	设备1 继续下载失败的bin文件！ 
09.48.13	正常	设备1 程序下载成功 
09.59.43	正常	设备1 CRC = 0x95a8e6ab
09.59.45	警告	设备1 写入Bin文件超时-1！ 
09.59.45	警告	设备1 程序下载失败 
09.59.46	正常	设备1 继续下载失败的bin文件！ 
09.59.59	正常	设备1 程序下载成功 
10.20.38	正常	设备1 CRC = 0xc9a3d5f4
10.20.39	警告	设备1 写入Bin文件超时-1！ 
10.20.40	警告	设备1 程序下载失败 
10.20.41	正常	设备1 继续下载失败的bin文件！ 
10.20.54	正常	设备1 程序下载成功 
10.48.31	正常	设备1 CRC = 0x942fd4fd
10.48.32	警告	设备1 写入Bin文件超时-1！ 
10.48.32	警告	设备1 程序下载失败 
10.48.48	正常	设备1 继续下载失败的bin文件！ 
10.49.01	正常	设备1 程序下载成功 
10.53.05	正常	设备1 CRC = 0xcffa3236
10.53.07	警告	设备1 写入Bin文件超时-1！ 
10.53.07	警告	设备1 程序下载失败 
10.53.08	正常	设备1 继续下载失败的bin文件！ 
10.53.21	正常	设备1 程序下载成功 
11.03.40	正常	设备1 CRC = 0xcb81e2e6
11.03.42	警告	设备1 写入Bin文件超时-1！ 
11.03.42	警告	设备1 程序下载失败 
11.16.58	正常	设备1 继续下载失败的bin文件！ 
11.17.12	正常	设备1 程序下载成功 
11.26.55	正常	设备1 CRC = 0xc65c8cff
11.26.57	警告	设备1 写入Bin文件超时-1！ 
11.26.57	警告	设备1 程序下载失败 
11.26.58	正常	设备1 继续下载失败的bin文件！ 
11.27.10	正常	设备1 程序下载成功 
