11.31.36	正常	设备1 CRC = 0xc946cc65
11.31.37	警告	设备1 写入Bin文件超时-1！ 
11.31.37	警告	设备1 程序下载失败 
11.31.38	正常	设备1 继续下载失败的bin文件！ 
11.31.52	正常	设备1 程序下载成功 
11.59.09	正常	设备1 CRC = 0x2c61c43b
11.59.11	警告	设备1 写入Bin文件超时-1！ 
11.59.11	警告	设备1 程序下载失败 
11.59.12	正常	设备1 继续下载失败的bin文件！ 
11.59.25	正常	设备1 程序下载成功 
14.21.08	正常	设备1 CRC = 0xecd8ba0b
14.21.10	警告	设备1 写入Bin文件超时-1！ 
14.21.10	警告	设备1 程序下载失败 
14.21.11	正常	设备1 继续下载失败的bin文件！ 
14.21.28	正常	设备1 程序下载成功 
14.24.37	正常	设备1 CRC = 0xecd8ba0b
14.24.54	正常	设备1 程序下载成功 
14.26.27	正常	设备1 CRC = 0xecd8ba0b
14.26.44	正常	设备1 程序下载成功 
14.26.55	正常	设备1 CRC = 0xecd8ba0b
14.27.12	正常	设备1 程序下载成功 
14.28.41	正常	设备1 读出成功!!
14.30.03	正常	设备1 擦除成功!!
14.30.26	正常	设备1 读出成功!!
14.30.56	正常	设备1 CRC = 0xecd8ba0b
14.31.12	正常	设备1 程序下载成功 
14.31.34	正常	设备1 读出成功!!
14.33.42	正常	设备1 读出成功!!
14.34.15	正常	设备1 CRC = 0xecd8ba0b
14.34.32	正常	设备1 程序下载成功 
14.34.35	正常	设备1 CRC = 0xecd8ba0b
14.34.52	正常	设备1 程序下载成功 
14.35.05	正常	设备1 CRC = 0xecd8ba0b
14.35.06	警告	设备1 写入Bin文件超时-1！ 
14.35.06	警告	设备1 程序下载失败 
14.35.17	正常	设备1 继续下载失败的bin文件！ 
14.35.33	正常	设备1 程序下载成功 
14.35.47	正常	设备1 CRC = 0xecd8ba0b
14.36.03	正常	设备1 程序下载成功 
14.36.14	正常	设备1 CRC = 0xecd8ba0b
14.36.31	正常	设备1 程序下载成功 
14.36.43	正常	设备1 CRC = 0xecd8ba0b
14.36.45	警告	设备1 写入Bin文件超时-1！ 
14.36.45	警告	设备1 程序下载失败 
14.39.04	正常	设备1 CRC = 0x4c7c1cd4
14.39.21	正常	设备1 程序下载成功 
14.39.32	正常	设备1 CRC = 0x4c7c1cd4
14.39.33	警告	设备1 写入Bin文件超时-1！ 
14.39.33	警告	设备1 程序下载失败 
14.39.35	正常	设备1 继续下载失败的bin文件！ 
14.39.51	正常	设备1 程序下载成功 
14.40.00	正常	设备1 CRC = 0x4c7c1cd4
14.40.02	警告	设备1 写入Bin文件超时-1！ 
14.40.02	警告	设备1 程序下载失败 
14.40.21	正常	设备1 读出成功!!
14.40.47	正常	设备1 继续下载失败的bin文件！ 
14.41.04	正常	设备1 程序下载成功 
14.43.06	正常	设备1 读出成功!!
14.44.00	正常	设备1 读出成功!!
15.02.05	正常	设备1 CRC = 0x43560597
15.02.19	正常	设备1 程序下载成功 
15.04.04	正常	设备1 CRC = 0xde15f283
15.04.18	正常	设备1 程序下载成功 
15.08.46	正常	设备1 CRC = 0x9824d4fe
15.08.47	警告	设备1 写入Bin文件超时-1！ 
15.08.47	警告	设备1 程序下载失败 
15.08.49	正常	设备1 继续下载失败的bin文件！ 
15.09.03	正常	设备1 程序下载成功 
15.19.00	正常	设备1 CRC = 0xaebe8c2d
15.19.02	警告	设备1 写入Bin文件超时-1！ 
15.19.02	警告	设备1 程序下载失败 
15.19.03	正常	设备1 继续下载失败的bin文件！ 
15.19.17	正常	设备1 程序下载成功 
15.19.46	正常	设备1 CRC = 0xa49caf95
15.19.47	警告	设备1 写入Bin文件超时-1！ 
15.19.47	警告	设备1 程序下载失败 
15.19.48	正常	设备1 继续下载失败的bin文件！ 
15.20.02	正常	设备1 程序下载成功 
