09.56.53	正常	设备1 CRC = 0x612ce919
09.56.53	错误	设备1 downImage复位失败!!
09.56.53	警告	设备1 程序下载失败 
09.57.04	正常	设备1 继续下载失败的bin文件！ 
09.57.16	正常	设备1 程序下载成功 
09.57.21	正常	设备1 CRC = 0x612ce919
09.57.34	正常	设备1 程序下载成功 
09.59.47	正常	设备1 CRC = 0x977ff61e
09.59.59	正常	设备1 程序下载成功 
10.36.54	正常	设备1 CRC = 0x3e0d40a1
10.37.07	正常	设备1 程序下载成功 
10.48.57	正常	设备1 CRC = 0x3e0d40a1
10.49.09	正常	设备1 程序下载成功 
11.30.52	正常	设备1 CRC = 0x92d084e0
11.31.04	正常	设备1 程序下载成功 
11.32.05	正常	设备1 CRC = 0x2a19d5af
11.32.06	错误	设备1 downImage复位失败!!
11.32.06	警告	设备1 程序下载失败 
11.32.12	正常	设备1 继续下载失败的bin文件！ 
11.32.25	正常	设备1 程序下载成功 
11.35.53	正常	设备1 CRC = 0x828ba9f4
11.36.06	正常	设备1 程序下载成功 
14.16.33	正常	设备1 CRC = 0x99ab3c88
14.16.46	正常	设备1 程序下载成功 
14.30.44	正常	设备1 CRC = 0x759ab592
14.30.57	正常	设备1 程序下载成功 
14.41.33	正常	设备1 CRC = 0xa20e8e95
14.41.45	正常	设备1 程序下载成功 
14.43.33	正常	设备1 CRC = 0xabba1a75
14.43.46	正常	设备1 程序下载成功 
15.18.23	正常	设备1 CRC = 0xfb6ff864
15.18.34	正常	设备1 程序下载成功 
15.20.03	正常	设备1 CRC = 0x630978cf
15.20.15	正常	设备1 程序下载成功 
15.26.24	正常	设备1 CRC = 0xa9a9596a
15.26.36	正常	设备1 程序下载成功 
15.27.27	正常	设备1 CRC = 0x630978cf
15.27.40	正常	设备1 程序下载成功 
