Build target 'BK3435_bim'
compiling bim_app.c...
app\bim_app.c(453): warning:  #550-D: variable "pBuffer" was set but never used        char * pBuffer;
app\bim_app.c(482): warning:  #177-D: variable "addr_tmp" was declared but never referenced      uint32 addr_tmp,i;
app\bim_app.c(482): warning:  #177-D: variable "i" was declared but never referenced      uint32 addr_tmp,i;
app\bim_app.c(483): warning:  #177-D: variable "tmp" was declared but never referenced      uint8 tmp=0xff;
app\bim_app.c: 4 warnings, 0 errors
compiling bim_intc.c...
compiling bim_updataImage.c...
assembling bim_vectors.s...
assembling bim_handlers.s...
compiling bim_flash.c...
compiling bim_gpio.c...
compiling bim_icu.c...
compiling bim_wdt.c...
compiling rf_xvr.c...
compiling bim_adc.c...
compiling bim_uart2.c...
compiling driver_usb.c...
usb\driver_usb.c(324): warning:  #177-D: variable "sz" was declared but never referenced        int sz;
usb\driver_usb.c(339): warning:  #550-D: variable "csr1" was set but never used        UI16 csr1;
usb\driver_usb.c: 2 warnings, 0 errors
compiling usb.c...
compiling usb_desc.c...
compiling usbclass.c...
linking...
Program Size: Code=11080 RO-data=316 RW-data=80 ZI-data=40872  
After Build - User command #1: fromelf --bin --output .\output\bk3633_boot.bin .\obj\bk3633_boot.axf
After Build - User command #2: .\output\encrypt_bim.bat

E:\work\BK3633\code\internal\BK3633_BLE\SDK\projects\boot_usb_central>.\output\encrypt.exe .\output\bk3633_boot.bin 00000000 
/**< @author <luoyao@bekencorp.com> */
/**< @version v0.2 */
 Encrypt Seccessfully!
 -FileSize: 0x2fae

E:\work\BK3633\code\internal\BK3633_BLE\SDK\projects\boot_usb_central>copy .\output\bk3633_boot.bin ..\app_gatt_central\output\boot 
已复制         1 个文件。
".\obj\bk3633_boot.axf" - 0 Error(s), 6 Warning(s).
