Build target 'Target1'
Before Build - User command #1: del.bat

E:\work\BK3633\code\internal\BK3633_BLE\SDK\projects\app_2.4g\app_usb_2.4g>if exist ..\..\..\..\..\delete_me.config (echo delete exit  )  else (
del ..\..\..\..\readme.docx  /s/q  
 rd ..\..\..\projects\stack /s /q  
 rd ..\..\..\projects\all_code_compile /s /q  
 rd ..\..\..\projects\stack_all_roles /s /q  
 rd ..\..\..\projects\stack_all_roles_lib_jtag /s /q  
 del ..\..\..\src\ip\*.c /s /q  
 del ..\..\..\src\modules\*.c /s /q  
 del ..\..\..\..\..\bk3633_V*.rar  /s/q 
) 
delete exit 
assembling handlers.s...
assembling vectors.s...
compiling main.c...
app\src\main.c(233): warning:  #177-D: variable "i" was declared but never referenced      uint8_t i;
app\src\main.c(234): warning:  #177-D: variable "ms_buf" was declared but never referenced      uint8_t ms_buf[16];
app\src\main.c: 2 warnings, 0 errors
compiling intc.c...
compiling app.c...
compiling aes.c...
compiling flash.c...
compiling rf_xvr_24.c...
..\..\..\Src\driver\rf\rf_xvr_24.c(350): warning:  #61-D: integer operation result is out of range      addXVR_Reg0x24 |= (1<<31);
..\..\..\Src\driver\rf\rf_xvr_24.c(350): warning:  #68-D: integer conversion resulted in a change of sign      addXVR_Reg0x24 |= (1<<31);
..\..\..\Src\driver\rf\rf_xvr_24.c(412): warning:  #61-D: integer operation result is out of range      addXVR_Reg0x24 &= ~(1<<31);
..\..\..\Src\driver\rf\rf_xvr_24.c: 3 warnings, 0 errors
compiling gpio.c...
compiling spi.c...
compiling icu.c...
compiling wdt.c...
compiling adc.c...
compiling uart2.c...
compiling uart.c...
compiling aon_rtc.c...
compiling i2c.c...
compiling dma.c...
compiling driver_timer.c...
compiling driver_sensor.c...
compiling application_main.c...
compiling APPLICATION_MODE_NORMAL.c...
compiling application_mode_page.c...
compiling application_mode_PCBA.c...
compiling APPLICATION_MODE_TEST.C...
compiling application_rf.c...
compiling driver_rf.c...
compiling driver_usb.c...
..\..\..\src\driver\usb_driver\driver_usb.c(350): warning:  #47-D: incompatible redefinition of macro "TEST_PIN2" (declared at line 49 of ".\app\api\app.h")  #define TEST_PIN2               0x03
..\..\..\src\driver\usb_driver\driver_usb.c: 1 warning, 0 errors
compiling usb.c...
compiling usb_desc.c...
..\..\..\src\driver\usb_driver\usb\usb_desc.c(66): warning:  #68-D: integer conversion resulted in a change of sign      HidLogiMin8(-127),                      //0x15, 0x81,   LOGICAL MINIMUM (-127)
..\..\..\src\driver\usb_driver\usb\usb_desc.c: 1 warning, 0 errors
compiling usbclass.c...
linking...
Program Size: Code=28164 RO-data=756 RW-data=368 ZI-data=37132  
After Build - User command #1: fromelf --bin --output .\output\app\bk3633_app.bin .\obj\bk3633_app.axf
After Build - User command #2: .\output\translate.bat

E:\work\BK3633\code\internal\BK3633_BLE\SDK\projects\app_2.4g\app_usb_2.4g>.\output\BinConvert  -oad .\output\boot\bk3633_boot.bin  .\output\stack\bk3633_stack.bin  .\output\app\bk3633_app.bin -m 0x4960 -l 0x4b60 -v 0x0006 -rom_v 0x0002 -e 00000000 00000000 00000000 00000000 
cmd_bin_oad.stack_file_addr :0x4960
binary version hex:0x6; dec:6

Arm Image Binary will be converted to OAD format binary file.....
cmd_bin_oad.stack_file_addr=4960
boot_bin_len=2bd8
add stack bin start
        Encrypt Seccessfully!
        File Size: 0xca46

oad_stack_app_bin_len=7d00
oad_app_bin_len=7ae0
c2 af 36 8d 06 00 b8 1e 42 42 42 42 ff ff 02 00 /**< @CREATE_FILE_SUCCESS */
/**< @Download flash file:.\output\app\bk3633_app_merge_crc.bin
/**< @OAD file :.\output\app\bk3633_app_stack_oad.bin,CRC = 0x1c5337ae
/**< @OAD file :.\output\app\bk3633_app_oad.bin,CRC = 0x8d36afc2
/**< @author <gang.cheng@bekencorp.com> */
/**< @version v0.3 */

E:\work\BK3633\code\internal\BK3633_BLE\SDK\projects\app_2.4g\app_usb_2.4g>del .\output\app\bk3633_app_stack_oad.bin 

E:\work\BK3633\code\internal\BK3633_BLE\SDK\projects\app_2.4g\app_usb_2.4g>del .\output\app\bk3633_app_merge_boot_stack.out 
".\obj\bk3633_app.axf" - 0 Error(s), 7 Warning(s).
