09.43.23	正常	设备1 CRC = 0x89e1f2c0
09.43.37	正常	设备1 程序下载成功 
10.04.20	正常	设备1 CRC = 0x89e1f2c0
10.04.34	正常	设备1 程序下载成功 
10.57.23	正常	设备1 CRC = 0x55954edb
10.57.37	正常	设备1 程序下载成功 
11.09.47	正常	设备1 CRC = 0x89e1f2c0
11.09.48	错误	设备1 downImage复位失败!!
11.09.48	警告	设备1 程序下载失败 
11.09.55	正常	设备1 继续下载失败的bin文件！ 
11.10.09	正常	设备1 程序下载成功 
11.16.30	正常	设备1 CRC = 0x6f624a2d
11.16.43	正常	设备1 程序下载成功 
11.16.53	正常	设备1 CRC = 0x6f624a2d
11.16.55	错误	设备1 芯片烧录信息加载超时！
11.16.55	警告	设备1 程序下载失败 
11.16.57	错误	设备1 Vpp关闭操作超时！
11.18.51	正常	设备1 继续下载失败的bin文件！ 
11.19.05	正常	设备1 程序下载成功 
11.20.06	正常	设备1 CRC = 0x5c845357
11.20.20	正常	设备1 程序下载成功 
11.33.19	正常	设备1 CRC = 0x55954edb
11.33.33	正常	设备1 程序下载成功 
13.36.45	正常	设备1 CRC = 0x55954edb
13.36.59	正常	设备1 程序下载成功 
13.37.40	正常	设备1 CRC = 0xc14f2879
13.37.53	正常	设备1 程序下载成功 
13.51.13	正常	设备1 CRC = 0x8cb66905
13.51.28	正常	设备1 程序下载成功 
13.54.59	正常	设备1 CRC = 0xdb23d959
13.54.59	错误	设备1 downImage复位失败!!
13.55.00	警告	设备1 程序下载失败 
13.55.14	正常	设备1 继续下载失败的bin文件！ 
13.55.28	正常	设备1 程序下载成功 
13.57.43	正常	设备1 CRC = 0xc118c2f4
13.57.57	正常	设备1 程序下载成功 
14.06.25	正常	设备1 CRC = 0x35030077
14.06.39	正常	设备1 程序下载成功 
14.16.28	正常	设备1 CRC = 0x4bb14c11
14.16.42	正常	设备1 程序下载成功 
14.19.15	正常	设备1 CRC = 0xf40810f3
14.19.29	正常	设备1 程序下载成功 
14.20.39	正常	设备1 CRC = 0xefa22d40
14.20.53	正常	设备1 程序下载成功 
14.20.58	正常	设备1 CRC = 0xefa22d40
14.21.12	正常	设备1 程序下载成功 
14.22.33	正常	设备1 CRC = 0x4bb14c11
14.22.47	正常	设备1 程序下载成功 
14.26.38	正常	设备1 CRC = 0x54020986
14.26.53	正常	设备1 程序下载成功 
14.33.06	正常	设备1 CRC = 0x22c374df
14.33.20	正常	设备1 程序下载成功 
14.35.21	正常	设备1 CRC = 0xcc561074
14.35.36	正常	设备1 程序下载成功 
14.45.10	正常	设备1 CRC = 0x4022ff7d
14.45.24	正常	设备1 程序下载成功 
14.46.36	正常	设备1 CRC = 0xaeb79bd6
14.46.49	正常	设备1 程序下载成功 
14.51.19	正常	设备1 CRC = 0xb23bfac2
14.51.33	正常	设备1 程序下载成功 
15.04.32	正常	设备1 CRC = 0x545f2504
15.04.46	正常	设备1 程序下载成功 
15.10.41	正常	设备1 CRC = 0x6b2fd20c
15.10.55	正常	设备1 程序下载成功 
15.47.47	正常	设备1 CRC = 0x1d3956d2
15.48.01	正常	设备1 程序下载成功 
16.02.02	正常	设备1 CRC = 0x2942a48a
16.02.16	正常	设备1 程序下载成功 
16.13.56	正常	设备1 CRC = 0xd529e8c2
16.14.10	正常	设备1 程序下载成功 
16.18.34	正常	设备1 CRC = 0x867a0f4e
16.18.48	正常	设备1 程序下载成功 
16.22.37	正常	设备1 CRC = 0xd6e61e56
16.22.51	正常	设备1 程序下载成功 
16.24.19	正常	设备1 CRC = 0x55954edb
16.24.19	错误	设备1 downImage复位失败!!
16.24.20	警告	设备1 程序下载失败 
16.24.30	正常	设备1 继续下载失败的bin文件！ 
16.24.43	正常	设备1 程序下载成功 
16.27.21	正常	设备1 CRC = 0xaba84a87
16.27.35	正常	设备1 程序下载成功 
16.29.23	正常	设备1 CRC = 0x4bc51dd7
16.29.37	正常	设备1 程序下载成功 
16.33.45	正常	设备1 CRC = 0x4bc51dd7
16.33.59	正常	设备1 程序下载成功 
16.34.00	正常	设备1 CRC = 0xc206e233
16.34.14	正常	设备1 程序下载成功 
16.35.41	正常	设备1 CRC = 0x55954edb
16.35.55	正常	设备1 程序下载成功 
16.44.07	正常	设备1 CRC = 0x2ab55a85
16.44.20	正常	设备1 程序下载成功 
16.45.37	正常	设备1 CRC = 0xe3f64e48
16.45.51	正常	设备1 程序下载成功 
16.47.30	正常	设备1 CRC = 0xedd1b842
16.47.44	正常	设备1 程序下载成功 
17.01.48	正常	设备1 CRC = 0x55954edb
17.02.02	正常	设备1 程序下载成功 
17.02.12	正常	设备1 CRC = 0xe750db04
17.02.26	正常	设备1 程序下载成功 
17.03.20	正常	设备1 CRC = 0x55954edb
17.03.34	正常	设备1 程序下载成功 
17.08.22	正常	设备1 CRC = 0x55954edb
17.08.36	正常	设备1 程序下载成功 
17.08.42	正常	设备1 CRC = 0xe750db04
17.08.57	正常	设备1 程序下载成功 
17.09.41	正常	设备1 CRC = 0x95a6c4ed
17.09.55	正常	设备1 程序下载成功 
17.24.49	正常	设备1 CRC = 0xf5614263
17.25.03	正常	设备1 程序下载成功 
17.29.25	正常	设备1 CRC = 0x2f2e053c
17.29.39	正常	设备1 程序下载成功 
18.13.16	正常	设备1 CRC = 0x97cac53c
18.13.30	正常	设备1 程序下载成功 
18.25.57	正常	设备1 CRC = 0x97cac53c
18.26.11	正常	设备1 程序下载成功 
18.29.28	正常	设备1 CRC = 0xe6b13d76
18.29.42	正常	设备1 程序下载成功 
18.44.44	正常	设备1 CRC = 0x36b8ce56
18.44.58	正常	设备1 程序下载成功 
18.58.58	正常	设备1 CRC = 0x03d5571e
18.59.12	正常	设备1 程序下载成功 
19.14.24	正常	设备1 CRC = 0x6e88a7d3
19.14.38	正常	设备1 程序下载成功 
