14.34.17	正常	设备1 CRC = 0xb2251721
14.34.17	错误	设备1 downImage复位失败!!
14.34.17	警告	设备1 程序下载失败 
14.34.33	正常	设备1 继续下载失败的bin文件！ 
14.34.34	错误	设备1 downImage复位失败!!
14.34.34	警告	设备1 程序下载失败 
14.38.40	正常	设备1 继续下载失败的bin文件！ 
14.38.40	错误	设备1 downImage复位失败!!
14.38.40	警告	设备1 程序下载失败 
14.38.52	正常	设备1 继续下载失败的bin文件！ 
14.38.55	警告	设备1 写入Bin文件超时-1！ 
14.38.55	警告	设备1 程序下载失败 
14.38.57	错误	设备1 Vpp关闭操作超时！
14.39.04	正常	设备1 继续下载失败的bin文件！ 
14.39.12	正常	设备1 程序下载成功 
14.57.19	正常	设备1 CRC = 0xb2251721
14.57.26	正常	设备1 程序下载成功 
14.57.37	正常	设备1 CRC = 0xb2251721
14.57.44	正常	设备1 程序下载成功 
14.57.46	正常	设备1 CRC = 0xb2251721
14.57.54	正常	设备1 程序下载成功 
15.00.46	正常	设备1 CRC = 0x89a424a9
15.00.46	错误	设备1 downImage复位失败!!
15.00.46	警告	设备1 程序下载失败 
15.00.59	正常	设备1 继续下载失败的bin文件！ 
15.01.00	错误	设备1 downImage复位失败!!
15.01.00	警告	设备1 程序下载失败 
15.01.13	正常	设备1 继续下载失败的bin文件！ 
15.01.13	错误	设备1 downImage复位失败!!
15.01.13	警告	设备1 程序下载失败 
15.01.17	正常	设备1 继续下载失败的bin文件！ 
15.01.34	正常	设备1 程序下载成功 
15.02.24	正常	设备1 CRC = 0x89a424a9
15.02.40	正常	设备1 程序下载成功 
15.06.05	正常	设备1 CRC = 0x89a424a9
15.06.22	正常	设备1 程序下载成功 
15.12.13	正常	设备1 CRC = 0x89a424a9
15.12.14	错误	设备1 downImage复位失败!!
15.12.14	警告	设备1 程序下载失败 
15.12.24	正常	设备1 继续下载失败的bin文件！ 
15.12.24	错误	设备1 downImage复位失败!!
15.12.24	警告	设备1 程序下载失败 
15.12.28	正常	设备1 继续下载失败的bin文件！ 
15.12.29	错误	设备1 downImage复位失败!!
15.12.29	警告	设备1 程序下载失败 
15.12.32	正常	设备1 继续下载失败的bin文件！ 
15.12.49	正常	设备1 程序下载成功 
15.30.01	正常	设备1 CRC = 0xb2251721
15.30.09	正常	设备1 程序下载成功 
15.30.48	正常	设备1 CRC = 0x505ce9ce
15.30.56	正常	设备1 程序下载成功 
15.32.15	正常	设备1 CRC = 0x9e0d8629
15.32.23	正常	设备1 程序下载成功 
15.50.59	正常	设备1 CRC = 0x9e0d8629
15.51.07	正常	设备1 程序下载成功 
15.54.24	正常	设备1 CRC = 0xb3e46496
15.54.31	正常	设备1 程序下载成功 
17.01.28	正常	设备1 CRC = 0x0dbdf778
17.01.45	正常	设备1 程序下载成功 
17.02.30	正常	设备1 CRC = 0x0dbdf778
17.02.47	正常	设备1 程序下载成功 
17.06.07	正常	设备1 CRC = 0x0dbdf778
17.06.23	正常	设备1 程序下载成功 
17.07.16	正常	设备1 CRC = 0x617433d0
17.07.33	正常	设备1 程序下载成功 
17.31.46	正常	设备1 CRC = 0xb3e46496
17.31.54	正常	设备1 程序下载成功 
