09.42.20	正常	设备1 CRC = 0x5f093f3b
09.42.34	正常	设备1 程序下载成功 
09.43.03	正常	设备1 CRC = 0x5f093f3b
09.43.17	正常	设备1 程序下载成功 
09.57.33	正常	设备1 CRC = 0x5f093f3b
09.57.33	错误	设备1 downImage复位失败!!
09.57.33	警告	设备1 程序下载失败 
09.57.42	正常	设备1 继续下载失败的bin文件！ 
09.57.42	错误	设备1 downImage复位失败!!
09.57.42	警告	设备1 程序下载失败 
09.58.42	正常	设备1 继续下载失败的bin文件！ 
09.58.56	正常	设备1 程序下载成功 
10.25.17	正常	设备1 CRC = 0x5f093f3b
10.25.31	正常	设备1 程序下载成功 
10.25.54	正常	设备1 CRC = 0x5f093f3b
10.26.07	正常	设备1 程序下载成功 
10.26.25	正常	设备1 CRC = 0x5f093f3b
10.26.38	正常	设备1 程序下载成功 
11.22.30	错误	设备1 dump复位失败!!
11.22.30	错误	设备1 读出失败!!
11.22.32	错误	设备1 dump复位失败!!
11.22.32	错误	设备1 读出失败!!
11.27.33	正常	设备1 读出成功!!
17.17.58	正常	设备1 CRC = 0xbe97f8a7
17.18.00	正常	设备1 程序下载成功 
17.24.35	正常	设备1 读出成功!!
17.45.32	正常	设备1 CRC = 0xbe97f8a7
17.45.32	错误	设备1 downImage复位失败!!
17.45.32	警告	设备1 程序下载失败 
17.45.34	正常	设备1 继续下载失败的bin文件！ 
17.45.34	错误	设备1 downImage复位失败!!
17.45.34	警告	设备1 程序下载失败 
17.46.58	正常	设备1 读出成功!!
17.53.02	正常	设备1 CRC = 0xbe97f8a7
17.53.02	错误	设备1 downImage复位失败!!
17.53.02	警告	设备1 程序下载失败 
17.53.13	正常	设备1 继续下载失败的bin文件！ 
17.53.15	正常	设备1 程序下载成功 
18.01.29	正常	设备1 CRC = 0xbe97f8a7
18.01.31	正常	设备1 程序下载成功 
18.05.35	正常	设备1 CRC = 0xa96c53e3
18.05.36	正常	设备1 程序下载成功 
18.34.42	正常	设备1 CRC = 0xa96c53e3
18.34.43	正常	设备1 程序下载成功 
