09.44.15	正常	设备1 CRC = 0x006d43b3
09.44.30	正常	设备1 程序下载成功 
09.50.19	正常	设备1 CRC = 0x3dffa25e
09.50.34	正常	设备1 程序下载成功 
09.54.53	正常	设备1 CRC = 0x008cd085
09.55.09	正常	设备1 程序下载成功 
14.35.50	正常	设备1 CRC = 0x4ba91cc7
14.36.04	正常	设备1 程序下载成功 
14.37.40	正常	设备1 CRC = 0x2c48dbcd
14.37.54	正常	设备1 程序下载成功 
14.42.15	正常	设备1 CRC = 0xd8342166
14.42.29	正常	设备1 程序下载成功 
14.48.39	正常	设备1 CRC = 0x8c9bf702
14.48.53	正常	设备1 程序下载成功 
14.52.33	正常	设备1 CRC = 0x8c9bf702
14.52.47	正常	设备1 程序下载成功 
14.56.58	正常	设备1 CRC = 0xb1b9e541
14.57.12	正常	设备1 程序下载成功 
14.59.27	正常	设备1 CRC = 0xb1b9e541
14.59.42	正常	设备1 程序下载成功 
15.04.08	正常	设备1 CRC = 0x500b6fa7
15.04.22	正常	设备1 程序下载成功 
15.04.33	正常	设备1 CRC = 0x500b6fa7
15.04.49	正常	设备1 程序下载成功 
15.05.18	正常	设备1 CRC = 0x8946ddaf
15.05.32	正常	设备1 程序下载成功 
15.05.45	正常	设备1 CRC = 0x8946ddaf
15.06.00	正常	设备1 程序下载成功 
15.12.00	正常	设备1 CRC = 0xeaa4eea3
15.12.14	正常	设备1 程序下载成功 
15.23.00	正常	设备1 CRC = 0xcd2c67c7
15.23.14	正常	设备1 程序下载成功 
16.44.19	正常	设备1 CRC = 0x1b17e693
16.44.32	正常	设备1 程序下载成功 
17.52.24	正常	设备1 CRC = 0x008cd085
17.52.24	错误	设备1 downImage复位失败!!
17.52.24	警告	设备1 程序下载失败 
17.52.32	正常	设备1 继续下载失败的bin文件！ 
17.52.33	错误	设备1 downImage复位失败!!
17.52.33	警告	设备1 程序下载失败 
17.52.59	正常	设备1 继续下载失败的bin文件！ 
17.53.00	错误	设备1 downImage复位失败!!
17.53.00	警告	设备1 程序下载失败 
17.55.07	正常	设备1 继续下载失败的bin文件！ 
17.55.22	正常	设备1 程序下载成功 
17.59.18	正常	设备1 CRC = 0xd586814a
17.59.33	正常	设备1 程序下载成功 
18.02.36	正常	设备1 CRC = 0xc967bbf4
18.02.51	正常	设备1 程序下载成功 
18.04.02	正常	设备1 CRC = 0xf5945ab8
18.04.17	正常	设备1 程序下载成功 
