09.31.06	正常	设备1 CRC = 0xf41c2137
09.31.19	正常	设备1 程序下载成功 
09.42.27	正常	设备1 CRC = 0xb2af6437
09.42.40	正常	设备1 程序下载成功 
09.57.43	正常	设备1 CRC = 0xb2af6437
09.57.56	正常	设备1 程序下载成功 
09.58.19	正常	设备1 CRC = 0xb2af6437
09.58.32	正常	设备1 程序下载成功 
10.02.02	正常	设备1 CRC = 0xb2af6437
10.02.16	正常	设备1 程序下载成功 
10.04.13	正常	设备1 CRC = 0xb2af6437
10.04.26	正常	设备1 程序下载成功 
10.04.33	正常	设备1 CRC = 0xf8e9c56b
10.04.47	正常	设备1 程序下载成功 
10.08.16	正常	设备1 CRC = 0xf8e9c56b
10.08.30	正常	设备1 程序下载成功 
10.08.38	正常	设备1 CRC = 0xf8e9c56b
10.08.52	正常	设备1 程序下载成功 
10.11.20	正常	设备1 CRC = 0xa56a62c5
10.11.33	正常	设备1 程序下载成功 
10.22.32	正常	设备1 CRC = 0x68b4779a
10.22.46	正常	设备1 程序下载成功 
10.46.06	正常	设备1 CRC = 0x82cd18c9
10.46.19	正常	设备1 程序下载成功 
10.46.39	正常	设备1 CRC = 0xab3033e0
10.46.53	正常	设备1 程序下载成功 
10.48.00	正常	设备1 CRC = 0xab3033e0
10.48.13	正常	设备1 程序下载成功 
11.36.38	正常	设备1 CRC = 0x9570e767
11.36.51	正常	设备1 程序下载成功 
13.59.30	正常	设备1 CRC = 0x44298465
13.59.44	正常	设备1 程序下载成功 
14.06.16	正常	设备1 CRC = 0x3391d59e
14.06.30	正常	设备1 程序下载成功 
14.39.47	正常	设备1 CRC = 0x88382921
14.40.01	正常	设备1 程序下载成功 
15.02.43	正常	设备1 CRC = 0xf841bd16
15.02.57	正常	设备1 程序下载成功 
15.06.34	正常	设备1 CRC = 0x38ecb937
15.06.47	正常	设备1 程序下载成功 
15.09.41	正常	设备1 CRC = 0x80a8ca98
15.09.55	正常	设备1 程序下载成功 
15.13.04	正常	设备1 CRC = 0x80a8ca98
15.13.04	错误	设备1 downImage复位失败!!
15.13.04	警告	设备1 程序下载失败 
15.13.20	正常	设备1 继续下载失败的bin文件！ 
15.13.34	正常	设备1 程序下载成功 
15.27.57	正常	设备1 CRC = 0x87b79bbf
15.28.11	正常	设备1 程序下载成功 
15.55.08	正常	设备1 CRC = 0x2c0d18e3
15.55.22	正常	设备1 程序下载成功 
15.56.34	正常	设备1 CRC = 0xf25c4c5d
15.56.48	正常	设备1 程序下载成功 
15.57.15	正常	设备1 CRC = 0xf25c4c5d
15.57.28	正常	设备1 程序下载成功 
15.57.39	正常	设备1 CRC = 0x3946a615
15.57.53	正常	设备1 程序下载成功 
16.32.40	正常	设备1 CRC = 0x092df6ac
16.32.54	正常	设备1 程序下载成功 
16.34.56	正常	设备1 CRC = 0xe1fbe5ec
16.35.10	正常	设备1 程序下载成功 
16.46.56	正常	设备1 CRC = 0xd5f63fea
16.47.10	正常	设备1 程序下载成功 
16.54.43	正常	设备1 CRC = 0xaf502e1a
16.54.57	正常	设备1 程序下载成功 
17.01.29	正常	设备1 CRC = 0x92b5e819
17.01.43	正常	设备1 程序下载成功 
17.05.29	正常	设备1 CRC = 0xe915336a
17.05.43	正常	设备1 程序下载成功 
17.09.08	正常	设备1 CRC = 0xe82e839c
17.09.23	正常	设备1 程序下载成功 
17.14.19	正常	设备1 CRC = 0x92b5e819
17.14.33	正常	设备1 程序下载成功 
17.16.00	正常	设备1 CRC = 0xb733082f
17.16.14	正常	设备1 程序下载成功 
17.42.12	正常	设备1 CRC = 0xa5f45ae6
17.42.25	正常	设备1 程序下载成功 
17.50.36	正常	设备1 CRC = 0x45640335
17.50.50	正常	设备1 程序下载成功 
18.07.31	正常	设备1 CRC = 0x72ec0f9d
18.07.44	正常	设备1 程序下载成功 
18.11.40	正常	设备1 CRC = 0xf47b2c22
18.11.54	正常	设备1 程序下载成功 
18.24.33	正常	设备1 CRC = 0xa5f45ae6
18.24.46	正常	设备1 程序下载成功 
18.46.43	正常	设备1 CRC = 0xff3e1f57
18.46.57	正常	设备1 程序下载成功 
19.20.07	正常	设备1 CRC = 0x939a12e9
19.20.20	正常	设备1 程序下载成功 
19.28.07	正常	设备1 CRC = 0x821b14fe
19.28.21	正常	设备1 程序下载成功 
19.36.27	正常	设备1 CRC = 0x49be86ad
19.36.40	正常	设备1 程序下载成功 
19.39.43	正常	设备1 CRC = 0x821b14fe
19.39.57	正常	设备1 程序下载成功 
19.54.31	正常	设备1 CRC = 0xeeeb0cf7
19.54.45	正常	设备1 程序下载成功 
19.58.44	正常	设备1 CRC = 0x4f74fe8e
19.58.58	正常	设备1 程序下载成功 
20.00.57	正常	设备1 CRC = 0x6c846dab
20.01.11	正常	设备1 程序下载成功 
20.07.07	正常	设备1 CRC = 0x438c1a06
20.07.21	正常	设备1 程序下载成功 
