09.16.57	正常	设备1 CRC = 0x23f4b34b
09.17.11	正常	设备1 程序下载成功 
09.18.10	正常	设备1 CRC = 0x23f4b34b
09.18.23	正常	设备1 程序下载成功 
09.20.37	正常	设备1 CRC = 0x3f3df7ba
09.20.51	正常	设备1 程序下载成功 
11.34.19	正常	设备1 CRC = 0x3f3df7ba
11.34.19	错误	设备1 downImage复位失败!!
11.34.19	警告	设备1 程序下载失败 
15.02.15	正常	设备1 CRC = 0x8c9bf702
15.02.16	错误	设备1 downImage复位失败!!
15.02.16	警告	设备1 程序下载失败 
15.02.26	正常	设备1 继续下载失败的bin文件！ 
15.02.40	正常	设备1 程序下载成功 
15.02.56	正常	设备1 CRC = 0x8c9bf702
15.03.10	正常	设备1 程序下载成功 
15.29.07	正常	设备1 CRC = 0x8c9bf702
15.29.21	正常	设备1 程序下载成功 
15.29.27	正常	设备1 CRC = 0x0f63c4dc
15.29.40	正常	设备1 程序下载成功 
17.22.31	正常	设备1 CRC = 0x3bf22fe9
17.22.46	正常	设备1 程序下载成功 
17.31.33	正常	设备1 CRC = 0x8d19cdc6
17.31.47	正常	设备1 程序下载成功 
17.37.28	正常	设备1 CRC = 0x478235bd
17.37.42	正常	设备1 程序下载成功 
17.44.05	正常	设备1 CRC = 0x6d215a36
17.44.19	正常	设备1 程序下载成功 
17.52.36	正常	设备1 CRC = 0x2461f5ba
17.52.49	正常	设备1 程序下载成功 
19.10.38	正常	设备1 CRC = 0xe5018d2f
19.10.52	正常	设备1 程序下载成功 
19.33.57	正常	设备1 CRC = 0xc544f845
19.34.10	正常	设备1 程序下载成功 
19.34.15	正常	设备1 CRC = 0xc544f845
19.34.29	正常	设备1 程序下载成功 
19.40.37	正常	设备1 CRC = 0x13411110
19.40.50	正常	设备1 程序下载成功 
19.43.27	正常	设备1 CRC = 0x28931e96
19.43.41	正常	设备1 程序下载成功 
19.44.41	正常	设备1 CRC = 0xe43231d0
19.44.55	正常	设备1 程序下载成功 
19.48.35	正常	设备1 CRC = 0x3a314072
19.48.48	正常	设备1 程序下载成功 
19.50.12	正常	设备1 CRC = 0x45fac110
19.50.26	正常	设备1 程序下载成功 
20.01.25	正常	设备1 CRC = 0xad4987fe
20.01.39	正常	设备1 程序下载成功 
20.18.35	正常	设备1 CRC = 0xda2131a6
20.18.48	正常	设备1 程序下载成功 
