09.05.46	正常	设备1 CRC = 0x1c9f291b
09.06.00	正常	设备1 程序下载成功 
09.33.27	正常	设备1 CRC = 0x96757f3e
09.33.41	正常	设备1 程序下载成功 
09.38.53	正常	设备1 CRC = 0x773d7d67
09.39.07	正常	设备1 程序下载成功 
09.41.22	正常	设备1 CRC = 0xbc250c57
09.41.35	正常	设备1 程序下载成功 
09.43.04	正常	设备1 CRC = 0x9dbc057f
09.43.18	正常	设备1 程序下载成功 
09.47.08	正常	设备1 CRC = 0x6c258cb4
09.47.22	正常	设备1 程序下载成功 
09.54.19	正常	设备1 CRC = 0x95fcd85c
09.54.33	正常	设备1 程序下载成功 
10.13.02	正常	设备1 CRC = 0x9957fbcb
10.13.17	正常	设备1 程序下载成功 
10.35.35	正常	设备1 CRC = 0x2fa5592a
10.35.49	正常	设备1 程序下载成功 
10.39.13	正常	设备1 CRC = 0x3f65beca
10.39.27	正常	设备1 程序下载成功 
11.11.40	正常	设备1 CRC = 0x2a786ee7
11.11.54	正常	设备1 程序下载成功 
11.12.54	正常	设备1 CRC = 0x8f6ebce8
11.13.08	正常	设备1 程序下载成功 
11.15.38	正常	设备1 CRC = 0x14832f55
11.15.52	正常	设备1 程序下载成功 
11.18.02	正常	设备1 CRC = 0x1f5a6ecb
11.18.16	正常	设备1 程序下载成功 
11.24.56	正常	设备1 CRC = 0x48438242
11.25.10	正常	设备1 程序下载成功 
11.49.59	正常	设备1 CRC = 0x7ff68378
11.50.14	正常	设备1 程序下载成功 
11.52.41	正常	设备1 CRC = 0x211fe395
11.52.55	正常	设备1 程序下载成功 
14.08.33	正常	设备1 CRC = 0x3217d3e3
14.08.49	正常	设备1 程序下载成功 
14.33.29	正常	设备1 CRC = 0x4e055008
14.33.43	正常	设备1 程序下载成功 
14.41.27	正常	设备1 CRC = 0x8512b20b
14.41.41	正常	设备1 程序下载成功 
14.42.58	正常	设备1 CRC = 0x4b1a565a
14.43.13	正常	设备1 程序下载成功 
14.45.09	正常	设备1 CRC = 0x4b1a565a
14.45.23	正常	设备1 程序下载成功 
14.46.30	正常	设备1 CRC = 0x91d9c96c
14.46.44	正常	设备1 程序下载成功 
14.49.10	正常	设备1 CRC = 0xa4cb3e71
14.49.24	正常	设备1 程序下载成功 
14.50.05	正常	设备1 CRC = 0xf7ca7efa
14.50.19	正常	设备1 程序下载成功 
14.52.13	正常	设备1 CRC = 0x32cef941
14.52.28	正常	设备1 程序下载成功 
14.54.52	正常	设备1 CRC = 0x8d51edd8
14.55.07	正常	设备1 程序下载成功 
14.58.37	正常	设备1 CRC = 0x3005d414
14.58.51	正常	设备1 程序下载成功 
15.00.57	正常	设备1 CRC = 0x14c000d5
15.01.12	正常	设备1 程序下载成功 
15.09.53	正常	设备1 CRC = 0xb7a2095e
15.10.07	正常	设备1 程序下载成功 
15.12.03	正常	设备1 CRC = 0xde1447a1
15.12.17	正常	设备1 程序下载成功 
15.15.17	正常	设备1 CRC = 0xc9dfa9bb
15.15.31	正常	设备1 程序下载成功 
15.16.33	正常	设备1 CRC = 0x1fc5eaef
15.16.48	正常	设备1 程序下载成功 
15.19.07	正常	设备1 CRC = 0xaa443f62
15.19.21	正常	设备1 程序下载成功 
15.48.30	正常	设备1 CRC = 0xf18e5bfc
15.48.44	正常	设备1 程序下载成功 
15.51.26	正常	设备1 CRC = 0xf18e5bfc
15.52.13	正常	设备1 CRC = 0xf18e5bfc
16.31.51	正常	设备1 CRC = 0x81bd98c2
16.31.52	错误	设备1 downImage复位失败!!
16.31.52	警告	设备1 程序下载失败 
16.32.01	正常	设备1 继续下载失败的bin文件！ 
16.32.14	正常	设备1 程序下载成功 
16.32.23	正常	设备1 CRC = 0x81bd98c2
16.32.37	正常	设备1 程序下载成功 
16.38.53	正常	设备1 CRC = 0xc0c0e821
16.39.07	正常	设备1 程序下载成功 
16.40.05	正常	设备1 CRC = 0x4ba91cc7
16.40.18	正常	设备1 程序下载成功 
