13.38.13	正常	设备1 读出成功!!
13.41.16	正常	设备1 读出成功!!
16.54.24	错误	设备1 dump复位失败!!
16.54.24	错误	设备1 读出失败!!
16.54.54	正常	设备1 读出成功!!
16.56.51	正常	设备1 CRC = 0x812b6c09
16.57.33	警告	设备1 程序下载失败 
18.05.28	正常	设备1 读出成功!!
18.05.54	正常	设备1 CRC = 0x4b0491c7
18.06.35	警告	设备1 程序下载失败 
18.09.19	正常	设备1 继续下载失败的bin文件！ 
18.09.19	错误	设备1 downImage复位失败!!
18.09.19	警告	设备1 程序下载失败 
18.09.23	正常	设备1 继续下载失败的bin文件！ 
18.10.04	警告	设备1 程序下载失败 
18.30.53	错误	设备1 dump复位失败!!
18.30.53	错误	设备1 读出失败!!
18.31.22	正常	设备1 读出成功!!
18.31.39	正常	设备1 CRC = 0x6f8865c7
18.32.19	警告	设备1 程序下载失败 
18.34.13	正常	设备1 继续下载失败的bin文件！ 
18.34.54	警告	设备1 程序下载失败 
19.15.08	正常	设备1 CRC = 0x6f8865c7
19.15.49	警告	设备1 程序下载失败 
