09.46.57	正常	设备1 CRC = 0x00fb0d9e
09.46.58	错误	设备1 downImage复位失败!!
09.46.58	警告	设备1 程序下载失败 
09.47.05	正常	设备1 继续下载失败的bin文件！ 
09.47.23	正常	设备1 程序下载成功 
09.50.54	正常	设备1 CRC = 0x00fb0d9e
09.50.55	错误	设备1 downImage复位失败!!
09.50.55	警告	设备1 程序下载失败 
09.51.19	正常	设备1 继续下载失败的bin文件！ 
09.51.37	正常	设备1 程序下载成功 
09.51.40	正常	设备1 CRC = 0x368104b2
09.51.58	正常	设备1 程序下载成功 
10.38.19	正常	设备1 CRC = 0xcb992e02
10.38.37	正常	设备1 程序下载成功 
11.03.08	正常	设备1 CRC = 0xe82d6475
11.03.26	正常	设备1 程序下载成功 
11.36.25	正常	设备1 CRC = 0x0f0d3d21
11.36.44	正常	设备1 程序下载成功 
11.43.30	正常	设备1 CRC = 0x51c8f392
11.43.49	正常	设备1 程序下载成功 
11.46.29	正常	设备1 CRC = 0x51c8f392
11.46.47	正常	设备1 程序下载成功 
14.15.30	正常	设备1 CRC = 0xcd4e3360
14.15.50	正常	设备1 程序下载成功 
14.17.49	正常	设备1 CRC = 0x80aff44b
14.18.07	正常	设备1 程序下载成功 
14.21.28	正常	设备1 CRC = 0x80aff44b
14.21.46	正常	设备1 程序下载成功 
15.10.57	正常	设备1 CRC = 0x6505e3c1
15.11.15	正常	设备1 程序下载成功 
15.16.08	正常	设备1 CRC = 0x82a5008e
15.16.26	正常	设备1 程序下载成功 
15.19.07	正常	设备1 CRC = 0x16fbbc84
15.19.25	正常	设备1 程序下载成功 
15.24.08	正常	设备1 CRC = 0x39ae572e
15.24.26	正常	设备1 程序下载成功 
15.36.03	正常	设备1 CRC = 0xc9931337
15.36.21	正常	设备1 程序下载成功 
15.42.17	正常	设备1 CRC = 0xcd4e3360
15.42.37	正常	设备1 程序下载成功 
15.49.32	正常	设备1 CRC = 0x69205c0d
15.49.33	错误	设备1 downImage复位失败!!
15.49.33	警告	设备1 程序下载失败 
15.50.03	正常	设备1 继续下载失败的bin文件！ 
15.50.21	正常	设备1 程序下载成功 
16.05.22	正常	设备1 CRC = 0x02b0234f
16.05.41	正常	设备1 程序下载成功 
16.12.30	正常	设备1 CRC = 0xbdd75b9b
16.12.48	正常	设备1 程序下载成功 
16.18.20	正常	设备1 CRC = 0x0ba55274
16.18.38	正常	设备1 程序下载成功 
16.22.35	正常	设备1 CRC = 0x7902e2ba
16.22.53	正常	设备1 程序下载成功 
16.27.58	正常	设备1 CRC = 0x4b5f0745
16.27.59	错误	设备1 downImage复位失败!!
16.27.59	警告	设备1 程序下载失败 
16.28.08	正常	设备1 继续下载失败的bin文件！ 
16.28.27	正常	设备1 程序下载成功 
16.40.13	正常	设备1 CRC = 0xa3547428
16.40.31	正常	设备1 程序下载成功 
16.51.05	正常	设备1 CRC = 0x1a176076
16.51.23	正常	设备1 程序下载成功 
16.54.11	正常	设备1 CRC = 0x0e11a9b5
16.54.29	正常	设备1 程序下载成功 
16.55.00	正常	设备1 CRC = 0xcd4e3360
16.55.21	正常	设备1 程序下载成功 
16.55.32	正常	设备1 CRC = 0x0e11a9b5
16.55.36	警告	设备1 写入Bin文件超时-1！ 
16.55.36	警告	设备1 程序下载失败 
16.55.58	正常	设备1 继续下载失败的bin文件！ 
16.56.17	正常	设备1 程序下载成功 
17.03.43	正常	设备1 CRC = 0x9b945046
17.04.02	正常	设备1 程序下载成功 
17.28.36	正常	设备1 CRC = 0x9033d72e
17.28.39	警告	设备1 写入Bin文件超时-1！ 
17.28.39	警告	设备1 程序下载失败 
17.28.42	正常	设备1 继续下载失败的bin文件！ 
17.28.46	警告	设备1 写入Bin文件超时-1！ 
17.28.46	警告	设备1 程序下载失败 
17.29.00	正常	设备1 继续下载失败的bin文件！ 
17.29.19	正常	设备1 程序下载成功 
17.35.29	正常	设备1 CRC = 0x6b178daa
17.35.47	正常	设备1 程序下载成功 
17.45.47	正常	设备1 CRC = 0x34497aea
17.46.06	正常	设备1 程序下载成功 
17.51.16	正常	设备1 CRC = 0xda5fdf49
17.51.20	警告	设备1 写入Bin文件超时-1！ 
17.51.20	警告	设备1 程序下载失败 
17.54.03	正常	设备1 继续下载失败的bin文件！ 
17.54.21	正常	设备1 程序下载成功 
18.10.50	正常	设备1 CRC = 0x0f596db2
18.11.08	正常	设备1 程序下载成功 
18.15.39	正常	设备1 CRC = 0x9dcee776
18.15.58	正常	设备1 程序下载成功 
18.17.01	正常	设备1 CRC = 0x9dcee776
18.17.19	正常	设备1 程序下载成功 
18.18.47	正常	设备1 CRC = 0xcfafc97c
18.19.05	正常	设备1 程序下载成功 
18.21.41	正常	设备1 CRC = 0x1e008649
18.21.59	正常	设备1 程序下载成功 
18.23.02	正常	设备1 CRC = 0xc8719a33
18.23.21	正常	设备1 程序下载成功 
18.24.54	正常	设备1 CRC = 0xef322152
18.25.13	正常	设备1 程序下载成功 
18.37.35	正常	设备1 CRC = 0x6666a1c5
18.37.54	正常	设备1 程序下载成功 
18.45.21	正常	设备1 CRC = 0xcd4e3360
18.45.23	警告	设备1 写入Bin文件超时-1！ 
18.45.23	警告	设备1 程序下载失败 
18.45.25	正常	设备1 继续下载失败的bin文件！ 
18.45.26	警告	设备1 写入Bin文件超时-1！ 
18.45.26	警告	设备1 程序下载失败 
18.45.34	正常	设备1 继续下载失败的bin文件！ 
18.45.36	警告	设备1 写入Bin文件超时-1！ 
18.45.36	警告	设备1 程序下载失败 
18.46.13	正常	设备1 继续下载失败的bin文件！ 
18.46.13	错误	设备1 downImage复位失败!!
18.46.13	警告	设备1 程序下载失败 
18.46.23	正常	设备1 继续下载失败的bin文件！ 
18.46.23	错误	设备1 downImage复位失败!!
18.46.23	警告	设备1 程序下载失败 
18.46.35	正常	设备1 继续下载失败的bin文件！ 
18.46.37	警告	设备1 写入Bin文件超时-1！ 
18.46.37	警告	设备1 程序下载失败 
18.53.04	正常	设备1 继续下载失败的bin文件！ 
18.53.24	正常	设备1 程序下载成功 
18.53.29	正常	设备1 CRC = 0x6666a1c5
18.53.47	正常	设备1 程序下载成功 
18.58.05	正常	设备1 CRC = 0xcd4e3360
18.58.05	正常	设备1 继续下载失败的bin文件！ 
18.58.25	正常	设备1 程序下载成功 
18.58.25	正常	设备1 程序下载成功 
18.58.51	正常	设备1 CRC = 0xcd4e3360
18.59.11	正常	设备1 程序下载成功 
19.04.09	正常	设备1 CRC = 0xfd381201
19.04.27	正常	设备1 程序下载成功 
19.09.55	正常	设备1 CRC = 0xe3ff5708
19.10.13	正常	设备1 程序下载成功 
