09.10.55	正常	设备1 CRC = 0x6925a716
09.11.10	正常	设备1 程序下载成功 
09.28.18	正常	设备1 CRC = 0x351eb06b
09.28.33	正常	设备1 程序下载成功 
09.33.22	正常	设备1 CRC = 0xf89ffc2c
09.33.37	正常	设备1 程序下载成功 
09.49.07	正常	设备1 CRC = 0xb79dc226
09.49.22	正常	设备1 程序下载成功 
09.57.35	正常	设备1 CRC = 0x133a1447
09.57.50	正常	设备1 程序下载成功 
09.59.11	正常	设备1 CRC = 0x133a1447
09.59.26	正常	设备1 程序下载成功 
10.01.40	正常	设备1 CRC = 0x09d859e9
10.01.56	正常	设备1 程序下载成功 
10.03.44	正常	设备1 CRC = 0xffad37e1
10.03.58	正常	设备1 程序下载成功 
10.11.55	正常	设备1 CRC = 0x4fbdb773
10.12.09	正常	设备1 程序下载成功 
10.16.22	正常	设备1 CRC = 0xa1e1c4ba
10.16.37	正常	设备1 程序下载成功 
10.23.46	正常	设备1 CRC = 0xfed8bc5b
10.24.01	正常	设备1 程序下载成功 
10.27.03	正常	设备1 CRC = 0x13c81f60
10.27.18	正常	设备1 程序下载成功 
10.46.42	正常	设备1 CRC = 0x34453bbb
10.46.57	正常	设备1 程序下载成功 
10.58.06	正常	设备1 CRC = 0x7644748f
10.58.21	正常	设备1 程序下载成功 
10.59.53	正常	设备1 CRC = 0x224388de
11.00.07	正常	设备1 程序下载成功 
11.05.50	正常	设备1 CRC = 0x47b57f00
11.06.05	正常	设备1 程序下载成功 
11.27.37	正常	设备1 CRC = 0xcb3d1970
11.27.51	正常	设备1 程序下载成功 
11.34.05	正常	设备1 CRC = 0x4243dd0d
11.34.20	正常	设备1 程序下载成功 
11.51.34	正常	设备1 CRC = 0x35d99808
11.51.50	正常	设备1 程序下载成功 
13.47.27	正常	设备1 CRC = 0x35d99808
13.47.27	正常	设备1 继续下载失败的bin文件！ 
13.47.28	错误	设备1 downImage复位失败!!
13.47.28	警告	设备1 程序下载失败 
13.47.42	正常	设备1 程序下载成功 
