09.34.49	正常	设备1 CRC = 0xe53f2276
09.35.02	正常	设备1 程序下载成功 
18.39.10	正常	设备1 CRC = 0x48437fed
18.39.24	正常	设备1 程序下载成功 
18.51.06	正常	设备1 CRC = 0x8c2708f1
18.51.20	正常	设备1 程序下载成功 
19.40.04	正常	设备1 CRC = 0x54a3f91e
19.40.19	正常	设备1 程序下载成功 
19.42.59	正常	设备1 CRC = 0x8cd4f0ec
19.43.01	警告	设备1 写入Bin文件超时-1！ 
19.43.01	警告	设备1 程序下载失败 
19.43.03	正常	设备1 继续下载失败的bin文件！ 
19.43.17	正常	设备1 程序下载成功 
19.47.59	正常	设备1 CRC = 0xf27253b1
19.48.13	正常	设备1 程序下载成功 
19.50.12	正常	设备1 CRC = 0x21cbbbbd
19.50.26	正常	设备1 程序下载成功 
19.51.35	正常	设备1 CRC = 0x21cbbbbd
19.51.48	正常	设备1 程序下载成功 
19.54.10	正常	设备1 CRC = 0x21cbbbbd
19.54.24	正常	设备1 程序下载成功 
19.57.04	正常	设备1 CRC = 0x21cbbbbd
19.57.18	正常	设备1 程序下载成功 
19.58.09	正常	设备1 CRC = 0x28e62789
19.58.23	正常	设备1 程序下载成功 
20.01.51	正常	设备1 CRC = 0xe08de930
20.02.05	正常	设备1 程序下载成功 
