09.51.00	正常	设备1 CRC = 0x39e1eaec
09.51.14	正常	设备1 程序下载成功 
09.54.30	正常	设备1 CRC = 0x39e1eaec
09.54.43	正常	设备1 程序下载成功 
10.03.12	正常	设备1 CRC = 0x39e1eaec
10.03.26	正常	设备1 程序下载成功 
10.04.22	正常	设备1 CRC = 0x39e1eaec
10.04.23	错误	设备1 downImage复位失败!!
10.04.23	警告	设备1 程序下载失败 
10.04.27	正常	设备1 继续下载失败的bin文件！ 
10.04.28	错误	设备1 downImage复位失败!!
10.04.28	警告	设备1 程序下载失败 
10.20.15	正常	设备1 继续下载失败的bin文件！ 
10.20.28	正常	设备1 程序下载成功 
10.44.55	正常	设备1 CRC = 0xed4516bb
10.45.09	正常	设备1 程序下载成功 
11.10.32	正常	设备1 CRC = 0xb86c2c65
11.10.45	正常	设备1 程序下载成功 
11.20.54	正常	设备1 CRC = 0xdd0e6106
11.21.08	正常	设备1 程序下载成功 
11.43.24	正常	设备1 CRC = 0xc7b2f979
11.43.37	正常	设备1 程序下载成功 
11.44.58	正常	设备1 CRC = 0xf9abeadf
11.45.11	正常	设备1 程序下载成功 
16.04.02	正常	设备1 CRC = 0x6ff37d84
16.04.02	错误	设备1 downImage复位失败!!
16.04.02	警告	设备1 程序下载失败 
