10.02.30	正常	设备1 CRC = 0xf4db898d
10.03.10	警告	设备1 程序下载失败 
10.13.32	正常	设备1 继续下载失败的bin文件！ 
10.14.13	警告	设备1 程序下载失败 
10.14.28	正常	设备1 CRC = 0xff3201c3
10.14.43	正常	设备1 程序下载成功 
10.15.16	正常	设备1 读出成功!!
11.14.57	正常	设备1 CRC = 0xff3201c3
11.14.58	错误	设备1 downImage复位失败!!
11.14.58	警告	设备1 程序下载失败 
11.15.03	正常	设备1 继续下载失败的bin文件！ 
11.15.04	错误	设备1 downImage复位失败!!
11.15.04	警告	设备1 程序下载失败 
11.15.52	正常	设备1 继续下载失败的bin文件！ 
11.15.52	错误	设备1 downImage复位失败!!
11.15.52	警告	设备1 程序下载失败 
11.22.04	正常	设备1 继续下载失败的bin文件！ 
11.22.18	正常	设备1 程序下载成功 
11.24.59	正常	设备1 读出成功!!
11.52.47	正常	设备1 CRC = 0xbda8ff87
11.52.47	警告	设备1 配置起始地址超出给出Bin文件的最大值！ 
11.52.47	警告	设备1 无解析方式！
11.52.47	警告	设备1 下载缓存文件处理失败
11.52.51	正常	设备1 CRC = 0xbda8ff87
11.52.51	警告	设备1 配置起始地址超出给出Bin文件的最大值！ 
11.52.51	警告	设备1 无解析方式！
11.52.51	警告	设备1 下载缓存文件处理失败
11.53.39	正常	设备1 CRC = 0x5e04f038
11.53.39	警告	设备1 配置起始地址超出给出Bin文件的最大值！ 
11.53.39	警告	设备1 无解析方式！
11.53.39	警告	设备1 下载缓存文件处理失败
11.53.47	正常	设备1 CRC = 0x5e04f038
11.53.47	错误	设备1 downImage复位失败!!
11.53.47	警告	设备1 程序下载失败 
11.53.59	正常	设备1 继续下载失败的bin文件！ 
11.53.59	错误	设备1 downImage复位失败!!
11.53.59	警告	设备1 程序下载失败 
14.06.53	正常	设备1 继续下载失败的bin文件！ 
14.06.53	错误	设备1 downImage复位失败!!
14.06.53	警告	设备1 程序下载失败 
14.07.20	正常	设备1 继续下载失败的bin文件！ 
14.07.20	错误	设备1 downImage复位失败!!
14.07.20	警告	设备1 程序下载失败 
14.07.43	正常	设备1 继续下载失败的bin文件！ 
14.07.44	错误	设备1 downImage复位失败!!
14.07.44	警告	设备1 程序下载失败 
14.08.35	正常	设备1 继续下载失败的bin文件！ 
14.08.37	正常	设备1 程序下载成功 
14.37.01	正常	设备1 CRC = 0x5e04f038
14.37.02	错误	设备1 downImage复位失败!!
14.37.02	警告	设备1 程序下载失败 
