09.29.48	正常	设备1 CRC = 0x6ff37d84
09.30.02	正常	设备1 程序下载成功 
09.36.20	正常	设备1 CRC = 0x6ff37d84
09.36.33	正常	设备1 程序下载成功 
09.36.45	正常	设备1 CRC = 0xdcd56865
09.36.59	正常	设备1 程序下载成功 
09.40.51	正常	设备1 CRC = 0x3d7cd704
09.41.05	正常	设备1 程序下载成功 
09.41.43	正常	设备1 CRC = 0xa486cb6c
09.41.56	正常	设备1 程序下载成功 
10.04.30	正常	设备1 CRC = 0x111ba03e
10.04.44	正常	设备1 程序下载成功 
10.06.00	正常	设备1 CRC = 0xb3e63018
10.06.14	正常	设备1 程序下载成功 
10.06.41	正常	设备1 CRC = 0x9d5aedb8
10.06.55	正常	设备1 程序下载成功 
10.10.48	正常	设备1 CRC = 0x77c3113b
10.11.04	正常	设备1 程序下载成功 
10.48.18	正常	设备1 CRC = 0x77c3113b
10.48.32	正常	设备1 程序下载成功 
11.28.12	正常	设备1 CRC = 0xd161cde9
11.28.25	正常	设备1 程序下载成功 
11.29.03	正常	设备1 CRC = 0xef607662
11.29.06	警告	设备1 写入Bin文件超时-1！ 
11.29.06	警告	设备1 程序下载失败 
11.29.08	正常	设备1 继续下载失败的bin文件！ 
11.29.21	正常	设备1 程序下载成功 
11.30.39	正常	设备1 CRC = 0x6c8c9ec2
11.30.53	正常	设备1 程序下载成功 
11.46.01	正常	设备1 CRC = 0x518432f4
11.46.14	正常	设备1 程序下载成功 
12.31.04	正常	设备1 CRC = 0x518432f4
12.31.18	正常	设备1 程序下载成功 
12.33.23	正常	设备1 CRC = 0x9cc5e0b1
12.33.36	正常	设备1 程序下载成功 
13.44.57	正常	设备1 CRC = 0x15f394d6
13.45.12	正常	设备1 程序下载成功 
13.49.08	正常	设备1 CRC = 0x9e902d64
13.49.22	正常	设备1 程序下载成功 
13.50.21	正常	设备1 CRC = 0xa08afe2f
13.50.35	正常	设备1 程序下载成功 
13.51.13	正常	设备1 CRC = 0x13021b66
13.51.26	正常	设备1 程序下载成功 
13.53.16	正常	设备1 CRC = 0x719e0d69
13.53.30	正常	设备1 程序下载成功 
13.59.17	正常	设备1 CRC = 0x801ed61e
13.59.31	正常	设备1 程序下载成功 
14.39.24	正常	设备1 CRC = 0x79c999da
14.39.27	正常	设备1 程序下载成功 
14.46.09	正常	设备1 CRC = 0x79c999da
14.46.11	正常	设备1 程序下载成功 
14.47.20	正常	设备1 CRC = 0x173f49bf
14.47.23	正常	设备1 程序下载成功 
14.50.16	正常	设备1 CRC = 0x173f49bf
14.50.20	正常	设备1 程序下载成功 
14.52.03	正常	设备1 CRC = 0x173f49bf
14.52.07	正常	设备1 程序下载成功 
17.07.19	正常	设备1 CRC = 0x66a0318f
17.07.33	正常	设备1 程序下载成功 
17.10.32	正常	设备1 CRC = 0x66a0318f
17.10.46	正常	设备1 程序下载成功 
17.16.29	正常	设备1 CRC = 0x2ba397f2
17.16.43	正常	设备1 程序下载成功 
17.33.18	正常	设备1 CRC = 0x2ba397f2
17.33.18	错误	设备1 downImage复位失败!!
17.33.18	警告	设备1 程序下载失败 
17.46.56	正常	设备1 继续下载失败的bin文件！ 
17.47.10	正常	设备1 程序下载成功 
18.37.32	正常	设备1 CRC = 0x66a0318f
18.37.47	正常	设备1 程序下载成功 
18.38.46	正常	设备1 CRC = 0x66a0318f
18.38.54	警告	设备1 写入Bin文件超时-1！ 
18.38.54	警告	设备1 程序下载失败 
18.38.56	错误	设备1 Vpp关闭操作超时！
18.40.04	正常	设备1 继续下载失败的bin文件！ 
18.40.18	正常	设备1 程序下载成功 
18.40.22	正常	设备1 CRC = 0x66a0318f
18.40.38	正常	设备1 程序下载成功 
