09.09.09	正常	设备1 CRC = 0x5e04f038
09.09.09	错误	设备1 downImage复位失败!!
09.09.09	警告	设备1 程序下载失败 
09.09.16	正常	设备1 继续下载失败的bin文件！ 
09.09.16	错误	设备1 downImage复位失败!!
09.09.16	警告	设备1 程序下载失败 
09.09.29	正常	设备1 继续下载失败的bin文件！ 
09.09.29	错误	设备1 downImage复位失败!!
09.09.29	警告	设备1 程序下载失败 
09.09.58	正常	设备1 继续下载失败的bin文件！ 
09.09.58	错误	设备1 downImage复位失败!!
09.09.58	警告	设备1 程序下载失败 
09.19.03	正常	设备1 CRC = 0x5e04f038
09.19.05	正常	设备1 程序下载成功 
09.21.29	正常	设备1 CRC = 0x5e04f038
09.21.29	错误	设备1 downImage复位失败!!
09.21.29	警告	设备1 程序下载失败 
09.21.37	正常	设备1 继续下载失败的bin文件！ 
09.21.38	错误	设备1 downImage复位失败!!
09.21.38	警告	设备1 程序下载失败 
09.21.45	正常	设备1 继续下载失败的bin文件！ 
09.21.47	正常	设备1 程序下载成功 
09.22.03	正常	设备1 CRC = 0x5e04f038
09.22.06	正常	设备1 程序下载成功 
09.22.23	正常	设备1 CRC = 0x5e04f038
09.22.26	正常	设备1 程序下载成功 
10.55.30	正常	设备1 CRC = 0x5e04f038
10.55.31	错误	设备1 downImage复位失败!!
10.55.31	警告	设备1 程序下载失败 
10.59.29	正常	设备1 继续下载失败的bin文件！ 
10.59.32	正常	设备1 程序下载成功 
13.48.10	正常	设备1 CRC = 0x5e04f038
13.48.11	正常	设备1 程序下载成功 
14.29.03	错误	设备1 dump复位失败!!
14.29.03	错误	设备1 读出失败!!
14.29.36	正常	设备1 读出成功!!
15.38.41	正常	设备1 CRC = 0x5e04f038
15.38.41	错误	设备1 downImage复位失败!!
15.38.41	警告	设备1 程序下载失败 
15.38.52	错误	设备1 dump复位失败!!
15.38.52	错误	设备1 读出失败!!
15.38.54	错误	设备1 eraseflash复位失败!!
15.39.16	正常	设备1 继续下载失败的bin文件！ 
15.39.18	正常	设备1 程序下载成功 
15.39.45	正常	设备1 CRC = 0x5e04f038
15.39.47	正常	设备1 程序下载成功 
15.40.29	正常	设备1 CRC = 0x079d1b71
15.40.42	正常	设备1 程序下载成功 
15.40.50	正常	设备1 读出成功!!
15.40.53	正常	设备1 擦除成功!!
15.40.55	正常	设备1 擦除成功!!
15.40.57	正常	设备1 擦除成功!!
15.41.57	正常	设备1 CRC = 0x079d1b71
15.42.11	正常	设备1 程序下载成功 
15.42.17	正常	设备1 CRC = 0x079d1b71
15.42.30	正常	设备1 程序下载成功 
15.42.36	正常	设备1 CRC = 0x079d1b71
15.42.50	正常	设备1 程序下载成功 
15.42.57	正常	设备1 CRC = 0x079d1b71
15.42.58	错误	设备1 downImage复位失败!!
15.42.58	警告	设备1 程序下载失败 
15.43.04	正常	设备1 继续下载失败的bin文件！ 
15.43.18	正常	设备1 程序下载成功 
15.49.35	正常	设备1 CRC = 0x079d1b71
15.49.49	正常	设备1 程序下载成功 
15.49.51	正常	设备1 读出成功!!
15.50.25	正常	设备1 读出成功!!
16.03.48	正常	设备1 CRC = 0x079d1b71
16.04.01	正常	设备1 程序下载成功 
17.41.55	正常	设备1 CRC = 0x00490069
17.42.09	正常	设备1 程序下载成功 
17.44.37	正常	设备1 CRC = 0x0349ebd3
17.44.51	正常	设备1 程序下载成功 
17.52.18	正常	设备1 CRC = 0xced2c657
17.52.32	正常	设备1 程序下载成功 
18.03.56	正常	设备1 CRC = 0xced2c657
18.04.10	正常	设备1 程序下载成功 
18.06.14	正常	设备1 CRC = 0xced2c657
18.06.28	正常	设备1 程序下载成功 
18.07.36	正常	设备1 CRC = 0x08617fe3
18.07.50	正常	设备1 程序下载成功 
18.09.40	正常	设备1 CRC = 0x82c17f40
18.09.54	正常	设备1 程序下载成功 
18.13.22	正常	设备1 CRC = 0xeebc3318
18.13.36	正常	设备1 程序下载成功 
18.15.48	正常	设备1 CRC = 0x8fe1af30
18.16.02	正常	设备1 程序下载成功 
18.17.16	正常	设备1 CRC = 0x8fe1af30
18.17.30	正常	设备1 程序下载成功 
18.20.11	正常	设备1 CRC = 0x8fe1af30
18.20.25	正常	设备1 程序下载成功 
18.24.23	正常	设备1 CRC = 0x08617fe3
18.24.37	正常	设备1 程序下载成功 
18.26.15	正常	设备1 CRC = 0x08617fe3
18.26.28	正常	设备1 程序下载成功 
18.28.03	正常	设备1 CRC = 0x8fe1af30
18.28.17	正常	设备1 程序下载成功 
18.28.59	正常	设备1 CRC = 0x8fe1af30
18.29.12	正常	设备1 程序下载成功 
18.30.26	正常	设备1 CRC = 0x8fe1af30
18.30.41	正常	设备1 程序下载成功 
18.31.44	正常	设备1 CRC = 0x8fe1af30
18.31.57	正常	设备1 程序下载成功 
18.32.28	正常	设备1 CRC = 0x8fe1af30
18.32.42	正常	设备1 程序下载成功 
18.51.15	正常	设备1 CRC = 0x8fe1af30
18.51.15	错误	设备1 downImage复位失败!!
18.51.15	警告	设备1 程序下载失败 
19.03.40	正常	设备1 继续下载失败的bin文件！ 
19.03.41	错误	设备1 downImage复位失败!!
19.03.41	警告	设备1 程序下载失败 
19.03.45	正常	设备1 继续下载失败的bin文件！ 
19.03.45	错误	设备1 downImage复位失败!!
19.03.45	警告	设备1 程序下载失败 
19.04.04	正常	设备1 继续下载失败的bin文件！ 
19.04.17	正常	设备1 程序下载成功 
19.04.23	正常	设备1 CRC = 0x08617fe3
19.04.37	正常	设备1 程序下载成功 
19.19.12	正常	设备1 CRC = 0x08617fe3
19.19.26	正常	设备1 程序下载成功 
19.27.45	正常	设备1 CRC = 0x08617fe3
19.27.59	正常	设备1 程序下载成功 
19.41.05	正常	设备1 CRC = 0x425ed24a
19.41.19	正常	设备1 程序下载成功 
19.49.35	正常	设备1 CRC = 0x425ed24a
19.49.49	正常	设备1 程序下载成功 
19.54.20	正常	设备1 CRC = 0x2be4f943
19.54.34	正常	设备1 程序下载成功 
