09.44.41	正常	设备1 CRC = 0xcc9f832b
09.44.54	正常	设备1 程序下载成功 
09.46.05	正常	设备1 CRC = 0x3d037860
09.46.18	正常	设备1 程序下载成功 
09.46.46	正常	设备1 CRC = 0xbcaa09b2
09.46.59	正常	设备1 程序下载成功 
09.51.29	正常	设备1 CRC = 0xdbe3fb7a
09.51.30	错误	设备1 downImage复位失败!!
09.51.30	警告	设备1 程序下载失败 
09.51.31	正常	设备1 继续下载失败的bin文件！ 
09.51.32	错误	设备1 downImage复位失败!!
09.51.32	警告	设备1 程序下载失败 
09.51.35	正常	设备1 继续下载失败的bin文件！ 
09.51.48	正常	设备1 程序下载成功 
09.53.23	正常	设备1 CRC = 0x513394f7
09.53.36	正常	设备1 程序下载成功 
10.08.05	正常	设备1 CRC = 0x71f65c6f
10.08.18	正常	设备1 程序下载成功 
10.18.45	正常	设备1 CRC = 0x0350631b
10.18.59	正常	设备1 程序下载成功 
10.28.20	正常	设备1 CRC = 0xaf8aa126
10.28.33	正常	设备1 程序下载成功 
10.28.50	正常	设备1 CRC = 0xe3184e57
10.29.03	正常	设备1 程序下载成功 
10.33.48	正常	设备1 CRC = 0x5aa0a707
10.34.01	正常	设备1 程序下载成功 
10.45.22	正常	设备1 CRC = 0xf9140415
10.45.35	正常	设备1 程序下载成功 
10.52.59	正常	设备1 CRC = 0xd0f453d0
10.53.12	正常	设备1 程序下载成功 
10.55.17	正常	设备1 CRC = 0xbcb56839
10.55.30	正常	设备1 程序下载成功 
10.58.21	正常	设备1 CRC = 0x74fdc474
10.58.34	正常	设备1 程序下载成功 
11.11.51	正常	设备1 CRC = 0x3072a350
11.12.04	正常	设备1 程序下载成功 
11.33.39	正常	设备1 CRC = 0x26d40290
11.33.52	正常	设备1 程序下载成功 
11.36.11	正常	设备1 CRC = 0x3caba280
11.36.24	正常	设备1 程序下载成功 
11.44.11	正常	设备1 CRC = 0x310249bd
11.44.24	正常	设备1 程序下载成功 
11.47.41	正常	设备1 CRC = 0xe84987a7
11.47.54	正常	设备1 程序下载成功 
11.49.18	正常	设备1 CRC = 0x265d964c
11.49.31	正常	设备1 程序下载成功 
11.50.47	正常	设备1 CRC = 0xa502985d
11.51.00	正常	设备1 程序下载成功 
11.53.31	正常	设备1 CRC = 0x9ff925f6
11.53.44	正常	设备1 程序下载成功 
11.55.20	正常	设备1 CRC = 0x37d6deab
11.55.33	正常	设备1 程序下载成功 
13.34.56	正常	设备1 CRC = 0xc809705c
13.35.09	正常	设备1 程序下载成功 
14.08.13	正常	设备1 CRC = 0xc809705c
14.08.26	正常	设备1 程序下载成功 
14.08.39	正常	设备1 CRC = 0xb120b989
14.08.52	正常	设备1 程序下载成功 
14.13.24	正常	设备1 CRC = 0xb120b989
14.13.25	错误	设备1 downImage复位失败!!
14.13.25	警告	设备1 程序下载失败 
14.13.39	正常	设备1 继续下载失败的bin文件！ 
14.13.52	正常	设备1 程序下载成功 
14.16.51	正常	设备1 CRC = 0xb90c859b
14.17.04	正常	设备1 程序下载成功 
14.19.53	正常	设备1 CRC = 0x1b167972
14.20.06	正常	设备1 程序下载成功 
14.24.15	正常	设备1 CRC = 0xfbe14d7a
14.24.29	正常	设备1 程序下载成功 
14.25.35	正常	设备1 CRC = 0xe4694e99
14.25.48	正常	设备1 程序下载成功 
14.30.45	正常	设备1 CRC = 0xe390cb6e
14.30.58	正常	设备1 程序下载成功 
14.35.53	正常	设备1 CRC = 0x22aab26c
14.36.07	正常	设备1 程序下载成功 
14.51.06	正常	设备1 CRC = 0x05e61606
14.51.19	正常	设备1 程序下载成功 
15.16.09	正常	设备1 CRC = 0x62907e31
15.16.22	正常	设备1 程序下载成功 
15.19.03	正常	设备1 CRC = 0x6569fbc6
15.19.16	正常	设备1 程序下载成功 
15.32.42	正常	设备1 CRC = 0x2fc753c5
15.32.55	正常	设备1 程序下载成功 
15.33.26	正常	设备1 CRC = 0x7284be0f
15.33.39	正常	设备1 程序下载成功 
15.36.40	正常	设备1 CRC = 0x22ac1f06
15.36.53	正常	设备1 程序下载成功 
15.42.39	正常	设备1 CRC = 0x7284be0f
15.42.52	正常	设备1 程序下载成功 
15.43.20	正常	设备1 CRC = 0x7284be0f
15.43.33	正常	设备1 程序下载成功 
15.55.26	正常	设备1 CRC = 0x39004d01
15.55.39	正常	设备1 程序下载成功 
16.01.00	正常	设备1 CRC = 0x39004d01
16.01.14	正常	设备1 程序下载成功 
16.01.24	正常	设备1 CRC = 0x1da65d6b
16.01.37	正常	设备1 程序下载成功 
16.04.05	正常	设备1 CRC = 0x0ff7fb57
16.04.19	正常	设备1 程序下载成功 
16.06.17	正常	设备1 CRC = 0xd242b801
16.06.30	正常	设备1 程序下载成功 
16.09.00	正常	设备1 CRC = 0x556b7f78
16.09.13	正常	设备1 程序下载成功 
16.11.16	正常	设备1 CRC = 0x7570236f
16.11.29	正常	设备1 程序下载成功 
16.14.29	正常	设备1 CRC = 0x40e6190d
16.14.42	正常	设备1 程序下载成功 
16.23.38	正常	设备1 CRC = 0x23bfda8e
16.23.51	正常	设备1 程序下载成功 
16.31.39	正常	设备1 CRC = 0x21576d15
16.31.52	正常	设备1 程序下载成功 
16.43.26	正常	设备1 CRC = 0xbe46eec2
16.43.39	正常	设备1 程序下载成功 
16.54.55	正常	设备1 CRC = 0xf9ba8513
16.55.08	正常	设备1 程序下载成功 
17.00.54	正常	设备1 CRC = 0xe5bfbdb7
17.01.07	正常	设备1 程序下载成功 
17.02.56	正常	设备1 CRC = 0x2cc2105f
17.03.09	正常	设备1 程序下载成功 
17.22.24	正常	设备1 CRC = 0x581a4e6d
17.22.37	正常	设备1 程序下载成功 
17.23.14	正常	设备1 CRC = 0xfad811b0
17.23.27	正常	设备1 程序下载成功 
17.24.29	正常	设备1 CRC = 0xc9543cf9
17.24.42	正常	设备1 程序下载成功 
17.28.08	正常	设备1 CRC = 0x40316e48
17.28.21	正常	设备1 程序下载成功 
17.30.16	正常	设备1 CRC = 0x6c6be055
17.30.29	正常	设备1 程序下载成功 
17.35.00	正常	设备1 CRC = 0x637b3d89
17.35.13	正常	设备1 程序下载成功 
17.36.09	正常	设备1 CRC = 0x5ea8f04c
17.36.22	正常	设备1 程序下载成功 
17.37.28	正常	设备1 CRC = 0x8dd11fe9
17.37.41	正常	设备1 程序下载成功 
17.51.11	正常	设备1 CRC = 0x50783fea
17.51.24	正常	设备1 程序下载成功 
18.00.31	正常	设备1 CRC = 0x50783fea
18.00.44	正常	设备1 程序下载成功 
18.00.45	正常	设备1 CRC = 0x7c042f68
18.00.58	正常	设备1 程序下载成功 
18.05.15	正常	设备1 CRC = 0xbd34ae1c
18.05.28	正常	设备1 程序下载成功 
18.09.36	正常	设备1 CRC = 0xed000f68
18.09.50	正常	设备1 程序下载成功 
18.20.44	正常	设备1 CRC = 0x0e4674b6
18.20.57	正常	设备1 程序下载成功 
18.22.30	正常	设备1 CRC = 0xb4797ea5
18.22.43	正常	设备1 程序下载成功 
18.26.53	正常	设备1 CRC = 0x9e354d80
18.27.06	正常	设备1 程序下载成功 
