09.27.36	正常	设备1 CRC = 0xe83e0a5b
09.27.50	正常	设备1 程序下载成功 
09.30.34	正常	设备1 CRC = 0x656da005
09.30.48	正常	设备1 程序下载成功 
09.38.09	正常	设备1 CRC = 0xa090888c
09.38.22	正常	设备1 程序下载成功 
09.40.52	正常	设备1 读出成功!!
09.42.25	正常	设备1 读出成功!!
09.54.25	正常	设备1 CRC = 0x3f29337b
09.54.39	正常	设备1 程序下载成功 
10.06.42	正常	设备1 CRC = 0xa7e55e18
10.06.56	正常	设备1 程序下载成功 
10.16.26	正常	设备1 CRC = 0x90e97673
10.16.27	错误	设备1 downImage复位失败!!
10.16.27	警告	设备1 程序下载失败 
10.16.33	正常	设备1 继续下载失败的bin文件！ 
10.16.46	正常	设备1 程序下载成功 
10.22.23	正常	设备1 CRC = 0x7201f963
10.22.36	正常	设备1 程序下载成功 
10.24.45	正常	设备1 CRC = 0xc03ef26e
10.24.46	警告	设备1 写入Bin文件超时-1！ 
10.24.46	警告	设备1 程序下载失败 
10.24.48	正常	设备1 继续下载失败的bin文件！ 
10.25.02	正常	设备1 程序下载成功 
13.55.38	正常	设备1 CRC = 0x6a9c4ac5
13.55.38	错误	设备1 downImage复位失败!!
13.55.38	警告	设备1 程序下载失败 
13.55.43	正常	设备1 继续下载失败的bin文件！ 
13.55.45	警告	设备1 写入Bin文件超时-1！ 
13.55.45	警告	设备1 程序下载失败 
13.55.55	正常	设备1 继续下载失败的bin文件！ 
13.56.09	正常	设备1 程序下载成功 
13.58.04	正常	设备1 CRC = 0xd65c08ed
13.58.18	正常	设备1 程序下载成功 
14.02.15	正常	设备1 CRC = 0x2d874462
14.02.29	正常	设备1 程序下载成功 
14.44.53	正常	设备1 CRC = 0x909c4414
14.45.07	正常	设备1 程序下载成功 
14.49.29	正常	设备1 CRC = 0x163372b0
14.49.42	正常	设备1 程序下载成功 
14.56.50	正常	设备1 CRC = 0x9af2e204
14.57.04	正常	设备1 程序下载成功 
14.57.37	正常	设备1 CRC = 0x9af2e204
14.57.51	正常	设备1 程序下载成功 
14.59.09	正常	设备1 CRC = 0xc13e54ec
14.59.22	正常	设备1 程序下载成功 
15.01.14	正常	设备1 CRC = 0x45f218fd
15.01.28	正常	设备1 程序下载成功 
15.07.29	正常	设备1 CRC = 0xdf836c7d
15.07.43	正常	设备1 程序下载成功 
15.13.05	正常	设备1 CRC = 0xbb9ba181
15.13.19	正常	设备1 程序下载成功 
15.13.57	正常	设备1 CRC = 0x4d2752a8
15.14.10	正常	设备1 程序下载成功 
15.22.36	正常	设备1 CRC = 0xf07aa4d1
15.22.49	正常	设备1 程序下载成功 
15.33.53	正常	设备1 CRC = 0x969a3c59
15.34.07	正常	设备1 程序下载成功 
15.38.16	正常	设备1 CRC = 0xcb9e8839
15.38.30	正常	设备1 程序下载成功 
15.49.18	正常	设备1 CRC = 0x30f87c6d
15.49.32	正常	设备1 程序下载成功 
15.51.53	正常	设备1 CRC = 0x30f87c6d
15.52.07	正常	设备1 程序下载成功 
15.52.19	正常	设备1 CRC = 0xf1a3b49d
15.52.33	正常	设备1 程序下载成功 
15.53.35	正常	设备1 CRC = 0x07d11723
15.53.48	正常	设备1 程序下载成功 
15.56.33	正常	设备1 CRC = 0x9b817d15
15.56.47	正常	设备1 程序下载成功 
15.57.27	正常	设备1 CRC = 0x79c04bcc
15.57.41	正常	设备1 程序下载成功 
15.57.49	正常	设备1 CRC = 0x8e288596
15.58.03	正常	设备1 程序下载成功 
16.29.13	正常	设备1 CRC = 0xc136d270
16.29.27	正常	设备1 程序下载成功 
16.31.41	正常	设备1 CRC = 0xd2b121f4
16.31.54	正常	设备1 程序下载成功 
16.38.13	正常	设备1 CRC = 0xffcfc812
16.38.26	正常	设备1 程序下载成功 
16.40.36	正常	设备1 CRC = 0x1d4d31f0
16.40.49	正常	设备1 程序下载成功 
16.42.15	正常	设备1 CRC = 0x6683157d
16.42.28	正常	设备1 程序下载成功 
16.42.29	正常	设备1 CRC = 0x6683157d
16.42.43	正常	设备1 程序下载成功 
16.42.44	正常	设备1 CRC = 0x6683157d
16.42.58	正常	设备1 程序下载成功 
16.53.38	正常	设备1 CRC = 0xb82d72d4
16.53.52	正常	设备1 程序下载成功 
17.00.27	正常	设备1 CRC = 0xb82d72d4
17.00.41	正常	设备1 程序下载成功 
17.01.14	正常	设备1 CRC = 0x4ab4c2ab
17.01.28	正常	设备1 程序下载成功 
17.28.02	正常	设备1 CRC = 0x2d655470
17.28.16	正常	设备1 程序下载成功 
17.29.48	正常	设备1 CRC = 0x2d655470
17.30.02	正常	设备1 程序下载成功 
17.30.24	正常	设备1 CRC = 0x2b4e0df4
17.30.37	正常	设备1 程序下载成功 
17.33.45	正常	设备1 CRC = 0x5a939281
17.33.58	正常	设备1 程序下载成功 
18.19.42	正常	设备1 CRC = 0x213b201a
18.19.56	正常	设备1 程序下载成功 
18.21.59	正常	设备1 CRC = 0x7cc6a4df
18.22.13	正常	设备1 程序下载成功 
18.27.42	正常	设备1 CRC = 0xe7a02086
18.27.55	正常	设备1 程序下载成功 
18.29.33	正常	设备1 CRC = 0x3e836af9
18.29.46	正常	设备1 程序下载成功 
18.32.35	正常	设备1 CRC = 0x286f76bc
18.32.49	正常	设备1 程序下载成功 
18.34.02	正常	设备1 CRC = 0x82b41952
18.34.16	正常	设备1 程序下载成功 
18.59.16	正常	设备1 CRC = 0x1656fc55
18.59.29	正常	设备1 程序下载成功 
19.18.59	正常	设备1 CRC = 0x65118d2a
19.19.13	正常	设备1 程序下载成功 
19.21.01	正常	设备1 CRC = 0x8c9597cf
19.21.15	正常	设备1 程序下载成功 
19.22.43	正常	设备1 CRC = 0xa7b3ff4e
19.22.57	正常	设备1 程序下载成功 
19.30.15	正常	设备1 CRC = 0xd62634df
19.30.29	正常	设备1 程序下载成功 
19.32.04	正常	设备1 CRC = 0x9867a21b
19.32.18	正常	设备1 程序下载成功 
19.33.14	正常	设备1 CRC = 0xdc24d79d
19.33.28	正常	设备1 程序下载成功 
20.00.27	正常	设备1 CRC = 0xfb1bafb8
20.00.28	错误	设备1 downImage复位失败!!
20.00.28	警告	设备1 程序下载失败 
20.00.34	正常	设备1 继续下载失败的bin文件！ 
20.00.48	正常	设备1 程序下载成功 
20.06.37	正常	设备1 CRC = 0x039d1894
20.06.50	正常	设备1 程序下载成功 
20.16.46	正常	设备1 CRC = 0x599230a5
20.16.59	正常	设备1 程序下载成功 
20.19.36	正常	设备1 CRC = 0x0708b9f0
20.19.49	正常	设备1 程序下载成功 
20.22.37	正常	设备1 CRC = 0x5cd464b0
20.22.50	正常	设备1 程序下载成功 
20.34.58	正常	设备1 CRC = 0x1ad57462
20.35.12	正常	设备1 程序下载成功 
20.35.30	正常	设备1 CRC = 0x71e674b7
20.35.44	正常	设备1 程序下载成功 
20.36.53	正常	设备1 CRC = 0x0ebc0caa
20.37.07	正常	设备1 程序下载成功 
