13.47.47	正常	设备1 CRC = 0x563ef233
13.47.49	警告	设备1 写入Bin文件超时-1！ 
13.47.49	警告	设备1 程序下载失败 
13.47.50	正常	设备1 继续下载失败的bin文件！ 
13.48.04	正常	设备1 程序下载成功 
13.53.34	正常	设备1 CRC = 0x3aa47991
13.53.35	警告	设备1 写入Bin文件超时-1！ 
13.53.35	警告	设备1 程序下载失败 
13.53.36	正常	设备1 继续下载失败的bin文件！ 
13.53.50	正常	设备1 程序下载成功 
14.12.36	正常	设备1 CRC = 0xf8344fee
14.12.38	警告	设备1 写入Bin文件超时-1！ 
14.12.38	警告	设备1 程序下载失败 
14.12.38	正常	设备1 继续下载失败的bin文件！ 
14.12.52	正常	设备1 程序下载成功 
14.33.09	正常	设备1 CRC = 0x00f71c05
14.33.10	警告	设备1 写入Bin文件超时-1！ 
14.33.10	警告	设备1 程序下载失败 
14.33.12	正常	设备1 继续下载失败的bin文件！ 
14.33.26	正常	设备1 程序下载成功 
14.46.41	正常	设备1 CRC = 0x00f71c05
14.46.43	警告	设备1 写入Bin文件超时-1！ 
14.46.43	警告	设备1 程序下载失败 
14.48.21	正常	设备1 继续下载失败的bin文件！ 
14.48.35	正常	设备1 程序下载成功 
14.49.53	正常	设备1 CRC = 0x32b2507e
14.49.54	警告	设备1 写入Bin文件超时-1！ 
14.49.54	警告	设备1 程序下载失败 
14.49.55	正常	设备1 继续下载失败的bin文件！ 
14.50.09	正常	设备1 程序下载成功 
16.51.06	正常	设备1 CRC = 0x32b2507e
16.51.07	警告	设备1 写入Bin文件超时-1！ 
16.51.07	警告	设备1 程序下载失败 
16.51.08	正常	设备1 继续下载失败的bin文件！ 
16.51.22	正常	设备1 程序下载成功 
