09.53.17	正常	设备1 CRC = 0x48a47de0
09.53.18	错误	设备1 downImage复位失败!!
09.53.18	警告	设备1 程序下载失败 
11.56.43	正常	设备1 继续下载失败的bin文件！ 
11.56.57	正常	设备1 程序下载成功 
12.31.04	正常	设备1 CRC = 0x5e992b95
12.31.19	正常	设备1 程序下载成功 
12.35.37	正常	设备1 CRC = 0x48a47de0
12.35.51	正常	设备1 程序下载成功 
12.38.02	正常	设备1 CRC = 0x48a47de0
12.38.16	正常	设备1 程序下载成功 
13.47.52	正常	设备1 CRC = 0x373e1ee0
13.48.06	正常	设备1 程序下载成功 
15.18.43	正常	设备1 CRC = 0xe76ddcf3
15.18.57	正常	设备1 程序下载成功 
15.25.28	正常	设备1 CRC = 0xe76ddcf3
15.25.30	警告	设备1 写入Bin文件超时-1！ 
15.25.30	警告	设备1 程序下载失败 
15.25.32	正常	设备1 继续下载失败的bin文件！ 
15.25.46	正常	设备1 程序下载成功 
15.37.34	正常	设备1 CRC = 0xaa608c0c
15.37.49	正常	设备1 程序下载成功 
15.40.02	正常	设备1 CRC = 0xaa608c0c
15.40.16	正常	设备1 程序下载成功 
15.50.47	正常	设备1 CRC = 0x534ba52c
15.51.01	正常	设备1 程序下载成功 
16.06.25	正常	设备1 CRC = 0x37253342
16.06.39	正常	设备1 程序下载成功 
16.43.08	正常	设备1 CRC = 0x98f4b88f
16.43.22	正常	设备1 程序下载成功 
16.46.49	正常	设备1 CRC = 0xfc9a2ee1
16.47.03	正常	设备1 程序下载成功 
16.52.29	正常	设备1 CRC = 0x48bc573e
16.52.43	正常	设备1 程序下载成功 
16.53.42	正常	设备1 CRC = 0x9fd1cf43
16.53.56	正常	设备1 程序下载成功 
16.56.10	正常	设备1 CRC = 0xf58103c1
16.56.24	正常	设备1 程序下载成功 
19.16.27	正常	设备1 CRC = 0xd5b93cb2
19.16.41	正常	设备1 程序下载成功 
19.33.55	正常	设备1 CRC = 0xb3b1458e
19.34.09	正常	设备1 程序下载成功 
19.35.24	正常	设备1 CRC = 0x41a77a1e
19.35.38	正常	设备1 程序下载成功 
19.41.24	正常	设备1 CRC = 0x41437818
19.41.38	正常	设备1 程序下载成功 
19.44.37	正常	设备1 CRC = 0x252dee76
19.44.52	正常	设备1 程序下载成功 
19.45.58	正常	设备1 CRC = 0xf56501c7
19.46.12	正常	设备1 程序下载成功 
19.51.02	正常	设备1 CRC = 0x9e52c617
19.51.16	正常	设备1 程序下载成功 
19.54.28	正常	设备1 CRC = 0x9e52c617
19.54.42	正常	设备1 程序下载成功 
