09.39.58	正常	设备1 CRC = 0xd8cee39f
09.40.09	正常	设备1 程序下载成功 
09.55.30	正常	设备1 CRC = 0x9d6ee805
09.55.41	正常	设备1 程序下载成功 
14.34.17	正常	设备1 CRC = 0xacd55d4e
14.34.29	正常	设备1 程序下载成功 
17.38.00	正常	设备1 CRC = 0xaa9f0651
17.38.14	正常	设备1 程序下载成功 
17.47.13	正常	设备1 CRC = 0xaa9f0651
17.47.14	错误	设备1 downImage复位失败!!
17.47.14	警告	设备1 程序下载失败 
17.52.25	正常	设备1 继续下载失败的bin文件！ 
17.52.25	错误	设备1 downImage复位失败!!
17.52.25	警告	设备1 程序下载失败 
18.48.29	正常	设备1 继续下载失败的bin文件！ 
18.48.30	错误	设备1 downImage复位失败!!
18.48.30	警告	设备1 程序下载失败 
18.56.43	正常	设备1 继续下载失败的bin文件！ 
18.56.43	错误	设备1 downImage复位失败!!
18.56.43	警告	设备1 程序下载失败 
19.39.45	正常	设备1 继续下载失败的bin文件！ 
19.39.45	错误	设备1 downImage复位失败!!
19.39.45	警告	设备1 程序下载失败 
19.53.07	正常	设备1 CRC = 0x11568567
19.53.23	正常	设备1 程序下载成功 
19.55.24	正常	设备1 CRC = 0x2d3bd7cb
19.55.39	正常	设备1 程序下载成功 
20.25.30	正常	设备1 CRC = 0x2d3bd7cb
20.25.31	错误	设备1 downImage复位失败!!
20.25.31	警告	设备1 程序下载失败 
