10.15.50	正常	设备1 CRC = 0x5a78f150
10.16.01	正常	设备1 程序下载成功 
10.50.08	正常	设备1 CRC = 0x378fcdbb
10.50.20	正常	设备1 程序下载成功 
10.51.41	正常	设备1 CRC = 0x82e55984
10.51.52	正常	设备1 程序下载成功 
10.58.59	正常	设备1 CRC = 0x95b8c803
10.59.10	正常	设备1 程序下载成功 
11.05.06	正常	设备1 CRC = 0xf7122907
11.05.18	正常	设备1 程序下载成功 
11.05.42	正常	设备1 CRC = 0xaa4d4a64
11.05.53	正常	设备1 程序下载成功 
11.24.49	正常	设备1 CRC = 0xc1036b15
11.25.01	正常	设备1 程序下载成功 
11.26.25	正常	设备1 CRC = 0x438b8b00
11.26.36	正常	设备1 程序下载成功 
11.28.44	正常	设备1 CRC = 0xe8650d18
11.28.55	正常	设备1 程序下载成功 
11.33.17	正常	设备1 CRC = 0x2948cf49
11.33.28	正常	设备1 程序下载成功 
11.35.09	正常	设备1 CRC = 0xedc38a9e
11.35.21	正常	设备1 程序下载成功 
14.34.32	正常	设备1 CRC = 0xd70a4fa2
14.34.43	正常	设备1 程序下载成功 
15.07.59	正常	设备1 CRC = 0xd70a4fa2
15.08.11	正常	设备1 程序下载成功 
20.18.04	正常	设备1 CRC = 0xc2b1f3c7
20.18.18	正常	设备1 程序下载成功 
20.48.27	正常	设备1 CRC = 0x1c8fd9c4
20.48.29	警告	设备1 写入Bin文件超时-1！ 
20.48.29	警告	设备1 程序下载失败 
20.48.30	正常	设备1 继续下载失败的bin文件！ 
20.48.44	正常	设备1 程序下载成功 
