10.43.35	正常	设备1 CRC = 0xa0f16f5b
10.43.49	正常	设备1 程序下载成功 
10.54.06	正常	设备1 CRC = 0xe9585743
10.54.20	正常	设备1 程序下载成功 
11.04.17	正常	设备1 CRC = 0x9fe6c051
11.04.31	正常	设备1 程序下载成功 
11.08.49	正常	设备1 CRC = 0xf9752520
11.09.14	错误	设备1 芯片校验请求超时！
11.09.14	警告	设备1 程序下载失败 
11.09.16	错误	设备1 Vpp关闭操作超时！
11.09.22	正常	设备1 继续下载失败的bin文件！ 
11.09.36	正常	设备1 程序下载成功 
11.12.33	正常	设备1 CRC = 0xc1dd63b5
11.12.47	正常	设备1 程序下载成功 
11.51.38	正常	设备1 CRC = 0x02e1f1ba
11.51.52	正常	设备1 程序下载成功 
13.34.46	正常	设备1 CRC = 0xcb070e54
13.35.00	正常	设备1 程序下载成功 
13.40.55	正常	设备1 CRC = 0x3bdc1e11
13.41.09	正常	设备1 程序下载成功 
13.50.52	正常	设备1 CRC = 0x1e600da6
13.51.06	正常	设备1 程序下载成功 
14.11.12	正常	设备1 CRC = 0x96e7881f
14.11.26	正常	设备1 程序下载成功 
14.58.59	正常	设备1 CRC = 0x70acb500
14.59.13	正常	设备1 程序下载成功 
15.01.01	正常	设备1 CRC = 0x3688e98c
15.01.15	正常	设备1 程序下载成功 
15.07.55	正常	设备1 CRC = 0x9929112e
15.08.09	正常	设备1 程序下载成功 
15.14.50	正常	设备1 CRC = 0x96164a33
15.15.05	正常	设备1 程序下载成功 
15.19.09	正常	设备1 CRC = 0xe575cb9b
15.19.23	正常	设备1 程序下载成功 
15.21.32	正常	设备1 CRC = 0x7de430b1
15.21.47	正常	设备1 程序下载成功 
15.24.42	正常	设备1 CRC = 0xf92503f4
15.24.56	正常	设备1 程序下载成功 
15.35.29	正常	设备1 CRC = 0x1f8ceda7
15.35.43	正常	设备1 程序下载成功 
16.26.35	正常	设备1 CRC = 0xdd3b6fb3
16.26.50	正常	设备1 程序下载成功 
16.32.09	正常	设备1 CRC = 0x1bcc7f9e
16.32.23	正常	设备1 程序下载成功 
16.35.46	正常	设备1 CRC = 0xb1c8e827
16.36.00	正常	设备1 程序下载成功 
16.45.37	正常	设备1 CRC = 0xea09e4bb
16.45.52	正常	设备1 程序下载成功 
17.31.16	正常	设备1 CRC = 0x3b521121
17.31.31	正常	设备1 程序下载成功 
17.35.16	正常	设备1 CRC = 0xa6e7358b
17.35.31	正常	设备1 程序下载成功 
17.37.38	正常	设备1 CRC = 0xd4901e1c
17.37.52	正常	设备1 程序下载成功 
18.48.27	正常	设备1 CRC = 0x8ae5ae2d
18.48.41	正常	设备1 程序下载成功 
19.20.21	正常	设备1 CRC = 0xd2014b4c
19.20.35	正常	设备1 程序下载成功 
19.28.29	正常	设备1 CRC = 0x1588695f
19.28.44	正常	设备1 程序下载成功 
19.32.46	正常	设备1 CRC = 0x1588695f
19.33.01	正常	设备1 程序下载成功 
19.33.08	正常	设备1 CRC = 0x64a0d583
19.33.22	正常	设备1 程序下载成功 
19.39.34	正常	设备1 CRC = 0x507593e2
19.39.49	正常	设备1 程序下载成功 
19.51.35	正常	设备1 CRC = 0x507593e2
19.51.50	正常	设备1 程序下载成功 
19.54.09	正常	设备1 CRC = 0xacffb553
19.54.24	正常	设备1 程序下载成功 
19.57.19	正常	设备1 CRC = 0xa0e9eeea
19.57.33	正常	设备1 程序下载成功 
