14.47.33	正常	设备1 CRC = 0xd04c4741
14.47.34	错误	设备1 downImage复位失败!!
14.47.34	警告	设备1 程序下载失败 
14.47.51	正常	设备1 继续下载失败的bin文件！ 
14.47.51	错误	设备1 downImage复位失败!!
14.47.51	警告	设备1 程序下载失败 
14.48.16	正常	设备1 继续下载失败的bin文件！ 
14.48.30	正常	设备1 程序下载成功 
14.49.03	正常	设备1 CRC = 0xd04c4741
14.49.03	错误	设备1 downImage复位失败!!
14.49.03	警告	设备1 程序下载失败 
14.49.22	正常	设备1 继续下载失败的bin文件！ 
14.49.36	正常	设备1 程序下载成功 
14.49.48	正常	设备1 CRC = 0xd04c4741
14.50.02	正常	设备1 程序下载成功 
14.50.17	正常	设备1 CRC = 0xd04c4741
14.50.17	错误	设备1 downImage复位失败!!
14.50.17	警告	设备1 程序下载失败 
14.50.32	正常	设备1 继续下载失败的bin文件！ 
14.50.46	正常	设备1 程序下载成功 
17.41.31	正常	设备1 CRC = 0x7e614727
17.43.12	正常	设备1 程序下载成功 
17.47.54	正常	设备1 CRC = 0x01fbae23
17.47.54	错误	设备1 downImage复位失败!!
17.47.54	警告	设备1 程序下载失败 
17.47.59	正常	设备1 继续下载失败的bin文件！ 
17.48.08	正常	设备1 程序下载成功 
