09.41.11	正常	设备1 CRC = 0xbb45cc10
09.41.25	正常	设备1 程序下载成功 
13.58.41	正常	设备1 CRC = 0xbb45cc10
13.58.55	正常	设备1 程序下载成功 
17.18.02	正常	设备1 CRC = 0xbb45cc10
17.18.16	正常	设备1 程序下载成功 
17.28.32	正常	设备1 CRC = 0x3c1d8e40
17.28.46	正常	设备1 程序下载成功 
18.06.01	正常	设备1 CRC = 0x73588a45
18.06.15	正常	设备1 程序下载成功 
18.09.21	正常	设备1 CRC = 0xa696d8e6
18.09.22	警告	设备1 写入Bin文件超时-1！ 
18.09.22	警告	设备1 程序下载失败 
18.09.34	正常	设备1 继续下载失败的bin文件！ 
18.09.47	正常	设备1 程序下载成功 
18.14.27	正常	设备1 CRC = 0x371159f8
18.14.28	警告	设备1 写入Bin文件超时-1！ 
18.14.29	警告	设备1 程序下载失败 
18.14.29	正常	设备1 继续下载失败的bin文件！ 
18.14.43	正常	设备1 程序下载成功 
18.18.06	正常	设备1 CRC = 0xcaff3a4d
18.18.07	警告	设备1 写入Bin文件超时-1！ 
18.18.07	警告	设备1 程序下载失败 
18.18.08	正常	设备1 继续下载失败的bin文件！ 
18.18.22	正常	设备1 程序下载成功 
18.18.49	正常	设备1 CRC = 0xf4f7eaae
18.19.02	正常	设备1 程序下载成功 
19.24.13	正常	设备1 CRC = 0xf4f7eaae
19.24.14	警告	设备1 写入Bin文件超时-1！ 
19.24.14	警告	设备1 程序下载失败 
20.24.33	正常	设备1 读出成功!!
