09.20.33	正常	设备1 CRC = 0x4e2357b9
09.20.49	正常	设备1 程序下载成功 
09.28.34	正常	设备1 CRC = 0xbf93f77b
09.28.51	正常	设备1 程序下载成功 
10.48.50	正常	设备1 CRC = 0xf62aed38
10.49.06	正常	设备1 程序下载成功 
10.51.11	正常	设备1 CRC = 0x5888589f
10.51.28	正常	设备1 程序下载成功 
10.57.48	正常	设备1 CRC = 0xaa04934f
10.57.50	警告	设备1 写入Bin文件超时-1！ 
10.57.50	警告	设备1 程序下载失败 
10.57.52	正常	设备1 继续下载失败的bin文件！ 
10.57.54	警告	设备1 写入Bin文件超时-1！ 
10.57.54	警告	设备1 程序下载失败 
10.57.58	正常	设备1 继续下载失败的bin文件！ 
10.58.00	警告	设备1 写入Bin文件超时-1！ 
10.58.00	警告	设备1 程序下载失败 
10.58.17	正常	设备1 继续下载失败的bin文件！ 
10.58.19	警告	设备1 写入Bin文件超时-1！ 
10.58.19	警告	设备1 程序下载失败 
10.58.37	正常	设备1 继续下载失败的bin文件！ 
10.58.39	警告	设备1 写入Bin文件超时-1！ 
10.58.39	警告	设备1 程序下载失败 
10.59.26	正常	设备1 继续下载失败的bin文件！ 
10.59.28	警告	设备1 写入Bin文件超时-1！ 
10.59.28	警告	设备1 程序下载失败 
11.00.04	正常	设备1 继续下载失败的bin文件！ 
11.00.06	警告	设备1 写入Bin文件超时-1！ 
11.00.06	警告	设备1 程序下载失败 
11.00.19	正常	设备1 CRC = 0xaa04934f
11.00.21	警告	设备1 写入Bin文件超时-1！ 
11.00.21	警告	设备1 程序下载失败 
11.00.32	正常	设备1 继续下载失败的bin文件！ 
11.00.34	警告	设备1 写入Bin文件超时-1！ 
11.00.34	警告	设备1 程序下载失败 
11.01.53	正常	设备1 继续下载失败的bin文件！ 
11.01.55	警告	设备1 写入Bin文件超时-1！ 
11.01.55	警告	设备1 程序下载失败 
11.03.16	正常	设备1 继续下载失败的bin文件！ 
11.03.32	正常	设备1 程序下载成功 
11.09.07	正常	设备1 CRC = 0x139e5d64
11.09.24	正常	设备1 程序下载成功 
11.13.44	正常	设备1 CRC = 0x28ae61a6
11.14.00	正常	设备1 程序下载成功 
11.17.26	正常	设备1 CRC = 0x4f1f9ab8
11.17.42	正常	设备1 程序下载成功 
11.50.49	正常	设备1 CRC = 0xcca26ab8
11.51.05	正常	设备1 程序下载成功 
14.10.39	正常	设备1 CRC = 0x5fa0643e
14.10.55	正常	设备1 程序下载成功 
14.18.05	正常	设备1 CRC = 0x5ef41158
14.18.22	正常	设备1 程序下载成功 
14.20.58	正常	设备1 CRC = 0x754b4480
14.21.14	正常	设备1 程序下载成功 
14.39.22	正常	设备1 CRC = 0xb25c2b43
14.39.39	正常	设备1 程序下载成功 
14.41.02	正常	设备1 CRC = 0x5e9acbf7
14.41.18	正常	设备1 程序下载成功 
14.44.03	正常	设备1 CRC = 0xf5f9f356
14.44.20	正常	设备1 程序下载成功 
14.45.37	正常	设备1 CRC = 0x60c002e6
14.45.54	正常	设备1 程序下载成功 
14.54.01	正常	设备1 CRC = 0x6564156f
14.54.17	正常	设备1 程序下载成功 
16.28.29	正常	设备1 CRC = 0xd78031dd
16.28.45	正常	设备1 程序下载成功 
16.45.17	正常	设备1 CRC = 0x7f4c1d51
16.45.17	错误	设备1 downImage复位失败!!
16.45.17	警告	设备1 程序下载失败 
16.45.25	正常	设备1 继续下载失败的bin文件！ 
16.45.41	正常	设备1 程序下载成功 
16.59.06	正常	设备1 CRC = 0xdc8d49d3
16.59.22	正常	设备1 程序下载成功 
17.00.20	正常	设备1 CRC = 0x39ad0769
17.00.36	正常	设备1 程序下载成功 
17.15.12	正常	设备1 CRC = 0x47d0fa19
17.15.28	正常	设备1 程序下载成功 
17.24.53	正常	设备1 CRC = 0x57dd8768
17.25.09	正常	设备1 程序下载成功 
18.35.33	正常	设备1 CRC = 0x8f099d16
18.35.50	正常	设备1 程序下载成功 
18.42.09	正常	设备1 CRC = 0xd665b276
18.42.25	正常	设备1 程序下载成功 
18.59.45	正常	设备1 CRC = 0x0c332f93
19.00.02	正常	设备1 程序下载成功 
19.09.23	正常	设备1 CRC = 0xb86d6c5e
19.09.40	正常	设备1 程序下载成功 
