10.12.20	正常	设备1 CRC = 0xb98299db
10.12.32	警告	设备1 写入Bin文件超时-1！ 
10.12.32	警告	设备1 程序下载失败 
10.12.41	正常	设备1 CRC = 0xb98299db
10.12.42	错误	设备1 downImage复位失败!!
10.12.42	警告	设备1 程序下载失败 
10.13.04	正常	设备1 继续下载失败的bin文件！ 
10.13.17	正常	设备1 程序下载成功 
10.40.40	正常	设备1 CRC = 0x4a100a77
10.40.53	正常	设备1 程序下载成功 
11.54.30	正常	设备1 读出成功!!
15.04.18	正常	设备1 CRC = 0xacf53163
15.04.31	正常	设备1 程序下载成功 
15.05.47	正常	设备1 CRC = 0xacf53163
15.06.01	正常	设备1 程序下载成功 
16.25.02	正常	设备1 CRC = 0x401f85e1
16.25.04	警告	设备1 写入Bin文件超时-1！ 
16.25.04	警告	设备1 程序下载失败 
16.25.06	正常	设备1 继续下载失败的bin文件！ 
16.25.09	警告	设备1 写入Bin文件超时-1！ 
16.25.09	警告	设备1 程序下载失败 
16.25.22	正常	设备1 继续下载失败的bin文件！ 
16.25.29	警告	设备1 写入Bin文件超时-1！ 
16.25.29	警告	设备1 程序下载失败 
16.25.40	正常	设备1 CRC = 0x401f85e1
16.25.46	警告	设备1 写入Bin文件超时-1！ 
16.25.46	警告	设备1 程序下载失败 
16.26.04	正常	设备1 继续下载失败的bin文件！ 
16.26.05	错误	设备1 downImage复位失败!!
16.26.05	警告	设备1 程序下载失败 
16.26.11	正常	设备1 继续下载失败的bin文件！ 
16.26.13	警告	设备1 写入Bin文件超时-1！ 
16.26.13	警告	设备1 程序下载失败 
16.26.15	正常	设备1 继续下载失败的bin文件！ 
16.26.28	正常	设备1 程序下载成功 
16.27.35	正常	设备1 CRC = 0x401f85e1
16.27.48	正常	设备1 程序下载成功 
17.20.34	正常	设备1 CRC = 0x83bbf20a
17.20.47	正常	设备1 程序下载成功 
17.29.07	正常	设备1 CRC = 0x518281a2
17.29.20	正常	设备1 程序下载成功 
17.34.20	正常	设备1 CRC = 0x4b178430
17.34.34	正常	设备1 程序下载成功 
17.44.41	正常	设备1 CRC = 0x73e776e8
17.44.54	正常	设备1 程序下载成功 
17.46.40	正常	设备1 CRC = 0x73e776e8
17.46.53	正常	设备1 程序下载成功 
17.48.20	正常	设备1 CRC = 0x98afa614
17.48.33	正常	设备1 程序下载成功 
17.53.20	正常	设备1 CRC = 0x18ebc7fe
17.53.34	正常	设备1 程序下载成功 
17.57.57	正常	设备1 CRC = 0x4e82c064
17.58.10	正常	设备1 程序下载成功 
18.02.59	正常	设备1 CRC = 0xac765853
18.03.12	正常	设备1 程序下载成功 
18.07.36	正常	设备1 CRC = 0x060fa761
18.07.49	正常	设备1 程序下载成功 
18.10.15	正常	设备1 CRC = 0x199d1748
18.10.28	正常	设备1 程序下载成功 
18.16.00	正常	设备1 CRC = 0x49e691b6
18.16.13	正常	设备1 程序下载成功 
18.18.05	正常	设备1 CRC = 0x49e691b6
18.18.19	正常	设备1 程序下载成功 
