10.18.56	正常	设备1 CRC = 0xf22e6732
10.18.58	警告	设备1 写入Bin文件超时-1！ 
10.18.58	警告	设备1 程序下载失败 
10.18.59	正常	设备1 继续下载失败的bin文件！ 
10.19.14	正常	设备1 程序下载成功 
10.21.53	正常	设备1 CRC = 0x3dcb657f
10.21.54	警告	设备1 写入Bin文件超时-1！ 
10.21.55	警告	设备1 程序下载失败 
10.21.55	正常	设备1 继续下载失败的bin文件！ 
10.22.11	正常	设备1 程序下载成功 
10.26.21	正常	设备1 CRC = 0xd7e70468
10.26.22	警告	设备1 写入Bin文件超时-1！ 
10.26.22	警告	设备1 程序下载失败 
10.26.23	正常	设备1 继续下载失败的bin文件！ 
10.26.38	正常	设备1 程序下载成功 
15.00.17	正常	设备1 CRC = 0x9b150001
15.00.17	错误	设备1 downImage复位失败!!
15.00.17	警告	设备1 程序下载失败 
15.00.18	正常	设备1 继续下载失败的bin文件！ 
15.00.19	错误	设备1 downImage复位失败!!
15.00.19	警告	设备1 程序下载失败 
15.00.25	正常	设备1 继续下载失败的bin文件！ 
15.00.26	警告	设备1 写入Bin文件超时-1！ 
15.00.26	警告	设备1 程序下载失败 
15.00.31	正常	设备1 继续下载失败的bin文件！ 
15.00.46	正常	设备1 程序下载成功 
15.02.01	正常	设备1 CRC = 0x1b038357
15.02.03	警告	设备1 写入Bin文件超时-1！ 
15.02.03	警告	设备1 程序下载失败 
15.02.04	正常	设备1 继续下载失败的bin文件！ 
15.02.19	正常	设备1 程序下载成功 
15.23.34	正常	设备1 CRC = 0xc69b5a58
15.23.49	正常	设备1 程序下载成功 
15.28.33	正常	设备1 CRC = 0x4ac9c82f
15.28.35	警告	设备1 写入Bin文件超时-1！ 
15.28.35	警告	设备1 程序下载失败 
15.28.36	正常	设备1 继续下载失败的bin文件！ 
15.28.51	正常	设备1 程序下载成功 
16.19.41	正常	设备1 CRC = 0xd9e5c452
16.19.42	警告	设备1 写入Bin文件超时-1！ 
16.19.43	警告	设备1 程序下载失败 
16.19.44	正常	设备1 继续下载失败的bin文件！ 
16.19.59	正常	设备1 程序下载成功 
16.23.58	正常	设备1 CRC = 0x7b2ae122
16.23.58	错误	设备1 downImage复位失败!!
16.23.58	警告	设备1 程序下载失败 
16.24.01	正常	设备1 继续下载失败的bin文件！ 
16.24.17	正常	设备1 程序下载成功 
16.32.06	正常	设备1 CRC = 0xa3ef8c6a
16.32.08	警告	设备1 写入Bin文件超时-1！ 
16.32.08	警告	设备1 程序下载失败 
16.32.09	正常	设备1 继续下载失败的bin文件！ 
16.32.25	正常	设备1 程序下载成功 
16.37.49	正常	设备1 CRC = 0xd3adf0a5
16.37.50	警告	设备1 写入Bin文件超时-1！ 
16.37.50	警告	设备1 程序下载失败 
16.37.51	正常	设备1 继续下载失败的bin文件！ 
16.38.07	正常	设备1 程序下载成功 
16.57.39	正常	设备1 CRC = 0x2de04934
16.57.41	警告	设备1 写入Bin文件超时-1！ 
16.57.41	警告	设备1 程序下载失败 
16.57.43	正常	设备1 继续下载失败的bin文件！ 
16.57.58	正常	设备1 程序下载成功 
17.29.30	正常	设备1 CRC = 0xbe019a2c
17.29.32	警告	设备1 写入Bin文件超时-1！ 
17.29.32	警告	设备1 程序下载失败 
17.29.33	正常	设备1 继续下载失败的bin文件！ 
17.29.48	正常	设备1 程序下载成功 
17.34.49	正常	设备1 CRC = 0x4db168e6
17.34.50	警告	设备1 写入Bin文件超时-1！ 
17.34.50	警告	设备1 程序下载失败 
17.34.51	正常	设备1 继续下载失败的bin文件！ 
17.35.06	正常	设备1 程序下载成功 
17.37.25	正常	设备1 CRC = 0x80bec16e
17.37.26	警告	设备1 写入Bin文件超时-1！ 
17.37.26	警告	设备1 程序下载失败 
17.37.27	正常	设备1 继续下载失败的bin文件！ 
17.37.43	正常	设备1 程序下载成功 
