10.26.39	正常	设备1 CRC = 0x0f572f6e
10.26.40	错误	设备1 downImage复位失败!!
10.26.40	警告	设备1 程序下载失败 
10.26.49	正常	设备1 继续下载失败的bin文件！ 
10.26.49	错误	设备1 downImage复位失败!!
10.26.49	警告	设备1 程序下载失败 
10.27.01	正常	设备1 继续下载失败的bin文件！ 
10.27.15	正常	设备1 程序下载成功 
10.27.22	正常	设备1 CRC = 0x0f572f6e
10.27.36	正常	设备1 程序下载成功 
10.27.42	正常	设备1 CRC = 0x0f572f6e
10.27.56	正常	设备1 程序下载成功 
10.30.45	正常	设备1 CRC = 0x0f572f6e
10.30.59	正常	设备1 程序下载成功 
10.31.16	正常	设备1 CRC = 0x0f572f6e
10.31.16	错误	设备1 downImage复位失败!!
10.31.16	警告	设备1 程序下载失败 
10.34.16	正常	设备1 继续下载失败的bin文件！ 
10.34.16	错误	设备1 downImage复位失败!!
10.34.16	警告	设备1 程序下载失败 
10.35.59	正常	设备1 继续下载失败的bin文件！ 
10.36.13	正常	设备1 程序下载成功 
11.33.50	正常	设备1 CRC = 0x0f572f6e
11.34.05	正常	设备1 程序下载成功 
14.47.56	正常	设备1 CRC = 0x0f572f6e
14.48.10	正常	设备1 程序下载成功 
14.48.34	正常	设备1 CRC = 0x3014f36a
14.48.39	正常	设备1 程序下载成功 
14.48.49	正常	设备1 CRC = 0x3014f36a
14.48.54	正常	设备1 程序下载成功 
14.49.03	正常	设备1 CRC = 0x3014f36a
14.49.08	正常	设备1 程序下载成功 
14.49.18	正常	设备1 CRC = 0x3014f36a
14.49.23	正常	设备1 程序下载成功 
14.49.33	正常	设备1 CRC = 0x3014f36a
14.49.37	正常	设备1 程序下载成功 
