10.56.47	错误	设备1 dump复位失败!!
10.56.47	错误	设备1 读出失败!!
10.58.06	错误	设备1 dump复位失败!!
10.58.06	错误	设备1 读出失败!!
10.58.08	错误	设备1 dump复位失败!!
10.58.08	错误	设备1 读出失败!!
10.59.27	错误	设备1 dump复位失败!!
10.59.27	错误	设备1 读出失败!!
11.07.40	正常	设备1 CRC = 0x40b49e04
11.07.41	错误	设备1 downImage复位失败!!
11.07.41	警告	设备1 程序下载失败 
11.07.52	正常	设备1 继续下载失败的bin文件！ 
11.08.06	正常	设备1 程序下载成功 
11.12.41	正常	设备1 CRC = 0x40b49e04
11.12.55	正常	设备1 程序下载成功 
11.28.10	正常	设备1 CRC = 0x40b49e04
11.28.10	错误	设备1 downImage复位失败!!
11.28.10	警告	设备1 程序下载失败 
11.29.06	正常	设备1 继续下载失败的bin文件！ 
11.29.07	错误	设备1 downImage复位失败!!
11.29.07	警告	设备1 程序下载失败 
11.33.15	正常	设备1 继续下载失败的bin文件！ 
11.33.24	警告	设备1 写入Bin文件超时-1！ 
11.33.24	警告	设备1 程序下载失败 
11.33.46	正常	设备1 继续下载失败的bin文件！ 
11.34.00	正常	设备1 程序下载成功 
