09.24.28	正常	设备1 CRC = 0xb1079205
09.24.39	正常	设备1 程序下载成功 
09.25.53	正常	设备1 CRC = 0xb44125d3
09.26.03	正常	设备1 程序下载成功 
10.28.18	正常	设备1 CRC = 0x651a718e
10.28.28	正常	设备1 程序下载成功 
10.39.06	正常	设备1 读出成功!!
10.49.50	正常	设备1 CRC = 0xa014cd76
10.50.01	正常	设备1 程序下载成功 
10.56.36	正常	设备1 CRC = 0x0e5b16ab
10.56.46	正常	设备1 程序下载成功 
10.59.31	正常	设备1 CRC = 0xc5409ca4
10.59.41	正常	设备1 程序下载成功 
11.01.18	正常	设备1 CRC = 0x5dac23dd
11.01.28	正常	设备1 程序下载成功 
11.50.30	正常	设备1 CRC = 0x2965c6c4
11.50.41	正常	设备1 程序下载成功 
11.54.27	正常	设备1 CRC = 0x8e9e4781
11.54.39	正常	设备1 程序下载成功 
12.29.55	正常	设备1 CRC = 0x93749d01
12.30.06	正常	设备1 程序下载成功 
14.34.46	正常	设备1 CRC = 0x5eb38c7c
14.34.58	正常	设备1 程序下载成功 
14.36.02	正常	设备1 CRC = 0x8a5c0feb
14.36.13	正常	设备1 程序下载成功 
14.36.43	正常	设备1 CRC = 0x8a5c0feb
14.36.54	正常	设备1 程序下载成功 
14.39.15	正常	设备1 CRC = 0x93749d01
14.39.27	正常	设备1 程序下载成功 
14.46.56	正常	设备1 CRC = 0x6674fe1a
14.46.57	警告	设备1 写入Bin文件超时-1！ 
14.46.57	警告	设备1 程序下载失败 
14.47.00	正常	设备1 继续下载失败的bin文件！ 
14.47.12	正常	设备1 程序下载成功 
15.14.55	正常	设备1 CRC = 0x6674fe1a
15.15.07	正常	设备1 程序下载成功 
16.27.23	正常	设备1 CRC = 0x41619b14
16.27.25	警告	设备1 写入Bin文件超时-1！ 
16.27.25	警告	设备1 程序下载失败 
16.27.32	正常	设备1 继续下载失败的bin文件！ 
16.27.43	正常	设备1 程序下载成功 
17.10.57	正常	设备1 CRC = 0x7520ff38
17.10.59	警告	设备1 写入Bin文件超时-1！ 
17.10.59	警告	设备1 程序下载失败 
17.11.00	正常	设备1 继续下载失败的bin文件！ 
17.11.11	正常	设备1 程序下载成功 
18.03.15	正常	设备1 CRC = 0x41619b14
18.03.16	警告	设备1 写入Bin文件超时-1！ 
18.03.16	警告	设备1 程序下载失败 
18.03.28	正常	设备1 继续下载失败的bin文件！ 
18.03.39	正常	设备1 程序下载成功 
18.08.10	正常	设备2 CRC = 0xd67c8165
18.08.12	错误	设备2 Vpp打开操作超时！
18.09.43	正常	设备1 CRC = 0xd67c8165
18.09.44	警告	设备1 写入Bin文件超时-1！ 
18.09.44	警告	设备1 程序下载失败 
18.09.51	正常	设备1 继续下载失败的bin文件！ 
18.10.03	正常	设备1 程序下载成功 
18.59.14	正常	设备1 CRC = 0x41619b14
18.59.15	警告	设备1 写入Bin文件超时-1！ 
18.59.15	警告	设备1 程序下载失败 
19.00.13	正常	设备1 继续下载失败的bin文件！ 
19.00.24	正常	设备1 程序下载成功 
19.09.48	正常	设备1 CRC = 0xe8c00040
19.09.49	警告	设备1 写入Bin文件超时-1！ 
19.09.49	警告	设备1 程序下载失败 
19.09.51	正常	设备1 继续下载失败的bin文件！ 
19.10.02	正常	设备1 程序下载成功 
19.11.04	正常	设备1 CRC = 0xb2582556
19.11.15	正常	设备1 程序下载成功 
19.29.46	正常	设备1 CRC = 0x8c312ce8
19.29.57	正常	设备1 程序下载成功 
19.33.29	正常	设备1 CRC = 0x9f72b175
19.33.40	正常	设备1 程序下载成功 
19.37.38	正常	设备1 CRC = 0x25bc1d2d
19.37.49	正常	设备1 程序下载成功 
19.38.47	正常	设备1 CRC = 0xd6255e65
19.38.58	正常	设备1 程序下载成功 
19.40.08	正常	设备1 CRC = 0x773855d8
19.40.20	正常	设备1 程序下载成功 
19.41.36	正常	设备1 CRC = 0x431c2468
19.41.47	正常	设备1 程序下载成功 
19.44.41	正常	设备1 CRC = 0xdcd81e17
19.44.52	正常	设备1 程序下载成功 
19.45.48	正常	设备1 CRC = 0x773855d8
19.45.50	警告	设备1 写入Bin文件超时-1！ 
19.45.50	警告	设备1 程序下载失败 
19.45.56	正常	设备1 继续下载失败的bin文件！ 
19.46.08	正常	设备1 程序下载成功 
19.49.42	正常	设备1 CRC = 0xa78be782
19.49.44	警告	设备1 写入Bin文件超时-1！ 
19.49.44	警告	设备1 程序下载失败 
19.49.52	正常	设备1 继续下载失败的bin文件！ 
19.50.03	正常	设备1 程序下载成功 
19.53.23	正常	设备1 CRC = 0x73e42267
19.53.24	警告	设备1 写入Bin文件超时-1！ 
19.53.24	警告	设备1 程序下载失败 
19.53.26	正常	设备1 继续下载失败的bin文件！ 
19.53.37	正常	设备1 程序下载成功 
19.55.04	正常	设备1 CRC = 0xddcb9203
19.55.06	警告	设备1 写入Bin文件超时-1！ 
19.55.06	警告	设备1 程序下载失败 
19.55.44	正常	设备1 继续下载失败的bin文件！ 
19.55.56	正常	设备1 程序下载成功 
