10.19.49	正常	设备1 读出成功!!
10.54.13	正常	设备1 CRC = 0x210fd40e
10.54.15	警告	设备1 写入Bin文件超时-1！ 
10.54.15	警告	设备1 程序下载失败 
10.54.16	正常	设备1 继续下载失败的bin文件！ 
10.54.30	正常	设备1 程序下载成功 
10.56.55	正常	设备1 读出成功!!
11.05.20	正常	设备1 CRC = 0x024c29ea
11.05.22	警告	设备1 写入Bin文件超时-1！ 
11.05.22	警告	设备1 程序下载失败 
11.05.23	正常	设备1 继续下载失败的bin文件！ 
11.05.36	正常	设备1 程序下载成功 
11.06.19	正常	设备1 读出成功!!
11.08.12	正常	设备1 CRC = 0x5a0d58b5
11.08.13	警告	设备1 写入Bin文件超时-1！ 
11.08.13	警告	设备1 程序下载失败 
11.08.14	正常	设备1 继续下载失败的bin文件！ 
11.08.28	正常	设备1 程序下载成功 
11.09.03	正常	设备1 读出成功!!
11.11.17	正常	设备1 CRC = 0x58357917
11.11.31	正常	设备1 程序下载成功 
11.12.03	正常	设备1 读出成功!!
11.14.22	正常	设备1 CRC = 0xc101ce41
11.14.36	正常	设备1 程序下载成功 
11.15.16	正常	设备1 CRC = 0xc101ce41
11.15.30	正常	设备1 程序下载成功 
11.16.41	正常	设备1 读出成功!!
11.20.35	正常	设备1 CRC = 0x085f5a05
11.20.48	正常	设备1 程序下载成功 
11.53.35	正常	设备1 读出成功!!
19.36.46	正常	设备1 CRC = 0xa338a0b2
19.37.00	正常	设备1 程序下载成功 
19.49.39	正常	设备1 CRC = 0xe2927555
19.49.53	正常	设备1 程序下载成功 
19.57.32	正常	设备1 CRC = 0xee9704cd
19.57.45	正常	设备1 程序下载成功 
20.29.43	正常	设备1 CRC = 0x7fdeda67
20.29.56	正常	设备1 程序下载成功 
20.30.59	正常	设备1 CRC = 0xee9704cd
20.31.12	正常	设备1 程序下载成功 
20.31.32	正常	设备1 CRC = 0x7fdeda67
20.31.46	正常	设备1 程序下载成功 
