10.06.19	正常	设备1 CRC = 0xc44ecb28
10.06.35	正常	设备1 程序下载成功 
10.07.39	正常	设备1 CRC = 0x58ad090f
10.07.55	警告	设备1 写入Bin文件超时-1！ 
10.07.55	警告	设备1 程序下载失败 
10.07.59	正常	设备1 继续下载失败的bin文件！ 
10.08.15	正常	设备1 程序下载成功 
10.25.49	正常	设备1 CRC = 0x1156c3b7
10.26.05	正常	设备1 程序下载成功 
10.28.05	正常	设备1 CRC = 0xc03574a1
10.28.22	正常	设备1 程序下载成功 
10.49.07	正常	设备1 CRC = 0x2a772058
10.49.23	正常	设备1 程序下载成功 
11.31.02	正常	设备1 CRC = 0xfab20353
11.31.19	正常	设备1 程序下载成功 
11.42.33	正常	设备1 CRC = 0x5c820116
11.42.50	正常	设备1 程序下载成功 
13.37.02	正常	设备1 CRC = 0xc31df20e
13.37.19	正常	设备1 程序下载成功 
13.38.33	正常	设备1 CRC = 0x0e32ce32
13.38.49	正常	设备1 程序下载成功 
13.48.35	正常	设备1 CRC = 0xc69f6c72
13.48.51	正常	设备1 程序下载成功 
14.05.06	正常	设备1 CRC = 0x0dfb69d9
14.05.23	正常	设备1 程序下载成功 
14.08.00	正常	设备1 CRC = 0x41c8e893
14.08.16	正常	设备1 程序下载成功 
14.12.33	正常	设备1 CRC = 0x818f3943
14.12.50	正常	设备1 程序下载成功 
14.17.10	正常	设备1 CRC = 0xac61b0ef
14.17.27	正常	设备1 程序下载成功 
14.19.33	正常	设备1 CRC = 0x3a71978e
14.19.49	正常	设备1 程序下载成功 
14.27.09	正常	设备1 CRC = 0x860c6af4
14.27.26	正常	设备1 程序下载成功 
14.37.40	正常	设备1 CRC = 0x42bfdebd
14.37.57	正常	设备1 程序下载成功 
14.45.30	正常	设备1 CRC = 0x925b40e8
14.45.47	正常	设备1 程序下载成功 
15.48.42	正常	设备1 CRC = 0x957336c3
15.48.59	正常	设备1 程序下载成功 
15.55.22	正常	设备1 CRC = 0xfe00cb53
15.55.39	正常	设备1 程序下载成功 
16.03.52	正常	设备1 CRC = 0x689ab1bd
16.04.08	正常	设备1 程序下载成功 
16.06.46	正常	设备1 CRC = 0x16decace
16.07.03	正常	设备1 程序下载成功 
16.17.31	正常	设备1 CRC = 0x0890952c
16.17.47	正常	设备1 程序下载成功 
16.18.59	正常	设备1 CRC = 0x718dc915
16.19.15	正常	设备1 程序下载成功 
16.26.42	正常	设备1 CRC = 0x478b43d0
16.26.58	正常	设备1 程序下载成功 
16.32.38	正常	设备1 CRC = 0x14f693d8
16.32.54	正常	设备1 程序下载成功 
16.56.59	正常	设备1 CRC = 0x98e8bdc5
16.57.16	正常	设备1 程序下载成功 
17.17.21	正常	设备1 CRC = 0x48d8504a
17.17.38	正常	设备1 程序下载成功 
17.20.46	正常	设备1 CRC = 0xb3c7bfdc
17.21.03	正常	设备1 程序下载成功 
17.27.22	正常	设备1 CRC = 0x3d7276be
17.27.39	正常	设备1 程序下载成功 
18.01.42	正常	设备1 CRC = 0x83fd76d2
18.01.59	正常	设备1 程序下载成功 
