09.28.19	正常	设备1 CRC = 0xeea93994
09.28.39	正常	设备1 程序下载成功 
09.29.44	正常	设备1 CRC = 0xeea93994
09.30.04	正常	设备1 程序下载成功 
09.32.12	正常	设备1 CRC = 0xeea93994
09.32.32	正常	设备1 程序下载成功 
09.33.50	正常	设备1 CRC = 0xeea93994
09.34.10	正常	设备1 程序下载成功 
09.35.43	正常	设备1 CRC = 0xeea93994
09.36.03	正常	设备1 程序下载成功 
09.36.30	正常	设备1 CRC = 0xeea93994
09.36.50	正常	设备1 程序下载成功 
09.37.34	正常	设备1 CRC = 0xeea93994
09.37.54	正常	设备1 程序下载成功 
09.45.37	正常	设备1 CRC = 0xc99237f4
09.45.56	正常	设备1 程序下载成功 
09.47.09	正常	设备1 CRC = 0xc99237f4
09.47.30	正常	设备1 程序下载成功 
09.48.13	正常	设备1 CRC = 0x75120854
09.48.33	正常	设备1 程序下载成功 
09.50.12	正常	设备1 CRC = 0x6a0dfb17
09.50.32	正常	设备1 程序下载成功 
10.27.31	正常	设备1 CRC = 0xeea93994
10.27.51	正常	设备1 程序下载成功 
10.29.11	正常	设备1 CRC = 0xeea93994
10.29.31	正常	设备1 程序下载成功 
10.29.44	正常	设备1 CRC = 0xc99237f4
10.30.04	正常	设备1 程序下载成功 
10.38.28	正常	设备1 CRC = 0xc99237f4
10.38.48	正常	设备1 程序下载成功 
10.40.30	正常	设备1 CRC = 0xc99237f4
10.40.50	正常	设备1 程序下载成功 
10.41.51	正常	设备1 CRC = 0x75120854
10.42.11	正常	设备1 程序下载成功 
10.45.17	正常	设备1 CRC = 0x6a0dfb17
10.45.37	正常	设备1 程序下载成功 
10.50.53	正常	设备1 CRC = 0xe716ae32
10.51.13	正常	设备1 程序下载成功 
10.51.33	正常	设备1 CRC = 0xe716ae32
10.51.53	正常	设备1 程序下载成功 
10.53.09	正常	设备1 CRC = 0xa69af246
10.53.28	正常	设备1 程序下载成功 
10.54.09	正常	设备1 CRC = 0xa69af246
10.54.29	正常	设备1 程序下载成功 
10.56.00	正常	设备1 CRC = 0xa69af246
10.56.20	正常	设备1 程序下载成功 
10.56.39	正常	设备1 CRC = 0xa69af246
10.56.59	正常	设备1 程序下载成功 
10.57.14	正常	设备1 CRC = 0xa69af246
10.57.34	正常	设备1 程序下载成功 
10.59.16	正常	设备1 CRC = 0xa69af246
10.59.35	正常	设备1 程序下载成功 
11.00.04	正常	设备1 CRC = 0xa69af246
11.00.24	正常	设备1 程序下载成功 
11.01.43	正常	设备1 CRC = 0xa69af246
11.02.03	正常	设备1 程序下载成功 
11.02.17	正常	设备1 CRC = 0xa69af246
11.02.37	正常	设备1 程序下载成功 
11.03.15	正常	设备1 CRC = 0xa69af246
11.03.35	正常	设备1 程序下载成功 
11.03.56	正常	设备1 CRC = 0xa69af246
11.04.16	正常	设备1 程序下载成功 
11.04.38	正常	设备1 CRC = 0xa69af246
11.04.58	正常	设备1 程序下载成功 
11.05.26	正常	设备1 CRC = 0xa69af246
11.05.46	正常	设备1 程序下载成功 
11.06.20	正常	设备1 CRC = 0xa69af246
11.06.40	正常	设备1 程序下载成功 
11.08.53	正常	设备1 CRC = 0xa69af246
11.09.13	正常	设备1 程序下载成功 
11.09.38	正常	设备1 CRC = 0xa69af246
11.09.58	正常	设备1 程序下载成功 
11.29.24	正常	设备1 CRC = 0xa69af246
11.29.44	正常	设备1 程序下载成功 
11.31.11	正常	设备1 CRC = 0xa69af246
11.31.31	正常	设备1 程序下载成功 
11.32.13	正常	设备1 CRC = 0xa69af246
11.32.33	正常	设备1 程序下载成功 
11.50.44	正常	设备1 CRC = 0xa69af246
11.51.04	正常	设备1 程序下载成功 
13.38.10	正常	设备1 CRC = 0xa69af246
13.38.30	正常	设备1 程序下载成功 
13.38.58	正常	设备1 CRC = 0xa69af246
13.39.18	正常	设备1 程序下载成功 
13.39.51	正常	设备1 CRC = 0xa69af246
13.40.13	正常	设备1 程序下载成功 
13.40.30	正常	设备1 CRC = 0xe716ae32
13.40.50	正常	设备1 程序下载成功 
13.41.29	正常	设备1 CRC = 0x6a0dfb17
13.41.49	正常	设备1 程序下载成功 
13.42.31	正常	设备1 CRC = 0xeea93994
13.42.53	正常	设备1 程序下载成功 
13.43.46	正常	设备1 CRC = 0xe716ae32
13.44.06	正常	设备1 程序下载成功 
13.45.10	正常	设备1 CRC = 0xe716ae32
13.45.30	正常	设备1 程序下载成功 
14.23.31	正常	设备1 CRC = 0x45272bc5
14.23.49	正常	设备1 程序下载成功 
14.23.53	正常	设备1 CRC = 0x45272bc5
14.24.12	正常	设备1 程序下载成功 
15.52.27	正常	设备1 CRC = 0x45272bc5
15.52.31	警告	设备1 写入Bin文件超时-1！ 
15.52.31	警告	设备1 程序下载失败 
15.52.32	错误	设备1 Vpp关闭操作超时！
15.52.39	正常	设备1 CRC = 0xd3bac85f
15.52.59	正常	设备1 程序下载成功 
16.20.17	正常	设备1 CRC = 0x1c8147e4
16.20.37	正常	设备1 程序下载成功 
16.21.17	正常	设备1 CRC = 0x79bd61e9
16.21.37	正常	设备1 程序下载成功 
16.23.09	正常	设备1 CRC = 0xe716ae32
16.23.30	正常	设备1 程序下载成功 
16.24.16	正常	设备1 CRC = 0x5343ba45
16.24.37	正常	设备1 程序下载成功 
18.41.02	正常	设备1 CRC = 0xac7d12a3
18.41.23	正常	设备1 程序下载成功 
