09.15.10	正常	设备1 CRC = 0x046cd990
09.15.27	正常	设备1 程序下载成功 
09.18.05	正常	设备1 CRC = 0x046cd990
09.18.22	正常	设备1 程序下载成功 
09.22.11	正常	设备1 CRC = 0x2b368aad
09.22.28	正常	设备1 程序下载成功 
10.44.59	正常	设备1 CRC = 0xcf09805c
10.45.19	正常	设备1 程序下载成功 
11.22.31	正常	设备1 CRC = 0xcf09805c
11.22.52	正常	设备1 程序下载成功 
11.23.09	正常	设备1 CRC = 0x2d96a0fd
11.23.33	正常	设备1 程序下载成功 
11.24.57	正常	设备1 CRC = 0x2d96a0fd
11.24.57	错误	设备1 downImage复位失败!!
11.24.57	警告	设备1 程序下载失败 
11.25.03	正常	设备1 继续下载失败的bin文件！ 
11.25.27	正常	设备1 程序下载成功 
11.25.46	正常	设备1 CRC = 0x2d96a0fd
11.26.10	正常	设备1 程序下载成功 
11.27.21	正常	设备1 CRC = 0x689e6d56
11.27.45	正常	设备1 程序下载成功 
14.05.46	正常	设备1 CRC = 0x689e6d56
14.06.10	正常	设备1 程序下载成功 
15.55.39	正常	设备1 CRC = 0x2b368aad
15.55.56	正常	设备1 程序下载成功 
15.56.53	正常	设备1 CRC = 0x2b368aad
15.57.10	正常	设备1 程序下载成功 
16.10.58	正常	设备1 CRC = 0x689e6d56
16.11.22	正常	设备1 程序下载成功 
17.06.03	正常	设备1 CRC = 0x2ff1d837
17.06.27	正常	设备1 程序下载成功 
17.31.06	正常	设备1 CRC = 0x2b3976a0
17.31.30	正常	设备1 程序下载成功 
17.48.40	正常	设备1 CRC = 0x3bbba73b
17.49.04	正常	设备1 程序下载成功 
17.49.13	正常	设备1 CRC = 0x3bbba73b
17.49.38	正常	设备1 程序下载成功 
17.50.12	正常	设备1 CRC = 0x3bbba73b
17.50.12	错误	设备1 downImage复位失败!!
17.50.12	警告	设备1 程序下载失败 
17.50.20	正常	设备1 擦除成功!!
17.50.22	正常	设备1 继续下载失败的bin文件！ 
17.50.45	正常	设备1 程序下载成功 
17.53.51	正常	设备1 CRC = 0x3bbba73b
17.54.14	正常	设备1 程序下载成功 
