20.02.01	正常	设备1 CRC = 0xb04b7a94
20.02.16	正常	设备1 程序下载成功 
20.08.24	正常	设备1 CRC = 0x57bcc2d8
20.08.39	正常	设备1 程序下载成功 
20.31.40	正常	设备1 CRC = 0x81886d5a
20.31.54	正常	设备1 程序下载成功 
20.34.57	正常	设备1 CRC = 0x9cdba463
20.35.12	正常	设备1 程序下载成功 
20.54.50	正常	设备1 CRC = 0x40c281c3
20.55.05	正常	设备1 程序下载成功 
21.01.06	正常	设备1 CRC = 0xd1d62c73
21.01.20	正常	设备1 程序下载成功 
21.15.45	正常	设备1 CRC = 0xc83aa033
21.15.59	正常	设备1 程序下载成功 
21.35.55	正常	设备1 CRC = 0x54b9661b
21.36.10	正常	设备1 程序下载成功 
21.47.33	正常	设备1 CRC = 0x0e054ca3
21.47.47	正常	设备1 程序下载成功 
21.50.40	正常	设备1 CRC = 0x2e4a5cca
21.50.54	正常	设备1 程序下载成功 
22.03.20	正常	设备1 CRC = 0x6c76d191
22.03.34	正常	设备1 程序下载成功 
22.12.37	正常	设备1 CRC = 0x5e9651ac
22.12.51	正常	设备1 程序下载成功 
22.58.20	正常	设备1 CRC = 0x5e9651ac
22.58.20	错误	设备1 downImage复位失败!!
22.58.20	警告	设备1 程序下载失败 
23.01.15	正常	设备1 继续下载失败的bin文件！ 
23.01.16	错误	设备1 downImage复位失败!!
23.01.16	警告	设备1 程序下载失败 
23.01.27	正常	设备1 继续下载失败的bin文件！ 
23.01.27	错误	设备1 downImage复位失败!!
23.01.27	警告	设备1 程序下载失败 
23.03.10	正常	设备1 继续下载失败的bin文件！ 
23.03.11	错误	设备1 downImage复位失败!!
23.03.11	警告	设备1 程序下载失败 
23.06.00	正常	设备1 继续下载失败的bin文件！ 
23.06.01	错误	设备1 downImage复位失败!!
23.06.01	警告	设备1 程序下载失败 
23.11.09	正常	设备1 继续下载失败的bin文件！ 
23.11.09	错误	设备1 downImage复位失败!!
23.11.10	警告	设备1 程序下载失败 
23.12.29	正常	设备1 继续下载失败的bin文件！ 
23.12.43	正常	设备1 程序下载成功 
23.13.33	正常	设备1 CRC = 0x4b666c7e
23.13.48	正常	设备1 程序下载成功 
23.14.04	正常	设备1 CRC = 0xeeea0c1f
23.14.04	错误	设备1 downImage复位失败!!
23.14.04	警告	设备1 程序下载失败 
23.14.15	正常	设备1 继续下载失败的bin文件！ 
23.14.28	正常	设备1 程序下载成功 
23.15.02	正常	设备1 CRC = 0xfb1a31cd
23.15.16	正常	设备1 程序下载成功 
23.15.32	正常	设备1 CRC = 0xd97b7bcd
23.15.45	正常	设备1 程序下载成功 
23.16.06	正常	设备1 CRC = 0xd97b7bcd
23.16.19	正常	设备1 程序下载成功 
23.16.22	正常	设备1 CRC = 0xcc8b461f
23.16.36	正常	设备1 程序下载成功 
23.16.56	正常	设备1 CRC = 0x6907267e
23.17.09	正常	设备1 程序下载成功 
