14.32.29	正常	设备1 CRC = 0x6fcbc03b
14.32.30	警告	设备1 写入Bin文件超时-1！ 
14.32.30	警告	设备1 程序下载失败 
14.32.42	正常	设备1 继续下载失败的bin文件！ 
14.32.42	错误	设备1 downImage复位失败!!
14.32.42	警告	设备1 程序下载失败 
14.33.51	正常	设备1 继续下载失败的bin文件！ 
14.34.05	正常	设备1 程序下载成功 
14.41.49	正常	设备1 CRC = 0xc0d630eb
14.42.04	正常	设备1 程序下载成功 
15.24.05	正常	设备1 CRC = 0x368430b3
15.24.19	正常	设备1 程序下载成功 
15.29.36	正常	设备1 CRC = 0xf6863742
15.29.50	正常	设备1 程序下载成功 
15.31.44	正常	设备1 CRC = 0xb9270a33
15.31.59	正常	设备1 程序下载成功 
15.41.23	正常	设备1 CRC = 0xcb17512c
15.41.36	正常	设备1 程序下载成功 
15.55.03	正常	设备1 CRC = 0xfb2b885b
15.55.17	正常	设备1 程序下载成功 
15.59.30	正常	设备1 CRC = 0xcc590685
15.59.43	正常	设备1 程序下载成功 
16.08.50	正常	设备1 CRC = 0xb99b54eb
16.09.03	正常	设备1 程序下载成功 
16.15.30	正常	设备1 CRC = 0x300b8866
16.15.44	正常	设备1 程序下载成功 
16.19.16	正常	设备1 CRC = 0x4f651555
16.19.30	正常	设备1 程序下载成功 
16.22.57	正常	设备1 CRC = 0x770d44b7
16.23.10	正常	设备1 程序下载成功 
16.25.22	正常	设备1 CRC = 0xb6b350de
16.25.36	正常	设备1 程序下载成功 
16.31.31	正常	设备1 CRC = 0x8b2437c2
16.31.45	正常	设备1 程序下载成功 
16.51.12	正常	设备1 CRC = 0x2db0e589
16.51.25	正常	设备1 程序下载成功 
17.07.34	正常	设备1 CRC = 0x5256e6d7
17.07.50	正常	设备1 程序下载成功 
17.12.33	正常	设备1 CRC = 0x218a14c3
17.12.47	正常	设备1 程序下载成功 
17.17.34	正常	设备1 CRC = 0x1f39bb3c
17.17.47	正常	设备1 程序下载成功 
17.22.22	正常	设备1 CRC = 0x7e8eb9ae
17.22.36	正常	设备1 程序下载成功 
17.30.59	正常	设备1 CRC = 0x418d846f
17.31.12	正常	设备1 程序下载成功 
