09.51.53	正常	设备1 CRC = 0x19f950cf
09.51.55	警告	设备1 写入Bin文件超时-1！ 
09.51.55	警告	设备1 程序下载失败 
09.51.56	正常	设备1 继续下载失败的bin文件！ 
09.52.07	正常	设备1 程序下载成功 
09.53.36	正常	设备1 CRC = 0x8d834d54
09.53.37	错误	设备1 downImage复位失败!!
09.53.37	警告	设备1 程序下载失败 
09.53.40	正常	设备1 继续下载失败的bin文件！ 
09.53.42	警告	设备1 写入Bin文件超时-1！ 
09.53.42	警告	设备1 程序下载失败 
09.53.42	正常	设备1 继续下载失败的bin文件！ 
09.53.58	正常	设备1 程序下载成功 
10.07.31	正常	设备1 CRC = 0xf492b427
10.07.40	警告	设备1 写入Bin文件超时-1！ 
10.07.40	警告	设备1 程序下载失败 
10.07.42	错误	设备1 Vpp关闭操作超时！
10.07.59	正常	设备1 继续下载失败的bin文件！ 
10.08.14	正常	设备1 程序下载成功 
10.12.12	正常	设备1 CRC = 0x1ab09919
10.12.27	正常	设备1 程序下载成功 
10.17.29	正常	设备1 CRC = 0x4935b1e2
10.17.44	正常	设备1 程序下载成功 
11.16.39	正常	设备1 CRC = 0x11bfccce
11.16.41	警告	设备1 写入Bin文件超时-1！ 
11.16.41	警告	设备1 程序下载失败 
11.16.42	正常	设备1 继续下载失败的bin文件！ 
11.16.56	正常	设备1 程序下载成功 
11.54.49	正常	设备1 CRC = 0xae233c53
11.55.04	正常	设备1 程序下载成功 
13.49.11	正常	设备1 CRC = 0xae233c53
13.49.25	正常	设备1 程序下载成功 
13.53.28	正常	设备1 CRC = 0x1e0a571b
13.53.42	正常	设备1 程序下载成功 
13.58.13	正常	设备1 CRC = 0x99e5b0f7
13.58.28	正常	设备1 程序下载成功 
14.02.26	正常	设备1 CRC = 0x1967ced5
14.02.40	正常	设备1 程序下载成功 
