09.30.22	警告	设备1 文件打开失败!路径:C:\Users\Lenovo\Desktop\新项目列表\UAE050-SB-GC-A0\UAE050-SB-XX-A0_TUYA_MG_LIGHT_V1.0.2\projects\ble_app_gatt\output\app\bk3432_ble_app_merge.bin!
09.31.00	正常	设备1 CRC = 0x8fd6a66a
09.31.02	警告	设备1 写入Bin文件超时-1！ 
09.31.02	警告	设备1 程序下载失败 
09.32.37	正常	设备1 继续下载失败的bin文件！ 
09.32.50	正常	设备1 程序下载成功 
09.36.31	正常	设备1 CRC = 0xbc0c8502
09.36.33	警告	设备1 写入Bin文件超时-1！ 
09.36.33	警告	设备1 程序下载失败 
09.36.36	正常	设备1 继续下载失败的bin文件！ 
09.36.50	正常	设备1 程序下载成功 
10.14.25	正常	设备1 CRC = 0xbc0c8502
10.14.39	正常	设备1 程序下载成功 
10.16.18	正常	设备1 CRC = 0xd3d03b79
10.16.32	正常	设备1 程序下载成功 
10.31.56	正常	设备1 CRC = 0x98b919b5
10.32.09	正常	设备1 程序下载成功 
10.34.54	正常	设备1 CRC = 0xa99465f0
10.35.07	正常	设备1 程序下载成功 
10.42.05	正常	设备1 CRC = 0x7da50949
10.42.19	正常	设备1 程序下载成功 
10.43.24	正常	设备1 CRC = 0x986dc274
10.43.38	正常	设备1 程序下载成功 
10.47.23	正常	设备1 CRC = 0x485d5023
10.47.37	正常	设备1 程序下载成功 
11.15.32	正常	设备1 CRC = 0x2536066d
11.15.46	正常	设备1 程序下载成功 
11.29.54	正常	设备1 CRC = 0x269177a6
11.30.08	正常	设备1 程序下载成功 
11.31.44	正常	设备1 CRC = 0x5bd75282
11.31.58	正常	设备1 程序下载成功 
11.33.46	正常	设备1 CRC = 0x641f29d2
11.34.00	正常	设备1 程序下载成功 
11.37.29	正常	设备1 CRC = 0x9a219a5b
11.37.43	正常	设备1 程序下载成功 
11.39.54	正常	设备1 CRC = 0x641f29d2
11.40.08	正常	设备1 程序下载成功 
11.42.50	正常	设备1 CRC = 0x053420c2
11.43.04	正常	设备1 程序下载成功 
11.49.27	正常	设备1 CRC = 0x6d48a167
11.49.41	正常	设备1 程序下载成功 
11.56.52	正常	设备1 CRC = 0xf6acabb3
11.57.06	正常	设备1 程序下载成功 
11.59.58	正常	设备1 CRC = 0xb76af8c2
12.00.12	正常	设备1 程序下载成功 
12.04.46	正常	设备1 CRC = 0x4b9e9017
12.05.00	正常	设备1 程序下载成功 
13.41.02	正常	设备1 CRC = 0x06ae9d5b
13.41.16	正常	设备1 程序下载成功 
13.41.58	正常	设备1 CRC = 0xa54b0921
13.42.12	正常	设备1 程序下载成功 
13.45.44	正常	设备1 CRC = 0x34ab9392
13.45.58	正常	设备1 程序下载成功 
13.51.33	正常	设备1 CRC = 0x5fe773f6
13.51.46	正常	设备1 程序下载成功 
13.55.26	正常	设备1 CRC = 0x602f08a6
13.55.40	正常	设备1 程序下载成功 
14.00.33	正常	设备1 CRC = 0xc7b7e490
14.00.46	正常	设备1 程序下载成功 
14.06.20	正常	设备1 CRC = 0xad23c363
14.06.34	正常	设备1 程序下载成功 
14.10.33	正常	设备1 CRC = 0x7e8cc45f
14.10.47	正常	设备1 程序下载成功 
14.11.57	正常	设备1 CRC = 0xb57fbca9
14.12.11	正常	设备1 程序下载成功 
14.20.21	正常	设备1 CRC = 0xf1b170ad
14.20.34	正常	设备1 程序下载成功 
14.22.12	正常	设备1 CRC = 0xc78ec2d0
14.22.26	正常	设备1 程序下载成功 
14.25.59	正常	设备1 CRC = 0xe94d2be0
14.26.13	正常	设备1 程序下载成功 
14.32.45	正常	设备1 CRC = 0x80244795
14.32.59	正常	设备1 程序下载成功 
14.34.35	正常	设备1 CRC = 0xc317a62c
14.34.49	正常	设备1 程序下载成功 
14.35.36	正常	设备1 CRC = 0xbecae702
14.35.49	正常	设备1 程序下载成功 
14.36.52	正常	设备1 CRC = 0x80244795
14.37.04	警告	设备1 写入Bin文件超时-1！ 
14.37.04	警告	设备1 程序下载失败 
14.37.10	正常	设备1 继续下载失败的bin文件！ 
14.37.23	正常	设备1 程序下载成功 
15.18.15	正常	设备1 CRC = 0x933d8f11
15.18.29	正常	设备1 程序下载成功 
15.22.53	正常	设备1 CRC = 0x4a7dc8fc
15.23.07	正常	设备1 程序下载成功 
15.29.36	正常	设备1 CRC = 0x404efcad
15.29.50	正常	设备1 程序下载成功 
15.30.37	正常	设备1 CRC = 0xd714a962
15.30.51	正常	设备1 程序下载成功 
15.33.55	正常	设备1 CRC = 0x7b88c5ca
15.34.09	正常	设备1 程序下载成功 
15.35.08	正常	设备1 CRC = 0x33dea51f
15.35.22	正常	设备1 程序下载成功 
15.36.38	正常	设备1 CRC = 0x8dc1eb2f
15.36.52	正常	设备1 程序下载成功 
15.41.38	正常	设备1 CRC = 0xfbaae331
15.41.51	正常	设备1 程序下载成功 
15.45.21	正常	设备1 CRC = 0xbae210f8
15.45.35	正常	设备1 程序下载成功 
15.46.47	正常	设备1 CRC = 0x49e562b1
15.47.01	正常	设备1 程序下载成功 
15.58.05	正常	设备1 CRC = 0xf2015967
15.58.19	正常	设备1 程序下载成功 
15.59.44	正常	设备1 CRC = 0x129bf0f1
15.59.58	正常	设备1 程序下载成功 
16.13.22	正常	设备1 CRC = 0xe0410bcb
16.13.36	正常	设备1 程序下载成功 
16.18.41	正常	设备1 CRC = 0x9cbc7a00
16.18.54	正常	设备1 程序下载成功 
16.22.31	正常	设备1 CRC = 0x28ce6250
16.22.45	正常	设备1 程序下载成功 
16.26.13	正常	设备1 CRC = 0xe4f63dbc
16.26.27	正常	设备1 程序下载成功 
16.33.20	正常	设备1 CRC = 0x76529d94
16.33.33	正常	设备1 程序下载成功 
16.37.02	正常	设备1 CRC = 0xa610ddc5
16.37.16	正常	设备1 程序下载成功 
16.40.48	正常	设备1 CRC = 0xba66319f
16.41.02	正常	设备1 程序下载成功 
16.42.41	正常	设备1 CRC = 0x2c5b2f8d
16.42.54	正常	设备1 程序下载成功 
16.49.00	正常	设备1 CRC = 0x29b0ad6d
16.49.14	正常	设备1 程序下载成功 
17.38.29	正常	设备1 CRC = 0xf0d427f1
17.38.42	正常	设备1 程序下载成功 
17.47.23	正常	设备1 CRC = 0x05685c47
17.47.37	正常	设备1 程序下载成功 
17.55.21	正常	设备1 CRC = 0x198e9f18
17.55.34	正常	设备1 程序下载成功 
17.57.21	正常	设备1 CRC = 0x23954b39
17.57.35	正常	设备1 程序下载成功 
18.07.31	正常	设备1 CRC = 0xdf1b4a72
18.07.45	正常	设备1 程序下载成功 
18.09.49	正常	设备1 CRC = 0x2a9fb130
18.10.02	正常	设备1 程序下载成功 
18.20.52	正常	设备1 CRC = 0x64838522
18.21.06	正常	设备1 程序下载成功 
18.23.35	正常	设备1 CRC = 0x735cddc1
18.23.49	正常	设备1 程序下载成功 
18.27.47	正常	设备1 CRC = 0xc5eaab42
18.28.01	正常	设备1 程序下载成功 
18.59.51	正常	设备1 CRC = 0x54aa1852
19.00.05	正常	设备1 程序下载成功 
19.02.34	正常	设备1 CRC = 0x728244f1
19.02.48	正常	设备1 程序下载成功 
19.09.03	正常	设备1 CRC = 0xf579f719
19.09.17	正常	设备1 程序下载成功 
19.12.39	正常	设备1 CRC = 0xd3550ec0
19.12.53	正常	设备1 程序下载成功 
19.15.11	正常	设备1 CRC = 0x3a2dcd8d
19.15.25	正常	设备1 程序下载成功 
19.18.03	正常	设备1 CRC = 0xd6b70df9
19.18.16	正常	设备1 程序下载成功 
19.20.40	正常	设备1 CRC = 0xc84ad5c0
19.20.54	正常	设备1 程序下载成功 
19.22.32	正常	设备1 CRC = 0x8502f938
19.22.46	正常	设备1 程序下载成功 
19.26.36	正常	设备1 CRC = 0xd1d741d5
19.26.50	正常	设备1 程序下载成功 
19.30.04	正常	设备1 CRC = 0x1755eb0b
19.30.18	正常	设备1 程序下载成功 
19.32.10	正常	设备1 CRC = 0xfa5a73be
19.32.24	正常	设备1 程序下载成功 
19.46.09	正常	设备1 CRC = 0x6428c89b
19.46.23	正常	设备1 程序下载成功 
20.02.52	正常	设备1 CRC = 0xaa851734
20.03.06	正常	设备1 程序下载成功 
20.04.40	正常	设备1 CRC = 0x7245687a
20.04.53	正常	设备1 程序下载成功 
20.07.38	正常	设备1 CRC = 0x4af80e67
20.07.52	正常	设备1 程序下载成功 
20.13.32	正常	设备1 CRC = 0xb92e6d15
20.13.46	正常	设备1 程序下载成功 
20.15.53	正常	设备1 CRC = 0xbdc7089d
20.16.07	正常	设备1 程序下载成功 
20.21.01	正常	设备1 CRC = 0xb84a2a59
20.21.15	正常	设备1 程序下载成功 
