09.08.46	正常	设备1 CRC = 0xa5ba2995
09.09.00	正常	设备1 程序下载成功 
09.11.36	正常	设备1 CRC = 0xb47024e2
09.11.50	正常	设备1 程序下载成功 
09.14.19	正常	设备1 CRC = 0xfb441a8b
09.14.19	错误	设备1 downImage复位失败!!
09.14.19	警告	设备1 程序下载失败 
09.14.23	正常	设备1 继续下载失败的bin文件！ 
09.14.23	错误	设备1 downImage复位失败!!
09.14.24	警告	设备1 程序下载失败 
09.14.34	正常	设备1 继续下载失败的bin文件！ 
09.14.43	警告	设备1 写入Bin文件超时-1！ 
09.14.43	警告	设备1 程序下载失败 
09.15.07	正常	设备1 继续下载失败的bin文件！ 
09.15.07	错误	设备1 downImage复位失败!!
09.15.07	警告	设备1 程序下载失败 
09.15.12	正常	设备1 继续下载失败的bin文件！ 
09.15.13	错误	设备1 downImage复位失败!!
09.15.13	警告	设备1 程序下载失败 
09.15.20	正常	设备1 继续下载失败的bin文件！ 
09.15.34	正常	设备1 程序下载成功 
09.29.19	正常	设备1 CRC = 0x22ae3f33
09.29.19	错误	设备1 downImage复位失败!!
09.29.19	警告	设备1 程序下载失败 
09.29.20	正常	设备1 继续下载失败的bin文件！ 
09.29.21	错误	设备1 downImage复位失败!!
09.29.21	警告	设备1 程序下载失败 
09.29.25	正常	设备1 继续下载失败的bin文件！ 
09.29.26	错误	设备1 downImage复位失败!!
09.29.26	警告	设备1 程序下载失败 
09.29.32	正常	设备1 继续下载失败的bin文件！ 
09.29.32	错误	设备1 downImage复位失败!!
09.29.32	警告	设备1 程序下载失败 
09.29.54	正常	设备1 继续下载失败的bin文件！ 
09.30.08	正常	设备1 程序下载成功 
09.31.35	正常	设备1 CRC = 0xdeee8953
09.31.49	正常	设备1 程序下载成功 
09.34.05	正常	设备1 CRC = 0x2afe9a8b
09.34.19	正常	设备1 程序下载成功 
10.00.24	正常	设备1 CRC = 0x36c562ca
10.00.24	错误	设备1 downImage复位失败!!
10.00.24	警告	设备1 程序下载失败 
10.00.30	正常	设备1 继续下载失败的bin文件！ 
10.00.30	错误	设备1 downImage复位失败!!
10.00.30	警告	设备1 程序下载失败 
10.00.51	正常	设备1 继续下载失败的bin文件！ 
10.01.05	正常	设备1 程序下载成功 
10.03.28	正常	设备1 CRC = 0x6125d5d4
10.03.29	错误	设备1 downImage复位失败!!
10.03.29	警告	设备1 程序下载失败 
10.03.30	正常	设备1 继续下载失败的bin文件！ 
10.03.30	错误	设备1 downImage复位失败!!
10.03.30	警告	设备1 程序下载失败 
10.03.36	正常	设备1 继续下载失败的bin文件！ 
10.03.50	正常	设备1 程序下载成功 
10.07.21	正常	设备1 CRC = 0x3d09ff98
10.07.35	正常	设备1 程序下载成功 
10.09.52	正常	设备1 CRC = 0x332fc695
10.10.06	正常	设备1 程序下载成功 
10.11.59	正常	设备1 CRC = 0x9049f9d4
10.12.13	正常	设备1 程序下载成功 
10.17.41	正常	设备1 CRC = 0xf919fd9c
10.17.42	错误	设备1 downImage复位失败!!
10.17.42	警告	设备1 程序下载失败 
10.17.49	正常	设备1 继续下载失败的bin文件！ 
10.18.03	正常	设备1 程序下载成功 
10.21.06	正常	设备1 CRC = 0xfef08e60
10.21.20	正常	设备1 程序下载成功 
10.23.26	正常	设备1 CRC = 0xe4ed540d
10.23.40	正常	设备1 程序下载成功 
11.25.28	正常	设备1 CRC = 0x8d185ea8
11.25.42	正常	设备1 程序下载成功 
11.42.26	正常	设备1 CRC = 0xe9bf35a8
11.42.27	错误	设备1 downImage复位失败!!
11.42.27	警告	设备1 程序下载失败 
11.42.31	正常	设备1 继续下载失败的bin文件！ 
11.42.32	错误	设备1 downImage复位失败!!
11.42.32	警告	设备1 程序下载失败 
11.42.50	正常	设备1 继续下载失败的bin文件！ 
11.42.50	错误	设备1 downImage复位失败!!
11.42.50	警告	设备1 程序下载失败 
11.46.39	正常	设备1 继续下载失败的bin文件！ 
11.46.53	正常	设备1 程序下载成功 
11.50.30	正常	设备1 CRC = 0x8d185ea8
11.50.44	正常	设备1 程序下载成功 
11.55.44	正常	设备1 CRC = 0x740d303e
11.55.58	正常	设备1 程序下载成功 
13.53.56	正常	设备1 CRC = 0xe9ffd6cc
13.54.10	正常	设备1 程序下载成功 
14.13.50	正常	设备1 CRC = 0xea5d1be4
14.14.04	正常	设备1 程序下载成功 
14.19.39	正常	设备1 CRC = 0xe0f8e4d9
14.19.53	正常	设备1 程序下载成功 
14.53.53	正常	设备1 CRC = 0x94bf6263
14.54.07	正常	设备1 程序下载成功 
15.00.10	正常	设备1 CRC = 0x5d3b7c30
15.00.23	正常	设备1 程序下载成功 
15.10.21	正常	设备1 CRC = 0xdd5d59ef
15.10.35	正常	设备1 程序下载成功 
16.05.56	正常	设备1 CRC = 0xf415a3c7
16.06.10	正常	设备1 程序下载成功 
19.45.46	正常	设备1 CRC = 0xf415a3c7
19.45.48	警告	设备1 写入Bin文件超时-1！ 
19.45.48	警告	设备1 程序下载失败 
19.46.08	正常	设备1 继续下载失败的bin文件！ 
19.46.21	正常	设备1 程序下载成功 
