14.08.14	正常	设备1 CRC = 0x15aab4a3
14.08.28	正常	设备1 程序下载成功 
14.31.42	正常	设备1 CRC = 0x89b714f7
14.31.55	正常	设备1 程序下载成功 
14.50.35	正常	设备1 CRC = 0x35a19e75
14.50.48	正常	设备1 程序下载成功 
15.01.54	正常	设备1 CRC = 0x2d2c0d4e
15.02.07	正常	设备1 程序下载成功 
15.04.28	正常	设备1 CRC = 0x8b844c11
15.04.41	正常	设备1 程序下载成功 
15.09.03	正常	设备1 CRC = 0xc8cf6b35
15.09.16	正常	设备1 程序下载成功 
15.26.22	正常	设备1 CRC = 0xb355c7ab
15.26.35	正常	设备1 程序下载成功 
15.32.37	正常	设备1 CRC = 0x6f7b27f7
15.32.50	正常	设备1 程序下载成功 
15.36.03	正常	设备1 CRC = 0x346721ff
15.36.16	正常	设备1 程序下载成功 
15.38.35	正常	设备1 CRC = 0x7954467f
15.38.49	正常	设备1 程序下载成功 
15.44.30	正常	设备1 CRC = 0x3f2d9968
15.44.43	正常	设备1 程序下载成功 
15.51.51	正常	设备1 CRC = 0x2e523c76
15.52.04	正常	设备1 程序下载成功 
15.53.03	正常	设备1 CRC = 0xe1e554e0
15.53.16	正常	设备1 程序下载成功 
15.54.31	正常	设备1 CRC = 0xa9a34713
15.54.44	正常	设备1 程序下载成功 
16.01.29	正常	设备1 CRC = 0xc360f855
16.01.42	正常	设备1 程序下载成功 
16.05.49	正常	设备1 CRC = 0xb1c8bcbb
16.06.02	正常	设备1 程序下载成功 
16.07.20	正常	设备1 CRC = 0xc360f855
16.07.34	正常	设备1 程序下载成功 
16.13.56	正常	设备1 CRC = 0xcbdb09fc
16.14.09	正常	设备1 程序下载成功 
16.17.56	正常	设备1 CRC = 0x99ba941b
16.18.09	正常	设备1 程序下载成功 
16.19.35	正常	设备1 CRC = 0xba3a37ae
16.19.48	正常	设备1 程序下载成功 
16.27.09	正常	设备1 CRC = 0xec66cd48
16.27.22	正常	设备1 程序下载成功 
16.42.28	正常	设备1 CRC = 0x2d2c0d4e
16.42.28	错误	设备1 downImage复位失败!!
16.42.28	警告	设备1 程序下载失败 
16.42.34	正常	设备1 继续下载失败的bin文件！ 
16.42.48	正常	设备1 程序下载成功 
16.44.19	正常	设备1 CRC = 0xa098f67d
16.44.32	正常	设备1 程序下载成功 
17.40.17	正常	设备1 CRC = 0x72cfea1d
17.40.30	正常	设备1 程序下载成功 
17.44.17	正常	设备1 CRC = 0xb54a3254
17.44.30	正常	设备1 程序下载成功 
18.20.18	正常	设备1 CRC = 0xec66cd48
18.20.31	正常	设备1 程序下载成功 
18.22.01	正常	设备1 CRC = 0x0a0a596d
18.22.14	正常	设备1 程序下载成功 
18.23.39	正常	设备1 CRC = 0x36348ca6
18.23.52	正常	设备1 程序下载成功 
