09.31.43	正常	设备1 CRC = 0x29794745
09.31.56	正常	设备1 程序下载成功 
09.32.40	正常	设备1 CRC = 0xfbd6bd89
09.32.53	正常	设备1 程序下载成功 
09.54.54	正常	设备1 CRC = 0xfbd6bd89
09.55.07	正常	设备1 程序下载成功 
10.08.05	正常	设备1 CRC = 0x979c68f0
10.08.18	正常	设备1 程序下载成功 
10.15.51	正常	设备1 CRC = 0xcaa8680f
10.16.03	正常	设备1 程序下载成功 
10.35.53	正常	设备1 CRC = 0x6ef68f7c
10.36.05	正常	设备1 程序下载成功 
10.54.15	正常	设备1 CRC = 0x77c4dd3e
10.54.27	正常	设备1 程序下载成功 
10.55.53	正常	设备1 CRC = 0x77c4dd3e
10.56.06	正常	设备1 程序下载成功 
10.59.09	正常	设备1 CRC = 0x25f3a0b6
10.59.22	正常	设备1 程序下载成功 
11.01.47	正常	设备1 CRC = 0xbc71f967
11.02.00	正常	设备1 程序下载成功 
11.04.48	正常	设备1 CRC = 0x14a78ddd
11.05.01	正常	设备1 程序下载成功 
11.05.47	正常	设备1 CRC = 0x15120f94
11.05.59	正常	设备1 程序下载成功 
11.06.28	正常	设备1 CRC = 0x15120f94
11.06.40	正常	设备1 程序下载成功 
11.09.07	正常	设备1 CRC = 0x15120f94
11.09.20	正常	设备1 程序下载成功 
11.09.20	正常	设备1 CRC = 0x15120f94
11.09.33	正常	设备1 程序下载成功 
11.09.44	正常	设备1 CRC = 0x14a78ddd
11.09.59	正常	设备1 程序下载成功 
11.12.33	正常	设备1 CRC = 0x13c49a4a
11.12.46	正常	设备1 程序下载成功 
11.25.10	正常	设备1 CRC = 0x5183cbd7
11.25.23	正常	设备1 程序下载成功 
11.30.54	正常	设备1 CRC = 0x223b1fbf
11.31.07	正常	设备1 程序下载成功 
11.36.01	正常	设备1 CRC = 0xf590294f
11.36.14	正常	设备1 程序下载成功 
11.39.22	正常	设备1 CRC = 0xf590294f
11.39.34	正常	设备1 程序下载成功 
11.41.55	正常	设备1 CRC = 0x1b51e994
11.42.08	正常	设备1 程序下载成功 
11.50.39	正常	设备1 CRC = 0x1b51e994
11.50.51	警告	设备1 写入Bin文件超时-1！ 
11.50.51	警告	设备1 程序下载失败 
11.50.58	正常	设备1 继续下载失败的bin文件！ 
11.51.11	正常	设备1 程序下载成功 
12.02.33	正常	设备1 CRC = 0x9a3b929d
12.02.45	正常	设备1 程序下载成功 
12.04.47	正常	设备1 CRC = 0x1b95b7d0
12.05.00	正常	设备1 程序下载成功 
13.35.54	正常	设备1 CRC = 0xe667276a
13.36.07	正常	设备1 程序下载成功 
13.40.00	正常	设备1 CRC = 0x7a93129d
13.40.13	正常	设备1 程序下载成功 
14.03.59	正常	设备1 CRC = 0xfed84186
14.04.12	正常	设备1 程序下载成功 
14.10.11	正常	设备1 CRC = 0xe74509b1
14.10.23	正常	设备1 程序下载成功 
14.21.53	正常	设备1 CRC = 0xfa1b75f8
14.22.05	正常	设备1 程序下载成功 
14.35.16	正常	设备1 CRC = 0x4e1c57c1
14.35.29	正常	设备1 程序下载成功 
14.50.55	正常	设备1 CRC = 0x2194b1b1
14.51.07	正常	设备1 程序下载成功 
15.07.51	正常	设备1 CRC = 0x5c826f35
15.08.03	正常	设备1 程序下载成功 
15.15.33	正常	设备1 CRC = 0x4c49f2af
15.15.45	正常	设备1 程序下载成功 
15.17.50	正常	设备1 CRC = 0x1d0c05a1
15.18.02	正常	设备1 程序下载成功 
15.58.12	正常	设备1 CRC = 0x320ff50c
15.58.24	正常	设备1 程序下载成功 
16.29.14	正常	设备1 CRC = 0x320ff50c
16.29.26	正常	设备1 程序下载成功 
16.57.17	正常	设备1 CRC = 0xc4e999e3
16.57.30	正常	设备1 程序下载成功 
17.22.49	正常	设备1 CRC = 0xbf0985f2
17.23.02	正常	设备1 程序下载成功 
17.32.44	正常	设备1 CRC = 0x98ffdf5f
17.32.56	正常	设备1 程序下载成功 
17.35.38	正常	设备1 CRC = 0x1b656266
17.35.51	正常	设备1 程序下载成功 
17.37.07	正常	设备1 CRC = 0xedce09a4
17.37.20	正常	设备1 程序下载成功 
17.43.34	正常	设备1 CRC = 0x98ffdf5f
17.43.46	正常	设备1 程序下载成功 
17.52.16	正常	设备1 CRC = 0xaaad5710
17.52.28	正常	设备1 程序下载成功 
18.00.00	正常	设备1 CRC = 0x208a80c3
18.00.12	正常	设备1 程序下载成功 
18.05.26	正常	设备1 CRC = 0x4cdeffd5
18.05.38	正常	设备1 程序下载成功 
18.26.18	正常	设备1 CRC = 0x150c3042
18.26.31	正常	设备1 程序下载成功 
19.02.54	正常	设备1 CRC = 0x375d13df
19.03.07	正常	设备1 程序下载成功 
19.39.24	正常	设备1 CRC = 0x375d13df
19.39.37	正常	设备1 程序下载成功 
