10.29.31	正常	设备1 CRC = 0xe67d9b98
10.29.32	警告	设备1 写入Bin文件超时-1！ 
10.29.32	警告	设备1 程序下载失败 
10.29.35	正常	设备1 继续下载失败的bin文件！ 
10.29.35	错误	设备1 downImage复位失败!!
10.29.35	警告	设备1 程序下载失败 
10.29.41	正常	设备1 继续下载失败的bin文件！ 
10.29.55	正常	设备1 程序下载成功 
10.53.22	正常	设备1 CRC = 0x49e691b6
10.53.24	警告	设备1 写入Bin文件超时-1！ 
10.53.24	警告	设备1 程序下载失败 
10.53.25	正常	设备1 继续下载失败的bin文件！ 
10.53.38	正常	设备1 程序下载成功 
10.57.26	正常	设备1 CRC = 0x375d13df
10.57.26	错误	设备1 downImage复位失败!!
10.57.26	警告	设备1 程序下载失败 
10.57.28	正常	设备1 继续下载失败的bin文件！ 
10.57.28	错误	设备1 downImage复位失败!!
10.57.28	警告	设备1 程序下载失败 
10.57.33	正常	设备1 继续下载失败的bin文件！ 
10.57.46	正常	设备1 程序下载成功 
11.03.09	正常	设备1 CRC = 0x375d13df
11.03.22	正常	设备1 程序下载成功 
14.28.32	正常	设备1 CRC = 0x375d13df
14.28.33	警告	设备1 写入Bin文件超时-1！ 
14.28.34	警告	设备1 程序下载失败 
14.28.35	正常	设备1 继续下载失败的bin文件！ 
14.28.48	正常	设备1 程序下载成功 
