09.44.01	正常	设备1 CRC = 0xce353299
09.44.14	正常	设备1 程序下载成功 
09.51.47	正常	设备1 CRC = 0xcd1a7bc5
09.52.01	正常	设备1 程序下载成功 
10.32.21	正常	设备1 CRC = 0x3376bade
10.32.34	正常	设备1 程序下载成功 
10.36.26	正常	设备1 CRC = 0xe3677ed7
10.36.39	正常	设备1 程序下载成功 
10.47.41	正常	设备1 CRC = 0x72d236c7
10.47.54	正常	设备1 程序下载成功 
10.58.50	正常	设备1 CRC = 0x58b698b0
10.59.03	正常	设备1 程序下载成功 
11.21.41	正常	设备1 CRC = 0x47ae59d2
11.21.54	正常	设备1 程序下载成功 
11.24.10	正常	设备1 CRC = 0x389095b8
11.24.24	正常	设备1 程序下载成功 
11.31.14	正常	设备1 CRC = 0x85fad02c
11.31.28	正常	设备1 程序下载成功 
11.34.42	正常	设备1 CRC = 0x8580d94b
11.34.55	正常	设备1 程序下载成功 
11.58.28	正常	设备1 CRC = 0xe18a9c0e
11.58.42	正常	设备1 程序下载成功 
12.34.18	正常	设备1 CRC = 0x843a1a73
12.34.31	正常	设备1 程序下载成功 
13.42.31	正常	设备1 CRC = 0x34bdfc4a
13.42.45	正常	设备1 程序下载成功 
14.00.12	正常	设备1 CRC = 0x7201f963
14.00.14	警告	设备1 写入Bin文件超时-1！ 
14.00.14	警告	设备1 程序下载失败 
14.00.16	正常	设备1 继续下载失败的bin文件！ 
14.00.29	正常	设备1 程序下载成功 
14.01.21	正常	设备1 CRC = 0x7201f963
14.01.23	警告	设备1 写入Bin文件超时-1！ 
14.01.23	警告	设备1 程序下载失败 
14.01.23	正常	设备1 继续下载失败的bin文件！ 
14.01.37	正常	设备1 程序下载成功 
14.09.47	正常	设备1 CRC = 0x7201f963
14.09.48	警告	设备1 写入Bin文件超时-1！ 
14.09.48	警告	设备1 程序下载失败 
14.09.53	正常	设备1 CRC = 0x34bdfc4a
14.10.07	正常	设备1 程序下载成功 
14.48.28	正常	设备1 CRC = 0xcee7dc28
14.48.42	正常	设备1 程序下载成功 
15.16.30	正常	设备1 CRC = 0x59705bbc
15.16.43	正常	设备1 程序下载成功 
15.21.33	正常	设备1 CRC = 0x34bdfc4a
15.21.46	正常	设备1 程序下载成功 
15.33.31	正常	设备1 CRC = 0xd4c991e0
15.33.44	正常	设备1 程序下载成功 
15.41.50	正常	设备1 CRC = 0x81fb8b4b
15.42.04	正常	设备1 程序下载成功 
15.43.47	正常	设备1 CRC = 0x34bdfc4a
15.44.00	正常	设备1 程序下载成功 
15.47.11	正常	设备1 CRC = 0x572da5ec
15.47.24	正常	设备1 程序下载成功 
16.09.23	正常	设备1 CRC = 0x39a5215b
16.09.37	正常	设备1 程序下载成功 
16.47.13	正常	设备1 CRC = 0x6ad18dea
16.47.27	正常	设备1 程序下载成功 
16.49.56	正常	设备1 CRC = 0xfa5c1877
16.50.09	正常	设备1 程序下载成功 
17.04.18	正常	设备1 CRC = 0x7aff9e8f
17.04.32	正常	设备1 程序下载成功 
17.54.42	正常	设备1 CRC = 0x00bdec6c
17.54.55	正常	设备1 程序下载成功 
