09.16.17	正常	设备1 CRC = 0xe51bd887
09.16.30	正常	设备1 程序下载成功 
09.18.43	正常	设备1 CRC = 0x7fdeda67
09.18.57	正常	设备1 程序下载成功 
09.20.11	正常	设备1 CRC = 0xee9704cd
09.20.25	正常	设备1 程序下载成功 
09.24.08	正常	设备1 CRC = 0x7fdeda67
09.24.22	正常	设备1 程序下载成功 
09.30.12	正常	设备1 CRC = 0xe3ec228e
09.30.25	正常	设备1 程序下载成功 
09.32.37	正常	设备1 CRC = 0x9e04129e
09.32.50	正常	设备1 程序下载成功 
09.34.12	正常	设备1 CRC = 0x7fdeda67
09.34.25	正常	设备1 程序下载成功 
09.43.24	正常	设备1 CRC = 0xee9704cd
09.43.38	正常	设备1 程序下载成功 
09.46.45	正常	设备1 CRC = 0x84136e97
09.46.59	正常	设备1 程序下载成功 
09.50.24	正常	设备1 CRC = 0xbb56318a
09.50.38	正常	设备1 程序下载成功 
09.54.53	正常	设备1 CRC = 0xc5be3d01
09.55.07	正常	设备1 程序下载成功 
10.02.16	正常	设备1 CRC = 0x4c1ef8f8
10.02.29	正常	设备1 程序下载成功 
10.08.00	正常	设备1 CRC = 0x4c1ef8f8
10.08.14	正常	设备1 程序下载成功 
10.09.48	正常	设备1 CRC = 0x4c1ef8f8
10.09.49	错误	设备1 downImage复位失败!!
10.09.49	警告	设备1 程序下载失败 
10.10.07	正常	设备1 继续下载失败的bin文件！ 
10.10.07	错误	设备1 downImage复位失败!!
10.10.07	警告	设备1 程序下载失败 
10.10.15	正常	设备1 CRC = 0x08f798bc
10.10.29	正常	设备1 程序下载成功 
10.25.38	正常	设备1 CRC = 0x633db54a
10.25.51	正常	设备1 程序下载成功 
10.29.06	正常	设备1 CRC = 0xaaf3974e
10.29.20	正常	设备1 程序下载成功 
10.31.56	正常	设备1 CRC = 0x4c1ef8f8
10.32.09	正常	设备1 程序下载成功 
10.35.35	正常	设备1 CRC = 0xaaf3974e
10.35.49	正常	设备1 程序下载成功 
11.03.34	正常	设备1 CRC = 0x1a2c30b2
11.03.47	正常	设备1 程序下载成功 
11.09.05	正常	设备1 CRC = 0xc2f4431f
11.09.19	正常	设备1 程序下载成功 
11.17.05	正常	设备1 CRC = 0x8a2c8ab6
11.17.19	正常	设备1 程序下载成功 
11.19.22	正常	设备1 CRC = 0x14564400
11.19.36	正常	设备1 程序下载成功 
11.20.17	正常	设备1 CRC = 0xc5be3d01
11.20.31	正常	设备1 程序下载成功 
11.31.45	正常	设备1 CRC = 0xedf2f3be
11.31.58	正常	设备1 程序下载成功 
11.37.32	正常	设备1 CRC = 0xc8f40855
11.37.46	正常	设备1 程序下载成功 
11.40.38	正常	设备1 CRC = 0x20d0f190
11.40.51	正常	设备1 程序下载成功 
11.41.55	正常	设备1 CRC = 0xd4d20599
11.42.08	正常	设备1 程序下载成功 
11.45.07	正常	设备1 CRC = 0x20d0f190
11.45.20	正常	设备1 程序下载成功 
11.47.36	正常	设备1 CRC = 0x20d0f190
11.47.49	正常	设备1 程序下载成功 
11.47.52	正常	设备1 CRC = 0xd4d20599
11.48.05	正常	设备1 程序下载成功 
11.54.19	正常	设备1 CRC = 0x1b4fa06d
11.54.32	正常	设备1 程序下载成功 
12.01.41	正常	设备1 CRC = 0x30736f77
12.01.55	正常	设备1 程序下载成功 
13.35.02	正常	设备1 CRC = 0x84136e97
13.35.16	正常	设备1 程序下载成功 
13.35.19	正常	设备1 CRC = 0x84136e97
13.35.33	正常	设备1 程序下载成功 
13.38.07	正常	设备1 CRC = 0xc8f40855
13.38.20	正常	设备1 程序下载成功 
13.48.24	正常	设备1 CRC = 0x84136e97
13.48.37	正常	设备1 程序下载成功 
13.48.58	正常	设备1 CRC = 0x84136e97
13.49.12	正常	设备1 程序下载成功 
14.04.38	正常	设备1 CRC = 0x84136e97
14.04.51	正常	设备1 程序下载成功 
14.50.18	正常	设备1 CRC = 0x1bd4f6aa
14.50.32	正常	设备1 程序下载成功 
14.52.49	正常	设备1 CRC = 0x63998631
14.53.02	正常	设备1 程序下载成功 
15.05.54	正常	设备1 CRC = 0xbf844715
15.06.08	正常	设备1 程序下载成功 
15.07.23	正常	设备1 CRC = 0xac28bb7a
15.07.37	正常	设备1 程序下载成功 
15.08.54	正常	设备1 CRC = 0xda4dd1d4
15.09.08	正常	设备1 程序下载成功 
15.10.37	正常	设备1 CRC = 0xda4dd1d4
15.10.50	正常	设备1 程序下载成功 
15.11.20	正常	设备1 CRC = 0x63998631
15.11.33	正常	设备1 程序下载成功 
15.12.19	正常	设备1 CRC = 0xda4dd1d4
15.12.33	正常	设备1 程序下载成功 
15.12.58	正常	设备1 CRC = 0xda4dd1d4
15.13.11	正常	设备1 程序下载成功 
15.14.23	正常	设备1 CRC = 0x63998631
15.14.37	正常	设备1 程序下载成功 
15.14.53	正常	设备1 CRC = 0x63998631
15.15.06	正常	设备1 程序下载成功 
15.15.22	正常	设备1 CRC = 0xda4dd1d4
15.15.36	正常	设备1 程序下载成功 
15.16.45	正常	设备1 CRC = 0xe9c62b3f
15.16.58	正常	设备1 程序下载成功 
15.25.59	正常	设备1 CRC = 0x9abbf0ed
15.26.13	正常	设备1 程序下载成功 
15.34.36	正常	设备1 CRC = 0x1f243da6
15.34.50	正常	设备1 程序下载成功 
15.40.28	正常	设备1 CRC = 0x84ee1877
15.40.41	正常	设备1 程序下载成功 
15.41.21	正常	设备1 CRC = 0xcf024762
15.41.35	正常	设备1 程序下载成功 
15.48.20	正常	设备1 CRC = 0x9cc3054b
15.48.34	正常	设备1 程序下载成功 
15.56.44	正常	设备1 CRC = 0x66be7aed
15.56.57	正常	设备1 程序下载成功 
15.57.32	正常	设备1 CRC = 0xae5c9658
15.57.46	正常	设备1 程序下载成功 
16.02.18	正常	设备1 CRC = 0x29514390
16.02.32	正常	设备1 程序下载成功 
16.05.53	正常	设备1 CRC = 0xbaf4d9a4
16.06.07	正常	设备1 程序下载成功 
16.07.12	正常	设备1 CRC = 0x83417dfb
16.07.25	正常	设备1 程序下载成功 
16.16.15	正常	设备1 CRC = 0x9ff01c11
16.16.29	正常	设备1 程序下载成功 
16.18.22	正常	设备1 CRC = 0x1b3bad2b
16.18.35	正常	设备1 程序下载成功 
16.19.30	正常	设备1 CRC = 0xf168ced0
16.19.43	正常	设备1 程序下载成功 
16.21.15	正常	设备1 CRC = 0xcffd19db
16.21.28	正常	设备1 程序下载成功 
16.24.33	正常	设备1 CRC = 0x0f26503e
16.24.47	正常	设备1 程序下载成功 
16.26.23	正常	设备1 CRC = 0x07f516c7
16.26.36	正常	设备1 程序下载成功 
16.32.14	正常	设备1 CRC = 0xcc38514c
16.32.27	正常	设备1 程序下载成功 
16.33.56	正常	设备1 CRC = 0x1d8f6e7e
16.34.09	正常	设备1 程序下载成功 
16.36.10	正常	设备1 CRC = 0xf782b2b7
16.36.24	正常	设备1 程序下载成功 
16.39.38	正常	设备1 CRC = 0x3c9c96cd
16.39.51	正常	设备1 程序下载成功 
16.43.26	正常	设备1 CRC = 0xa604d330
16.43.39	正常	设备1 程序下载成功 
16.48.31	正常	设备1 CRC = 0x78ecc314
16.48.45	正常	设备1 程序下载成功 
16.52.58	正常	设备1 CRC = 0xcd1efe1c
16.53.12	正常	设备1 程序下载成功 
16.55.11	正常	设备1 CRC = 0xe0fdebae
16.55.24	正常	设备1 程序下载成功 
16.56.45	正常	设备1 CRC = 0xf0f3c01d
16.56.59	正常	设备1 程序下载成功 
17.05.28	正常	设备1 CRC = 0xd7c6f5aa
17.05.42	正常	设备1 程序下载成功 
17.06.32	正常	设备1 CRC = 0x54888948
17.06.46	正常	设备1 程序下载成功 
17.40.38	正常	设备1 CRC = 0xbb45cc10
17.40.52	正常	设备1 程序下载成功 
18.19.57	正常	设备1 读出成功!!
18.27.35	正常	设备1 CRC = 0x62720c6d
18.27.49	正常	设备1 程序下载成功 
18.35.07	正常	设备1 CRC = 0x6f5bf60d
18.35.20	正常	设备1 程序下载成功 
19.21.21	正常	设备1 CRC = 0x6f5bf60d
19.21.34	正常	设备1 程序下载成功 
20.02.06	正常	设备1 CRC = 0xd4eab46f
20.02.20	正常	设备1 程序下载成功 
20.04.40	正常	设备1 CRC = 0x309e8244
20.04.53	正常	设备1 程序下载成功 
20.07.40	正常	设备1 CRC = 0xe22571af
20.07.54	正常	设备1 程序下载成功 
20.09.53	正常	设备1 CRC = 0x422f97be
20.10.07	正常	设备1 程序下载成功 
20.15.37	正常	设备1 CRC = 0xebcb698e
20.15.51	正常	设备1 程序下载成功 
20.20.31	正常	设备1 CRC = 0x08738498
20.20.45	正常	设备1 程序下载成功 
20.23.44	正常	设备1 CRC = 0x26dad978
20.23.57	正常	设备1 程序下载成功 
20.25.11	正常	设备1 CRC = 0x65501ef3
20.25.26	正常	设备1 程序下载成功 
20.27.06	正常	设备1 CRC = 0xe8fead70
20.27.20	正常	设备1 程序下载成功 
20.28.20	正常	设备1 CRC = 0x422f97be
20.28.33	正常	设备1 程序下载成功 
20.37.38	正常	设备1 CRC = 0xd7c6f5aa
20.37.51	正常	设备1 程序下载成功 
