09.30.46	正常	设备1 CRC = 0x09a497ed
09.31.00	正常	设备1 程序下载成功 
09.35.02	正常	设备1 CRC = 0xd369d41a
09.35.15	正常	设备1 程序下载成功 
09.48.12	正常	设备1 CRC = 0xcdb011b9
09.48.26	正常	设备1 程序下载成功 
09.51.11	正常	设备1 CRC = 0x374d7c66
09.51.25	正常	设备1 程序下载成功 
09.54.09	正常	设备1 CRC = 0x00989cc6
09.54.23	正常	设备1 程序下载成功 
09.57.21	正常	设备1 CRC = 0x03c56a8f
09.57.35	正常	设备1 程序下载成功 
10.00.03	正常	设备1 CRC = 0x7943450a
10.00.16	正常	设备1 程序下载成功 
10.05.58	正常	设备1 CRC = 0xbce95d26
10.06.12	正常	设备1 程序下载成功 
10.06.49	正常	设备1 CRC = 0x4bb4327a
10.07.03	正常	设备1 程序下载成功 
10.09.27	正常	设备1 CRC = 0x977d4a7d
10.09.40	正常	设备1 程序下载成功 
10.15.07	正常	设备1 CRC = 0x977d4a7d
10.15.20	正常	设备1 程序下载成功 
10.15.37	正常	设备1 CRC = 0xc8c4f14c
10.15.50	正常	设备1 程序下载成功 
10.25.47	正常	设备1 CRC = 0xc8c4f14c
10.26.01	正常	设备1 程序下载成功 
10.29.26	正常	设备1 CRC = 0x913c22d2
10.29.40	正常	设备1 程序下载成功 
10.36.59	正常	设备1 CRC = 0xcfd6617a
10.37.13	正常	设备1 程序下载成功 
10.39.09	正常	设备1 CRC = 0xcfd6617a
10.39.09	错误	设备1 downImage复位失败!!
10.39.09	警告	设备1 程序下载失败 
10.39.13	正常	设备1 继续下载失败的bin文件！ 
10.39.27	正常	设备1 程序下载成功 
10.40.45	正常	设备1 CRC = 0x1f2a3fce
10.40.59	正常	设备1 程序下载成功 
10.42.49	正常	设备1 CRC = 0xddeb073d
10.43.03	正常	设备1 程序下载成功 
11.22.27	正常	设备1 CRC = 0x6a9ead8e
11.22.41	正常	设备1 程序下载成功 
11.24.07	正常	设备1 CRC = 0x6a9ead8e
11.24.21	正常	设备1 程序下载成功 
11.24.40	正常	设备1 CRC = 0x9a8355f1
11.24.54	正常	设备1 程序下载成功 
11.34.57	正常	设备1 CRC = 0xf65394bd
11.35.10	正常	设备1 程序下载成功 
11.36.55	正常	设备1 CRC = 0x2cccdf51
11.37.08	正常	设备1 程序下载成功 
11.43.12	正常	设备1 CRC = 0x3b7925a3
11.43.26	正常	设备1 程序下载成功 
11.46.49	正常	设备1 CRC = 0xd63886cf
11.47.02	正常	设备1 程序下载成功 
11.50.26	正常	设备1 CRC = 0x84656ab8
11.50.40	正常	设备1 程序下载成功 
11.50.57	正常	设备1 CRC = 0x84656ab8
11.51.11	正常	设备1 程序下载成功 
11.54.58	正常	设备1 CRC = 0xad5d0888
11.55.12	正常	设备1 程序下载成功 
11.58.17	正常	设备1 CRC = 0x026a7aed
11.58.30	正常	设备1 程序下载成功 
13.38.50	正常	设备1 CRC = 0xde81cd41
13.39.04	正常	设备1 程序下载成功 
13.45.07	正常	设备1 CRC = 0x2bc5bcc0
13.45.20	正常	设备1 程序下载成功 
13.47.32	正常	设备1 CRC = 0x4d2515d8
13.47.45	正常	设备1 程序下载成功 
13.51.15	正常	设备1 CRC = 0xde81cd41
13.51.28	正常	设备1 程序下载成功 
13.54.30	正常	设备1 CRC = 0xb4ffcdda
13.54.43	正常	设备1 程序下载成功 
13.56.13	正常	设备1 CRC = 0x765a47d6
13.56.27	正常	设备1 程序下载成功 
13.58.21	正常	设备1 CRC = 0x4d2515d8
13.58.35	正常	设备1 程序下载成功 
14.01.40	正常	设备1 CRC = 0x4d2515d8
14.01.54	正常	设备1 程序下载成功 
14.01.54	正常	设备1 CRC = 0x0fc39d02
14.02.08	正常	设备1 程序下载成功 
14.03.06	正常	设备1 CRC = 0xccc8d08c
14.03.20	正常	设备1 程序下载成功 
14.09.02	正常	设备1 CRC = 0x0f777764
14.09.16	正常	设备1 程序下载成功 
14.10.18	正常	设备1 CRC = 0x0f777764
14.10.32	正常	设备1 程序下载成功 
14.11.07	正常	设备1 CRC = 0xef5ae150
14.11.20	正常	设备1 程序下载成功 
14.39.50	正常	设备1 CRC = 0x322b241d
14.40.03	正常	设备1 程序下载成功 
14.42.31	正常	设备1 CRC = 0x6c0babf5
14.42.45	正常	设备1 程序下载成功 
14.42.48	正常	设备1 CRC = 0x6c0babf5
14.43.02	正常	设备1 程序下载成功 
14.44.21	正常	设备1 CRC = 0x0bdb10e9
14.44.35	正常	设备1 程序下载成功 
14.46.16	正常	设备1 CRC = 0xb233e196
14.46.16	错误	设备1 downImage复位失败!!
14.46.16	警告	设备1 程序下载失败 
14.46.22	正常	设备1 继续下载失败的bin文件！ 
14.46.36	正常	设备1 程序下载成功 
14.50.10	正常	设备1 CRC = 0xef8e9009
14.50.24	正常	设备1 程序下载成功 
14.58.34	正常	设备1 CRC = 0xb233e196
14.58.48	正常	设备1 程序下载成功 
15.12.44	正常	设备1 CRC = 0xb233e196
15.12.58	正常	设备1 程序下载成功 
15.20.24	正常	设备1 CRC = 0x47c35d52
15.20.38	正常	设备1 程序下载成功 
16.12.26	正常	设备1 CRC = 0xb5563b0f
16.12.39	正常	设备1 程序下载成功 
16.15.20	正常	设备1 CRC = 0x2e51147c
16.15.33	正常	设备1 程序下载成功 
16.25.06	正常	设备1 CRC = 0xe24db27f
16.25.19	正常	设备1 程序下载成功 
16.28.23	正常	设备1 CRC = 0xe24db27f
16.28.37	正常	设备1 程序下载成功 
16.29.33	正常	设备1 CRC = 0x32b055bf
16.29.49	正常	设备1 程序下载成功 
16.30.37	正常	设备1 CRC = 0x2e51147c
16.30.50	正常	设备1 程序下载成功 
16.34.47	正常	设备1 CRC = 0xb3be370c
16.35.01	正常	设备1 程序下载成功 
16.36.47	正常	设备1 CRC = 0xb533df99
16.37.01	正常	设备1 程序下载成功 
16.37.42	正常	设备1 CRC = 0xb533df99
16.37.56	正常	设备1 程序下载成功 
16.38.43	正常	设备1 CRC = 0x15b2cc4c
16.38.57	正常	设备1 程序下载成功 
16.44.32	正常	设备1 CRC = 0xfdadb099
16.44.46	正常	设备1 程序下载成功 
16.47.08	正常	设备1 CRC = 0x482936cc
16.47.22	正常	设备1 程序下载成功 
17.02.16	正常	设备1 CRC = 0x482936cc
17.02.30	正常	设备1 程序下载成功 
17.02.32	正常	设备1 CRC = 0x6c732d54
17.02.46	正常	设备1 程序下载成功 
17.04.40	正常	设备1 CRC = 0x7f0dc43c
17.04.54	正常	设备1 程序下载成功 
17.06.41	正常	设备1 CRC = 0x7f0dc43c
17.06.55	正常	设备1 程序下载成功 
17.06.57	正常	设备1 CRC = 0x3dd28e6f
17.07.11	正常	设备1 程序下载成功 
17.16.14	正常	设备1 CRC = 0x046097ca
17.16.27	正常	设备1 程序下载成功 
17.58.08	正常	设备1 CRC = 0x046097ca
17.58.08	错误	设备1 downImage复位失败!!
17.58.08	警告	设备1 程序下载失败 
17.58.13	正常	设备1 继续下载失败的bin文件！ 
17.58.27	正常	设备1 程序下载成功 
17.58.47	正常	设备1 CRC = 0x06f2358e
17.59.00	正常	设备1 程序下载成功 
18.11.31	正常	设备1 CRC = 0xa1ef6b83
18.11.45	正常	设备1 程序下载成功 
18.12.41	正常	设备1 CRC = 0xd5f8387e
18.12.55	正常	设备1 程序下载成功 
19.19.12	正常	设备1 CRC = 0x260bf7a3
19.19.26	正常	设备1 程序下载成功 
19.27.08	正常	设备1 CRC = 0xe1ea0d4b
19.27.21	正常	设备1 程序下载成功 
19.29.51	正常	设备1 CRC = 0xe1ea0d4b
19.30.04	正常	设备1 程序下载成功 
19.30.46	正常	设备1 CRC = 0x40935f32
19.30.59	正常	设备1 程序下载成功 
19.33.27	正常	设备1 CRC = 0x22a7e92f
19.33.40	正常	设备1 程序下载成功 
19.35.02	正常	设备1 CRC = 0x285d864d
19.35.16	正常	设备1 程序下载成功 
19.48.59	正常	设备1 CRC = 0xb38e7ee1
19.49.13	正常	设备1 程序下载成功 
19.51.06	正常	设备1 CRC = 0xb6c2e73f
19.51.20	正常	设备1 程序下载成功 
