10.00.31	正常	设备1 CRC = 0x8e69cd9e
10.00.33	警告	设备1 写入Bin文件超时-1！ 
10.00.33	警告	设备1 程序下载失败 
10.00.36	正常	设备1 继续下载失败的bin文件！ 
10.00.49	正常	设备1 程序下载成功 
10.12.10	正常	设备1 CRC = 0x62262a15
10.12.23	正常	设备1 程序下载成功 
10.34.19	正常	设备1 CRC = 0x26823e50
10.34.32	正常	设备1 程序下载成功 
11.15.01	正常	设备1 CRC = 0xdeca2af4
11.15.14	正常	设备1 程序下载成功 
11.29.10	正常	设备1 CRC = 0x60a655b2
11.29.23	正常	设备1 程序下载成功 
11.42.03	正常	设备1 CRC = 0x71e27089
11.42.16	正常	设备1 程序下载成功 
11.56.55	正常	设备1 CRC = 0xd5cf45aa
11.57.08	正常	设备1 程序下载成功 
12.00.58	正常	设备1 CRC = 0xc5b3556a
12.01.11	正常	设备1 程序下载成功 
12.31.04	正常	设备1 CRC = 0xf323a331
12.31.17	正常	设备1 程序下载成功 
13.33.22	正常	设备1 CRC = 0xf323a331
13.33.35	正常	设备1 程序下载成功 
13.33.39	正常	设备1 CRC = 0xfbe3e44d
13.33.52	正常	设备1 程序下载成功 
13.35.38	正常	设备1 CRC = 0x0aa278b8
13.35.53	正常	设备1 程序下载成功 
13.56.53	正常	设备1 CRC = 0x4799ac06
13.57.06	正常	设备1 程序下载成功 
14.00.52	正常	设备1 CRC = 0x4799ac06
14.01.05	正常	设备1 程序下载成功 
14.02.11	正常	设备1 CRC = 0x1d3f0a70
14.02.24	正常	设备1 程序下载成功 
14.06.46	正常	设备1 CRC = 0x190960a9
14.06.59	正常	设备1 程序下载成功 
14.07.03	正常	设备1 CRC = 0x190960a9
14.07.16	正常	设备1 程序下载成功 
14.28.35	正常	设备1 CRC = 0xf53d4e0d
14.28.48	正常	设备1 程序下载成功 
14.37.02	正常	设备1 CRC = 0x9688a4b5
14.37.15	正常	设备1 程序下载成功 
14.41.57	正常	设备1 CRC = 0x8d2f42e3
14.42.10	正常	设备1 程序下载成功 
14.51.28	正常	设备1 CRC = 0x20e0ef4b
14.51.41	正常	设备1 程序下载成功 
15.22.25	正常	设备1 CRC = 0x9485ec33
15.22.38	正常	设备1 程序下载成功 
15.42.07	正常	设备1 CRC = 0x3fc0c727
15.42.20	正常	设备1 程序下载成功 
15.53.45	正常	设备1 CRC = 0x4a3c9d55
15.53.58	正常	设备1 程序下载成功 
16.00.29	正常	设备1 CRC = 0x4580d783
16.00.42	正常	设备1 程序下载成功 
16.05.04	正常	设备1 CRC = 0xe04e1b0b
16.05.17	正常	设备1 程序下载成功 
16.09.36	正常	设备1 CRC = 0xada3c004
16.09.49	正常	设备1 程序下载成功 
16.15.33	正常	设备1 CRC = 0xada3c004
16.15.46	正常	设备1 程序下载成功 
16.15.48	正常	设备1 CRC = 0x3e8cbf24
16.16.01	正常	设备1 程序下载成功 
16.24.26	正常	设备1 CRC = 0x8d9279f2
16.24.39	正常	设备1 程序下载成功 
16.34.27	正常	设备1 CRC = 0xa2a639e8
16.34.40	正常	设备1 程序下载成功 
16.39.01	正常	设备1 CRC = 0xa8defd21
16.39.14	正常	设备1 程序下载成功 
16.39.57	正常	设备1 CRC = 0xcdff2db9
16.40.10	正常	设备1 程序下载成功 
