10.41.24	正常	设备1 CRC = 0xa901e302
10.41.35	正常	设备1 程序下载成功 
10.46.51	正常	设备1 CRC = 0xf0ee3bc4
10.47.02	正常	设备1 程序下载成功 
10.51.41	正常	设备1 CRC = 0xa4725fa9
10.51.52	正常	设备1 程序下载成功 
11.08.12	正常	设备1 CRC = 0x6d6872bd
11.08.24	正常	设备1 程序下载成功 
11.14.38	正常	设备1 CRC = 0xfef8e469
11.14.40	错误	设备1 downImage复位失败!!
11.14.40	警告	设备1 程序下载失败 
11.14.41	错误	设备1 Vpp关闭操作超时！
11.15.00	正常	设备1 继续下载失败的bin文件！ 
11.15.11	正常	设备1 程序下载成功 
11.26.00	正常	设备1 CRC = 0x81386836
11.26.12	正常	设备1 程序下载成功 
11.51.52	正常	设备1 CRC = 0x977a3009
11.52.04	正常	设备1 程序下载成功 
11.54.05	正常	设备1 CRC = 0x11629c2d
11.54.16	正常	设备1 程序下载成功 
11.55.25	正常	设备1 CRC = 0xb4dd02d0
11.55.37	正常	设备1 程序下载成功 
13.40.13	正常	设备1 CRC = 0x7c9b4d1a
13.40.25	正常	设备1 程序下载成功 
13.41.34	正常	设备1 CRC = 0xce91900e
13.41.46	正常	设备1 程序下载成功 
13.45.04	正常	设备1 CRC = 0x14e9e322
13.45.16	正常	设备1 程序下载成功 
13.51.33	正常	设备1 CRC = 0x05e7d71a
13.51.45	正常	设备1 程序下载成功 
14.16.58	正常	设备1 CRC = 0x1a5dc78c
14.17.10	正常	设备1 程序下载成功 
14.21.27	正常	设备1 CRC = 0x3f73a299
14.21.39	正常	设备1 程序下载成功 
17.16.14	正常	设备1 CRC = 0xcae09bce
17.16.25	正常	设备1 程序下载成功 
17.37.41	正常	设备1 CRC = 0x42234531
17.37.53	正常	设备1 程序下载成功 
