Build target 'Target1'
assembling boot_handlers.s...
assembling boot_vectors.s...
compiling main.c...
compiling app.c...
compiling app_batt.c...
compiling app_dis.c...
compiling app_display.c...
compiling app_fcc0.c...
compiling app_fee0.c...
compiling app_hid.c...
app\src\app_hid.c(1060): warning:  #223-D: function "DEBUG_MSG" declared implicitly              DEBUG_MSG(0x10);
app\src\app_hid.c(1062): warning:  #223-D: function "key_process" declared implicitly              key_process();
app\src\app_hid.c(1063): warning:  #223-D: function "hid_send_keycode" declared implicitly              hid_send_keycode();
app\src\app_hid.c: 3 warnings, 0 errors
compiling app_ht.c...
compiling app_oads.c...
compiling app_sec.c...
compiling app_task.c...
app\src\app_task.c(474): warning:  #223-D: function "ble_addr_add1" declared implicitly              ble_addr_add1();
app\src\app_task.c: 1 warning, 0 errors
compiling app_key.c...
compiling rwbt.c...
compiling rwble.c...
compiling rwip.c...
compiling nvds.c...
compiling prf_utils.c...
compiling prf.c...
compiling flash.c...
compiling rf_xvr.c...
compiling gpio.c...
compiling spi.c...
compiling icu.c...
compiling wdt.c...
compiling adc.c...
compiling uart2.c...
compiling uart.c...
compiling aon_rtc.c...
compiling intc.c...
compiling i2c.c...
compiling dma.c...
compiling driver_timer.c...
compiling diss.c...
compiling diss_task.c...
compiling fee0s.c...
compiling fee0s_task.c...
compiling bass.c...
compiling bass_task.c...
compiling fcc0s.c...
compiling fcc0s_task.c...
compiling oads.c...
compiling oads_task.c...
compiling hogpd.c...
compiling hogpd_task.c...
compiling application_main.c...
compiling APPLICATION_MODE_NORMAL.c...
compiling application_mode_page.c...
compiling application_mode_PCBA.c...
compiling APPLICATION_MODE_TEST.C...
compiling application_rf.c...
compiling driver_rf.c...
linking...
Program Size: Code=53456 RO-data=3756 RW-data=4220 ZI-data=17980  
After Build - User command #1: fromelf --bin --output .\output\app\bk3633_app.bin .\obj\bk3633_app.axf
After Build - User command #2: .\output\translate.bat

E:\work\BK3633\code\internal\BK3633_BLE\SDK\projects\app_mouse>.\output\BinConvert  -oad .\output\boot\bk3633_boot.bin  .\output\stack\bk3633_stack.bin  .\output\app\bk3633_app.bin -m 0x3400 -l 0x287A0 -v 0x00024 -rom_v 0x0011 -e 00000000 00000000 00000000 00000000 
cmd_bin_oad.stack_file_addr :0x3400
binary version hex:0x24; dec:36

Arm Image Binary will be converted to OAD format binary file.....
cmd_bin_oad.stack_file_addr=3400
boot_bin_len=2d5c
add stack bin start
        Encrypt Seccessfully!
        File Size: 0x3a03a

oad_stack_app_bin_len=36a00
oad_app_bin_len=f126
e3 28 f5 03 24 00 49 3c 42 42 42 42 ff ff 11 00 /**< @CREATE_FILE_SUCCESS */
/**< @Download flash file:.\output\app\bk3633_app_merge_crc.bin
/**< @OAD file :.\output\app\bk3633_app_stack_oad.bin,CRC = 0xc8a21c51
/**< @OAD file :.\output\app\bk3633_app_oad.bin,CRC = 0x03f528e3
/**< @author <gang.cheng@bekencorp.com> */
/**< @version v0.3 */
".\obj\bk3633_app.axf" - 0 Error(s), 4 Warning(s).
