09.38.14	警告	设备1 文件打开失败!路径:C:\Users\Lemon\Desktop\佛山照明\BK3435_UAE023-LF-A0_MH_1.0.4\projects\ble_app_mesh_sdk_ali_light\output\app\bk3435_ble_app_merge_cr_ming.bin!
09.38.33	正常	设备1 CRC = 0xae127610
09.39.03	正常	设备1 读出成功!!
09.39.04	正常	设备1 程序下载成功 
09.42.51	正常	设备1 CRC = 0xb0418afc
09.43.22	正常	设备1 读出成功!!
09.43.23	正常	设备1 程序下载成功 
10.03.28	正常	设备1 CRC = 0x1060ef68
10.03.59	正常	设备1 读出成功!!
10.03.59	正常	设备1 程序下载成功 
18.03.07	正常	设备1 CRC = 0x7043efd1
18.03.39	正常	设备1 读出成功!!
18.03.39	正常	设备1 程序下载成功 
18.05.49	正常	设备1 CRC = 0x7043efd1
18.06.20	正常	设备1 读出成功!!
18.06.21	正常	设备1 程序下载成功 
18.16.06	正常	设备1 CRC = 0xe6cea2fd
18.16.37	正常	设备1 读出成功!!
18.16.38	正常	设备1 程序下载成功 
18.44.03	正常	设备1 CRC = 0xb8b2296b
18.44.34	正常	设备1 读出成功!!
18.44.35	正常	设备1 程序下载成功 
19.07.23	正常	设备1 CRC = 0x4e7dbed9
19.07.54	正常	设备1 读出成功!!
19.07.55	正常	设备1 程序下载成功 
19.11.10	正常	设备1 CRC = 0x84954cd2
19.11.11	错误	设备1 downImage复位失败!!
19.11.11	警告	设备1 程序下载失败 
19.11.16	正常	设备1 继续下载失败的bin文件！ 
19.11.47	正常	设备1 读出成功!!
19.11.48	正常	设备1 程序下载成功 
19.14.16	正常	设备1 CRC = 0x84954cd2
19.14.47	正常	设备1 读出成功!!
19.14.48	正常	设备1 程序下载成功 
19.15.03	正常	设备1 CRC = 0xd4023546
19.15.34	正常	设备1 读出成功!!
19.15.35	正常	设备1 程序下载成功 
