13.50.07	正常	设备1 CRC = 0x9f3af4d9
13.50.08	错误	设备1 downImage复位失败!!
13.50.08	警告	设备1 程序下载失败 
13.50.12	正常	设备1 继续下载失败的bin文件！ 
13.50.42	正常	设备1 程序下载成功 
13.54.25	正常	设备1 CRC = 0x9f3af4d9
13.54.56	正常	设备1 程序下载成功 
13.55.37	正常	设备1 CRC = 0x9f3af4d9
13.56.07	正常	设备1 读出成功!!
13.56.08	正常	设备1 程序下载成功 
15.19.11	正常	设备1 CRC = 0x46e0fc97
15.19.42	正常	设备1 读出成功!!
15.19.43	正常	设备1 程序下载成功 
15.24.39	正常	设备1 CRC = 0x05f38e87
15.25.10	正常	设备1 读出成功!!
15.25.11	正常	设备1 程序下载成功 
15.35.09	正常	设备1 CRC = 0x7d2d6b53
15.35.40	正常	设备1 读出成功!!
15.35.41	正常	设备1 程序下载成功 
17.06.38	正常	设备1 CRC = 0xf1d49863
17.07.08	正常	设备1 读出成功!!
17.07.09	正常	设备1 程序下载成功 
17.10.17	正常	设备1 CRC = 0x69399dfd
17.10.46	正常	设备1 读出成功!!
17.10.47	正常	设备1 程序下载成功 
17.17.02	正常	设备1 CRC = 0xf1d49863
17.17.32	正常	设备1 读出成功!!
17.17.33	正常	设备1 程序下载成功 
