15.15.15	正常	设备1 CRC = 0xcca15833
15.15.47	正常	设备1 读出成功!!
15.15.47	正常	设备1 程序下载成功 
15.17.39	正常	设备1 CRC = 0x78706044
15.18.11	正常	设备1 读出成功!!
15.18.11	正常	设备1 程序下载成功 
15.40.20	正常	设备1 CRC = 0xd9f2d37f
15.40.51	正常	设备1 读出成功!!
15.40.52	正常	设备1 程序下载成功 
15.42.08	正常	设备1 CRC = 0x8bc538c4
15.42.39	正常	设备1 读出成功!!
15.42.40	正常	设备1 程序下载成功 
15.43.27	正常	设备1 CRC = 0x14e197a7
15.43.58	正常	设备1 读出成功!!
15.43.59	正常	设备1 程序下载成功 
15.45.02	正常	设备1 CRC = 0x01918674
15.45.33	正常	设备1 读出成功!!
15.45.34	正常	设备1 程序下载成功 
15.58.16	正常	设备1 CRC = 0x81413f7b
15.58.47	正常	设备1 读出成功!!
15.58.48	正常	设备1 程序下载成功 
16.08.18	正常	设备1 CRC = 0x2e41ab09
16.08.49	正常	设备1 读出成功!!
16.08.50	正常	设备1 程序下载成功 
16.38.10	正常	设备1 CRC = 0xf1bcf76a
16.38.41	正常	设备1 读出成功!!
16.38.42	正常	设备1 程序下载成功 
17.02.56	正常	设备1 CRC = 0xf1bcf76a
17.03.12	错误	设备1 读flash=0x0007E000超时!
17.03.12	错误	设备1 读出失败!!
17.03.12	错误	设备1 写信息时，读flash=0x0007E000失败！
17.03.34	正常	设备1 继续下载失败的bin文件！ 
17.04.04	正常	设备1 读出成功!!
17.04.05	正常	设备1 程序下载成功 
17.07.44	正常	设备1 CRC = 0xa34a8d7e
17.08.15	正常	设备1 读出成功!!
17.08.16	正常	设备1 程序下载成功 
17.37.49	正常	设备1 CRC = 0x77d08681
17.38.20	正常	设备1 读出成功!!
17.38.21	正常	设备1 程序下载成功 
17.38.58	正常	设备1 CRC = 0x77d08681
17.39.29	正常	设备1 读出成功!!
17.39.30	正常	设备1 程序下载成功 
17.59.45	正常	设备1 CRC = 0xee7015e9
18.00.16	正常	设备1 读出成功!!
18.00.17	正常	设备1 程序下载成功 
18.07.08	正常	设备1 CRC = 0x961b59d5
18.07.39	正常	设备1 读出成功!!
18.07.40	正常	设备1 程序下载成功 
18.10.40	正常	设备1 CRC = 0x887ad1ef
18.11.11	正常	设备1 读出成功!!
18.11.12	正常	设备1 程序下载成功 
18.29.04	正常	设备1 CRC = 0xd20495fa
18.29.35	正常	设备1 读出成功!!
18.29.36	正常	设备1 程序下载成功 
18.32.54	正常	设备1 CRC = 0x7324f32e
18.33.25	正常	设备1 读出成功!!
18.33.26	正常	设备1 程序下载成功 
18.55.18	正常	设备1 CRC = 0x2d542fda
18.55.49	正常	设备1 读出成功!!
18.55.50	正常	设备1 程序下载成功 
19.18.57	正常	设备1 CRC = 0x2d542fda
19.19.28	正常	设备1 读出成功!!
19.19.29	正常	设备1 程序下载成功 
19.20.24	正常	设备1 CRC = 0xf9c7d6de
19.20.55	正常	设备1 读出成功!!
19.20.56	正常	设备1 程序下载成功 
19.32.32	正常	设备1 CRC = 0xc97f3eba
19.33.03	正常	设备1 读出成功!!
19.33.04	正常	设备1 程序下载成功 
