14.07.32	正常	设备1 CRC = 0x9391b4ea
14.08.02	正常	设备1 读出成功!!
14.08.02	正常	设备1 程序下载成功 
14.20.03	正常	设备1 CRC = 0x9391b4ea
14.20.34	正常	设备1 读出成功!!
14.20.35	正常	设备1 程序下载成功 
14.37.26	正常	设备1 CRC = 0x654567d2
14.37.58	正常	设备1 读出成功!!
14.37.59	正常	设备1 程序下载成功 
14.57.15	正常	设备1 CRC = 0x654567d2
14.57.47	正常	设备1 读出成功!!
14.57.48	正常	设备1 程序下载成功 
15.12.56	正常	设备1 CRC = 0xf69fcf85
15.13.27	正常	设备1 读出成功!!
15.13.28	正常	设备1 程序下载成功 
15.20.53	正常	设备1 CRC = 0x03f2711e
15.21.24	正常	设备1 读出成功!!
15.21.25	正常	设备1 程序下载成功 
15.23.39	正常	设备1 CRC = 0xe722a373
15.24.09	正常	设备1 读出成功!!
15.24.10	正常	设备1 程序下载成功 
15.27.26	正常	设备1 CRC = 0x4dffce0c
15.27.57	正常	设备1 读出成功!!
15.27.58	正常	设备1 程序下载成功 
16.16.32	正常	设备1 CRC = 0xcedd75b2
16.17.03	正常	设备1 读出成功!!
16.17.04	正常	设备1 程序下载成功 
16.37.29	正常	设备1 CRC = 0xcedd75b2
16.37.29	错误	设备1 downImage复位失败!!
16.37.29	警告	设备1 程序下载失败 
16.37.43	正常	设备1 继续下载失败的bin文件！ 
16.38.15	正常	设备1 程序下载成功 
16.42.22	正常	设备1 CRC = 0xcedd75b2
16.42.54	警告	设备1 写入Bin文件超时-2！ 
16.42.54	警告	设备1 程序下载失败 
16.42.56	错误	设备1 Vpp关闭操作超时！
17.07.15	正常	设备1 继续下载失败的bin文件！ 
17.07.46	正常	设备1 读出成功!!
17.07.47	正常	设备1 程序下载成功 
17.09.53	正常	设备1 CRC = 0x9f3af4d9
17.10.24	正常	设备1 读出成功!!
17.10.25	正常	设备1 程序下载成功 
