09.12.47	正常	设备1 CRC = 0x4aee9e48
09.13.18	正常	设备1 读出成功!!
09.13.19	正常	设备1 程序下载成功 
09.13.53	正常	设备1 CRC = 0x4aee9e48
09.14.24	正常	设备1 读出成功!!
09.14.25	正常	设备1 程序下载成功 
09.44.14	正常	设备1 CRC = 0x15c958e3
09.44.44	正常	设备1 读出成功!!
09.44.45	正常	设备1 程序下载成功 
09.51.24	正常	设备1 CRC = 0x958d9f07
09.51.55	正常	设备1 读出成功!!
09.51.56	正常	设备1 程序下载成功 
09.57.48	正常	设备1 CRC = 0x958d9f07
09.58.19	正常	设备1 读出成功!!
09.58.20	错误	设备1 芯片校验请求超时！
09.58.20	警告	设备1 程序下载失败 
09.58.22	错误	设备1 Vpp关闭操作超时！
09.58.26	正常	设备1 继续下载失败的bin文件！ 
09.58.56	正常	设备1 读出成功!!
09.58.57	正常	设备1 程序下载成功 
10.02.49	正常	设备1 CRC = 0x8a11b16c
10.03.20	正常	设备1 读出成功!!
10.03.21	正常	设备1 程序下载成功 
10.05.45	正常	设备1 CRC = 0x6b792ec6
10.06.16	正常	设备1 读出成功!!
10.06.17	正常	设备1 程序下载成功 
10.10.19	正常	设备1 CRC = 0x40f2131c
10.10.50	正常	设备1 读出成功!!
10.10.51	正常	设备1 程序下载成功 
10.17.11	正常	设备1 CRC = 0x70d97edc
10.17.42	正常	设备1 读出成功!!
10.17.43	正常	设备1 程序下载成功 
10.21.12	正常	设备1 CRC = 0x35366a34
10.21.43	正常	设备1 读出成功!!
10.21.44	正常	设备1 程序下载成功 
10.32.33	正常	设备1 CRC = 0x14e4d51a
10.33.04	正常	设备1 读出成功!!
10.33.05	正常	设备1 程序下载成功 
15.41.10	正常	设备1 CRC = 0x14e4d51a
15.41.11	错误	设备1 downImage复位失败!!
15.41.11	警告	设备1 程序下载失败 
15.41.15	正常	设备1 继续下载失败的bin文件！ 
15.41.16	错误	设备1 downImage复位失败!!
15.41.16	警告	设备1 程序下载失败 
