14.01.22	正常	设备1 CRC = 0x63d9170f
14.01.53	正常	设备1 读出成功!!
14.01.54	正常	设备1 程序下载成功 
14.02.35	正常	设备1 CRC = 0x3359ba2b
14.03.05	正常	设备1 读出成功!!
14.03.06	正常	设备1 程序下载成功 
14.03.23	正常	设备1 CRC = 0x3359ba2b
14.03.54	错误	设备1 读flash=0x0007E000超时!
14.03.54	错误	设备1 读出失败!!
14.03.54	错误	设备1 写信息时，读flash=0x0007E000失败！
14.04.04	错误	设备1 芯片结束下载超时！
14.04.04	警告	设备1 程序下载失败 
14.04.06	错误	设备1 Vpp关闭操作超时！
14.04.07	正常	设备1 继续下载失败的bin文件！ 
14.04.38	正常	设备1 读出成功!!
14.04.39	正常	设备1 程序下载成功 
14.08.33	正常	设备1 CRC = 0x3359ba2b
14.09.04	正常	设备1 读出成功!!
14.09.05	正常	设备1 程序下载成功 
14.10.14	正常	设备1 CRC = 0x3359ba2b
14.10.44	正常	设备1 读出成功!!
14.10.45	正常	设备1 程序下载成功 
