15.40.28	正常	设备1 继续下载失败的bin文件！ 
15.40.58	正常	设备1 读出成功!!
15.40.59	正常	设备1 程序下载成功 
16.25.28	正常	设备1 CRC = 0x7e10ca0a
16.25.59	正常	设备1 读出成功!!
16.26.00	正常	设备1 程序下载成功 
16.27.57	正常	设备1 CRC = 0xcb4e1b80
16.28.09	错误	设备1 擦除失败!!
16.28.09	警告	设备1 程序下载失败 
16.28.11	错误	设备1 Vpp关闭操作超时！
16.28.14	正常	设备1 继续下载失败的bin文件！ 
16.28.45	正常	设备1 读出成功!!
16.28.46	正常	设备1 程序下载成功 
16.42.33	正常	设备1 CRC = 0x331b575f
16.43.05	正常	设备1 读出成功!!
16.43.06	正常	设备1 程序下载成功 
16.50.58	正常	设备1 CRC = 0x1ca3106c
16.51.30	正常	设备1 读出成功!!
16.51.30	正常	设备1 程序下载成功 
17.51.05	正常	设备1 CRC = 0x331b575f
17.51.37	正常	设备1 读出成功!!
17.51.37	正常	设备1 程序下载成功 
