18
f0
9f
e5
18
f0
9f
e5
18
f0
9f
e5
18
f0
9f
e5
18
f0
9f
e5
18
f0
9f
e5
18
f0
9f
e5
18
f0
9f
e5
9d
64
68
01
00
00
40
00
00
00
44
00
00
00
48
00
00
00
4c
00
00
00
70
00
00
00
50
00
00
00
6c
00
00
00
66
89
de
02
00
ea
e5
01
00
ea
ce
01
00
ea
04
01
00
ea
03
00
2d
e9
01
05
a0
e3
00
10
90
e5
01
00
51
e3
98
f3
03
00
bd
e8
bf
01
00
0a
6c
a6
00
ea
63
a6
00
ea
c8
01
00
ea
00
00
00
00
00
00
00
00
00
00
00
00
68
39
00
00
00
00
00
00
00
00
00
00
00
00
00
00
00
00
00
00
00
00
00
00
00
00
00
00
00
00
00
00
00
00
80
29
00
00
00
00
00
00
00
00
00
00
00
00
00
00
00
00
00
00
00
00
00
00
00
00
00
00
00
00
00
00
00
00
80
29
00
00
00
00
00
00
00
00
00
00
00
00
00
00
00
00
00
00
00
00
00
00
00
00
00
00
00
00
00
00
00
00
80
29
00
00
00
00
00
00
00
00
00
00
00
00
00
00
00
00
00
00
00
00
00
00
00
00
00
00
00
00
00
00
00
00
80
29
42
4b
33
36
33
33
10
00
00
00
00
00
00
00
00
00
00
00
00
00
00
00
00
00
00
00
00
00
00
00
00
00
91
d1
00
00
00
00
00
00
00
00
00
00
00
00
00
00
00
00
00
00
00
00
00
00
00
00
00
00
00
00
00
00
00
00
80
29
70
00
40
00
b8
16
00
00
2c
b7
40
00
00
02
00
00
1c
bc
40
00
f0
01
00
00
2c
b9
40
00
f0
02
00
00
98
15
0c
be
40
00
f0
01
00
00
df
00
a0
e3
00
f0
21
e1
30
00
1f
e5
30
10
1f
e5
00
30
81
e0
00
40
a0
e1
87
e5
03
d0
a0
e1
84
21
9f
e5
03
00
54
e1
04
20
84
34
fc
ff
ff
3a
d7
00
a0
e3
00
f0
21
e1
5c
00
1f
e5
62
30
5c
10
1f
e5
00
30
81
e0
00
40
a0
e1
03
d0
a0
e1
58
21
9f
e5
03
00
54
e1
04
20
84
34
fc
ff
ff
3a
9d
ae
db
00
a0
e3
00
f0
21
e1
88
00
1f
e5
88
10
1f
e5
00
30
81
e0
00
40
a0
e1
03
d0
a0
e1
2c
21
9f
e5
6d
bd
03
00
54
e1
04
20
84
34
fc
ff
ff
3a
d2
00
a0
e3
00
f0
21
e1
ac
00
1f
e5
ac
10
1f
e5
00
30
81
e0
dc
9c
00
40
a0
e1
03
d0
a0
e1
04
21
9f
e5
03
00
54
e1
04
20
84
34
fc
ff
ff
3a
d1
00
a0
e3
00
f0
21
e1
62
3c
c8
00
1f
e5
c8
10
1f
e5
00
30
81
e0
00
40
a0
e1
03
d0
a0
e1
dc
20
9f
e5
03
00
54
e1
04
20
84
34
3e
ff
fc
ff
ff
3a
00
80
a0
e3
00
90
a0
e3
00
a0
a0
e3
00
b0
a0
e3
00
c0
a0
e3
d3
00
a0
e3
00
f0
21
e1
21
a8
10
01
1f
e5
10
11
1f
e5
00
30
81
e0
00
40
a0
e1
03
d0
a0
e1
a0
20
9f
e5
03
00
54
e1
04
20
84
34
d8
d1
fc
ff
ff
3a
0e
00
00
eb
17
00
00
eb
00
00
a0
e3
00
10
a0
e3
00
20
a0
e3
00
30
a0
e3
00
40
a0
e3
19
a9
00
50
a0
e3
00
60
a0
e3
00
70
a0
e3
00
80
a0
e3
00
90
a0
e3
00
a0
a0
e3
00
b0
a0
e3
00
c0
a0
e3
cf
ad
72
04
00
ea
54
00
9f
e5
54
10
9f
e5
54
20
9f
e5
01
30
a0
e1
02
30
83
e0
03
00
51
e1
04
40
90
34
a4
89
04
40
81
34
fb
ff
ff
3a
1e
ff
2f
e1
38
00
9f
e5
38
10
9f
e5
00
30
81
e0
00
40
a0
e1
00
20
a0
e3
ac
4e
03
00
54
e1
04
20
84
34
fc
ff
ff
3a
1e
ff
2f
e1
aa
aa
aa
aa
cc
cc
cc
cc
dd
dd
dd
dd
bb
bb
bb
bb
a9
1c
84
2c
00
00
20
00
40
00
50
00
00
00
70
00
40
00
b8
16
00
00
0b
00
01
00
00
20
20
22
30
b5
01
24
78
90
09
e0
0d
00
d5
40
9d
42
05
d3
1d
00
95
40
49
1b
25
00
95
40
40
19
15
00
52
1e
00
2d
f1
dc
30
bd
61
49
03
00
0b
43
9b
07
03
d0
09
e0
08
c9
12
1f
08
c0
04
2a
fa
d2
03
e0
0b
78
03
70
40
1c
49
1c
52
1e
e9
18
f9
d2
70
47
12
06
12
0e
01
e0
02
70
40
1c
49
1e
fb
d2
70
47
00
22
f5
e7
13
00
0a
00
10
b5
04
00
22
5b
19
00
ff
f7
ef
ff
20
00
10
bd
03
21
00
1d
40
1e
03
78
12
02
1a
43
49
1e
f9
d5
10
00
70
47
03
00
59
9b
03
22
08
70
00
0a
49
1c
52
1e
fa
d5
18
00
70
47
03
28
01
dd
00
20
70
47
18
21
48
43
01
49
08
58
fe
59
70
47
00
00
c8
16
40
00
03
28
01
dd
00
20
70
47
18
21
48
43
01
49
40
18
40
69
70
47
c8
16
40
00
a4
76
03
28
01
dd
00
20
70
47
18
21
48
43
01
49
40
18
80
68
70
47
c8
16
40
00
03
28
01
dd
00
20
70
47
8c
89
18
21
48
43
01
49
40
18
00
69
70
47
c8
16
40
00
03
28
04
dc
18
22
50
43
01
4a
80
18
41
61
70
47
c9
6f
c8
16
40
00
10
b5
06
4c
a0
73
08
23
63
74
00
f0
d1
f8
01
20
60
74
a0
7c
20
21
08
43
a0
74
10
bd
32
4b
00
40
80
00
01
c0
8f
e2
1c
ff
2f
e1
10
20
02
f0
71
fa
fe
e7
01
b5
00
98
41
1e
00
91
fb
d2
08
bd
61
f1
10
b5
06
4c
00
23
05
e0
22
00
02
21
49
1c
91
42
fc
db
5b
1c
83
42
f7
db
10
bd
00
00
bc
0c
00
00
45
24
0a
00
01
00
10
b5
03
48
ff
f7
5a
ff
02
49
01
20
88
70
10
bd
80
01
40
00
20
00
40
00
00
78
c0
06
6e
99
c0
0e
70
47
00
78
40
06
80
0f
70
47
01
48
00
21
81
70
70
47
4c
00
40
00
70
b5
0d
00
04
00
ff
f7
22
a7
ed
ff
03
28
07
d2
00
28
05
d0
05
21
01
28
06
d0
02
28
03
d1
a9
73
00
20
00
f0
06
f9
70
bd
20
79
69
e8
00
28
f7
d1
60
78
0a
28
f4
d1
00
20
a9
73
00
f0
03
f9
70
bd
10
b5
02
00
ff
f7
d4
ff
00
28
07
d0
28
2f
01
28
09
d0
02
28
02
d3
00
20
00
f0
ed
f8
10
bd
10
00
00
f0
05
f8
10
bd
10
00
ff
f7
cd
ff
10
bd
14
3d
42
78
02
4b
92
00
9a
58
10
47
00
00
8c
2b
00
00
10
b5
00
f0
db
fa
02
00
ff
f7
b8
ff
10
00
ff
f7
7b
67
24
ff
c0
79
03
49
48
70
03
48
60
21
ff
f7
12
ff
10
bd
00
00
4c
00
40
00
c8
16
40
00
f0
b5
1c
4b
b8
0f
85
b0
01
91
0a
00
05
00
98
73
00
f0
65
f8
07
00
90
07
01
d0
00
20
00
e0
b8
08
03
90
a8
00
20
30
40
10
13
49
00
06
00
24
00
0e
26
00
40
18
00
90
0a
e0
00
98
00
68
04
22
02
90
01
98
02
a9
00
19
ff
f7
9c
f4
cf
fe
24
1d
76
1c
03
98
86
42
f1
d3
08
48
bc
42
05
d2
00
99
0a
78
01
99
0a
55
64
1c
f7
e7
00
21
3f
a7
00
2d
01
d0
01
75
00
e0
41
74
38
00
05
b0
f0
bd
00
40
80
00
f7
b5
8a
07
82
b0
01
d0
00
22
01
e0
b1
f6
04
9a
92
10
80
00
20
30
0e
00
0e
49
00
06
00
24
00
0e
25
00
47
18
01
92
08
e0
31
19
04
22
68
46
f8
c5
ff
f7
9e
fe
00
98
38
60
24
1d
6d
1c
01
98
85
42
f3
d3
02
e0
30
5d
38
70
64
1c
04
98
84
42
f9
d3
11
c8
05
b0
f0
bd
00
40
80
00
02
48
41
7c
80
7c
00
02
08
43
70
47
00
40
80
00
02
48
81
7d
c0
7d
00
02
de
2a
08
43
70
47
00
40
80
00
02
48
01
79
40
79
00
02
08
43
70
47
00
40
80
00
02
48
81
78
c0
78
00
02
a6
55
08
43
70
47
00
40
80
00
f3
b5
c8
7b
0c
00
81
b0
c1
07
1c
d0
61
7a
22
7a
0e
02
16
43
0f
d0
20
00
2a
c9
ff
f7
83
fe
61
7b
22
7b
07
00
0d
02
15
43
ae
42
0e
d2
00
21
21
72
35
00
61
72
03
21
0d
e0
01
21
73
28
48
40
e0
73
01
98
00
f0
27
f8
03
20
a0
73
fe
bd
71
1b
21
72
09
0a
61
72
01
21
a1
73
78
19
21
00
cb
26
ff
f7
6d
fe
01
98
2a
00
39
00
ff
f7
83
ff
60
7a
22
7a
01
02
03
48
11
43
01
d0
02
21
00
e0
0a
21
44
f8
41
74
fe
bd
00
40
80
00
02
49
88
73
20
20
48
74
70
47
00
00
00
40
80
00
03
49
88
73
01
20
88
74
29
b1
0a
20
48
74
70
47
00
00
00
40
80
00
02
49
40
06
40
0e
08
70
70
47
00
00
00
40
80
00
02
49
48
72
57
1c
00
0a
88
72
70
47
00
00
00
40
80
00
02
49
c8
71
00
0a
08
72
70
47
00
00
00
40
80
00
01
49
88
73
f9
54
70
47
00
00
00
40
80
00
3f
50
2d
e9
02
55
a0
e3
48
40
95
e5
02
08
14
e3
ed
00
00
1b
48
40
85
e5
4f
94
3f
50
bd
e8
04
f0
5e
e2
01
c0
8f
e2
1c
ff
2f
e1
10
20
02
f0
df
f8
fe
e7
01
c0
8f
e2
1c
ff
2f
e1
83
1a
10
20
02
f0
d7
f8
fe
e7
70
b5
04
00
0b
48
ce
88
40
78
1d
00
21
00
20
73
00
0a
60
73
10
00
ff
f7
bd
1e
fe
fd
b5
42
02
d9
30
0a
26
72
01
e0
28
0a
25
72
60
72
e0
7b
01
21
08
43
e0
73
70
bd
4c
00
40
00
27
24
01
c0
8f
e2
1c
ff
2f
e1
10
20
02
f0
b3
f8
fe
e7
10
b5
0c
00
01
78
c9
06
c9
0e
04
d0
01
29
1f
d0
b2
9c
02
29
1d
d1
0a
e0
c2
78
83
78
10
49
10
02
18
43
01
28
15
d1
08
78
fd
22
10
40
10
e0
41
79
02
79
0d
c3
83
78
09
02
11
43
09
4a
09
07
c9
0e
92
1d
89
18
c2
78
10
02
18
43
03
d1
08
78
40
08
40
00
08
70
a2
9d
00
20
ff
f7
69
ff
05
20
a0
73
10
bd
50
00
40
00
10
b5
0c
00
01
00
06
4a
01
23
20
00
ff
f7
a4
ff
e4
49
01
20
a0
73
21
00
00
20
ff
f7
0e
ff
10
bd
00
00
4c
00
40
00
fe
b5
04
00
00
78
0d
00
c6
06
f6
0e
0f
9c
00
f0
40
f9
05
27
02
2e
00
90
5a
d2
01
2e
07
d0
e0
78
01
28
2a
d0
02
28
30
d0
03
28
51
d1
46
e0
82
a9
26
79
00
2e
4d
d1
e0
78
21
28
02
d0
22
28
48
d1
0e
e0
00
98
00
1d
ff
f7
78
fd
01
90
00
98
ff
f7
40
e8
74
fd
01
99
32
00
00
f0
35
fb
06
00
09
23
20
e0
30
00
00
f0
1f
f9
ff
f7
68
fd
06
00
20
79
00
f0
3d
39
19
f9
00
1d
ff
f7
61
fd
03
00
14
e0
00
f0
0e
f9
ff
f7
5b
fd
06
00
00
f0
09
f9
06
e0
00
f0
02
f9
e9
2b
ff
f7
53
fd
06
00
00
f0
fd
f8
00
1d
ff
f7
4d
fd
03
00
00
2e
15
d0
32
00
21
00
28
00
ff
f7
44
ff
81
be
01
20
a8
73
29
00
00
20
ff
f7
ae
fe
fe
bd
a0
78
00
f0
f8
f8
ff
f7
39
fd
06
00
a0
78
00
f0
f2
f8
0e
9d
e3
e7
00
20
ff
f7
e0
fe
af
73
fe
bd
10
b5
0c
00
81
88
00
29
05
d0
00
20
ff
f7
d6
fe
05
20
a0
73
d6
a0
10
bd
01
00
05
4a
01
23
20
00
ff
f7
1d
ff
01
20
a0
73
21
00
00
20
ff
f7
87
fe
10
bd
4e
00
40
00
2c
56
10
b5
0c
00
01
78
c9
06
c9
0e
04
d0
01
29
04
d0
02
29
1c
d1
04
e0
11
4a
0b
e0
10
4a
92
1c
08
e0
29
e5
42
79
03
79
11
02
0d
4a
19
43
09
07
c9
0e
92
1d
8a
18
00
2a
0b
d0
01
00
02
23
20
00
ff
f7
f4
fe
9f
97
01
20
a0
73
21
00
00
20
ff
f7
5e
fe
10
bd
05
20
a0
73
00
20
ff
f7
98
fe
10
bd
00
00
50
00
40
00
04
6b
10
b5
0c
00
00
20
ff
f7
8f
fe
05
20
a0
73
10
bd
1c
b5
0c
00
01
00
08
22
68
46
ff
f7
b1
fc
00
20
e3
af
ff
f7
8a
fe
06
48
ff
f7
35
fd
68
46
40
88
ff
f7
8d
fe
05
20
03
49
a0
73
04
20
08
70
1c
bd
00
00
c1
58
10
27
00
00
65
00
40
00
f8
b5
80
78
10
4a
11
4e
05
24
01
28
07
d0
00
20
10
70
8c
73
ff
f7
6c
fe
15
8d
04
20
30
70
f8
bd
10
70
00
20
8c
73
ff
f7
64
fe
00
f0
58
f8
05
00
00
1d
ff
f7
a7
fc
07
00
28
00
c2
d4
ff
f7
a3
fc
39
00
00
f0
8b
f9
34
70
f8
bd
00
00
4c
00
40
00
65
00
40
00
10
b5
0c
00
01
78
c9
06
23
bc
c9
0e
04
d0
01
29
1e
d0
02
29
1c
d1
09
e0
c2
78
83
78
10
49
10
02
18
43
01
28
14
d1
08
78
02
22
e0
7f
0f
e0
41
79
02
79
83
78
09
02
11
43
09
4a
09
07
c9
0e
92
1d
89
18
c2
78
10
02
18
43
03
d1
08
78
85
74
01
22
10
43
08
70
00
20
ff
f7
26
fe
05
20
a0
73
10
bd
00
00
50
00
40
00
10
b5
0c
00
81
78
00
79
34
c2
00
28
05
d0
00
20
ff
f7
0f
fe
05
20
a0
73
10
bd
03
48
01
70
04
20
a0
73
00
20
ff
f7
0d
fe
10
bd
bf
f5
4e
00
40
00
00
48
70
47
49
2c
00
00
00
48
70
47
41
2c
00
00
10
b5
02
49
01
22
00
f0
59
f8
10
bd
46
0c
51
2c
00
00
10
b5
02
49
03
22
00
f0
51
f8
10
bd
5d
2c
00
00
01
c0
8f
e2
1c
ff
2f
e1
70
b5
08
4c
c0
d3
a2
79
a5
7b
ff
f7
98
fd
03
04
1b
0c
ff
f7
8c
fd
00
04
00
0c
19
00
00
f0
05
f8
a5
73
70
bd
00
00
b6
79
00
40
80
00
f7
b5
16
00
0f
00
c8
07
02
d0
00
f0
b1
f9
fe
bd
01
25
01
24
ac
40
3c
42
02
d0
28
00
40
b0
00
f0
92
f9
00
98
04
42
02
d0
28
00
00
f0
72
f9
6d
1c
10
2d
ef
db
00
2e
eb
d0
07
48
b2
07
00
21
78
7d
00
2a
02
da
41
70
01
22
c2
73
72
07
e1
d5
01
70
02
48
01
70
fe
bd
00
00
00
40
80
00
4c
00
40
00
20
95
01
c0
8f
e2
1c
ff
2f
e1
10
20
01
f0
c3
fe
fe
e7
f8
b5
16
00
07
00
0d
00
00
24
0c
e0
0c
20
60
43
8c
b8
40
19
ff
f7
e2
fb
b8
42
04
d1
0c
20
44
43
60
19
00
1d
f8
bd
64
1c
b4
42
f0
db
00
20
f8
bd
00
00
94
69
00
00
0f
e1
40
10
80
e3
01
f0
21
e1
40
00
00
e2
1e
ff
2f
e1
00
00
0f
e1
80
10
80
e3
01
f0
21
e1
20
bc
80
00
00
e2
1e
ff
2f
e1
00
00
0f
e1
40
00
c0
e3
00
f0
21
e1
1e
ff
2f
e1
00
00
0f
e1
80
00
c0
e3
90
85
00
f0
21
e1
1e
ff
2f
e1
01
c0
5e
e5
0c
00
53
e1
0c
30
de
27
03
30
de
37
83
c0
8e
e0
1c
ff
2f
e1
7c
7e
00
28
10
b5
23
d0
12
4b
00
22
19
68
00
1f
03
e0
81
42
03
d8
0a
00
49
68
00
29
f9
d1
00
2a
0a
d0
90
97
13
68
84
1a
9c
42
04
d1
00
68
18
18
10
60
10
00
02
e0
50
60
00
e0
18
60
00
29
07
d0
02
68
0b
1a
00
6d
93
42
03
d1
0b
68
d2
18
02
60
49
68
41
60
10
bd
68
00
40
00
f0
b5
0b
30
c1
08
15
4f
c9
00
00
26
38
42
14
4a
0f
e0
03
68
8b
42
0b
d3
8b
42
05
d9
45
68
5c
1a
43
18
30
c3
08
3b
00
e0
43
68
13
60
02
c0
1c
cc
04
e0
02
1d
10
68
00
28
ec
d1
30
00
00
28
03
d1
38
68
00
28
01
d0
00
20
f0
bd
06
4a
06
48
10
60
f4
2b
06
4a
12
1a
d2
08
d2
00
44
c0
01
20
38
60
d7
e7
6c
00
40
00
68
00
40
00
30
37
40
00
2c
77
40
00
f2
14
f8
b5
0f
00
03
28
10
dc
18
21
04
00
4c
43
07
4d
00
26
60
19
46
60
28
59
00
28
02
d0
ff
f7
90
ff
4e
59
2e
51
38
00
ff
f7
b6
ff
28
51
f8
bd
c8
16
40
00
70
b5
0e
00
03
28
0f
dc
18
21
48
43
07
49
00
25
d0
17
44
18
a0
68
00
28
02
d0
ff
f7
7a
ff
a5
60
30
00
e5
60
ff
f7
9f
ff
a0
60
70
bd
00
00
c8
16
40
00
51
ed
f3
b5
01
27
00
26
3d
00
81
b0
02
99
01
98
3b
00
05
22
00
f0
e4
f8
04
00
68
d0
a0
78
76
1c
00
07
24
56
00
0f
ff
f7
db
fc
a0
78
21
79
00
06
60
79
2d
d5
00
02
08
43
c1
08
2e
48
01
74
20
21
81
74
08
21
f1
2f
41
74
e1
78
89
07
89
0f
01
29
03
d1
82
7c
40
21
0a
43
82
74
a1
78
0a
07
07
d5
02
7a
4b
07
5b
0f
b0
fb
29
00
99
40
0a
43
02
72
06
e0
c2
79
49
07
49
0f
2b
00
8b
40
1a
43
c2
71
60
79
22
79
01
02
a0
78
5c
a3
11
43
00
07
00
0f
ff
f7
a3
ff
2d
e0
00
02
08
43
c1
08
17
48
c1
74
00
21
81
74
41
75
e1
78
89
07
7d
d9
89
0f
01
29
03
d1
41
7d
40
22
11
43
41
75
80
21
01
75
a1
78
0a
07
07
d5
82
7a
4b
07
5b
0f
29
00
17
89
99
40
0a
43
82
72
06
e0
42
7a
49
07
49
0f
2b
00
8b
40
1a
43
42
72
60
79
22
79
01
02
a0
78
11
43
60
b6
00
07
00
0f
ff
f7
5c
ff
7f
1c
8e
e7
30
00
fe
bd
00
40
80
00
70
b5
04
00
0a
48
84
73
41
7d
00
7d
ef
7e
20
00
ff
f7
a5
fa
06
00
01
00
20
00
ff
f7
76
fb
05
00
20
00
ff
f7
a8
fa
02
00
02
d0
29
00
30
00
d8
f3
90
47
70
bd
00
40
80
00
70
b5
04
00
08
48
84
73
ff
f7
ca
fb
20
00
ff
f7
a3
fa
05
00
20
00
ff
f7
be
6c
ab
fa
02
00
02
d0
00
21
28
00
90
47
70
bd
00
00
00
40
80
00
00
b5
15
4a
00
20
93
b0
90
73
ff
f7
30
84
b3
fb
c1
07
14
d0
00
20
69
46
ff
f7
47
fb
02
1e
09
dd
69
46
10
a8
ff
f7
33
fa
0d
49
10
a8
ff
f7
7e
7f
09
fb
13
b0
00
bd
0a
49
00
20
ff
f7
bd
fb
f8
e7
c3
06
07
48
05
21
00
2b
02
da
80
23
53
74
02
e0
59
a2
82
7b
01
2a
ef
d0
81
73
eb
e7
00
00
00
40
80
00
b8
16
40
00
30
b5
03
00
1c
00
25
1a
8d
42
0c
da
1e
66
5d
78
04
2d
05
d1
9d
78
95
42
02
d1
20
78
c0
18
30
bd
23
78
1c
19
23
00
ef
e7
00
20
30
bd
f0
b5
7f
70
05
00
2c
00
00
26
67
1b
8f
42
09
da
47
78
97
42
02
d1
76
1c
b3
42
04
d0
20
78
04
19
20
00
f2
e7
3a
e5
00
20
f0
bd
10
b5
00
f0
51
f9
16
4c
16
48
e1
89
81
42
02
d0
a1
88
81
42
01
d1
01
20
10
bd
13
4b
2f
3b
a2
68
13
49
9a
42
04
d1
e2
88
82
42
12
d0
c8
6a
06
e0
10
4b
9a
42
0f
d1
e2
88
82
42
0a
d0
48
69
e4
6a
00
f0
72
fd
21
68
88
42
04
d1
0b
a0
00
f0
04
fb
00
20
10
bd
02
20
10
bd
0b
a0
00
f0
fd
fa
03
20
fc
9f
10
bd
00
00
e8
11
40
00
ff
ff
00
00
42
42
42
42
08
16
40
00
53
53
53
53
62
61
63
6b
75
70
20
63
89
e2
72
63
20
6f
6b
0d
0a
00
55
4e
4b
4e
4f
57
4e
0d
0a
00
00
00
10
b5
00
f0
af
f9
0e
4c
0e
4a
a1
68
23
cd
0e
48
91
42
02
d0
0e
4a
91
42
0e
d1
e1
88
81
42
09
d0
00
f0
5d
fd
21
68
88
42
04
d1
09
a0
00
f0
9c
94
cb
fa
00
20
10
bd
02
20
10
bd
0a
a0
00
f0
c4
fa
03
20
10
bd
d8
11
40
00
42
42
42
42
ff
ff
00
00
c1
b0
53
53
53
53
69
6d
61
67
65
20
63
72
63
20
4f
4b
0d
0a
00
00
62
69
6d
5f
63
68
65
63
6b
5f
69
6d
c4
38
61
67
65
5f
73
65
63
5f
73
74
61
74
75
73
3a
20
45
52
52
4f
52
2c
20
55
4e
4b
4e
4f
57
4e
20
55
65
72
49
44
0d
0a
00
00
00
00
f8
b5
0d
0b
0c
0c
06
00
2d
03
24
04
29
00
10
a0
00
f0
8e
fa
21
00
12
a0
03
29
00
f0
8a
fa
01
27
3f
04
a5
42
0c
d9
29
1b
20
00
00
f0
76
fd
07
e0
04
00
01
00
0b
a0
00
f0
7c
fa
f2
ec
20
00
00
f0
9d
fd
e0
1b
b0
42
f4
d8
a1
1b
30
00
00
f0
66
fd
f8
bd
00
00
73
65
63
74
6f
72
5f
61
70
36
64
64
72
3d
25
78
0a
00
62
6c
6f
63
6b
5f
61
64
64
72
3d
25
78
0a
00
00
0b
48
10
b5
0b
4a
81
68
76
28
0b
48
91
42
05
d1
c1
68
80
68
ff
f7
bd
ff
09
a0
07
e0
0f
4a
91
42
06
d1
41
6a
00
6a
ff
f7
b4
ff
fb
68
0c
a0
00
f0
49
fa
10
bd
e8
11
40
00
53
53
53
53
08
16
40
00
65
72
61
73
65
20
61
6c
6c
20
62
61
b3
74
63
6b
75
70
20
61
64
64
72
20
0d
0a
00
00
00
00
42
42
42
42
65
72
61
73
65
20
70
61
72
74
20
62
c6
de
61
63
6b
75
70
20
61
64
64
72
0d
0a
00
00
00
00
10
b5
0d
a0
00
f0
20
fa
10
48
11
4a
81
68
11
48
03
06
91
42
02
d1
c1
69
80
69
03
e0
0f
4a
91
42
03
d1
03
c8
ff
f7
79
ff
02
e0
0c
a0
00
f0
0d
fa
16
a0
3d
0d
00
f0
0a
fa
10
bd
00
00
65
72
61
73
65
5f
69
6d
61
67
65
20
73
74
61
72
74
20
0a
00
e8
11
40
00
df
d7
42
42
42
42
08
16
40
00
53
53
53
53
62
69
6d
5f
65
72
61
73
65
5f
69
6d
61
67
65
5f
73
65
63
3a
88
cd
20
45
52
52
4f
52
2c
20
55
4e
4b
4e
4f
57
4e
20
55
49
44
0d
0a
00
00
00
65
72
61
73
65
5f
69
6d
08
e9
61
67
65
20
65
6e
64
20
0a
00
00
00
70
b5
21
4e
21
48
b1
6a
10
22
00
f0
41
fd
1f
4c
1f
a0
a1
68
23
bb
00
f0
ca
f9
23
49
a0
68
25
00
10
3d
88
42
05
d0
10
22
31
69
a0
1a
00
f0
31
fd
0c
e0
a8
60
20
68
d1
1b
28
60
a0
88
a8
80
e0
88
e8
80
20
7b
28
73
60
7b
68
73
e0
89
e8
81
29
68
17
a0
00
f0
ad
f9
29
7b
48
78
1a
a0
00
f0
a9
f9
e9
88
1f
a0
00
f0
a5
f9
e9
89
22
a0
00
f0
a1
f9
69
7b
26
a0
00
f0
9d
f9
a9
88
8c
cd
2b
a0
00
f0
99
f9
a9
68
2e
a0
00
f0
95
f9
00
20
70
bd
00
00
08
16
40
00
f8
11
40
00
68
64
72
5f
23
a7
62
61
63
6b
5f
70
61
72
74
2e
75
69
64
20
3d
20
25
78
0a
00
42
42
42
42
68
64
72
5f
62
61
63
6b
31
c1
2e
63
72
63
20
3d
20
25
78
0a
00
00
68
64
72
5f
62
61
63
6b
2e
63
72
63
5f
73
74
61
74
75
73
20
3d
73
3d
20
25
78
0a
00
00
00
68
64
72
5f
62
61
63
6b
2e
6c
65
6e
20
3d
25
78
0a
20
00
00
68
64
72
5f
c0
83
62
61
63
6b
2e
72
6f
6d
5f
76
65
72
20
3d
20
25
78
0a
00
00
68
64
72
5f
62
61
63
6b
2e
73
65
63
e2
45
5f
73
74
61
74
75
73
20
3d
20
25
78
0a
00
00
00
68
64
72
5f
62
61
63
6b
2e
76
65
72
20
3d
20
25
72
09
78
0a
00
00
68
64
72
5f
62
61
63
6b
2e
75
69
64
20
3d
20
25
78
0a
00
00
18
48
10
b5
80
68
18
4a
62
2a
90
42
01
d1
17
49
03
e0
17
4a
90
42
00
d1
17
49
12
48
10
22
10
38
00
f0
91
fc
10
4c
14
a0
10
3c
59
21
21
68
00
f0
19
f9
21
7b
16
a0
00
f0
15
f9
e1
88
1b
a0
00
f0
11
f9
e1
89
1e
a0
00
f0
0d
f9
61
7b
c9
bc
22
a0
00
f0
09
f9
a1
88
27
a0
00
f0
05
f9
a1
68
2a
a0
00
f0
01
f9
00
20
10
bd
00
00
e8
11
40
00
c7
1a
42
42
42
42
60
c0
02
00
53
53
53
53
b0
50
00
00
68
64
72
5f
69
6d
67
2e
63
72
63
20
3d
20
25
78
3e
1f
0a
00
00
00
68
64
72
5f
69
6d
67
2e
63
72
63
5f
73
74
61
74
75
73
20
3d
20
25
78
0a
00
00
00
00
6b
f1
68
64
72
5f
69
6d
67
2e
6c
65
6e
20
3d
25
78
0a
20
00
00
00
68
64
72
5f
69
6d
67
2e
72
6f
6d
5f
c3
72
76
65
72
20
3d
20
25
78
0a
00
00
00
68
64
72
5f
69
6d
67
2e
73
65
63
5f
73
74
61
74
75
73
20
3d
88
c5
20
25
78
0a
00
00
00
00
68
64
72
5f
69
6d
67
2e
76
65
72
20
3d
20
25
78
0a
00
00
00
68
64
72
5f
48
8f
69
6d
67
2e
75
69
64
20
3d
20
25
78
0a
00
00
00
01
c0
8f
e2
1c
ff
2f
e1
70
b5
01
22
96
05
11
00
92
35
30
00
01
f0
d9
f8
00
f0
8f
ff
01
f0
49
fa
3a
48
01
f0
a6
f8
39
a0
00
f0
8f
f8
32
20
fe
f7
e0
ff
cc
ba
ff
f7
b2
eb
ff
f7
b8
eb
00
f0
70
fb
01
f0
4e
fa
1f
25
ad
03
35
48
10
22
29
00
00
f0
ef
fb
33
4c
28
b3
33
a0
62
78
21
78
00
f0
77
f8
20
78
12
28
0a
d1
60
78
34
28
07
d1
b1
12
28
00
00
f0
61
fb
00
f0
0d
9f
fb
fc
01
f0
a9
f9
2f
4d
a8
78
01
28
03
d0
20
78
12
28
0a
d0
0c
e0
e8
78
24
48
40
21
10
30
00
f0
aa
2a
63
f9
00
20
a8
70
28
61
ee
e7
60
78
34
28
15
d0
28
69
41
1c
02
28
29
61
e6
dd
00
f0
83
f8
01
28
24
ab
1d
d0
01
22
00
21
30
00
01
f0
86
f8
ff
f7
58
eb
ff
f7
60
eb
1c
a0
00
f0
3f
f8
fb
e7
a0
78
55
28
d0
35
d2
d1
60
79
21
79
00
04
09
02
40
18
e1
78
40
18
e8
61
29
69
4a
1c
81
42
2a
61
c5
dd
dd
e7
01
22
4a
2b
00
21
30
00
01
f0
68
f8
ff
f7
3a
eb
ff
f7
42
eb
13
20
80
02
80
47
70
bd
40
42
0f
00
62
6f
6f
74
20
77
5f
73
74
61
72
74
31
0d
0a
00
00
00
70
01
40
00
75
73
62
20
69
6e
69
74
3d
25
78
2c
25
78
0d
0a
09
ad
00
00
00
00
20
00
40
00
65
72
72
6f
72
5f
73
74
61
72
74
0d
0a
00
00
00
0f
b4
10
b5
03
ac
18
e0
ae
70
25
28
24
d1
08
78
00
28
01
d0
49
1c
02
91
63
28
1b
d0
04
dc
00
28
16
d0
58
28
04
d1
1e
e0
73
28
05
c1
18
d0
78
28
1a
d0
25
20
01
f0
1e
f8
02
98
40
1e
02
90
02
99
08
78
49
1c
02
91
00
28
e0
d1
10
bc
d3
bc
08
bc
04
b0
18
47
25
20
01
e0
20
78
24
1d
01
f0
0b
f8
ee
e7
01
cc
00
f0
9f
ff
ea
e7
01
cc
00
f0
74
86
7b
ff
e6
e7
70
b5
00
24
ff
f7
9c
fc
05
00
01
00
1f
a0
ff
f7
c1
ff
23
48
23
49
00
2d
07
d0
01
2d
bc
57
2a
d0
00
68
88
42
29
d1
00
f0
da
fc
28
e0
00
68
88
42
02
d1
00
f0
d4
fc
0c
e0
1c
48
1c
49
80
68
21
28
88
42
02
d1
00
f0
9e
fb
04
e0
1a
49
88
42
01
d1
00
f0
32
fc
ff
f7
7c
fd
00
f0
2e
f8
ff
f7
ba
fc
e4
d9
00
28
05
d0
00
f0
6e
fc
64
20
01
f0
53
f9
0c
e0
ff
f7
32
fd
01
24
06
e0
01
24
06
e0
00
f0
cc
fb
64
6d
01
24
ff
f7
29
fd
00
f0
5d
fc
20
00
70
bd
00
00
62
73
65
63
5f
73
74
61
74
75
73
3d
20
25
78
0a
04
0d
00
00
00
00
48
00
40
00
14
64
c8
00
e8
11
40
00
42
42
42
42
53
53
53
53
f0
b5
1b
48
c1
b0
c0
88
c0
ce
87
00
39
00
19
a0
ff
f7
67
ff
17
48
1c
4a
81
68
1c
48
91
42
02
d1
1c
4d
84
6a
04
e0
1b
4a
91
42
0b
54
02
d1
1b
4d
04
69
e6
19
29
00
1a
a0
ff
f7
54
ff
31
00
1d
a0
ff
f7
50
ff
ff
27
01
37
0d
e0
3a
00
b4
ac
21
00
68
46
00
f0
ba
fa
3a
00
29
00
68
46
00
f0
7b
fc
ff
34
01
34
ff
35
01
35
b4
42
ef
d3
18
a0
c2
c7
ff
f7
3a
ff
41
b0
f0
bd
e8
11
40
00
62
61
63
6b
75
70
5f
73
69
7a
65
20
3d
25
78
0a
00
00
00
00
2a
e8
42
42
42
42
08
16
40
00
60
c0
02
00
53
53
53
53
b0
50
00
00
77
72
69
74
65
5f
61
64
64
72
20
3d
89
ab
20
25
78
0d
0a
00
00
00
72
65
61
64
5f
65
6e
64
5f
61
64
64
72
20
3d
20
25
78
0d
0a
00
00
00
00
9f
13
75
64
69
5f
75
70
64
61
74
61
5f
62
61
63
6b
75
70
5f
74
6f
5f
69
6d
61
67
65
5f
73
65
63
20
65
de
2c
6e
64
0d
0a
00
00
00
00
f3
b5
0c
00
81
b0
49
e0
a7
4d
68
78
03
00
ff
f7
28
ea
09
06
0b
13
19
27
61
15
39
48
4e
5c
3f
00
01
98
00
78
01
28
33
d0
33
e0
01
98
00
78
e0
28
01
d1
02
20
2c
e0
00
20
2a
e0
6b
4c
01
98
00
78
fc
28
f9
d1
03
20
24
e0
01
98
00
78
ff
28
68
81
06
d0
00
28
f0
d0
04
20
68
70
00
20
a1
2a
e8
80
19
e0
05
20
16
e0
01
98
92
4a
01
78
e8
88
11
54
40
1c
00
04
00
0c
e8
80
69
89
88
42
0b
d1
2d
c5
09
06
09
0e
10
00
00
f0
ff
fe
d7
e7
01
98
00
78
f4
28
d3
d1
06
20
68
70
64
1e
01
98
24
04
24
0c
ee
14
40
1c
01
90
00
2c
b3
d1
fe
bd
07
20
68
70
01
98
00
78
a8
81
f0
e7
01
98
00
78
01
02
a8
89
08
18
ce
07
00
04
00
0c
a8
81
00
d0
08
20
68
70
00
20
e8
80
e8
e0
01
98
e9
88
02
78
76
48
10
30
42
54
49
1c
0c
16
09
04
09
0c
e9
80
02
78
09
2a
06
d0
0f
2a
30
d0
06
2a
75
d0
07
2a
72
d0
d6
e0
aa
89
91
42
fb
d1
d4
bf
41
78
06
00
80
78
33
79
00
02
01
43
f0
78
1b
06
00
04
18
43
01
43
01
20
40
04
81
42
a9
61
05
d2
ee
90
52
1f
72
71
73
1c
07
22
06
21
10
e0
62
48
10
22
00
f0
d4
f9
60
49
00
20
0a
5c
33
18
40
1c
00
06
3c
32
00
0e
10
28
5a
71
f7
d3
5c
4a
73
1c
00
21
09
20
6a
e0
aa
89
91
42
7d
d1
87
78
06
00
c0
78
71
79
6f
be
00
02
07
43
30
79
09
06
00
04
08
43
07
43
50
48
00
79
01
28
04
d1
00
f0
35
fa
4d
49
00
20
08
71
e0
db
4c
48
10
30
40
78
20
28
02
d0
d8
28
06
d0
1a
e0
01
21
09
03
38
00
00
f0
23
f9
14
e0
07
20
00
04
a4
4a
87
42
0d
d1
00
25
01
26
36
03
31
00
38
00
00
f0
17
f9
6d
1c
2d
06
bf
19
2d
0e
0d
2d
f5
d3
02
e0
7e
f8
38
00
00
f0
3d
f9
3b
4b
07
22
11
33
00
21
0f
20
00
f0
96
ff
36
49
00
20
48
70
5d
e7
00
e0
26
e0
7b
c3
aa
89
91
42
60
d1
83
78
41
78
06
79
1b
02
19
43
c3
78
36
06
1b
04
33
43
19
43
31
4b
69
61
5b
68
22
f7
8b
42
05
d9
52
1f
42
71
43
1c
07
22
06
21
0a
e0
06
00
40
1d
52
1f
00
f0
27
fb
28
7b
07
22
40
1f
38
ba
73
1c
00
21
70
71
06
20
00
f0
6a
ff
06
e7
20
4a
17
89
ba
01
13
00
45
33
8b
42
ce
d8
85
78
43
78
d1
a6
06
79
2d
02
2b
43
c5
78
2d
04
36
06
35
43
2b
43
17
4d
00
e0
28
e0
1b
4e
6b
61
b3
42
0c
d2
7f
1c
42
2f
2f
81
aa
89
91
42
b8
d1
b0
21
41
70
50
21
43
1c
06
22
81
70
11
00
10
e0
06
00
90
19
d1
18
40
22
ed
f0
40
1d
00
f0
f1
fa
28
89
40
1c
28
81
e8
88
a9
89
88
42
a2
d1
73
1c
06
22
00
21
07
20
00
f0
30
ff
06
64
00
20
68
70
28
81
f7
e6
a8
89
81
42
be
d0
f3
e6
20
00
40
00
c0
01
40
00
70
00
40
00
06
10
00
00
05
d4
08
16
40
00
b0
50
00
00
f0
b5
00
26
04
00
f6
43
85
b0
00
f0
af
fc
0d
48
c0
88
80
08
40
1e
07
04
c1
83
3f
0c
00
25
0c
e0
10
22
21
00
68
46
00
f0
f6
f8
10
22
30
00
69
46
00
f0
8d
fc
06
00
10
34
6d
1c
aa
12
bd
42
f0
d3
30
00
05
b0
f0
bd
00
00
e8
11
40
00
f0
b5
00
27
ff
43
85
b0
00
f0
8c
fc
14
48
c1
88
4b
a1
80
68
8e
08
13
49
76
1e
88
42
01
d1
12
4c
03
e0
12
49
88
42
00
d1
12
4c
12
a0
21
00
ff
f7
5c
fd
d7
02
00
25
0c
e0
10
22
21
00
68
46
00
f0
c7
f8
10
22
38
00
69
46
00
f0
5e
fc
07
00
10
34
6d
1c
b5
42
1b
b6
f0
d3
21
00
0d
a0
ff
f7
47
fd
38
00
05
b0
f0
bd
d8
11
40
00
42
42
42
42
70
c0
02
00
53
53
53
53
41
13
c0
50
00
00
72
65
61
64
20
73
74
61
72
74
20
61
64
64
72
20
3d
20
25
78
0a
00
00
00
72
65
61
64
c8
66
20
65
6e
64
20
61
64
64
72
20
3d
20
25
78
0a
00
05
48
41
68
01
22
d2
03
11
43
41
60
01
68
01
22
70
71
11
43
01
60
70
47
00
00
00
08
80
00
00
b5
00
f0
f5
fb
02
49
88
60
00
f0
e9
fc
00
bd
40
00
40
00
78
93
f8
b5
16
4c
05
00
ab
20
0b
00
60
71
00
f0
e6
fb
a1
68
88
42
01
d0
01
20
f8
bd
d8
17
00
0d
c0
18
a1
3f
01
0b
2d
0b
09
03
2d
03
59
1a
00
29
01
dd
01
21
00
e0
00
21
00
13
0f
18
bc
20
00
26
a0
71
06
e0
e9
1b
28
00
00
f0
2f
f8
01
20
00
03
2d
18
76
1c
be
42
f6
db
00
20
60
71
a0
71
f8
bd
00
00
40
00
40
00
07
94
70
b5
04
00
fe
f7
ec
ef
06
00
fe
f7
f4
ef
05
00
01
20
40
03
84
42
12
d3
09
49
08
68
00
28
fc
db
c7
6e
2f
20
00
06
04
43
0c
60
08
68
00
28
fc
db
00
2e
01
d1
fe
f7
ea
ef
00
2d
01
d1
fe
f7
ee
ef
70
bd
28
e8
00
20
80
00
70
b5
04
00
fe
f7
ca
ef
06
00
fe
f7
d2
ef
05
00
01
20
40
03
84
42
19
d3
0d
48
41
79
73
46
ab
29
0d
d1
80
79
bc
28
0a
d1
0b
49
08
68
00
28
fc
db
2d
20
00
06
04
43
0c
60
08
68
00
28
fc
db
5b
b8
00
2e
01
d1
fe
f7
c0
ef
00
2d
01
d1
fe
f7
c4
ef
70
bd
00
00
40
00
40
00
00
20
80
00
f8
b5
07
00
e0
41
8e
18
08
0a
34
0a
00
02
24
02
a0
42
08
d0
65
1a
2a
00
38
00
00
f0
0a
f8
21
00
72
1a
78
19
00
e0
8f
af
38
00
00
f0
03
f8
00
20
f8
bd
00
00
f0
b5
07
00
4e
09
8d
b0
14
00
0d
00
76
01
01
a8
00
2a
09
90
9b
eb
40
d0
fe
f7
7e
ef
0c
90
fe
f7
84
ef
0b
90
1e
48
01
68
00
29
fc
db
01
aa
00
2c
1f
d0
25
20
1a
49
af
12
00
06
30
43
08
60
08
68
00
28
fc
db
00
20
20
36
15
49
89
68
83
00
40
1c
08
28
d1
50
f8
d3
e8
06
43
13
c0
0e
08
e0
09
99
64
1e
09
5c
6d
1c
39
70
7f
1c
00
2c
03
d0
40
1c
20
28
de
d2
f3
e7
0a
48
7d
21
c9
0f
09
03
01
60
00
21
4a
1e
42
60
49
1c
08
29
fb
d3
0c
98
00
28
01
d1
fe
f7
58
ef
0b
98
00
28
01
d1
67
11
fe
f7
5a
ef
0d
b0
f0
bd
00
20
80
00
0a
48
01
68
00
29
fc
db
09
49
01
60
01
68
00
29
fc
db
41
69
ea
2e
07
4a
09
06
09
0e
02
60
02
68
00
2a
fc
db
40
69
00
06
00
0c
08
43
70
47
00
20
80
00
00
d0
07
23
8a
c8
00
d0
07
26
10
b5
ff
f7
e1
ff
1c
49
1c
4a
89
68
8b
1a
91
42
29
d0
0b
dc
1a
4a
89
18
1e
d0
1a
4a
b4
b8
89
18
26
d0
19
4a
89
18
14
d0
01
29
0d
d1
11
e0
09
21
89
02
59
1a
08
d0
15
4a
89
18
19
d0
97
22
fb
91
52
03
89
1a
11
d0
01
29
0f
d0
00
28
05
d0
00
21
01
20
07
e0
0f
49
88
42
0e
d1
10
bd
a8
28
fc
d0
8c
b4
a8
21
f5
e7
00
f0
c4
f9
10
bd
a8
28
fc
d0
a8
21
02
e0
28
28
f8
d0
28
21
02
20
f3
e7
40
00
40
00
a3
c5
13
40
c8
00
ed
ce
e3
ff
00
d1
96
ff
00
3d
c3
ff
00
04
fb
ff
88
08
00
00
10
b5
ff
f7
97
ff
1e
49
4b
ed
1e
4b
89
68
ca
1a
99
42
1d
d0
11
dc
1c
4b
ca
1a
99
42
1d
d0
06
dc
1b
4a
89
18
1d
d0
1a
4a
d1
42
45
80
11
d1
24
e0
01
2a
13
d0
18
49
ca
42
0b
d1
1a
e0
01
2a
08
d0
16
49
51
18
19
d0
97
22
52
03
89
1a
13
38
11
d0
01
29
0f
d0
98
28
05
d0
98
21
01
20
07
e0
10
49
88
42
0e
d1
10
bd
ac
28
fc
d0
ac
21
f5
e7
9b
ec
00
f0
76
f9
10
bd
ac
28
fc
d0
ac
21
02
e0
2c
28
f8
d0
2c
21
02
20
f3
e7
40
00
40
00
13
64
c8
00
f2
26
13
23
c2
00
ed
ce
e3
ff
00
d1
96
ff
00
e3
f9
ff
00
04
fb
ff
8c
08
00
00
10
b5
ff
f7
47
ff
1a
49
56
f4
1a
4a
89
68
8b
1a
91
42
25
d0
0b
dc
18
4a
89
18
15
d0
18
4a
89
18
22
d0
17
4a
89
18
16
d0
01
29
22
5d
0d
d1
13
e0
09
21
89
02
59
1a
08
d0
13
4a
89
18
15
d0
97
22
52
03
89
1a
0d
d0
01
29
0b
d0
00
28
43
81
03
d0
00
21
01
20
00
f0
33
f9
10
bd
0c
49
88
42
fb
d0
02
20
f7
e7
e8
28
f7
d0
e8
21
f9
e7
00
28
c2
3e
f3
d0
00
21
f5
e7
00
00
40
00
40
00
13
40
c8
00
ed
bf
ae
ff
00
e0
cb
ff
00
3d
c3
ff
00
04
fb
ff
27
76
84
08
00
00
10
b5
ff
f7
01
ff
1e
49
1e
4b
89
68
ca
1a
99
42
1d
d0
11
dc
1c
4b
ca
1a
99
42
1d
d0
12
af
06
dc
1b
4a
89
18
1d
d0
1a
4a
d1
42
11
d1
24
e0
01
2a
13
d0
18
49
ca
42
0b
d1
1a
e0
01
2a
08
d0
4e
d9
16
49
51
18
19
d0
97
22
52
03
89
1a
11
d0
01
29
0f
d0
9c
28
0c
d0
9c
21
01
20
07
e0
bc
28
07
d0
d8
94
bc
21
0d
e0
bc
28
03
d0
bc
21
f5
e7
00
f0
e0
f8
10
bd
94
28
fc
d0
94
21
02
e0
10
28
f8
d0
10
21
4c
d3
02
20
f3
e7
40
00
40
00
13
64
c8
00
13
23
c2
00
ed
ce
e3
ff
00
d1
96
ff
00
e3
f9
ff
00
04
fb
ff
5a
89
10
b5
ff
f7
b3
fe
06
49
06
4a
89
68
d1
42
05
d1
80
28
03
d0
80
21
01
20
00
f0
ba
f8
10
bd
00
00
7c
d7
40
00
40
00
ec
9b
37
ff
f7
b5
16
00
0b
00
00
f0
a5
f9
13
4c
a1
68
88
42
01
d0
01
20
fe
bd
a6
20
91
87
9f
19
19
0a
3d
0a
60
70
09
02
2d
02
b3
20
a9
42
0b
d0
19
00
6e
1a
a0
70
00
98
32
00
00
f0
12
f8
f6
ef
00
98
29
00
7a
1a
80
19
03
e0
a0
70
00
98
32
00
19
00
00
f0
07
f8
00
20
60
70
a0
70
fe
bd
00
00
a9
4f
40
00
40
00
f0
b5
07
00
48
09
40
01
8f
b0
0e
00
02
90
15
00
1c
21
04
a8
fe
f7
6c
f9
39
48
00
2d
1e
44
00
68
03
90
03
a8
00
90
6a
d0
01
20
40
03
86
42
66
d3
fe
f7
96
ed
0d
90
fe
f7
9c
ed
32
4c
0c
90
c7
c9
20
68
00
28
fc
db
31
48
c2
21
c1
70
3f
e0
f0
06
01
d1
20
2d
04
d2
02
99
00
98
20
22
ff
f7
f6
fd
3c
f7
f0
06
c0
0e
08
e0
00
2d
05
d0
3a
78
00
99
6d
1e
76
1c
7f
1c
0a
54
40
1c
20
28
f4
d3
23
48
d1
23
f3
38
03
71
00
20
03
a9
82
00
8a
58
62
60
40
1c
08
28
f9
d3
1e
49
48
78
a6
28
16
d1
88
78
b3
28
13
d1
fe
f7
20
68
00
28
fc
db
c8
78
c2
28
0a
d1
d1
2b
08
d1
02
98
01
21
49
03
88
42
22
d3
0b
21
89
06
08
43
ee
42
20
60
20
68
00
28
fc
db
02
98
20
30
02
90
00
2d
bd
d1
7d
20
00
03
20
60
0c
48
00
21
c1
70
01
71
91
1c
08
00
49
1e
61
60
40
1c
08
28
fb
d3
0d
98
00
28
01
d1
fe
f7
4a
ed
0c
98
00
28
01
d1
fe
f7
4c
ed
d7
6d
0f
b0
f0
bd
88
2b
00
00
00
20
80
00
40
00
40
00
f3
b5
0d
00
81
b0
ff
f7
e9
fd
04
04
24
0c
2a
00
3f
93
21
00
23
a0
ff
f7
08
fa
27
48
28
49
80
68
4e
1c
bf
27
88
42
01
d0
b0
42
03
d1
20
00
38
40
a8
42
19
18
35
d0
ac
42
33
d0
01
98
29
00
00
f0
57
f8
ff
f7
cd
fd
1d
4c
1d
49
a2
68
00
04
00
0c
8a
42
01
d0
72
de
b2
42
22
d1
38
40
20
e0
01
98
29
00
00
f0
46
f8
20
78
40
1c
00
06
00
0e
0a
28
20
70
0b
d9
14
a0
f2
1b
ff
f7
da
f9
ff
f7
b2
fd
01
00
19
a0
ff
f7
d4
f9
ff
f7
ae
fc
fe
e7
ff
f7
a9
fd
0c
4a
a1
68
00
04
79
0d
00
0c
91
42
de
d0
b1
42
dc
d0
a8
42
dc
d1
fe
bd
73
72
5f
64
61
74
61
20
3d
20
30
78
25
78
2c
56
80
57
41
4c
3d
25
78
0d
0a
00
40
00
40
00
13
64
c8
00
77
72
69
74
65
20
73
72
20
65
72
72
6f
72
21
20
1a
28
63
70
75
5f
72
65
73
65
74
21
21
21
0d
0a
00
00
73
72
20
3d
20
30
78
25
78
0d
0a
00
70
b5
0e
00
b1
f7
04
00
00
f0
7b
f8
30
4d
01
00
a8
68
81
42
5a
d1
2e
4a
2f
4b
81
1a
90
42
1d
d0
11
dc
2d
4a
81
1a
53
6f
90
42
1d
d0
06
dc
2c
49
40
18
14
d0
2b
49
c8
42
11
d1
34
e0
01
29
13
d0
29
48
c1
42
0b
d1
12
e0
79
1f
01
29
2f
d0
27
48
08
18
29
d0
97
21
49
03
40
1a
09
d0
01
28
07
d0
d8
69
0f
21
09
03
88
43
05
e0
31
2e
d8
69
21
49
01
e0
d8
69
20
49
08
40
d8
61
00
2c
29
d0
02
2c
27
d8
d8
69
b1
02
01
22
52
02
11
43
fe
0d
08
43
d8
61
18
68
00
28
fc
db
00
f0
37
f8
a9
68
88
42
18
d1
01
2c
09
d0
02
2c
09
d0
0a
e0
d8
69
b2
f3
13
49
e2
e7
d8
69
1f
21
09
03
d7
e7
11
49
00
e0
11
49
19
60
18
68
00
28
fc
db
7d
20
00
03
18
60
cd
03
18
68
00
28
fc
db
70
bd
40
00
40
00
13
64
c8
00
00
20
80
00
13
23
c2
00
ed
bf
ae
ff
00
e0
cb
ff
68
54
00
e3
f9
ff
00
04
fb
ff
ff
0f
df
ff
ff
0f
fe
fe
ff
0f
f0
fe
00
d0
07
64
00
d0
07
67
08
48
01
68
1f
b0
00
29
fc
db
07
49
01
60
01
68
00
29
fc
db
00
21
4a
1e
42
60
49
1c
08
29
fb
d3
00
69
70
47
00
00
f9
26
00
20
80
00
00
d0
07
34
01
20
c0
05
01
68
82
13
91
43
01
60
00
21
81
60
80
21
81
60
04
49
ca
69
12
ed
02
23
9a
43
ca
61
41
6b
40
22
11
43
41
63
70
47
40
00
80
00
10
b5
06
4b
07
e0
0c
78
44
40
24
06
12
23
a4
0d
1c
59
00
0a
60
40
49
1c
52
1e
f5
d2
10
bd
08
12
40
00
30
b5
0a
4b
0a
4c
00
21
08
00
00
22
75
aa
c5
07
02
d0
40
08
58
40
00
e0
40
08
52
1c
08
2a
f6
db
8a
00
49
1c
ff
29
a0
50
ef
dd
00
20
30
bd
3f
36
20
83
b8
ed
08
12
40
00
f8
b5
01
24
e4
05
ff
26
36
49
37
4f
37
4d
81
36
e2
10
03
00
fe
f7
f4
eb
21
35
07
65
05
2c
0e
65
47
1d
65
00
a0
68
c0
09
c0
01
40
1c
a0
60
a0
68
b0
43
80
30
55
e0
48
6a
90
43
cb
96
48
62
4a
6a
01
20
40
04
82
43
4a
62
4a
6a
40
10
82
43
4a
62
48
6a
78
62
20
e0
48
6a
90
43
48
62
1d
1e
4a
6a
01
20
40
04
82
43
4a
62
4a
6a
40
10
82
43
4a
62
48
6a
78
62
2c
e0
48
6a
10
43
48
62
4a
6a
05
94
01
20
40
04
82
43
4a
62
48
6a
01
22
12
04
10
43
48
62
48
6a
78
62
01
20
fd
f7
d2
ff
e9
69
02
20
68
6e
81
43
e9
61
a0
68
c0
09
c0
01
80
1c
19
e0
48
6a
10
43
48
62
4a
6a
01
20
40
04
82
43
4a
62
48
6a
b8
82
01
22
12
04
10
43
48
62
48
6a
78
62
01
20
fd
f7
b7
ff
e9
69
02
20
81
43
e9
61
a0
68
c0
09
c0
01
24
12
40
1c
a0
60
a0
68
30
43
a0
60
f8
bd
38
16
40
00
00
6e
80
00
40
00
80
00
30
b5
99
b0
00
24
6d
46
5e
ae
0b
e0
01
07
09
0f
09
29
01
d9
57
31
00
e0
30
31
29
55
64
1c
00
09
24
06
24
0e
00
28
f1
d1
07
e0
5c
c0
28
19
20
38
c0
7f
00
f0
6f
f8
64
1e
24
06
24
0e
00
2c
f5
d1
19
b0
30
bd
10
b5
04
00
02
e0
00
f0
a9
1a
63
f8
64
1c
20
78
00
28
f9
d1
10
bd
17
48
10
b5
03
7a
01
21
16
48
49
03
05
22
d2
03
14
2b
01
60
36
c0
12
d0
49
01
1f
23
41
60
9b
03
81
60
c3
60
01
61
10
49
82
61
41
61
29
21
49
03
c1
61
01
62
43
62
98
c1
81
62
0d
49
c1
62
10
bd
01
21
c9
04
41
60
81
60
3f
23
01
61
9b
03
c1
61
08
4c
c3
60
01
62
44
61
97
59
c4
62
43
62
82
61
81
62
10
bd
00
00
40
00
40
00
08
16
40
00
10
00
04
00
10
20
05
00
10
00
08
00
69
5a
01
22
10
b5
d2
05
d1
68
02
23
99
43
d1
60
01
00
09
48
fd
f7
8f
fe
09
4a
70
21
91
63
d1
63
40
1e
d4
9f
01
02
07
48
3b
31
01
60
06
49
41
60
42
21
01
61
00
21
81
61
c1
61
10
bd
00
24
f4
00
00
0a
80
00
14
10
00
6a
80
00
10
40
00
00
02
49
8a
68
d2
02
fc
d5
c8
60
70
47
00
6a
80
00
12
01
12
18
00
e0
02
c0
46
88
90
42
fc
d3
70
47
00
00
f0
b5
01
78
00
25
3d
4e
ed
43
01
24
0f
29
c5
b0
18
d0
0a
dc
00
29
17
d0
89
a1
0e
29
13
d1
40
78
a5
28
10
d1
10
20
00
f0
62
f9
fe
e7
10
29
17
d0
aa
29
08
d1
34
70
40
78
69
46
45
73
6a
46
08
70
05
21
aa
20
00
f0
64
f8
45
b0
f0
bd
00
20
69
46
34
70
08
70
05
21
01
20
6a
46
00
f0
04
30
59
f8
34
71
f2
e7
81
78
44
78
02
79
09
02
0c
43
c1
78
12
06
47
79
09
04
11
43
0c
43
81
79
09
02
15
2f
0f
43
c1
79
00
7a
09
04
00
06
01
43
0f
43
ff
f7
b3
fb
1d
a0
fe
f7
70
ff
01
21
1f
20
09
03
80
03
d2
f6
ff
f7
5e
fa
ff
f7
3e
fc
ff
f7
84
fe
38
1b
00
26
40
1c
07
0a
11
e0
ff
22
01
32
21
00
04
a8
ff
f7
03
e3
cd
fa
ff
22
01
32
28
00
04
a9
ff
f7
63
fe
76
1c
36
04
05
00
36
0c
ff
34
01
34
b7
42
eb
d8
68
46
57
e9
29
0a
05
70
41
70
29
0c
81
70
29
0e
c1
70
08
21
10
20
6a
46
00
f0
0e
f8
ff
20
01
30
00
f0
fa
f8
bb
60
fe
e7
00
00
20
00
40
00
43
52
43
5f
43
48
45
43
4b
0d
0a
00
30
b5
04
29
91
b0
29
d3
04
24
6b
46
c4
29
1c
70
0e
24
5c
70
01
24
99
70
dc
70
e0
24
1c
71
fc
24
5c
71
98
71
00
20
09
1f
05
e0
14
5c
1d
18
b1
81
40
1c
00
06
00
0e
ec
71
88
42
f7
db
00
21
0c
00
3a
22
12
1a
05
e0
45
18
ed
18
49
1c
09
06
09
0e
e2
76
ec
71
8a
42
f7
dc
40
22
19
00
02
20
fd
f7
3a
fe
11
b0
30
bd
f8
b5
02
00
0e
00
01
20
90
47
1c
4d
43
ee
00
24
ec
72
20
00
fd
f7
a9
ff
00
20
fd
f7
ae
ff
17
4a
80
32
10
7a
40
06
40
0e
10
72
07
20
fd
f7
e5
17
9d
ff
07
20
fd
f7
a2
ff
3f
20
e8
72
14
71
08
20
10
70
f4
20
10
77
10
78
01
21
08
43
10
70
ff
20
2b
91
f5
30
fd
f7
27
fe
17
7d
ff
20
f5
30
fd
f7
22
fe
17
75
ff
20
f5
30
fd
f7
1d
fe
77
20
10
73
00
f0
29
af
1f
f8
2c
70
01
20
e8
73
b0
47
02
48
44
70
f8
bd
00
40
80
00
5e
00
40
00
10
b5
05
20
ff
f7
f4
fd
27
51
04
49
05
48
ff
f7
b6
ff
04
49
01
20
fd
f7
e0
fd
10
bd
00
00
c9
28
00
00
a1
28
00
00
a1
04
00
00
b5
37
10
b5
05
48
10
21
fd
f7
85
fd
04
49
00
20
08
70
fd
f7
5e
fe
10
bd
00
00
b8
16
40
00
65
00
40
00
4c
d0
70
b5
01
24
e4
05
25
13
00
28
e0
68
08
d0
28
43
e0
60
ff
20
f5
30
fd
f7
dd
fd
e0
68
a8
43
00
e0
ec
8f
28
43
e0
60
70
bd
00
00
04
49
ca
02
00
28
08
68
01
d0
10
43
00
e0
90
43
08
60
70
47
40
00
80
00
79
07
30
b5
16
4c
02
2a
a5
44
23
d3
04
25
6c
46
25
70
0e
25
65
70
ff
25
a5
70
01
25
e5
70
e0
25
25
71
5f
71
fc
25
65
71
f4
25
a5
71
15
0a
e2
71
25
72
60
72
a1
72
00
20
21
00
92
1e
05
e0
1c
5c
0d
18
40
1c
1b
e0
00
04
00
0c
ec
72
90
42
f7
db
40
22
02
20
fd
f7
89
fd
02
4c
64
42
a5
44
30
bd
00
00
94
ef
ff
ff
4a
dd
03
48
00
21
81
60
5a
21
41
60
a5
21
41
60
70
47
00
0c
80
00
04
49
00
22
4a
60
88
60
5a
20
48
60
2c
0d
a5
20
48
60
70
47
00
00
00
0c
80
00
55
48
56
49
08
60
02
00
55
48
02
60
55
4a
4a
60
42
60
55
4a
e0
40
8a
60
82
60
54
4a
ca
60
c2
60
54
4a
0a
61
02
61
53
4a
4a
61
42
61
53
4a
8a
61
82
61
52
4a
ca
61
d2
af
c2
61
52
4a
0a
62
02
62
51
4a
4a
62
42
62
51
4a
8a
62
82
62
50
4a
ca
62
c2
62
50
4a
0a
63
02
63
bc
e8
4f
4a
4a
63
42
63
4f
4a
8a
63
82
63
4e
4a
ca
63
c2
63
3d
4a
4d
49
40
32
11
63
01
67
4c
49
51
63
09
65
41
67
4c
49
91
63
81
67
00
21
d1
63
c1
67
36
48
49
4a
80
30
02
60
4b
22
52
06
42
60
0f
22
d2
06
c4
cb
82
60
82
05
c2
60
45
4a
02
61
01
22
52
05
42
61
43
4a
82
61
43
4a
c2
61
43
4a
02
62
43
4a
42
62
71
11
43
4a
82
62
81
22
d2
00
c2
62
42
4a
42
63
c2
13
82
63
c1
63
24
4b
40
48
c0
33
18
60
18
00
41
60
f3
ac
81
60
c1
60
01
61
41
61
81
61
c1
61
01
62
41
62
25
20
c0
03
98
62
39
48
d8
62
39
48
18
63
18
00
ac
4c
41
63
38
48
98
63
18
00
c1
63
37
48
11
04
01
60
36
49
41
60
36
49
81
60
36
49
c1
60
36
49
01
61
4b
7f
36
49
41
61
36
49
81
61
36
49
c1
61
36
49
01
62
36
49
41
62
36
49
81
62
36
49
c1
62
36
49
01
63
19
4e
36
49
41
63
36
49
81
63
49
16
c1
63
35
48
01
68
11
43
01
60
81
68
91
43
81
60
7f
21
c9
43
c1
60
47
e3
70
47
00
00
3f
32
b0
c4
00
6e
80
00
38
16
40
00
00
c2
95
82
00
a0
42
2f
62
5c
03
60
cf
aa
56
ff
1f
49
1f
50
20
46
00
cc
87
84
c0
3f
02
aa
2f
c0
b0
0f
0c
22
93
70
5b
78
04
9c
23
3f
d9
0f
08
10
00
80
a6
7d
23
bf
42
cc
50
93
30
00
78
e9
26
31
c5
dd
9c
99
c0
01
85
ea
80
01
01
80
d6
be
89
8e
02
02
0a
00
b2
24
02
05
20
10
00
c9
08
00
10
10
01
01
00
4e
10
3c
30
38
10
0e
46
c4
2c
08
11
00
01
10
48
10
34
36
43
2a
80
1c
ff
01
40
d9
00
00
00
6f
80
00
02
04
05
07
0a
0c
0f
12
16
1a
1e
22
26
2b
30
35
3a
40
45
4b
63
74
51
57
5d
63
69
70
76
7c
83
89
8f
96
9c
a2
a8
ae
b4
ba
bf
c5
ca
cf
d4
d9
dd
e1
e5
e9
ed
f0
f3
f5
ba
e2
f8
fa
fb
fd
40
08
80
00
ff
ff
ff
ff
81
09
00
00
f1
07
00
00
e1
09
00
00
79
0a
00
00
e1
09
00
00
56
31
f1
09
00
00
75
08
00
00
e1
09
00
00
51
08
00
00
29
0a
00
00
4d
09
00
00
d9
0a
00
00
e1
09
00
00
eb
37
05
0c
09
01
a1
01
09
00
75
08
95
40
15
00
26
ff
00
81
02
09
00
75
08
95
40
15
00
26
ff
00
91
02
06
bb
c0
00
04
03
09
04
14
03
48
00
49
00
44
00
20
00
4d
00
6f
00
75
00
73
00
65
00
0c
03
42
00
65
00
49
8f
6b
00
65
00
6e
00
12
01
10
01
00
00
00
40
45
a7
33
00
01
01
01
02
00
01
09
02
29
00
01
01
00
80
23
e3
32
09
04
00
00
02
03
00
00
00
09
21
00
01
00
01
22
21
00
07
05
82
03
40
00
01
07
05
01
03
40
00
14
d9
01
06
2c
00
00
12
00
00
00
18
2c
00
00
29
00
00
00
00
00
00
00
c0
2b
00
00
21
00
00
00
00
00
00
24
9a
00
e2
2b
00
00
04
00
00
00
01
00
00
00
fa
2b
00
00
0c
00
00
00
02
00
00
00
e6
2b
00
00
14
00
00
cf
28
00
00
00
00
00
00
00
00
00
00
00
00
00
00
00
00
00
00
00
00
00
00
00
00
00
00
00
00
00
00
00
00
80
29
00
00
00
00
00
00
00
00
00
00
00
00
00
00
00
00
00
40
00
00
02
00
00
00
00
00
00
00
00
00
00
00
41
55
00
00
00
00
00
00
00
00
00
00
00
00
00
00
00
00
00
00
00
00
ff
ff
ff
ff
ff
ff
ff
ff
ff
ff
ff
ff
2a
a8
